-------------------------------------------------------------------------------
Test set: runnerClass.OEP_3_StudyMaterialRunnerTest
-------------------------------------------------------------------------------
Tests run: 34, Failures: 4, Errors: 0, Skipped: 0, Time elapsed: 929.8 s <<< FAILURE! -- in runnerClass.OEP_3_StudyMaterialRunnerTest
STUDY MATERIAL.Edit Subject:Update button Check -- Time elapsed: 56.20 s <<< FAILURE!
java.lang.AssertionError: Update button is not working
	at stepDefinition.OEP_3_StudyMaterial.check_alert_message_is_displayed_or_not_in_edit_subject_in_create_material(OEP_3_StudyMaterial.java:423)
	at ✽.Check success message is displayed or not in edit subject in create material(file:///C:/Users/thirumaran/eclipse-workspace/NexTestify_Cucumber/src/test/resources/FeatureFiles/3_OEP_StudyMaterial.feature:122)

STUDY MATERIAL.Add Topic:Add button Check -- Time elapsed: 24.23 s <<< FAILURE!
org.junit.ComparisonFailure: Success message is not displayed expected:<Topic a[lready exist]!> but was:<Topic a[dded successfully]!>
	at stepDefinition.OEP_3_StudyMaterial.check_success_message_is_displayed_or_not_in_add_material_page(OEP_3_StudyMaterial.java:867)
	at ✽.Check success message is displayed or not in add material page(file:///C:/Users/thirumaran/eclipse-workspace/NexTestify_Cucumber/src/test/resources/FeatureFiles/3_OEP_StudyMaterial.feature:180)

STUDY MATERIAL.Edit Topic:Update button Check #1 -- Time elapsed: 29.48 s <<< FAILURE!
org.junit.ComparisonFailure: Success message is not displayed expected:<Topic [already exist]!> but was:<Topic [updated successfully]!>
	at stepDefinition.OEP_3_StudyMaterial.check_success_message_is_displayed_or_not_in_edit_topic_popup(OEP_3_StudyMaterial.java:891)
	at ✽.Check success message is displayed or not in edit topic popup(file:///C:/Users/thirumaran/eclipse-workspace/NexTestify_Cucumber/src/test/resources/FeatureFiles/3_OEP_StudyMaterial.feature:202)

STUDY MATERIAL.Edit Topic:Update button Check #2 -- Time elapsed: 29.64 s <<< FAILURE!
org.junit.ComparisonFailure: Success message is not displayed expected:<Topic [already exist]!> but was:<Topic [updated successfully]!>
	at stepDefinition.OEP_3_StudyMaterial.check_success_message_is_displayed_or_not_in_edit_topic_popup(OEP_3_StudyMaterial.java:891)
	at ✽.Check success message is displayed or not in edit topic popup(file:///C:/Users/thirumaran/eclipse-workspace/NexTestify_Cucumber/src/test/resources/FeatureFiles/3_OEP_StudyMaterial.feature:214)

