-------------------------------------------------------------------------------
Test set: runnerClass.OEP_4_LoginPageRunnerTest
-------------------------------------------------------------------------------
Tests run: 17, Failures: 2, Errors: 0, Skipped: 0, Time elapsed: 193.7 s <<< FAILURE! -- in runnerClass.OEP_4_LoginPageRunnerTest
LOGIN PAGE.Login:2FA Enabled User Check -- Time elapsed: 8.839 s <<< FAILURE!
org.junit.ComparisonFailure: Page doesnot landed to Login page expected:<...2.168.1.30/OEPADMIN/[]> but was:<...2.168.1.30/OEPADMIN/[TwolevelAuth]>
	at stepDefinition.OEP_4_LoginPage.check_the_landing_page_using_assert_function(OEP_4_LoginPage.java:305)
	at ✽.Check the landing page using assert function(file:///C:/Users/thirumaran/eclipse-workspace/NexTestify_Cucumber/src/test/resources/FeatureFiles/4_OEP_Login.feature:146)

LOGIN PAGE.Login:With Inactive User Check #1 -- Time elapsed: 37.04 s <<< FAILURE!
java.lang.AssertionError: Alert message is not found and page navigates to next page
	at stepDefinition.OEP_4_LoginPage.check_alert_message_is_displayed_or_not_in_login_Page(OEP_4_LoginPage.java:109)
	at ✽.Check alert message is displayed or not in Login Page(file:///C:/Users/thirumaran/eclipse-workspace/NexTestify_Cucumber/src/test/resources/FeatureFiles/4_OEP_Login.feature:154)

