-------------------------------------------------------------------------------
Test set: runnerClass.OEP_2_QuestionManagerRunnerTest
-------------------------------------------------------------------------------
Tests run: 68, Failures: 2, Errors: 0, Skipped: 0, Time elapsed: 2940 s <<< FAILURE! -- in runnerClass.OEP_2_QuestionManagerRunnerTest
QUESTION MANAGER.Multiple Choice Type:Save Check -- Time elapsed: 87.65 s <<< FAILURE!
org.junit.ComparisonFailure: Save button is not working expected:<[Something went wrong]!> but was:<[Question & Answer saved successfully]!>
	at stepDefinition.OEP_2_QuestionManager.check_success_message_is_displayed_or_not_for_multiple_choice_type(OEP_2_QuestionManager.java:2483)
	at ✽.Check success message is displayed or not for Multiple Choice type(file:///C:/Users/thirumaran/eclipse-workspace/NexTestify_Cucumber/src/test/resources/FeatureFiles/2_OEP_QuestionManager.feature:640)

QUESTION MANAGER.Single Choice Type:Save Check -- Time elapsed: 87.66 s <<< FAILURE!
org.junit.ComparisonFailure: Save button is not working expected:<[Something went wrong]!> but was:<[Question & Answer saved successfully]!>
	at stepDefinition.OEP_2_QuestionManager.check_success_message_is_displayed_or_not_for_single_choice_type(OEP_2_QuestionManager.java:2740)
	at ✽.Check success message is displayed or not for Single Choice type(file:///C:/Users/thirumaran/eclipse-workspace/NexTestify_Cucumber/src/test/resources/FeatureFiles/2_OEP_QuestionManager.feature:726)

