<?xml version="1.0" encoding="UTF-8"?>
<testsuite xmlns:xsi="http://www.w3.org/2001/XMLSchema-instance" xsi:noNamespaceSchemaLocation="https://maven.apache.org/surefire/maven-surefire-plugin/xsd/surefire-test-report.xsd" version="3.0.1" name="runnerClass.OEP_1_TestSetupRunnerTest" time="3082.822" tests="48" errors="10" skipped="0" failures="0">
  <properties>
[...]
</properties>
  <testcase name="Test Setup:Search Check #1" classname="TEST SETUP" time="30.062">
    <system-out><![CDATA[
@TC_01
Scenario: Test Setup:Search Check                                                                                # src/test/resources/FeatureFiles/1_OEP_TestSetup.feature:11
  Given To Check Test Setup is navigating to OEP URL is "http://192.168.1.30/OEPADMIN/"                          # stepDefinition.OEP_1_TestSetup.to_check_test_setup_is_navigating_to_oep_url_is(java.lang.String)
  When To Check Test Setup Enter username and password are "thirumaran@sankarasoftware.com" and "Thirumaran@001" # stepDefinition.OEP_1_TestSetup.to_check_test_setup_enter_username_and_password_are_and(java.lang.String,java.lang.String)
  And click the Signin button To Check Test Setup                                                                # stepDefinition.OEP_1_TestSetup.click_the_signin_button_to_check_test_setup()
  Then Click take picture button in test setup                                                                   # stepDefinition.OEP_1_TestSetup.click_take_picture_button_in_test_setup()
  Then Click Test Setup button                                                                                   # stepDefinition.OEP_1_TestSetup.click_test_setup_button()
  Given Enter valid test name "Sample Test-Main Test" in the searchbox                                           # stepDefinition.OEP_1_TestSetup.enter_valid_test_name_in_the_searchbox(java.lang.String)
Actual test name displayed as: Sample Test-Main Test
  When Check entered "Sample Test-Main Test" test name details is displayed or not in the test setup page        # stepDefinition.OEP_1_TestSetup.check_entered_test_name_details_is_displayed_or_not_in_the_test_setup_page(java.lang.String)
Page is closed  Then Close Test Setup button                                                                                   # stepDefinition.OEP_1_TestSetup.close_test_setup_button()
]]></system-out>
  </testcase>
  <testcase name="Test Setup:Search Check #2" classname="TEST SETUP" time="27.174">
    <system-out><![CDATA[
@TC_02
Scenario: Test Setup:Search Check                                                                                # src/test/resources/FeatureFiles/1_OEP_TestSetup.feature:19
  Given To Check Test Setup is navigating to OEP URL is "http://192.168.1.30/OEPADMIN/"                          # stepDefinition.OEP_1_TestSetup.to_check_test_setup_is_navigating_to_oep_url_is(java.lang.String)
  When To Check Test Setup Enter username and password are "thirumaran@sankarasoftware.com" and "Thirumaran@001" # stepDefinition.OEP_1_TestSetup.to_check_test_setup_enter_username_and_password_are_and(java.lang.String,java.lang.String)
  And click the Signin button To Check Test Setup                                                                # stepDefinition.OEP_1_TestSetup.click_the_signin_button_to_check_test_setup()
  Then Click take picture button in test setup                                                                   # stepDefinition.OEP_1_TestSetup.click_take_picture_button_in_test_setup()
  Then Click Test Setup button                                                                                   # stepDefinition.OEP_1_TestSetup.click_test_setup_button()
  Given Enter valid date "Nov 05, 2025, 07:26 AM" in the searchbox                                               # stepDefinition.OEP_1_TestSetup.enter_valid_date_in_the_searchbox(java.lang.String)
Actual date displayed as: Nov 05, 2025, 07:26 AM
  When Check entered "Nov 05, 2025, 07:26 AM" date details is displayed or not in the test setup page            # stepDefinition.OEP_1_TestSetup.check_entered_date_details_is_displayed_or_not_in_the_test_setup_page(java.lang.String)
Page is closed  Then Close Test Setup button                                                                                   # stepDefinition.OEP_1_TestSetup.close_test_setup_button()
]]></system-out>
  </testcase>
  <testcase name="Test Setup:Filter Check" classname="TEST SETUP" time="44.615">
    <system-out><![CDATA[
@TC_02
Scenario: Test Setup:Filter Check                                                                                # src/test/resources/FeatureFiles/1_OEP_TestSetup.feature:27
  Given To Check Test Setup is navigating to OEP URL is "http://192.168.1.30/OEPADMIN/"                          # stepDefinition.OEP_1_TestSetup.to_check_test_setup_is_navigating_to_oep_url_is(java.lang.String)
  When To Check Test Setup Enter username and password are "thirumaran@sankarasoftware.com" and "Thirumaran@001" # stepDefinition.OEP_1_TestSetup.to_check_test_setup_enter_username_and_password_are_and(java.lang.String,java.lang.String)
  And click the Signin button To Check Test Setup                                                                # stepDefinition.OEP_1_TestSetup.click_the_signin_button_to_check_test_setup()
  Then Click take picture button in test setup                                                                   # stepDefinition.OEP_1_TestSetup.click_take_picture_button_in_test_setup()
  Then Click Test Setup button                                                                                   # stepDefinition.OEP_1_TestSetup.click_test_setup_button()
  Given Select "All Status" 1st Option in the dropdown                                                           # stepDefinition.OEP_1_TestSetup.select_1st_option_in_the_dropdown(java.lang.String)
  When Select "In Progress" 2nd Option in the dropdown                                                           # stepDefinition.OEP_1_TestSetup.select_2nd_option_in_the_dropdown(java.lang.String)
  Then Check In Progress details displayed or not                                                                # stepDefinition.OEP_1_TestSetup.check_in_progress_details_displayed_or_not()
  And Select "Completed" 3rd Option in the dropdown                                                              # stepDefinition.OEP_1_TestSetup.select_3rd_option_in_the_dropdown(java.lang.String)
  Then Check Completed details displayed or not                                                                  # stepDefinition.OEP_1_TestSetup.check_completed_details_displayed_or_not()
  And Select "Frozen" 4th Option in the dropdown                                                                 # stepDefinition.OEP_1_TestSetup.select_4th_option_in_the_dropdown(java.lang.String)
  Then Check Frozen details displayed or not                                                                     # stepDefinition.OEP_1_TestSetup.check_frozen_details_displayed_or_not()
Page is closed  Then Close Test Setup button                                                                                   # stepDefinition.OEP_1_TestSetup.close_test_setup_button()
]]></system-out>
  </testcase>
  <testcase name="Test Setup:Test Type Check" classname="TEST SETUP" time="39.197">
    <system-out><![CDATA[
@TC_03
Scenario: Test Setup:Test Type Check                                                                             # src/test/resources/FeatureFiles/1_OEP_TestSetup.feature:38
  Given To Check Test Setup is navigating to OEP URL is "http://192.168.1.30/OEPADMIN/"                          # stepDefinition.OEP_1_TestSetup.to_check_test_setup_is_navigating_to_oep_url_is(java.lang.String)
  When To Check Test Setup Enter username and password are "thirumaran@sankarasoftware.com" and "Thirumaran@001" # stepDefinition.OEP_1_TestSetup.to_check_test_setup_enter_username_and_password_are_and(java.lang.String,java.lang.String)
  And click the Signin button To Check Test Setup                                                                # stepDefinition.OEP_1_TestSetup.click_the_signin_button_to_check_test_setup()
  Then Click take picture button in test setup                                                                   # stepDefinition.OEP_1_TestSetup.click_take_picture_button_in_test_setup()
  Then Click Test Setup button                                                                                   # stepDefinition.OEP_1_TestSetup.click_test_setup_button()
  Given Select "All Test" 1st Option in dropdown                                                                 # stepDefinition.OEP_1_TestSetup.select_1st_option_in_dropdown(java.lang.String)
  When Select "Practice Test" 2nd Option in dropdown                                                             # stepDefinition.OEP_1_TestSetup.select_2nd_option_in_dropdown(java.lang.String)
Actual description displayed as: Practice Test - Easy
  Then Check selected "Practice Test" option is displayed or not                                                 # stepDefinition.OEP_1_TestSetup.check_selected_option_is_displayed_or_not(java.lang.String)
  And Select "Main Test" 3rd Option in dropdown                                                                  # stepDefinition.OEP_1_TestSetup.select_3rd_option_in_dropdown(java.lang.String)
Actual description displayed as: Main Test - Medium
  Then Check selected "Main Test" option is displayed or not                                                     # stepDefinition.OEP_1_TestSetup.check_selected_option_is_displayed_or_not(java.lang.String)
Page is closed  Then Close Test Setup button                                                                                   # stepDefinition.OEP_1_TestSetup.close_test_setup_button()
]]></system-out>
  </testcase>
  <testcase name="Test Setup:Subject Check" classname="TEST SETUP" time="22.479">
    <system-out><![CDATA[
@TC_04
Scenario: Test Setup:Subject Check                                                                               # src/test/resources/FeatureFiles/1_OEP_TestSetup.feature:47
  Given To Check Test Setup is navigating to OEP URL is "http://192.168.1.30/OEPADMIN/"                          # stepDefinition.OEP_1_TestSetup.to_check_test_setup_is_navigating_to_oep_url_is(java.lang.String)
  When To Check Test Setup Enter username and password are "thirumaran@sankarasoftware.com" and "Thirumaran@001" # stepDefinition.OEP_1_TestSetup.to_check_test_setup_enter_username_and_password_are_and(java.lang.String,java.lang.String)
  And click the Signin button To Check Test Setup                                                                # stepDefinition.OEP_1_TestSetup.click_the_signin_button_to_check_test_setup()
  Then Click take picture button in test setup                                                                   # stepDefinition.OEP_1_TestSetup.click_take_picture_button_in_test_setup()
  Then Click Test Setup button                                                                                   # stepDefinition.OEP_1_TestSetup.click_test_setup_button()
  Given Select "All Subject" 1st Option in the dropdown                                                          # stepDefinition.OEP_1_TestSetup.select_1st_option_in_the_dropdown(java.lang.String)
Page is closed  Then Close Test Setup button                                                                                   # stepDefinition.OEP_1_TestSetup.close_test_setup_button()
]]></system-out>
  </testcase>
  <testcase name="New Test:Back Check" classname="TEST SETUP" time="24.121">
    <system-out><![CDATA[
@TC_05
Scenario: New Test:Back Check                                                                                    # src/test/resources/FeatureFiles/1_OEP_TestSetup.feature:52
  Given To Check Test Setup is navigating to OEP URL is "http://192.168.1.30/OEPADMIN/"                          # stepDefinition.OEP_1_TestSetup.to_check_test_setup_is_navigating_to_oep_url_is(java.lang.String)
  When To Check Test Setup Enter username and password are "thirumaran@sankarasoftware.com" and "Thirumaran@001" # stepDefinition.OEP_1_TestSetup.to_check_test_setup_enter_username_and_password_are_and(java.lang.String,java.lang.String)
  And click the Signin button To Check Test Setup                                                                # stepDefinition.OEP_1_TestSetup.click_the_signin_button_to_check_test_setup()
  Then Click take picture button in test setup                                                                   # stepDefinition.OEP_1_TestSetup.click_take_picture_button_in_test_setup()
  Then Click Test Setup button                                                                                   # stepDefinition.OEP_1_TestSetup.click_test_setup_button()
  Given Click new test button                                                                                    # stepDefinition.OEP_1_TestSetup.click_new_test_button()
  Then Click back button                                                                                         # stepDefinition.OEP_1_TestSetup.click_back_button()
  And Check the landing page                                                                                     # stepDefinition.OEP_1_TestSetup.check_the_landing_page()
Page is closed  Then Close Test Setup button                                                                                   # stepDefinition.OEP_1_TestSetup.close_test_setup_button()
]]></system-out>
  </testcase>
  <testcase name="Basic Settings:Mandatory Check" classname="TEST SETUP" time="24.592">
    <system-out><![CDATA[
@TC_06
Scenario: Basic Settings:Mandatory Check                                                                         # src/test/resources/FeatureFiles/1_OEP_TestSetup.feature:59
  Given To Check Test Setup is navigating to OEP URL is "http://192.168.1.30/OEPADMIN/"                          # stepDefinition.OEP_1_TestSetup.to_check_test_setup_is_navigating_to_oep_url_is(java.lang.String)
  When To Check Test Setup Enter username and password are "thirumaran@sankarasoftware.com" and "Thirumaran@001" # stepDefinition.OEP_1_TestSetup.to_check_test_setup_enter_username_and_password_are_and(java.lang.String,java.lang.String)
  And click the Signin button To Check Test Setup                                                                # stepDefinition.OEP_1_TestSetup.click_the_signin_button_to_check_test_setup()
  Then Click take picture button in test setup                                                                   # stepDefinition.OEP_1_TestSetup.click_take_picture_button_in_test_setup()
  Then Click Test Setup button                                                                                   # stepDefinition.OEP_1_TestSetup.click_test_setup_button()
  Given Click new test button                                                                                    # stepDefinition.OEP_1_TestSetup.click_new_test_button()
  Then Click save button                                                                                         # stepDefinition.OEP_1_TestSetup.click_save_button()
Red border is displayed and its code is: rgb(255, 0, 0)
Actual border color : rgb(255, 0, 0)
  And Check mandatory red border is displayed or not                                                             # stepDefinition.OEP_1_TestSetup.check_mandatory_red_border_is_displayed_or_not()
Page is closed  Then Close Test Setup button                                                                                   # stepDefinition.OEP_1_TestSetup.close_test_setup_button()
]]></system-out>
  </testcase>
  <testcase name="Basic Settings:Invalid Check #1" classname="TEST SETUP" time="21.326">
    <system-out><![CDATA[
@TC_07
Scenario: Basic Settings:Invalid Check                                                                           # src/test/resources/FeatureFiles/1_OEP_TestSetup.feature:66
  Given To Check Test Setup is navigating to OEP URL is "http://192.168.1.30/OEPADMIN/"                          # stepDefinition.OEP_1_TestSetup.to_check_test_setup_is_navigating_to_oep_url_is(java.lang.String)
  When To Check Test Setup Enter username and password are "thirumaran@sankarasoftware.com" and "Thirumaran@001" # stepDefinition.OEP_1_TestSetup.to_check_test_setup_enter_username_and_password_are_and(java.lang.String,java.lang.String)
  And click the Signin button To Check Test Setup                                                                # stepDefinition.OEP_1_TestSetup.click_the_signin_button_to_check_test_setup()
  Then Click take picture button in test setup                                                                   # stepDefinition.OEP_1_TestSetup.click_take_picture_button_in_test_setup()
  Then Click Test Setup button                                                                                   # stepDefinition.OEP_1_TestSetup.click_test_setup_button()
  Given Click new test button                                                                                    # stepDefinition.OEP_1_TestSetup.click_new_test_button()
  Then Click Main Test radio button                                                                              # stepDefinition.OEP_1_TestSetup.click_main_test_radio_button()
  And Enter alpha "Test" characters in Proctoring Capacity tab                                                   # stepDefinition.OEP_1_TestSetup.enter_alpha_characters_in_proctoring_capacity_tab(java.lang.String)
Proctoring Capacity tab contains: 
  Then Check tab is empty or not in Proctoring Capacity tab                                                      # stepDefinition.OEP_1_TestSetup.check_tab_is_empty_or_not_in_proctoring_capacity_tab()
  And Enter special "!@#$%" characters in Proctoring Capacity tab                                                # stepDefinition.OEP_1_TestSetup.enter_special_characters_in_proctoring_capacity_tab(java.lang.String)
Proctoring Capacity tab contains: 
  Then Check tab is empty or not in Proctoring Capacity tab                                                      # stepDefinition.OEP_1_TestSetup.check_tab_is_empty_or_not_in_proctoring_capacity_tab()
Page is closed  Then Close Test Setup button                                                                                   # stepDefinition.OEP_1_TestSetup.close_test_setup_button()
]]></system-out>
  </testcase>
  <testcase name="Basic Settings:Invalid Check #2" classname="TEST SETUP" time="21.509">
    <system-out><![CDATA[
@TC_08
Scenario: Basic Settings:Invalid Check                                                                           # src/test/resources/FeatureFiles/1_OEP_TestSetup.feature:76
  Given To Check Test Setup is navigating to OEP URL is "http://192.168.1.30/OEPADMIN/"                          # stepDefinition.OEP_1_TestSetup.to_check_test_setup_is_navigating_to_oep_url_is(java.lang.String)
  When To Check Test Setup Enter username and password are "thirumaran@sankarasoftware.com" and "Thirumaran@001" # stepDefinition.OEP_1_TestSetup.to_check_test_setup_enter_username_and_password_are_and(java.lang.String,java.lang.String)
  And click the Signin button To Check Test Setup                                                                # stepDefinition.OEP_1_TestSetup.click_the_signin_button_to_check_test_setup()
  Then Click take picture button in test setup                                                                   # stepDefinition.OEP_1_TestSetup.click_take_picture_button_in_test_setup()
  Then Click Test Setup button                                                                                   # stepDefinition.OEP_1_TestSetup.click_test_setup_button()
  Given Click new test button                                                                                    # stepDefinition.OEP_1_TestSetup.click_new_test_button()
  Then Click Main Test radio button                                                                              # stepDefinition.OEP_1_TestSetup.click_main_test_radio_button()
  And Enter more than max characters "1234" in Proctoring Capacity tab                                           # stepDefinition.OEP_1_TestSetup.enter_more_than_max_characters_in_proctoring_capacity_tab(java.lang.String)
Total digits present in the tab: 3
  Then Check the tab contains more than maximum character or not                                                 # stepDefinition.OEP_1_TestSetup.check_the_tab_contains_more_than_maximum_character_or_not()
Page is closed  Then Close Test Setup button                                                                                   # stepDefinition.OEP_1_TestSetup.close_test_setup_button()
]]></system-out>
  </testcase>
  <testcase name="Basic Settings:Clear Check #1" classname="TEST SETUP" time="48.512">
    <system-out><![CDATA[
@TC_09
Scenario: Basic Settings:Clear Check                                                                             # src/test/resources/FeatureFiles/1_OEP_TestSetup.feature:84
  Given To Check Test Setup is navigating to OEP URL is "http://192.168.1.30/OEPADMIN/"                          # stepDefinition.OEP_1_TestSetup.to_check_test_setup_is_navigating_to_oep_url_is(java.lang.String)
  When To Check Test Setup Enter username and password are "thirumaran@sankarasoftware.com" and "Thirumaran@001" # stepDefinition.OEP_1_TestSetup.to_check_test_setup_enter_username_and_password_are_and(java.lang.String,java.lang.String)
  And click the Signin button To Check Test Setup                                                                # stepDefinition.OEP_1_TestSetup.click_the_signin_button_to_check_test_setup()
  Then Click take picture button in test setup                                                                   # stepDefinition.OEP_1_TestSetup.click_take_picture_button_in_test_setup()
  Then Click Test Setup button                                                                                   # stepDefinition.OEP_1_TestSetup.click_test_setup_button()
  Given Click new test button                                                                                    # stepDefinition.OEP_1_TestSetup.click_new_test_button()
  Then Click Main Test radio button                                                                              # stepDefinition.OEP_1_TestSetup.click_main_test_radio_button()
  And Enter valid test name                                                                                      # stepDefinition.OEP_1_TestSetup.enter_valid_test_name()
  Then Enter valid Proctoring Capacity count                                                                     # stepDefinition.OEP_1_TestSetup.enter_valid_proctoring_capacity_count()
  Then Select valid subject name                                                                                 # stepDefinition.OEP_1_TestSetup.select_valid_subject_name()
  And Select valid level                                                                                         # stepDefinition.OEP_1_TestSetup.select_valid_level()
  Then Enter valid description details                                                                           # stepDefinition.OEP_1_TestSetup.enter_valid_description_details()
  And Click clear button                                                                                         # stepDefinition.OEP_1_TestSetup.click_clear_button()
  Then Check all tabs are cleared or not                                                                         # stepDefinition.OEP_1_TestSetup.check_all_tabs_are_cleared_or_not()
Page is closed  Then Close Test Setup button                                                                                   # stepDefinition.OEP_1_TestSetup.close_test_setup_button()
]]></system-out>
  </testcase>
  <testcase name="Basic Settings:Clear Check #2" classname="TEST SETUP" time="48.443">
    <system-out><![CDATA[
@TC_10
Scenario: Basic Settings:Clear Check                                                                             # src/test/resources/FeatureFiles/1_OEP_TestSetup.feature:97
  Given To Check Test Setup is navigating to OEP URL is "http://192.168.1.30/OEPADMIN/"                          # stepDefinition.OEP_1_TestSetup.to_check_test_setup_is_navigating_to_oep_url_is(java.lang.String)
  When To Check Test Setup Enter username and password are "thirumaran@sankarasoftware.com" and "Thirumaran@001" # stepDefinition.OEP_1_TestSetup.to_check_test_setup_enter_username_and_password_are_and(java.lang.String,java.lang.String)
  And click the Signin button To Check Test Setup                                                                # stepDefinition.OEP_1_TestSetup.click_the_signin_button_to_check_test_setup()
  Then Click take picture button in test setup                                                                   # stepDefinition.OEP_1_TestSetup.click_take_picture_button_in_test_setup()
  Then Click Test Setup button                                                                                   # stepDefinition.OEP_1_TestSetup.click_test_setup_button()
  Given Click new test button                                                                                    # stepDefinition.OEP_1_TestSetup.click_new_test_button()
  Then Click Main Test radio button                                                                              # stepDefinition.OEP_1_TestSetup.click_main_test_radio_button()
  And Enter valid test name                                                                                      # stepDefinition.OEP_1_TestSetup.enter_valid_test_name()
  Then Enter valid Proctoring Capacity count                                                                     # stepDefinition.OEP_1_TestSetup.enter_valid_proctoring_capacity_count()
  And Select valid subject name                                                                                  # stepDefinition.OEP_1_TestSetup.select_valid_subject_name()
  And Select valid level                                                                                         # stepDefinition.OEP_1_TestSetup.select_valid_level()
  Then Enter valid description details                                                                           # stepDefinition.OEP_1_TestSetup.enter_valid_description_details()
  And Click clear button                                                                                         # stepDefinition.OEP_1_TestSetup.click_clear_button()
  Then Check all tabs are cleared or not in main test                                                            # stepDefinition.OEP_1_TestSetup.check_all_tabs_are_cleared_or_not_in_main_test()
Page is closed  Then Close Test Setup button                                                                                   # stepDefinition.OEP_1_TestSetup.close_test_setup_button()
]]></system-out>
  </testcase>
  <testcase name="Basic Settings:Save Check #1" classname="TEST SETUP" time="33.321">
    <system-out><![CDATA[
@TC_11
Scenario: Basic Settings:Save Check                                                                              # src/test/resources/FeatureFiles/1_OEP_TestSetup.feature:110
  Given To Check Test Setup is navigating to OEP URL is "http://192.168.1.30/OEPADMIN/"                          # stepDefinition.OEP_1_TestSetup.to_check_test_setup_is_navigating_to_oep_url_is(java.lang.String)
  When To Check Test Setup Enter username and password are "thirumaran@sankarasoftware.com" and "Thirumaran@001" # stepDefinition.OEP_1_TestSetup.to_check_test_setup_enter_username_and_password_are_and(java.lang.String,java.lang.String)
  And click the Signin button To Check Test Setup                                                                # stepDefinition.OEP_1_TestSetup.click_the_signin_button_to_check_test_setup()
  Then Click take picture button in test setup                                                                   # stepDefinition.OEP_1_TestSetup.click_take_picture_button_in_test_setup()
  Then Click Test Setup button                                                                                   # stepDefinition.OEP_1_TestSetup.click_test_setup_button()
  Given Click new test button                                                                                    # stepDefinition.OEP_1_TestSetup.click_new_test_button()
  Then Click Practice Test radio button                                                                          # stepDefinition.OEP_1_TestSetup.click_practice_test_radio_button()
  And Enter valid test name                                                                                      # stepDefinition.OEP_1_TestSetup.enter_valid_test_name()
  Then Select valid subject name                                                                                 # stepDefinition.OEP_1_TestSetup.select_valid_subject_name()
  And Select valid level                                                                                         # stepDefinition.OEP_1_TestSetup.select_valid_level()
  Then Enter valid description details                                                                           # stepDefinition.OEP_1_TestSetup.enter_valid_description_details()
  And Click save button                                                                                          # stepDefinition.OEP_1_TestSetup.click_save_button()
Success message displayed like: Basic Settings saved successfully!
  Then Check success message is displayed or not in Basic Settings tab                                           # stepDefinition.OEP_1_TestSetup.check_success_message_is_displayed_or_not_in_basic_settings_tab()
Page is closed  Then Close Test Setup button                                                                                   # stepDefinition.OEP_1_TestSetup.close_test_setup_button()
]]></system-out>
  </testcase>
  <testcase name="Basic Settings:Save Check #2" classname="TEST SETUP" time="33.669">
    <system-out><![CDATA[
@TC_12
Scenario: Basic Settings:Save Check                                                                              # src/test/resources/FeatureFiles/1_OEP_TestSetup.feature:122
  Given To Check Test Setup is navigating to OEP URL is "http://192.168.1.30/OEPADMIN/"                          # stepDefinition.OEP_1_TestSetup.to_check_test_setup_is_navigating_to_oep_url_is(java.lang.String)
  When To Check Test Setup Enter username and password are "thirumaran@sankarasoftware.com" and "Thirumaran@001" # stepDefinition.OEP_1_TestSetup.to_check_test_setup_enter_username_and_password_are_and(java.lang.String,java.lang.String)
  And click the Signin button To Check Test Setup                                                                # stepDefinition.OEP_1_TestSetup.click_the_signin_button_to_check_test_setup()
  Then Click take picture button in test setup                                                                   # stepDefinition.OEP_1_TestSetup.click_take_picture_button_in_test_setup()
  Then Click Test Setup button                                                                                   # stepDefinition.OEP_1_TestSetup.click_test_setup_button()
  Given Click new test button                                                                                    # stepDefinition.OEP_1_TestSetup.click_new_test_button()
  Then Click Main Test radio button                                                                              # stepDefinition.OEP_1_TestSetup.click_main_test_radio_button()
  And Enter valid test name                                                                                      # stepDefinition.OEP_1_TestSetup.enter_valid_test_name()
  Then Enter valid Proctoring Capacity count                                                                     # stepDefinition.OEP_1_TestSetup.enter_valid_proctoring_capacity_count()
  And Select valid subject name                                                                                  # stepDefinition.OEP_1_TestSetup.select_valid_subject_name()
  And Select valid level                                                                                         # stepDefinition.OEP_1_TestSetup.select_valid_level()
  Then Enter valid description details                                                                           # stepDefinition.OEP_1_TestSetup.enter_valid_description_details()
  And Click save button                                                                                          # stepDefinition.OEP_1_TestSetup.click_save_button()
Success message displayed like: Basic Settings saved successfully!
  Then Check success message is displayed or not in test portal page                                             # stepDefinition.OEP_1_TestSetup.check_success_message_is_displayed_or_not_in_test_portal_page()
Page is closed  Then Close Test Setup button                                                                                   # stepDefinition.OEP_1_TestSetup.close_test_setup_button()
]]></system-out>
  </testcase>
  <testcase name="Question Manager:Invalid Check #1" classname="TEST SETUP" time="57.695">
    <system-out><![CDATA[
@TC_13
Scenario: Question Manager:Invalid Check                                                                         # src/test/resources/FeatureFiles/1_OEP_TestSetup.feature:135
  Given To Check Test Setup is navigating to OEP URL is "http://192.168.1.30/OEPADMIN/"                          # stepDefinition.OEP_1_TestSetup.to_check_test_setup_is_navigating_to_oep_url_is(java.lang.String)
  When To Check Test Setup Enter username and password are "thirumaran@sankarasoftware.com" and "Thirumaran@001" # stepDefinition.OEP_1_TestSetup.to_check_test_setup_enter_username_and_password_are_and(java.lang.String,java.lang.String)
  And click the Signin button To Check Test Setup                                                                # stepDefinition.OEP_1_TestSetup.click_the_signin_button_to_check_test_setup()
  Then Click take picture button in test setup                                                                   # stepDefinition.OEP_1_TestSetup.click_take_picture_button_in_test_setup()
  Then Click Test Setup button                                                                                   # stepDefinition.OEP_1_TestSetup.click_test_setup_button()
  Given Search any valid main test name                                                                          # stepDefinition.OEP_1_TestSetup.search_any_valid_main_test_name()
  Then Click the test name                                                                                       # stepDefinition.OEP_1_TestSetup.click_the_test_name()
  And Click question manager tab                                                                                 # stepDefinition.OEP_1_TestSetup.click_question_manager_tab()
  And Enter alpha characters in Overall Questions                                                                # stepDefinition.OEP_1_TestSetup.enter_alpha_characters_in_overall_questions()
  Then Check tab is empty or not in Overall Questions                                                            # stepDefinition.OEP_1_TestSetup.check_tab_is_empty_or_not_in_overall_questions()
  And Enter special characters in Overall Questions                                                              # stepDefinition.OEP_1_TestSetup.enter_special_characters_in_overall_questions()
  Then Check tab is empty or not in Overall Questions                                                            # stepDefinition.OEP_1_TestSetup.check_tab_is_empty_or_not_in_overall_questions()
Page is closed  Then Close Test Setup button                                                                                   # stepDefinition.OEP_1_TestSetup.close_test_setup_button()
]]></system-out>
  </testcase>
  <testcase name="Question Manager:Invalid Check #2" classname="TEST SETUP" time="55.202">
    <error message="Expected condition failed: waiting for element to be clickable: By.xpath: //div[text()=&apos;Sample Test-Main Test&apos;] (tried for 30 second(s) with 500 milliseconds interval)&#10;Build info: version: &apos;4.29.0&apos;, revision: &apos;5fc1ec94cb&apos;&#10;System info: os.name: &apos;Windows 11&apos;, os.arch: &apos;amd64&apos;, os.version: &apos;10.0&apos;, java.version: &apos;21.0.2&apos;&#10;Driver info: org.openqa.selenium.chrome.ChromeDriver&#10;Capabilities {acceptInsecureCerts: false, browserName: chrome, browserVersion: 133.0.6943.127, chrome: {chromedriverVersion: 133.0.6943.126 (cffa127ce7b..., userDataDir: C:\WINDOWS\SystemTemp\scope...}, fedcm:accounts: true, goog:chromeOptions: {debuggerAddress: localhost:52528}, networkConnectionEnabled: false, pageLoadStrategy: normal, platformName: windows, proxy: Proxy(), se:cdp: ws://localhost:52528/devtoo..., se:cdpVersion: 133.0.6943.127, setWindowRect: true, strictFileInteractability: false, timeouts: {implicit: 0, pageLoad: 300000, script: 30000}, unhandledPromptBehavior: dismiss and notify, webauthn:extension:credBlob: true, webauthn:extension:largeBlob: true, webauthn:extension:minPinLength: true, webauthn:extension:prf: true, webauthn:virtualAuthenticators: true}&#10;Session ID: 79c7201b81484f2b3788244ef2cf7fc8" type="org.openqa.selenium.TimeoutException"><![CDATA[org.openqa.selenium.TimeoutException: 
Expected condition failed: waiting for element to be clickable: By.xpath: //div[text()='Sample Test-Main Test'] (tried for 30 second(s) with 500 milliseconds interval)
Build info: version: '4.29.0', revision: '5fc1ec94cb'
System info: os.name: 'Windows 11', os.arch: 'amd64', os.version: '10.0', java.version: '21.0.2'
Driver info: org.openqa.selenium.chrome.ChromeDriver
Capabilities {acceptInsecureCerts: false, browserName: chrome, browserVersion: 133.0.6943.127, chrome: {chromedriverVersion: 133.0.6943.126 (cffa127ce7b..., userDataDir: C:\WINDOWS\SystemTemp\scope...}, fedcm:accounts: true, goog:chromeOptions: {debuggerAddress: localhost:52528}, networkConnectionEnabled: false, pageLoadStrategy: normal, platformName: windows, proxy: Proxy(), se:cdp: ws://localhost:52528/devtoo..., se:cdpVersion: 133.0.6943.127, setWindowRect: true, strictFileInteractability: false, timeouts: {implicit: 0, pageLoad: 300000, script: 30000}, unhandledPromptBehavior: dismiss and notify, webauthn:extension:credBlob: true, webauthn:extension:largeBlob: true, webauthn:extension:minPinLength: true, webauthn:extension:prf: true, webauthn:virtualAuthenticators: true}
Session ID: 79c7201b81484f2b3788244ef2cf7fc8
	at org.openqa.selenium.support.ui.WebDriverWait.timeoutException(WebDriverWait.java:84)
	at org.openqa.selenium.support.ui.FluentWait.until(FluentWait.java:228)
	at stepDefinition.OEP_1_TestSetup.click_the_test_name(OEP_1_TestSetup.java:731)
	at ✽.Click the test name(file:///C:/Users/thirumaran/eclipse-workspace/NexTestify_Cucumber/src/test/resources/FeatureFiles/1_OEP_TestSetup.feature:148)
]]></error>
    <system-out><![CDATA[
@TC_14
Scenario: Question Manager:Invalid Check                                                                         # src/test/resources/FeatureFiles/1_OEP_TestSetup.feature:146
  Given To Check Test Setup is navigating to OEP URL is "http://192.168.1.30/OEPADMIN/"                          # stepDefinition.OEP_1_TestSetup.to_check_test_setup_is_navigating_to_oep_url_is(java.lang.String)
  When To Check Test Setup Enter username and password are "thirumaran@sankarasoftware.com" and "Thirumaran@001" # stepDefinition.OEP_1_TestSetup.to_check_test_setup_enter_username_and_password_are_and(java.lang.String,java.lang.String)
  And click the Signin button To Check Test Setup                                                                # stepDefinition.OEP_1_TestSetup.click_the_signin_button_to_check_test_setup()
  Then Click take picture button in test setup                                                                   # stepDefinition.OEP_1_TestSetup.click_take_picture_button_in_test_setup()
  Then Click Test Setup button                                                                                   # stepDefinition.OEP_1_TestSetup.click_test_setup_button()
  Given Search any valid main test name                                                                          # stepDefinition.OEP_1_TestSetup.search_any_valid_main_test_name()
  Then Click the test name                                                                                       # stepDefinition.OEP_1_TestSetup.click_the_test_name()
      org.openqa.selenium.TimeoutException: Expected condition failed: waiting for element to be clickable: By.xpath: //div[text()='Sample Test-Main Test'] (tried for 30 second(s) with 500 milliseconds interval)
Build info: version: '4.29.0', revision: '5fc1ec94cb'
System info: os.name: 'Windows 11', os.arch: 'amd64', os.version: '10.0', java.version: '21.0.2'
Driver info: org.openqa.selenium.chrome.ChromeDriver
Capabilities {acceptInsecureCerts: false, browserName: chrome, browserVersion: 133.0.6943.127, chrome: {chromedriverVersion: 133.0.6943.126 (cffa127ce7b..., userDataDir: C:\WINDOWS\SystemTemp\scope...}, fedcm:accounts: true, goog:chromeOptions: {debuggerAddress: localhost:52528}, networkConnectionEnabled: false, pageLoadStrategy: normal, platformName: windows, proxy: Proxy(), se:cdp: ws://localhost:52528/devtoo..., se:cdpVersion: 133.0.6943.127, setWindowRect: true, strictFileInteractability: false, timeouts: {implicit: 0, pageLoad: 300000, script: 30000}, unhandledPromptBehavior: dismiss and notify, webauthn:extension:credBlob: true, webauthn:extension:largeBlob: true, webauthn:extension:minPinLength: true, webauthn:extension:prf: true, webauthn:virtualAuthenticators: true}
Session ID: 79c7201b81484f2b3788244ef2cf7fc8
	at org.openqa.selenium.support.ui.WebDriverWait.timeoutException(WebDriverWait.java:84)
	at org.openqa.selenium.support.ui.FluentWait.until(FluentWait.java:228)
	at stepDefinition.OEP_1_TestSetup.click_the_test_name(OEP_1_TestSetup.java:731)
	at ✽.Click the test name(file:///C:/Users/thirumaran/eclipse-workspace/NexTestify_Cucumber/src/test/resources/FeatureFiles/1_OEP_TestSetup.feature:148)

  And Click question manager tab                                                                                 # stepDefinition.OEP_1_TestSetup.click_question_manager_tab()
  And Enter alpha characters in Overall Points                                                                   # stepDefinition.OEP_1_TestSetup.enter_alpha_characters_in_overall_points()
  Then Check tab is empty or not                                                                                 # stepDefinition.OEP_1_TestSetup.check_tab_is_empty_or_not()
  And Enter special characters in Overall Points                                                                 # stepDefinition.OEP_1_TestSetup.enter_special_characters_in_overall_points()
  Then Check tab is empty or not                                                                                 # stepDefinition.OEP_1_TestSetup.check_tab_is_empty_or_not()
  Then Close Test Setup button                                                                                   # stepDefinition.OEP_1_TestSetup.close_test_setup_button()
]]></system-out>
  </testcase>
  <testcase name="Question Manager:Mandatory Check" classname="TEST SETUP" time="73.263">
    <error message="Expected condition failed: waiting for element to be clickable: By.xpath: //button[@title=&apos;click here to clear&apos;] (tried for 30 second(s) with 500 milliseconds interval)&#10;Build info: version: &apos;4.29.0&apos;, revision: &apos;5fc1ec94cb&apos;&#10;System info: os.name: &apos;Windows 11&apos;, os.arch: &apos;amd64&apos;, os.version: &apos;10.0&apos;, java.version: &apos;21.0.2&apos;&#10;Driver info: org.openqa.selenium.chrome.ChromeDriver&#10;Capabilities {acceptInsecureCerts: false, browserName: chrome, browserVersion: 133.0.6943.127, chrome: {chromedriverVersion: 133.0.6943.126 (cffa127ce7b..., userDataDir: C:\WINDOWS\SystemTemp\scope...}, fedcm:accounts: true, goog:chromeOptions: {debuggerAddress: localhost:52590}, networkConnectionEnabled: false, pageLoadStrategy: normal, platformName: windows, proxy: Proxy(), se:cdp: ws://localhost:52590/devtoo..., se:cdpVersion: 133.0.6943.127, setWindowRect: true, strictFileInteractability: false, timeouts: {implicit: 0, pageLoad: 300000, script: 30000}, unhandledPromptBehavior: dismiss and notify, webauthn:extension:credBlob: true, webauthn:extension:largeBlob: true, webauthn:extension:minPinLength: true, webauthn:extension:prf: true, webauthn:virtualAuthenticators: true}&#10;Session ID: 37f34c1901d770c253ee7a5690f97ea0" type="org.openqa.selenium.TimeoutException"><![CDATA[org.openqa.selenium.TimeoutException: 
Expected condition failed: waiting for element to be clickable: By.xpath: //button[@title='click here to clear'] (tried for 30 second(s) with 500 milliseconds interval)
Build info: version: '4.29.0', revision: '5fc1ec94cb'
System info: os.name: 'Windows 11', os.arch: 'amd64', os.version: '10.0', java.version: '21.0.2'
Driver info: org.openqa.selenium.chrome.ChromeDriver
Capabilities {acceptInsecureCerts: false, browserName: chrome, browserVersion: 133.0.6943.127, chrome: {chromedriverVersion: 133.0.6943.126 (cffa127ce7b..., userDataDir: C:\WINDOWS\SystemTemp\scope...}, fedcm:accounts: true, goog:chromeOptions: {debuggerAddress: localhost:52590}, networkConnectionEnabled: false, pageLoadStrategy: normal, platformName: windows, proxy: Proxy(), se:cdp: ws://localhost:52590/devtoo..., se:cdpVersion: 133.0.6943.127, setWindowRect: true, strictFileInteractability: false, timeouts: {implicit: 0, pageLoad: 300000, script: 30000}, unhandledPromptBehavior: dismiss and notify, webauthn:extension:credBlob: true, webauthn:extension:largeBlob: true, webauthn:extension:minPinLength: true, webauthn:extension:prf: true, webauthn:virtualAuthenticators: true}
Session ID: 37f34c1901d770c253ee7a5690f97ea0
	at org.openqa.selenium.support.ui.WebDriverWait.timeoutException(WebDriverWait.java:84)
	at org.openqa.selenium.support.ui.FluentWait.until(FluentWait.java:228)
	at stepDefinition.OEP_1_TestSetup.click_clear_button_in_question_manager(OEP_1_TestSetup.java:879)
	at ✽.Click clear button in question manager(file:///C:/Users/thirumaran/eclipse-workspace/NexTestify_Cucumber/src/test/resources/FeatureFiles/1_OEP_TestSetup.feature:161)
]]></error>
    <system-out><![CDATA[
@TC_15
Scenario: Question Manager:Mandatory Check                                                                       # src/test/resources/FeatureFiles/1_OEP_TestSetup.feature:157
  Given To Check Test Setup is navigating to OEP URL is "http://192.168.1.30/OEPADMIN/"                          # stepDefinition.OEP_1_TestSetup.to_check_test_setup_is_navigating_to_oep_url_is(java.lang.String)
  When To Check Test Setup Enter username and password are "thirumaran@sankarasoftware.com" and "Thirumaran@001" # stepDefinition.OEP_1_TestSetup.to_check_test_setup_enter_username_and_password_are_and(java.lang.String,java.lang.String)
  And click the Signin button To Check Test Setup                                                                # stepDefinition.OEP_1_TestSetup.click_the_signin_button_to_check_test_setup()
  Then Click take picture button in test setup                                                                   # stepDefinition.OEP_1_TestSetup.click_take_picture_button_in_test_setup()
  Then Click Test Setup button                                                                                   # stepDefinition.OEP_1_TestSetup.click_test_setup_button()
  Given Search any valid main test name                                                                          # stepDefinition.OEP_1_TestSetup.search_any_valid_main_test_name()
  Then Click the test name                                                                                       # stepDefinition.OEP_1_TestSetup.click_the_test_name()
  And Click question manager tab                                                                                 # stepDefinition.OEP_1_TestSetup.click_question_manager_tab()
  Then Click clear button in question manager                                                                    # stepDefinition.OEP_1_TestSetup.click_clear_button_in_question_manager()
      org.openqa.selenium.TimeoutException: Expected condition failed: waiting for element to be clickable: By.xpath: //button[@title='click here to clear'] (tried for 30 second(s) with 500 milliseconds interval)
Build info: version: '4.29.0', revision: '5fc1ec94cb'
System info: os.name: 'Windows 11', os.arch: 'amd64', os.version: '10.0', java.version: '21.0.2'
Driver info: org.openqa.selenium.chrome.ChromeDriver
Capabilities {acceptInsecureCerts: false, browserName: chrome, browserVersion: 133.0.6943.127, chrome: {chromedriverVersion: 133.0.6943.126 (cffa127ce7b..., userDataDir: C:\WINDOWS\SystemTemp\scope...}, fedcm:accounts: true, goog:chromeOptions: {debuggerAddress: localhost:52590}, networkConnectionEnabled: false, pageLoadStrategy: normal, platformName: windows, proxy: Proxy(), se:cdp: ws://localhost:52590/devtoo..., se:cdpVersion: 133.0.6943.127, setWindowRect: true, strictFileInteractability: false, timeouts: {implicit: 0, pageLoad: 300000, script: 30000}, unhandledPromptBehavior: dismiss and notify, webauthn:extension:credBlob: true, webauthn:extension:largeBlob: true, webauthn:extension:minPinLength: true, webauthn:extension:prf: true, webauthn:virtualAuthenticators: true}
Session ID: 37f34c1901d770c253ee7a5690f97ea0
	at org.openqa.selenium.support.ui.WebDriverWait.timeoutException(WebDriverWait.java:84)
	at org.openqa.selenium.support.ui.FluentWait.until(FluentWait.java:228)
	at stepDefinition.OEP_1_TestSetup.click_clear_button_in_question_manager(OEP_1_TestSetup.java:879)
	at ✽.Click clear button in question manager(file:///C:/Users/thirumaran/eclipse-workspace/NexTestify_Cucumber/src/test/resources/FeatureFiles/1_OEP_TestSetup.feature:161)

  And Select any topic from the dropdown                                                                         # stepDefinition.OEP_1_TestSetup.select_any_topic_from_the_dropdown()
  Then Click add button                                                                                          # stepDefinition.OEP_1_TestSetup.click_add_button()
  And Check red border is displayed or not in the mandatory tab                                                  # stepDefinition.OEP_1_TestSetup.check_red_border_is_displayed_or_not_in_the_mandatory_tab()
  Then Close Test Setup button                                                                                   # stepDefinition.OEP_1_TestSetup.close_test_setup_button()
]]></system-out>
  </testcase>
  <testcase name="Question Manager:Delete NO Check" classname="TEST SETUP" time="58.519">
    <system-out><![CDATA[
@TC_16
Scenario: Question Manager:Delete NO Check                                                                       # src/test/resources/FeatureFiles/1_OEP_TestSetup.feature:168
  Given To Check Test Setup is navigating to OEP URL is "http://192.168.1.30/OEPADMIN/"                          # stepDefinition.OEP_1_TestSetup.to_check_test_setup_is_navigating_to_oep_url_is(java.lang.String)
  When To Check Test Setup Enter username and password are "thirumaran@sankarasoftware.com" and "Thirumaran@001" # stepDefinition.OEP_1_TestSetup.to_check_test_setup_enter_username_and_password_are_and(java.lang.String,java.lang.String)
  And click the Signin button To Check Test Setup                                                                # stepDefinition.OEP_1_TestSetup.click_the_signin_button_to_check_test_setup()
  Then Click take picture button in test setup                                                                   # stepDefinition.OEP_1_TestSetup.click_take_picture_button_in_test_setup()
  Then Click Test Setup button                                                                                   # stepDefinition.OEP_1_TestSetup.click_test_setup_button()
  Given Search any valid main test name                                                                          # stepDefinition.OEP_1_TestSetup.search_any_valid_main_test_name()
  Then Click the test name                                                                                       # stepDefinition.OEP_1_TestSetup.click_the_test_name()
  And Click question manager tab                                                                                 # stepDefinition.OEP_1_TestSetup.click_question_manager_tab()
  Then Enter valid overall question                                                                              # stepDefinition.OEP_1_TestSetup.enter_valid_overall_question()
  And Enter valid overall points                                                                                 # stepDefinition.OEP_1_TestSetup.enter_valid_overall_points()
  Then Select valid topic                                                                                        # stepDefinition.OEP_1_TestSetup.select_valid_topic()
  And Click add button                                                                                           # stepDefinition.OEP_1_TestSetup.click_add_button()
  Then Click delete button                                                                                       # stepDefinition.OEP_1_TestSetup.click_delete_button()
  And Click No button in the pop up                                                                              # stepDefinition.OEP_1_TestSetup.click_no_button_in_the_pop_up()
  Then Check topic is removed or not                                                                             # stepDefinition.OEP_1_TestSetup.check_topic_is_removed_or_not()
Page is closed  Then Close Test Setup button                                                                                   # stepDefinition.OEP_1_TestSetup.close_test_setup_button()
]]></system-out>
  </testcase>
  <testcase name="Question Manager:Delete YES Check #1" classname="TEST SETUP" time="61.1">
    <system-out><![CDATA[
@TC_17
Scenario: Question Manager:Delete YES Check                                                                      # src/test/resources/FeatureFiles/1_OEP_TestSetup.feature:182
  Given To Check Test Setup is navigating to OEP URL is "http://192.168.1.30/OEPADMIN/"                          # stepDefinition.OEP_1_TestSetup.to_check_test_setup_is_navigating_to_oep_url_is(java.lang.String)
  When To Check Test Setup Enter username and password are "thirumaran@sankarasoftware.com" and "Thirumaran@001" # stepDefinition.OEP_1_TestSetup.to_check_test_setup_enter_username_and_password_are_and(java.lang.String,java.lang.String)
  And click the Signin button To Check Test Setup                                                                # stepDefinition.OEP_1_TestSetup.click_the_signin_button_to_check_test_setup()
  Then Click take picture button in test setup                                                                   # stepDefinition.OEP_1_TestSetup.click_take_picture_button_in_test_setup()
  Then Click Test Setup button                                                                                   # stepDefinition.OEP_1_TestSetup.click_test_setup_button()
  Given Search any valid main test name                                                                          # stepDefinition.OEP_1_TestSetup.search_any_valid_main_test_name()
  Then Click the test name                                                                                       # stepDefinition.OEP_1_TestSetup.click_the_test_name()
  And Click question manager tab                                                                                 # stepDefinition.OEP_1_TestSetup.click_question_manager_tab()
  Then Enter valid overall question                                                                              # stepDefinition.OEP_1_TestSetup.enter_valid_overall_question()
  And Enter valid overall points                                                                                 # stepDefinition.OEP_1_TestSetup.enter_valid_overall_points()
  Then Select valid topic                                                                                        # stepDefinition.OEP_1_TestSetup.select_valid_topic()
  And Click add button                                                                                           # stepDefinition.OEP_1_TestSetup.click_add_button()
  Then Click delete button                                                                                       # stepDefinition.OEP_1_TestSetup.click_delete_button()
  And Click Yes button in the pop up                                                                             # stepDefinition.OEP_1_TestSetup.click_yes_button_in_the_pop_up()
Success message displayed like: Question Setup deleted successfully!
  Then Check success message for deleted topic is displayed or not in question manager tab                       # stepDefinition.OEP_1_TestSetup.check_success_message_for_deleted_topic_is_displayed_or_not_in_question_manager_tab()
Page is closed  Then Close Test Setup button                                                                                   # stepDefinition.OEP_1_TestSetup.close_test_setup_button()
]]></system-out>
  </testcase>
  <testcase name="Question Manager:Delete YES Check #2" classname="TEST SETUP" time="88.362">
    <error message="Expected condition failed: waiting for element to be clickable: By.id: tquest-1 (tried for 30 second(s) with 500 milliseconds interval)&#10;Build info: version: &apos;4.29.0&apos;, revision: &apos;5fc1ec94cb&apos;&#10;System info: os.name: &apos;Windows 11&apos;, os.arch: &apos;amd64&apos;, os.version: &apos;10.0&apos;, java.version: &apos;21.0.2&apos;&#10;Driver info: org.openqa.selenium.chrome.ChromeDriver&#10;Capabilities {acceptInsecureCerts: false, browserName: chrome, browserVersion: 133.0.6943.127, chrome: {chromedriverVersion: 133.0.6943.126 (cffa127ce7b..., userDataDir: C:\WINDOWS\SystemTemp\scope...}, fedcm:accounts: true, goog:chromeOptions: {debuggerAddress: localhost:52839}, networkConnectionEnabled: false, pageLoadStrategy: normal, platformName: windows, proxy: Proxy(), se:cdp: ws://localhost:52839/devtoo..., se:cdpVersion: 133.0.6943.127, setWindowRect: true, strictFileInteractability: false, timeouts: {implicit: 0, pageLoad: 300000, script: 30000}, unhandledPromptBehavior: dismiss and notify, webauthn:extension:credBlob: true, webauthn:extension:largeBlob: true, webauthn:extension:minPinLength: true, webauthn:extension:prf: true, webauthn:virtualAuthenticators: true}&#10;Session ID: 85b063c7a5f2bfd20a4fe7e5094ab32e" type="org.openqa.selenium.TimeoutException"><![CDATA[org.openqa.selenium.TimeoutException: 
Expected condition failed: waiting for element to be clickable: By.id: tquest-1 (tried for 30 second(s) with 500 milliseconds interval)
Build info: version: '4.29.0', revision: '5fc1ec94cb'
System info: os.name: 'Windows 11', os.arch: 'amd64', os.version: '10.0', java.version: '21.0.2'
Driver info: org.openqa.selenium.chrome.ChromeDriver
Capabilities {acceptInsecureCerts: false, browserName: chrome, browserVersion: 133.0.6943.127, chrome: {chromedriverVersion: 133.0.6943.126 (cffa127ce7b..., userDataDir: C:\WINDOWS\SystemTemp\scope...}, fedcm:accounts: true, goog:chromeOptions: {debuggerAddress: localhost:52839}, networkConnectionEnabled: false, pageLoadStrategy: normal, platformName: windows, proxy: Proxy(), se:cdp: ws://localhost:52839/devtoo..., se:cdpVersion: 133.0.6943.127, setWindowRect: true, strictFileInteractability: false, timeouts: {implicit: 0, pageLoad: 300000, script: 30000}, unhandledPromptBehavior: dismiss and notify, webauthn:extension:credBlob: true, webauthn:extension:largeBlob: true, webauthn:extension:minPinLength: true, webauthn:extension:prf: true, webauthn:virtualAuthenticators: true}
Session ID: 85b063c7a5f2bfd20a4fe7e5094ab32e
	at org.openqa.selenium.support.ui.WebDriverWait.timeoutException(WebDriverWait.java:84)
	at org.openqa.selenium.support.ui.FluentWait.until(FluentWait.java:228)
	at stepDefinition.OEP_1_TestSetup.enter_valid_value_in_questions_tab_in_question_Manager(OEP_1_TestSetup.java:1182)
	at ✽.Enter valid value in questions tab in Question Manager(file:///C:/Users/thirumaran/eclipse-workspace/NexTestify_Cucumber/src/test/resources/FeatureFiles/1_OEP_TestSetup.feature:204)
]]></error>
    <system-out><![CDATA[
@TC_17a
Scenario: Question Manager:Delete YES Check                                                                      # src/test/resources/FeatureFiles/1_OEP_TestSetup.feature:196
  Given To Check Test Setup is navigating to OEP URL is "http://192.168.1.30/OEPADMIN/"                          # stepDefinition.OEP_1_TestSetup.to_check_test_setup_is_navigating_to_oep_url_is(java.lang.String)
  When To Check Test Setup Enter username and password are "thirumaran@sankarasoftware.com" and "Thirumaran@001" # stepDefinition.OEP_1_TestSetup.to_check_test_setup_enter_username_and_password_are_and(java.lang.String,java.lang.String)
  And click the Signin button To Check Test Setup                                                                # stepDefinition.OEP_1_TestSetup.click_the_signin_button_to_check_test_setup()
  Then Click take picture button in test setup                                                                   # stepDefinition.OEP_1_TestSetup.click_take_picture_button_in_test_setup()
  Then Click Test Setup button                                                                                   # stepDefinition.OEP_1_TestSetup.click_test_setup_button()
  Given Search any valid main test name                                                                          # stepDefinition.OEP_1_TestSetup.search_any_valid_main_test_name()
  Then Click the test name                                                                                       # stepDefinition.OEP_1_TestSetup.click_the_test_name()
  And Click question manager tab                                                                                 # stepDefinition.OEP_1_TestSetup.click_question_manager_tab()
  Then Enter valid overall question                                                                              # stepDefinition.OEP_1_TestSetup.enter_valid_overall_question()
  And Enter valid overall points                                                                                 # stepDefinition.OEP_1_TestSetup.enter_valid_overall_points()
  Then Select valid topic                                                                                        # stepDefinition.OEP_1_TestSetup.select_valid_topic()
  And Click add button                                                                                           # stepDefinition.OEP_1_TestSetup.click_add_button()
  And Enter valid value in questions tab in Question Manager                                                     # stepDefinition.OEP_1_TestSetup.enter_valid_value_in_questions_tab_in_question_Manager()
      org.openqa.selenium.TimeoutException: Expected condition failed: waiting for element to be clickable: By.id: tquest-1 (tried for 30 second(s) with 500 milliseconds interval)
Build info: version: '4.29.0', revision: '5fc1ec94cb'
System info: os.name: 'Windows 11', os.arch: 'amd64', os.version: '10.0', java.version: '21.0.2'
Driver info: org.openqa.selenium.chrome.ChromeDriver
Capabilities {acceptInsecureCerts: false, browserName: chrome, browserVersion: 133.0.6943.127, chrome: {chromedriverVersion: 133.0.6943.126 (cffa127ce7b..., userDataDir: C:\WINDOWS\SystemTemp\scope...}, fedcm:accounts: true, goog:chromeOptions: {debuggerAddress: localhost:52839}, networkConnectionEnabled: false, pageLoadStrategy: normal, platformName: windows, proxy: Proxy(), se:cdp: ws://localhost:52839/devtoo..., se:cdpVersion: 133.0.6943.127, setWindowRect: true, strictFileInteractability: false, timeouts: {implicit: 0, pageLoad: 300000, script: 30000}, unhandledPromptBehavior: dismiss and notify, webauthn:extension:credBlob: true, webauthn:extension:largeBlob: true, webauthn:extension:minPinLength: true, webauthn:extension:prf: true, webauthn:virtualAuthenticators: true}
Session ID: 85b063c7a5f2bfd20a4fe7e5094ab32e
	at org.openqa.selenium.support.ui.WebDriverWait.timeoutException(WebDriverWait.java:84)
	at org.openqa.selenium.support.ui.FluentWait.until(FluentWait.java:228)
	at stepDefinition.OEP_1_TestSetup.enter_valid_value_in_questions_tab_in_question_Manager(OEP_1_TestSetup.java:1182)
	at ✽.Enter valid value in questions tab in Question Manager(file:///C:/Users/thirumaran/eclipse-workspace/NexTestify_Cucumber/src/test/resources/FeatureFiles/1_OEP_TestSetup.feature:204)

  Then Enter valid value in points tab in Question Manager                                                       # stepDefinition.OEP_1_TestSetup.enter_valid_value_in_points_tab_in_question_Manager()
  And Enter valid in Time tab based on proper format in Question Manager                                         # stepDefinition.OEP_1_TestSetup.enter_valid_in_time_tab_based_on_proper_format_in_question_manager()
  Then Click update button                                                                                       # stepDefinition.OEP_1_TestSetup.click_update_button()
  Then Check success message is displayed or not in Question Manager tab                                         # stepDefinition.OEP_1_TestSetup.check_success_message_is_displayed_or_not_in_question_manager_tab()
  Then Close Test Setup button                                                                                   # stepDefinition.OEP_1_TestSetup.close_test_setup_button()
]]></system-out>
  </testcase>
  <testcase name="Question Manager:Topic Invalid Check #1" classname="TEST SETUP" time="74.148">
    <error message="Expected condition failed: waiting for element to be clickable: By.id: tquest-2 (tried for 30 second(s) with 500 milliseconds interval)&#10;Build info: version: &apos;4.29.0&apos;, revision: &apos;5fc1ec94cb&apos;&#10;System info: os.name: &apos;Windows 11&apos;, os.arch: &apos;amd64&apos;, os.version: &apos;10.0&apos;, java.version: &apos;21.0.2&apos;&#10;Driver info: org.openqa.selenium.chrome.ChromeDriver&#10;Capabilities {acceptInsecureCerts: false, browserName: chrome, browserVersion: 133.0.6943.127, chrome: {chromedriverVersion: 133.0.6943.126 (cffa127ce7b..., userDataDir: C:\WINDOWS\SystemTemp\scope...}, fedcm:accounts: true, goog:chromeOptions: {debuggerAddress: localhost:52931}, networkConnectionEnabled: false, pageLoadStrategy: normal, platformName: windows, proxy: Proxy(), se:cdp: ws://localhost:52931/devtoo..., se:cdpVersion: 133.0.6943.127, setWindowRect: true, strictFileInteractability: false, timeouts: {implicit: 0, pageLoad: 300000, script: 30000}, unhandledPromptBehavior: dismiss and notify, webauthn:extension:credBlob: true, webauthn:extension:largeBlob: true, webauthn:extension:minPinLength: true, webauthn:extension:prf: true, webauthn:virtualAuthenticators: true}&#10;Session ID: 8662956980a5940b6ab0f4259bf0d690" type="org.openqa.selenium.TimeoutException"><![CDATA[org.openqa.selenium.TimeoutException: 
Expected condition failed: waiting for element to be clickable: By.id: tquest-2 (tried for 30 second(s) with 500 milliseconds interval)
Build info: version: '4.29.0', revision: '5fc1ec94cb'
System info: os.name: 'Windows 11', os.arch: 'amd64', os.version: '10.0', java.version: '21.0.2'
Driver info: org.openqa.selenium.chrome.ChromeDriver
Capabilities {acceptInsecureCerts: false, browserName: chrome, browserVersion: 133.0.6943.127, chrome: {chromedriverVersion: 133.0.6943.126 (cffa127ce7b..., userDataDir: C:\WINDOWS\SystemTemp\scope...}, fedcm:accounts: true, goog:chromeOptions: {debuggerAddress: localhost:52931}, networkConnectionEnabled: false, pageLoadStrategy: normal, platformName: windows, proxy: Proxy(), se:cdp: ws://localhost:52931/devtoo..., se:cdpVersion: 133.0.6943.127, setWindowRect: true, strictFileInteractability: false, timeouts: {implicit: 0, pageLoad: 300000, script: 30000}, unhandledPromptBehavior: dismiss and notify, webauthn:extension:credBlob: true, webauthn:extension:largeBlob: true, webauthn:extension:minPinLength: true, webauthn:extension:prf: true, webauthn:virtualAuthenticators: true}
Session ID: 8662956980a5940b6ab0f4259bf0d690
	at org.openqa.selenium.support.ui.WebDriverWait.timeoutException(WebDriverWait.java:84)
	at org.openqa.selenium.support.ui.FluentWait.until(FluentWait.java:228)
	at stepDefinition.OEP_1_TestSetup.enter_alpha_characters_in_questions_tab(OEP_1_TestSetup.java:961)
	at ✽.Enter alpha characters in Questions tab(file:///C:/Users/thirumaran/eclipse-workspace/NexTestify_Cucumber/src/test/resources/FeatureFiles/1_OEP_TestSetup.feature:216)
]]></error>
    <system-out><![CDATA[
@TC_18
Scenario: Question Manager:Topic Invalid Check                                                                   # src/test/resources/FeatureFiles/1_OEP_TestSetup.feature:212
  Given To Check Test Setup is navigating to OEP URL is "http://192.168.1.30/OEPADMIN/"                          # stepDefinition.OEP_1_TestSetup.to_check_test_setup_is_navigating_to_oep_url_is(java.lang.String)
  When To Check Test Setup Enter username and password are "thirumaran@sankarasoftware.com" and "Thirumaran@001" # stepDefinition.OEP_1_TestSetup.to_check_test_setup_enter_username_and_password_are_and(java.lang.String,java.lang.String)
  And click the Signin button To Check Test Setup                                                                # stepDefinition.OEP_1_TestSetup.click_the_signin_button_to_check_test_setup()
  Then Click take picture button in test setup                                                                   # stepDefinition.OEP_1_TestSetup.click_take_picture_button_in_test_setup()
  Then Click Test Setup button                                                                                   # stepDefinition.OEP_1_TestSetup.click_test_setup_button()
  Given Search any valid main test name                                                                          # stepDefinition.OEP_1_TestSetup.search_any_valid_main_test_name()
  Then Click the test name                                                                                       # stepDefinition.OEP_1_TestSetup.click_the_test_name()
  And Click question manager tab                                                                                 # stepDefinition.OEP_1_TestSetup.click_question_manager_tab()
  And Enter alpha characters in Questions tab                                                                    # stepDefinition.OEP_1_TestSetup.enter_alpha_characters_in_questions_tab()
      org.openqa.selenium.TimeoutException: Expected condition failed: waiting for element to be clickable: By.id: tquest-2 (tried for 30 second(s) with 500 milliseconds interval)
Build info: version: '4.29.0', revision: '5fc1ec94cb'
System info: os.name: 'Windows 11', os.arch: 'amd64', os.version: '10.0', java.version: '21.0.2'
Driver info: org.openqa.selenium.chrome.ChromeDriver
Capabilities {acceptInsecureCerts: false, browserName: chrome, browserVersion: 133.0.6943.127, chrome: {chromedriverVersion: 133.0.6943.126 (cffa127ce7b..., userDataDir: C:\WINDOWS\SystemTemp\scope...}, fedcm:accounts: true, goog:chromeOptions: {debuggerAddress: localhost:52931}, networkConnectionEnabled: false, pageLoadStrategy: normal, platformName: windows, proxy: Proxy(), se:cdp: ws://localhost:52931/devtoo..., se:cdpVersion: 133.0.6943.127, setWindowRect: true, strictFileInteractability: false, timeouts: {implicit: 0, pageLoad: 300000, script: 30000}, unhandledPromptBehavior: dismiss and notify, webauthn:extension:credBlob: true, webauthn:extension:largeBlob: true, webauthn:extension:minPinLength: true, webauthn:extension:prf: true, webauthn:virtualAuthenticators: true}
Session ID: 8662956980a5940b6ab0f4259bf0d690
	at org.openqa.selenium.support.ui.WebDriverWait.timeoutException(WebDriverWait.java:84)
	at org.openqa.selenium.support.ui.FluentWait.until(FluentWait.java:228)
	at stepDefinition.OEP_1_TestSetup.enter_alpha_characters_in_questions_tab(OEP_1_TestSetup.java:961)
	at ✽.Enter alpha characters in Questions tab(file:///C:/Users/thirumaran/eclipse-workspace/NexTestify_Cucumber/src/test/resources/FeatureFiles/1_OEP_TestSetup.feature:216)

  Then Check tab is empty or not in Questions tab                                                                # stepDefinition.OEP_1_TestSetup.check_tab_is_empty_or_not_in_questions_tab()
  And Enter special characters in Questions tab                                                                  # stepDefinition.OEP_1_TestSetup.enter_special_characters_in_questions_tab()
  Then Check tab is empty or not in Questions tab                                                                # stepDefinition.OEP_1_TestSetup.check_tab_is_empty_or_not_in_questions_tab()
  Then Close Test Setup button                                                                                   # stepDefinition.OEP_1_TestSetup.close_test_setup_button()
]]></system-out>
  </testcase>
  <testcase name="Question Manager:Topic Invalid Check #2" classname="TEST SETUP" time="73.127">
    <error message="Expected condition failed: waiting for element to be clickable: By.id: tscore-2 (tried for 30 second(s) with 500 milliseconds interval)&#10;Build info: version: &apos;4.29.0&apos;, revision: &apos;5fc1ec94cb&apos;&#10;System info: os.name: &apos;Windows 11&apos;, os.arch: &apos;amd64&apos;, os.version: &apos;10.0&apos;, java.version: &apos;21.0.2&apos;&#10;Driver info: org.openqa.selenium.chrome.ChromeDriver&#10;Capabilities {acceptInsecureCerts: false, browserName: chrome, browserVersion: 133.0.6943.127, chrome: {chromedriverVersion: 133.0.6943.126 (cffa127ce7b..., userDataDir: C:\WINDOWS\SystemTemp\scope...}, fedcm:accounts: true, goog:chromeOptions: {debuggerAddress: localhost:53000}, networkConnectionEnabled: false, pageLoadStrategy: normal, platformName: windows, proxy: Proxy(), se:cdp: ws://localhost:53000/devtoo..., se:cdpVersion: 133.0.6943.127, setWindowRect: true, strictFileInteractability: false, timeouts: {implicit: 0, pageLoad: 300000, script: 30000}, unhandledPromptBehavior: dismiss and notify, webauthn:extension:credBlob: true, webauthn:extension:largeBlob: true, webauthn:extension:minPinLength: true, webauthn:extension:prf: true, webauthn:virtualAuthenticators: true}&#10;Session ID: 15e9bfea5eee13d4aff8c4d534c847c8" type="org.openqa.selenium.TimeoutException"><![CDATA[org.openqa.selenium.TimeoutException: 
Expected condition failed: waiting for element to be clickable: By.id: tscore-2 (tried for 30 second(s) with 500 milliseconds interval)
Build info: version: '4.29.0', revision: '5fc1ec94cb'
System info: os.name: 'Windows 11', os.arch: 'amd64', os.version: '10.0', java.version: '21.0.2'
Driver info: org.openqa.selenium.chrome.ChromeDriver
Capabilities {acceptInsecureCerts: false, browserName: chrome, browserVersion: 133.0.6943.127, chrome: {chromedriverVersion: 133.0.6943.126 (cffa127ce7b..., userDataDir: C:\WINDOWS\SystemTemp\scope...}, fedcm:accounts: true, goog:chromeOptions: {debuggerAddress: localhost:53000}, networkConnectionEnabled: false, pageLoadStrategy: normal, platformName: windows, proxy: Proxy(), se:cdp: ws://localhost:53000/devtoo..., se:cdpVersion: 133.0.6943.127, setWindowRect: true, strictFileInteractability: false, timeouts: {implicit: 0, pageLoad: 300000, script: 30000}, unhandledPromptBehavior: dismiss and notify, webauthn:extension:credBlob: true, webauthn:extension:largeBlob: true, webauthn:extension:minPinLength: true, webauthn:extension:prf: true, webauthn:virtualAuthenticators: true}
Session ID: 15e9bfea5eee13d4aff8c4d534c847c8
	at org.openqa.selenium.support.ui.WebDriverWait.timeoutException(WebDriverWait.java:84)
	at org.openqa.selenium.support.ui.FluentWait.until(FluentWait.java:228)
	at stepDefinition.OEP_1_TestSetup.enter_alpha_characters_in_points_tab(OEP_1_TestSetup.java:1004)
	at ✽.Enter alpha characters in points tab(file:///C:/Users/thirumaran/eclipse-workspace/NexTestify_Cucumber/src/test/resources/FeatureFiles/1_OEP_TestSetup.feature:227)
]]></error>
    <system-out><![CDATA[
@TC_19
Scenario: Question Manager:Topic Invalid Check                                                                   # src/test/resources/FeatureFiles/1_OEP_TestSetup.feature:223
  Given To Check Test Setup is navigating to OEP URL is "http://192.168.1.30/OEPADMIN/"                          # stepDefinition.OEP_1_TestSetup.to_check_test_setup_is_navigating_to_oep_url_is(java.lang.String)
  When To Check Test Setup Enter username and password are "thirumaran@sankarasoftware.com" and "Thirumaran@001" # stepDefinition.OEP_1_TestSetup.to_check_test_setup_enter_username_and_password_are_and(java.lang.String,java.lang.String)
  And click the Signin button To Check Test Setup                                                                # stepDefinition.OEP_1_TestSetup.click_the_signin_button_to_check_test_setup()
  Then Click take picture button in test setup                                                                   # stepDefinition.OEP_1_TestSetup.click_take_picture_button_in_test_setup()
  Then Click Test Setup button                                                                                   # stepDefinition.OEP_1_TestSetup.click_test_setup_button()
  Given Search any valid main test name                                                                          # stepDefinition.OEP_1_TestSetup.search_any_valid_main_test_name()
  Then Click the test name                                                                                       # stepDefinition.OEP_1_TestSetup.click_the_test_name()
  And Click question manager tab                                                                                 # stepDefinition.OEP_1_TestSetup.click_question_manager_tab()
  And Enter alpha characters in points tab                                                                       # stepDefinition.OEP_1_TestSetup.enter_alpha_characters_in_points_tab()
      org.openqa.selenium.TimeoutException: Expected condition failed: waiting for element to be clickable: By.id: tscore-2 (tried for 30 second(s) with 500 milliseconds interval)
Build info: version: '4.29.0', revision: '5fc1ec94cb'
System info: os.name: 'Windows 11', os.arch: 'amd64', os.version: '10.0', java.version: '21.0.2'
Driver info: org.openqa.selenium.chrome.ChromeDriver
Capabilities {acceptInsecureCerts: false, browserName: chrome, browserVersion: 133.0.6943.127, chrome: {chromedriverVersion: 133.0.6943.126 (cffa127ce7b..., userDataDir: C:\WINDOWS\SystemTemp\scope...}, fedcm:accounts: true, goog:chromeOptions: {debuggerAddress: localhost:53000}, networkConnectionEnabled: false, pageLoadStrategy: normal, platformName: windows, proxy: Proxy(), se:cdp: ws://localhost:53000/devtoo..., se:cdpVersion: 133.0.6943.127, setWindowRect: true, strictFileInteractability: false, timeouts: {implicit: 0, pageLoad: 300000, script: 30000}, unhandledPromptBehavior: dismiss and notify, webauthn:extension:credBlob: true, webauthn:extension:largeBlob: true, webauthn:extension:minPinLength: true, webauthn:extension:prf: true, webauthn:virtualAuthenticators: true}
Session ID: 15e9bfea5eee13d4aff8c4d534c847c8
	at org.openqa.selenium.support.ui.WebDriverWait.timeoutException(WebDriverWait.java:84)
	at org.openqa.selenium.support.ui.FluentWait.until(FluentWait.java:228)
	at stepDefinition.OEP_1_TestSetup.enter_alpha_characters_in_points_tab(OEP_1_TestSetup.java:1004)
	at ✽.Enter alpha characters in points tab(file:///C:/Users/thirumaran/eclipse-workspace/NexTestify_Cucumber/src/test/resources/FeatureFiles/1_OEP_TestSetup.feature:227)

[...]
]]></error>
    <system-out><![CDATA[
@TC_46
Scenario: Edit Test:Question Manager                                                                             # src/test/resources/FeatureFiles/1_OEP_TestSetup.feature:667
  Given To Check Test Setup is navigating to OEP URL is "http://192.168.1.30/OEPADMIN/"                          # stepDefinition.OEP_1_TestSetup.to_check_test_setup_is_navigating_to_oep_url_is(java.lang.String)
  When To Check Test Setup Enter username and password are "thirumaran@sankarasoftware.com" and "Thirumaran@001" # stepDefinition.OEP_1_TestSetup.to_check_test_setup_enter_username_and_password_are_and(java.lang.String,java.lang.String)
  And click the Signin button To Check Test Setup                                                                # stepDefinition.OEP_1_TestSetup.click_the_signin_button_to_check_test_setup()
  Then Click take picture button in test setup                                                                   # stepDefinition.OEP_1_TestSetup.click_take_picture_button_in_test_setup()
  Then Click Test Setup button                                                                                   # stepDefinition.OEP_1_TestSetup.click_test_setup_button()
  Given Search any valid main test name                                                                          # stepDefinition.OEP_1_TestSetup.search_any_valid_main_test_name()
  And Select "In Progress" 2nd Option in the dropdown                                                            # stepDefinition.OEP_1_TestSetup.select_2nd_option_in_the_dropdown(java.lang.String)
  Then Click the test name                                                                                       # stepDefinition.OEP_1_TestSetup.click_the_test_name()
  And Click question manager tab                                                                                 # stepDefinition.OEP_1_TestSetup.click_question_manager_tab()
  And Click clear button                                                                                         # stepDefinition.OEP_1_TestSetup.click_clear_button()
      org.openqa.selenium.TimeoutException: Expected condition failed: waiting for element to be clickable: By.xpath: //button[@title='click here to clear'] (tried for 30 second(s) with 500 milliseconds interval)
Build info: version: '4.29.0', revision: '5fc1ec94cb'
System info: os.name: 'Windows 11', os.arch: 'amd64', os.version: '10.0', java.version: '21.0.2'
Driver info: org.openqa.selenium.chrome.ChromeDriver
Capabilities {acceptInsecureCerts: false, browserName: chrome, browserVersion: 133.0.6943.127, chrome: {chromedriverVersion: 133.0.6943.126 (cffa127ce7b..., userDataDir: C:\WINDOWS\SystemTemp\scope...}, fedcm:accounts: true, goog:chromeOptions: {debuggerAddress: localhost:54546}, networkConnectionEnabled: false, pageLoadStrategy: normal, platformName: windows, proxy: Proxy(), se:cdp: ws://localhost:54546/devtoo..., se:cdpVersion: 133.0.6943.127, setWindowRect: true, strictFileInteractability: false, timeouts: {implicit: 0, pageLoad: 300000, script: 30000}, unhandledPromptBehavior: dismiss and notify, webauthn:extension:credBlob: true, webauthn:extension:largeBlob: true, webauthn:extension:minPinLength: true, webauthn:extension:prf: true, webauthn:virtualAuthenticators: true}
Session ID: dbaa4f67c9db4ff8554af4737ed94829
	at org.openqa.selenium.support.ui.WebDriverWait.timeoutException(WebDriverWait.java:84)
	at org.openqa.selenium.support.ui.FluentWait.until(FluentWait.java:228)
	at stepDefinition.OEP_1_TestSetup.click_clear_button(OEP_1_TestSetup.java:515)
	at ✽.Click clear button(file:///C:/Users/thirumaran/eclipse-workspace/NexTestify_Cucumber/src/test/resources/FeatureFiles/1_OEP_TestSetup.feature:672)

  Then Check all tabs are cleared or not in question manager                                                     # stepDefinition.OEP_1_TestSetup.check_all_tabs_are_cleared_or_not_in_question_manager()
  Then Close Test Setup button                                                                                   # stepDefinition.OEP_1_TestSetup.close_test_setup_button()
]]></system-out>
  </testcase>
  <testcase name="Edit Test:Question Manager #2" classname="TEST SETUP" time="85.449">
    <error message="Expected condition failed: waiting for element to be clickable: By.xpath: //button[@title=&apos;click here to save&apos;] (tried for 30 second(s) with 500 milliseconds interval)&#10;Build info: version: &apos;4.29.0&apos;, revision: &apos;5fc1ec94cb&apos;&#10;System info: os.name: &apos;Windows 11&apos;, os.arch: &apos;amd64&apos;, os.version: &apos;10.0&apos;, java.version: &apos;21.0.2&apos;&#10;Driver info: org.openqa.selenium.chrome.ChromeDriver&#10;Capabilities {acceptInsecureCerts: false, browserName: chrome, browserVersion: 133.0.6943.127, chrome: {chromedriverVersion: 133.0.6943.126 (cffa127ce7b..., userDataDir: C:\WINDOWS\SystemTemp\scope...}, fedcm:accounts: true, goog:chromeOptions: {debuggerAddress: localhost:54611}, networkConnectionEnabled: false, pageLoadStrategy: normal, platformName: windows, proxy: Proxy(), se:cdp: ws://localhost:54611/devtoo..., se:cdpVersion: 133.0.6943.127, setWindowRect: true, strictFileInteractability: false, timeouts: {implicit: 0, pageLoad: 300000, script: 30000}, unhandledPromptBehavior: dismiss and notify, webauthn:extension:credBlob: true, webauthn:extension:largeBlob: true, webauthn:extension:minPinLength: true, webauthn:extension:prf: true, webauthn:virtualAuthenticators: true}&#10;Session ID: 6b27d6d57b642220e386bd536823bc2b" type="org.openqa.selenium.TimeoutException"><![CDATA[org.openqa.selenium.TimeoutException: 
Expected condition failed: waiting for element to be clickable: By.xpath: //button[@title='click here to save'] (tried for 30 second(s) with 500 milliseconds interval)
Build info: version: '4.29.0', revision: '5fc1ec94cb'
System info: os.name: 'Windows 11', os.arch: 'amd64', os.version: '10.0', java.version: '21.0.2'
Driver info: org.openqa.selenium.chrome.ChromeDriver
Capabilities {acceptInsecureCerts: false, browserName: chrome, browserVersion: 133.0.6943.127, chrome: {chromedriverVersion: 133.0.6943.126 (cffa127ce7b..., userDataDir: C:\WINDOWS\SystemTemp\scope...}, fedcm:accounts: true, goog:chromeOptions: {debuggerAddress: localhost:54611}, networkConnectionEnabled: false, pageLoadStrategy: normal, platformName: windows, proxy: Proxy(), se:cdp: ws://localhost:54611/devtoo..., se:cdpVersion: 133.0.6943.127, setWindowRect: true, strictFileInteractability: false, timeouts: {implicit: 0, pageLoad: 300000, script: 30000}, unhandledPromptBehavior: dismiss and notify, webauthn:extension:credBlob: true, webauthn:extension:largeBlob: true, webauthn:extension:minPinLength: true, webauthn:extension:prf: true, webauthn:virtualAuthenticators: true}
Session ID: 6b27d6d57b642220e386bd536823bc2b
	at org.openqa.selenium.support.ui.WebDriverWait.timeoutException(WebDriverWait.java:84)
	at org.openqa.selenium.support.ui.FluentWait.until(FluentWait.java:228)
	at stepDefinition.OEP_1_TestSetup.click_update_button(OEP_1_TestSetup.java:2380)
	at ✽.Click update button(file:///C:/Users/thirumaran/eclipse-workspace/NexTestify_Cucumber/src/test/resources/FeatureFiles/1_OEP_TestSetup.feature:683)
]]></error>
    <system-out><![CDATA[
@TC_47
Scenario: Edit Test:Question Manager                                                                             # src/test/resources/FeatureFiles/1_OEP_TestSetup.feature:677
  Given To Check Test Setup is navigating to OEP URL is "http://192.168.1.30/OEPADMIN/"                          # stepDefinition.OEP_1_TestSetup.to_check_test_setup_is_navigating_to_oep_url_is(java.lang.String)
  When To Check Test Setup Enter username and password are "thirumaran@sankarasoftware.com" and "Thirumaran@001" # stepDefinition.OEP_1_TestSetup.to_check_test_setup_enter_username_and_password_are_and(java.lang.String,java.lang.String)
  And click the Signin button To Check Test Setup                                                                # stepDefinition.OEP_1_TestSetup.click_the_signin_button_to_check_test_setup()
  Then Click take picture button in test setup                                                                   # stepDefinition.OEP_1_TestSetup.click_take_picture_button_in_test_setup()
  Then Click Test Setup button                                                                                   # stepDefinition.OEP_1_TestSetup.click_test_setup_button()
  Given Search any valid main test name                                                                          # stepDefinition.OEP_1_TestSetup.search_any_valid_main_test_name()
  And Select "In Progress" 2nd Option in the dropdown                                                            # stepDefinition.OEP_1_TestSetup.select_2nd_option_in_the_dropdown(java.lang.String)
  Then Click the test name                                                                                       # stepDefinition.OEP_1_TestSetup.click_the_test_name()
  And Click question manager tab                                                                                 # stepDefinition.OEP_1_TestSetup.click_question_manager_tab()
  And Modify the details in Question Manager                                                                     # stepDefinition.OEP_1_TestSetup.modify_the_details_in_question_manager()
  Then Click update button                                                                                       # stepDefinition.OEP_1_TestSetup.click_update_button()
      org.openqa.selenium.TimeoutException: Expected condition failed: waiting for element to be clickable: By.xpath: //button[@title='click here to save'] (tried for 30 second(s) with 500 milliseconds interval)
Build info: version: '4.29.0', revision: '5fc1ec94cb'
System info: os.name: 'Windows 11', os.arch: 'amd64', os.version: '10.0', java.version: '21.0.2'
Driver info: org.openqa.selenium.chrome.ChromeDriver
Capabilities {acceptInsecureCerts: false, browserName: chrome, browserVersion: 133.0.6943.127, chrome: {chromedriverVersion: 133.0.6943.126 (cffa127ce7b..., userDataDir: C:\WINDOWS\SystemTemp\scope...}, fedcm:accounts: true, goog:chromeOptions: {debuggerAddress: localhost:54611}, networkConnectionEnabled: false, pageLoadStrategy: normal, platformName: windows, proxy: Proxy(), se:cdp: ws://localhost:54611/devtoo..., se:cdpVersion: 133.0.6943.127, setWindowRect: true, strictFileInteractability: false, timeouts: {implicit: 0, pageLoad: 300000, script: 30000}, unhandledPromptBehavior: dismiss and notify, webauthn:extension:credBlob: true, webauthn:extension:largeBlob: true, webauthn:extension:minPinLength: true, webauthn:extension:prf: true, webauthn:virtualAuthenticators: true}
Session ID: 6b27d6d57b642220e386bd536823bc2b
	at org.openqa.selenium.support.ui.WebDriverWait.timeoutException(WebDriverWait.java:84)
	at org.openqa.selenium.support.ui.FluentWait.until(FluentWait.java:228)
	at stepDefinition.OEP_1_TestSetup.click_update_button(OEP_1_TestSetup.java:2380)
	at ✽.Click update button(file:///C:/Users/thirumaran/eclipse-workspace/NexTestify_Cucumber/src/test/resources/FeatureFiles/1_OEP_TestSetup.feature:683)

  And Check success message is displayed or not in Question Manager                                              # stepDefinition.OEP_1_TestSetup.check_success_message_is_displayed_or_not_in_question_manager()
  Then Close Test Setup button                                                                                   # stepDefinition.OEP_1_TestSetup.close_test_setup_button()
]]></system-out>
  </testcase>
  <testcase name="Edit Test:Grading Setup #1" classname="TEST SETUP" time="75.273">
    <system-out><![CDATA[
@TC_49
Scenario: Edit Test:Grading Setup                                                                                # src/test/resources/FeatureFiles/1_OEP_TestSetup.feature:699
  Given To Check Test Setup is navigating to OEP URL is "http://192.168.1.30/OEPADMIN/"                          # stepDefinition.OEP_1_TestSetup.to_check_test_setup_is_navigating_to_oep_url_is(java.lang.String)
  When To Check Test Setup Enter username and password are "thirumaran@sankarasoftware.com" and "Thirumaran@001" # stepDefinition.OEP_1_TestSetup.to_check_test_setup_enter_username_and_password_are_and(java.lang.String,java.lang.String)
  And click the Signin button To Check Test Setup                                                                # stepDefinition.OEP_1_TestSetup.click_the_signin_button_to_check_test_setup()
  Then Click take picture button in test setup                                                                   # stepDefinition.OEP_1_TestSetup.click_take_picture_button_in_test_setup()
  Then Click Test Setup button                                                                                   # stepDefinition.OEP_1_TestSetup.click_test_setup_button()
  Given Search any valid main test name                                                                          # stepDefinition.OEP_1_TestSetup.search_any_valid_main_test_name()
  And Select "In Progress" 2nd Option in the dropdown                                                            # stepDefinition.OEP_1_TestSetup.select_2nd_option_in_the_dropdown(java.lang.String)
  Then Click the test name                                                                                       # stepDefinition.OEP_1_TestSetup.click_the_test_name()
  And Click Grading setup tab                                                                                    # stepDefinition.OEP_1_TestSetup.click_grading_setup_tab()
  Then Click clear button                                                                                        # stepDefinition.OEP_1_TestSetup.click_clear_button()
  And Check all tab is cleared or not in grading setup                                                           # stepDefinition.OEP_1_TestSetup.check_all_tab_is_cleared_or_not_in_grading_setup()
Page is closed  Then Close Test Setup button                                                                                   # stepDefinition.OEP_1_TestSetup.close_test_setup_button()
]]></system-out>
  </testcase>
  <testcase name="Edit Test:Grading Setup #2" classname="TEST SETUP" time="59.404">
    <system-out><![CDATA[
@TC_50
Scenario: Edit Test:Grading Setup                                                                                # src/test/resources/FeatureFiles/1_OEP_TestSetup.feature:709
  Given To Check Test Setup is navigating to OEP URL is "http://192.168.1.30/OEPADMIN/"                          # stepDefinition.OEP_1_TestSetup.to_check_test_setup_is_navigating_to_oep_url_is(java.lang.String)
  When To Check Test Setup Enter username and password are "thirumaran@sankarasoftware.com" and "Thirumaran@001" # stepDefinition.OEP_1_TestSetup.to_check_test_setup_enter_username_and_password_are_and(java.lang.String,java.lang.String)
  And click the Signin button To Check Test Setup                                                                # stepDefinition.OEP_1_TestSetup.click_the_signin_button_to_check_test_setup()
  Then Click take picture button in test setup                                                                   # stepDefinition.OEP_1_TestSetup.click_take_picture_button_in_test_setup()
  Then Click Test Setup button                                                                                   # stepDefinition.OEP_1_TestSetup.click_test_setup_button()
  Given Search any valid main test name                                                                          # stepDefinition.OEP_1_TestSetup.search_any_valid_main_test_name()
  And Select "In Progress" 2nd Option in the dropdown                                                            # stepDefinition.OEP_1_TestSetup.select_2nd_option_in_the_dropdown(java.lang.String)
  Then Click the test name                                                                                       # stepDefinition.OEP_1_TestSetup.click_the_test_name()
  And Click Grading setup tab                                                                                    # stepDefinition.OEP_1_TestSetup.click_grading_setup_tab()
  Then Modify the details in Grading Setup                                                                       # stepDefinition.OEP_1_TestSetup.modify_the_details_in_grading_setup()
  And Click update button in Grading Setup                                                                       # stepDefinition.OEP_1_TestSetup.click_update_button_in_grading_setup()
Success message displayed like: Grade Setup updated successfully!
  Then Check success message is displayed or not in grading setup tab                                            # stepDefinition.OEP_1_TestSetup.check_success_message_is_displayed_or_not_in_grading_setup_tab()
Page is closed  Then Close Test Setup button                                                                                   # stepDefinition.OEP_1_TestSetup.close_test_setup_button()
]]></system-out>
  </testcase>
  <testcase name="Edit Test:Certificate Template" classname="TEST SETUP" time="73.107">
    <system-out><![CDATA[
@TC_51
Scenario: Edit Test:Certificate Template                                                                         # src/test/resources/FeatureFiles/1_OEP_TestSetup.feature:720
  Given To Check Test Setup is navigating to OEP URL is "http://192.168.1.30/OEPADMIN/"                          # stepDefinition.OEP_1_TestSetup.to_check_test_setup_is_navigating_to_oep_url_is(java.lang.String)
  When To Check Test Setup Enter username and password are "thirumaran@sankarasoftware.com" and "Thirumaran@001" # stepDefinition.OEP_1_TestSetup.to_check_test_setup_enter_username_and_password_are_and(java.lang.String,java.lang.String)
  And click the Signin button To Check Test Setup                                                                # stepDefinition.OEP_1_TestSetup.click_the_signin_button_to_check_test_setup()
  Then Click take picture button in test setup                                                                   # stepDefinition.OEP_1_TestSetup.click_take_picture_button_in_test_setup()
  Then Click Test Setup button                                                                                   # stepDefinition.OEP_1_TestSetup.click_test_setup_button()
  Given Search any valid main test name                                                                          # stepDefinition.OEP_1_TestSetup.search_any_valid_main_test_name()
  And Select "In Progress" 2nd Option in the dropdown                                                            # stepDefinition.OEP_1_TestSetup.select_2nd_option_in_the_dropdown(java.lang.String)
  Then Click the test name                                                                                       # stepDefinition.OEP_1_TestSetup.click_the_test_name()
  And Click Certificate Template tab                                                                             # stepDefinition.OEP_1_TestSetup.click_certificate_template_tab()
  Then Unselect the selected checkbox in all tabs                                                                # stepDefinition.OEP_1_TestSetup.unselect_the_selected_checkbox_in_all_tabs()
  And Select the unselected checkbox in all tabs                                                                 # stepDefinition.OEP_1_TestSetup.select_the_unselected_checkbox_in_all_tabs()
Check box is selected
  And Check checkbox is selected or not                                                                          # stepDefinition.OEP_1_TestSetup.check_checkbox_is_selected_or_not()
Page is closed  Then Close Test Setup button                                                                                   # stepDefinition.OEP_1_TestSetup.close_test_setup_button()
]]></system-out>
  </testcase>
</testsuite>