<?xml version="1.0" encoding="UTF-8"?>
<testsuite xmlns:xsi="http://www.w3.org/2001/XMLSchema-instance" xsi:noNamespaceSchemaLocation="https://maven.apache.org/surefire/maven-surefire-plugin/xsd/surefire-test-report.xsd" version="3.0.1" name="runnerClass.OEP_4_LoginPageRunnerTest" time="193.717" tests="17" errors="0" skipped="0" failures="2">
  <properties>
[...]
</properties>
  <testcase name="Login:Valid Check" classname="LOGIN PAGE" time="7.296">
    <system-out><![CDATA[
@TC_01
Scenario: Login:Valid Check                                                                                 # src/test/resources/FeatureFiles/4_OEP_Login.feature:4
  Given To Check Login is navigating to OEP URL is "http://192.168.1.30/OEPADMIN/"                          # stepDefinition.OEP_4_LoginPage.to_check_login_is_navigating_to_oep_url_is(java.lang.String)
  When To Check Login Enter username and password are "thirumaran@sankarasoftware.com" and "Thirumaran@001" # stepDefinition.OEP_4_LoginPage.to_check_login_enter_username_and_password_are_and(java.lang.String,java.lang.String)
  And click the Signin button To Check Login                                                                # stepDefinition.OEP_4_LoginPage.click_the_signin_button_to_check_login()
Page is closed  Then close the Login Page                                                                                 # stepDefinition.OEP_4_LoginPage.close_the_admin_page()
]]></system-out>
  </testcase>
  <testcase name="Login:Sign Out Check" classname="LOGIN PAGE" time="10.327">
    <system-out><![CDATA[
@TC_02
Scenario: Login:Sign Out Check                                                                              # src/test/resources/FeatureFiles/4_OEP_Login.feature:11
  Given To Check Login is navigating to OEP URL is "http://192.168.1.30/OEPADMIN/"                          # stepDefinition.OEP_4_LoginPage.to_check_login_is_navigating_to_oep_url_is(java.lang.String)
  When To Check Login Enter username and password are "thirumaran@sankarasoftware.com" and "Thirumaran@001" # stepDefinition.OEP_4_LoginPage.to_check_login_enter_username_and_password_are_and(java.lang.String,java.lang.String)
  And click the Signin button To Check Login                                                                # stepDefinition.OEP_4_LoginPage.click_the_signin_button_to_check_login()
  Then Click take picture button                                                                            # stepDefinition.OEP_4_LoginPage.click_take_picture_button()
  Then Click User logo button in Top right corner                                                           # stepDefinition.OEP_4_LoginPage.click_user_logo_button_in_top_right_corner()
Page is closed  Then close the Login Page                                                                                 # stepDefinition.OEP_4_LoginPage.close_the_admin_page()
]]></system-out>
  </testcase>
  <testcase name="Login:Invalid Check #1" classname="LOGIN PAGE" time="9.228">
    <system-out><![CDATA[
@TC_03
Scenario: Login:Invalid Check                                                                                              # src/test/resources/FeatureFiles/4_OEP_Login.feature:22
  Given To Check Login is navigating to OEP URL is "http://192.168.1.30/OEPADMIN/"                                         # stepDefinition.OEP_4_LoginPage.to_check_login_is_navigating_to_oep_url_is(java.lang.String)
  When To Check Login Enter Invalid username and valid password are "thirumaran1@sankarasoftware.com" and "Thirumaran@001" # stepDefinition.OEP_4_LoginPage.to_check_login_enter_invalid_username_and_valid_password_are_and(java.lang.String,java.lang.String)
  And click the Signin button To Check Login                                                                               # stepDefinition.OEP_4_LoginPage.click_the_signin_button_to_check_login()
Alert message dispalyed like : User not registered
  Then Check alert message is displayed or not                                                                             # stepDefinition.OEP_4_LoginPage.check_alert_message_is_displayed_or_not()
Page is closed  Then close the Login Page                                                                                                # stepDefinition.OEP_4_LoginPage.close_the_admin_page()
]]></system-out>
  </testcase>
  <testcase name="Login:Invalid Check #2" classname="LOGIN PAGE" time="9.226">
    <system-out><![CDATA[
@TC_04
Scenario: Login:Invalid Check                                                                                   # src/test/resources/FeatureFiles/4_OEP_Login.feature:30
  Given To Check Login is navigating to OEP URL is "http://192.168.1.30/OEPADMIN/"                              # stepDefinition.OEP_4_LoginPage.to_check_login_is_navigating_to_oep_url_is(java.lang.String)
  When To Check Login Enter valid username and Invalid password are "0211thiru@gmail.com" and "Thirumaran12345" # stepDefinition.OEP_4_LoginPage.to_check_login_enter_valid_username_and_invalid_password_are_and(java.lang.String,java.lang.String)
  And click the Signin button To Check Login                                                                    # stepDefinition.OEP_4_LoginPage.click_the_signin_button_to_check_login()
Alert message dispalyed like : Something went wrong...
  Then Check alert message is displayed or not                                                                  # stepDefinition.OEP_4_LoginPage.check_alert_message_is_displayed_or_not()
Page is closed  Then close the Login Page                                                                                     # stepDefinition.OEP_4_LoginPage.close_the_admin_page()
]]></system-out>
  </testcase>
  <testcase name="Login:Invalid Check #3" classname="LOGIN PAGE" time="9.333">
    <system-out><![CDATA[
@TC_05
Scenario: Login:Invalid Check                                                                                       # src/test/resources/FeatureFiles/4_OEP_Login.feature:38
  Given To Check Login is navigating to OEP URL is "http://192.168.1.30/OEPADMIN/"                                  # stepDefinition.OEP_4_LoginPage.to_check_login_is_navigating_to_oep_url_is(java.lang.String)
  When To Check Login Enter Invalid username and Invalid password are "0211thiru@gmailss.com" and "Thirumaran12345" # stepDefinition.OEP_4_LoginPage.to_check_login_enter_invalid_username_and_invalid_password_are_and(java.lang.String,java.lang.String)
  And click the Signin button To Check Login                                                                        # stepDefinition.OEP_4_LoginPage.click_the_signin_button_to_check_login()
Alert message dispalyed like : User not registered
  Then Check alert message is displayed or not                                                                      # stepDefinition.OEP_4_LoginPage.check_alert_message_is_displayed_or_not()
Page is closed  Then close the Login Page                                                                                         # stepDefinition.OEP_4_LoginPage.close_the_admin_page()
]]></system-out>
  </testcase>
  <testcase name="Login:Without Password Check" classname="LOGIN PAGE" time="7.107">
    <system-out><![CDATA[
@TC_06
Scenario: Login:Without Password Check                                             # src/test/resources/FeatureFiles/4_OEP_Login.feature:46
  Given To Check Login is navigating to OEP URL is "http://192.168.1.30/OEPADMIN/" # stepDefinition.OEP_4_LoginPage.to_check_login_is_navigating_to_oep_url_is(java.lang.String)
  When To Check Login Enter username only "thirumaran@sankarasoftware.com"         # stepDefinition.OEP_4_LoginPage.to_check_login_enter_username_only(java.lang.String)
  And click the Signin button To Check Login                                       # stepDefinition.OEP_4_LoginPage.click_the_signin_button_to_check_login()
Alert message dispalyed like : Password is required!
  Then Check alert toast message is displayed in password tab or not               # stepDefinition.OEP_4_LoginPage.check_alert_toast_message_is_displayed_or_not()
Page is closed  Then close the Login Page                                                        # stepDefinition.OEP_4_LoginPage.close_the_admin_page()
]]></system-out>
  </testcase>
  <testcase name="Login:Without Mail Id Check" classname="LOGIN PAGE" time="6.996">
    <system-out><![CDATA[
@TC_07
Scenario: Login:Without Mail Id Check                                              # src/test/resources/FeatureFiles/4_OEP_Login.feature:54
  Given To Check Login is navigating to OEP URL is "http://192.168.1.30/OEPADMIN/" # stepDefinition.OEP_4_LoginPage.to_check_login_is_navigating_to_oep_url_is(java.lang.String)
  When To Check Login Enter password only "Thirumaran@001"                         # stepDefinition.OEP_4_LoginPage.to_check_login_enter_password_only(java.lang.String)
  And click the Signin button To Check Login                                       # stepDefinition.OEP_4_LoginPage.click_the_signin_button_to_check_login()
Alert message dispalyed like : Email or mobile is required!
  Then Check alert toast message is displayed in email tab or not                  # stepDefinition.OEP_4_LoginPage.check_alert_toast_message_is_displayed_in_email_or_not()
Page is closed  Then close the Login Page                                                        # stepDefinition.OEP_4_LoginPage.close_the_admin_page()
]]></system-out>
  </testcase>
  <testcase name="Login:Forget Password Check #1" classname="LOGIN PAGE" time="8.938">
    <system-out><![CDATA[
@TC_08
Scenario: Login:Forget Password Check                                              # src/test/resources/FeatureFiles/4_OEP_Login.feature:62
  Given To Check Login is navigating to OEP URL is "http://192.168.1.30/OEPADMIN/" # stepDefinition.OEP_4_LoginPage.to_check_login_is_navigating_to_oep_url_is(java.lang.String)
  When Without enter email id click Forget password button                         # stepDefinition.OEP_4_LoginPage.without_enter_email_id_click_forget_password_button()
Alert message dispalyed like : Email is required!
  Then Check alert message is displayed or not                                     # stepDefinition.OEP_4_LoginPage.check_alert_message_is_displayed_or_not()
Page is closed  Then close the Login Page                                                        # stepDefinition.OEP_4_LoginPage.close_the_admin_page()
]]></system-out>
  </testcase>
  <testcase name="Login:Forget Password Check #2" classname="LOGIN PAGE" time="12.218">
    <system-out><![CDATA[
@TC_09
Scenario: Login:Forget Password Check                                              # src/test/resources/FeatureFiles/4_OEP_Login.feature:69
  Given To Check Login is navigating to OEP URL is "http://192.168.1.30/OEPADMIN/" # stepDefinition.OEP_4_LoginPage.to_check_login_is_navigating_to_oep_url_is(java.lang.String)
  When To Check Login Enter email id "0211thiru@gmail.com"                         # stepDefinition.OEP_4_LoginPage.to_check_login_enter_email_id(java.lang.String)
  And click Forget password button                                                 # stepDefinition.OEP_4_LoginPage.click_forget_password_button()
  Then Click Ok button                                                             # stepDefinition.OEP_4_LoginPage.click_ok_button()
  And Check landing page after click ok button                                     # stepDefinition.OEP_4_LoginPage.check_landing_page_after_click_ok_button()
Page is closed  Then close the Login Page                                                        # stepDefinition.OEP_4_LoginPage.close_the_admin_page()
]]></system-out>
  </testcase>
  <testcase name="Login:Invalid Check #4" classname="LOGIN PAGE" time="16.379">
    <system-out><![CDATA[
@TC_10
Scenario: Login:Invalid Check                                                                 # src/test/resources/FeatureFiles/4_OEP_Login.feature:78
  Given To Check Login is navigating to OEP URL is "http://192.168.1.30/OEPADMIN/"            # stepDefinition.OEP_4_LoginPage.to_check_login_is_navigating_to_oep_url_is(java.lang.String)
  When To Check Login Enter username and password are "test@yopmail.com" and "Thirumaran@001" # stepDefinition.OEP_4_LoginPage.to_check_login_enter_username_and_password_are_and(java.lang.String,java.lang.String)
  And click the Signin button To Check Login                                                  # stepDefinition.OEP_4_LoginPage.click_the_signin_button_to_check_login()
Alert message dispalyed like : Your account is inactive, please contact admin to activate.
  Then Check alert message is displayed or not                                                # stepDefinition.OEP_4_LoginPage.check_alert_message_is_displayed_or_not()
  And click the Signin button To Check Login                                                  # stepDefinition.OEP_4_LoginPage.click_the_signin_button_to_check_login()
Alert message dispalyed like : Your account is inactive, please contact admin to activate.
  Then Check alert message is displayed or not                                                # stepDefinition.OEP_4_LoginPage.check_alert_message_is_displayed_or_not()
  And click the Signin button To Check Login                                                  # stepDefinition.OEP_4_LoginPage.click_the_signin_button_to_check_login()
Alert message dispalyed like : Your account is inactive, please contact admin to activate.
  Then Check alert message is displayed or not                                                # stepDefinition.OEP_4_LoginPage.check_alert_message_is_displayed_or_not()
  And click the Signin button To Check Login                                                  # stepDefinition.OEP_4_LoginPage.click_the_signin_button_to_check_login()
Alert message dispalyed like : Your account is inactive, please contact admin to activate.
  Then Check alert message is displayed or not                                                # stepDefinition.OEP_4_LoginPage.check_alert_message_is_displayed_or_not()
Page is closed  Then close the Login Page                                                                   # stepDefinition.OEP_4_LoginPage.close_the_admin_page()
]]></system-out>
  </testcase>
  <testcase name="Login:Invalid Check #5" classname="LOGIN PAGE" time="7.273">
    <system-out><![CDATA[
@TC_11
Scenario: Login:Invalid Check                                                                 # src/test/resources/FeatureFiles/4_OEP_Login.feature:92
  Given To Check Login is navigating to OEP URL is "http://192.168.1.30/OEPADMIN/"            # stepDefinition.OEP_4_LoginPage.to_check_login_is_navigating_to_oep_url_is(java.lang.String)
  When To Check Login Enter username and password are "test@yopmail.com" and "Thirumaran@123" # stepDefinition.OEP_4_LoginPage.to_check_login_enter_username_and_password_are_and(java.lang.String,java.lang.String)
  And click the Signin button To Check Login                                                  # stepDefinition.OEP_4_LoginPage.click_the_signin_button_to_check_login()
Page is closed  Then close the Login Page                                                                   # stepDefinition.OEP_4_LoginPage.close_the_admin_page()
]]></system-out>
  </testcase>
  <testcase name="Login:Lock Account #1" classname="LOGIN PAGE" time="17.617">
    <system-out><![CDATA[
@TC_12
Scenario: Login:Lock Account                                                                        # src/test/resources/FeatureFiles/4_OEP_Login.feature:99
  Given To Check Login is navigating to OEP URL is "http://192.168.1.30/OEPADMIN/"                  # stepDefinition.OEP_4_LoginPage.to_check_login_is_navigating_to_oep_url_is(java.lang.String)
  When To Check Login Enter username and password are "thirumaran@yopmail.com" and "Thirumaran@001" # stepDefinition.OEP_4_LoginPage.to_check_login_enter_username_and_password_are_and(java.lang.String,java.lang.String)
  And click the Signin button To Check Login                                                        # stepDefinition.OEP_4_LoginPage.click_the_signin_button_to_check_login()
Alert message dispalyed like : Your account is inactive, please contact admin to activate.
  Then Check alert message is displayed or not                                                      # stepDefinition.OEP_4_LoginPage.check_alert_message_is_displayed_or_not()
  And click the Signin button To Check Login                                                        # stepDefinition.OEP_4_LoginPage.click_the_signin_button_to_check_login()
Alert message dispalyed like : Your account is inactive, please contact admin to activate.
  Then Check alert message is displayed or not                                                      # stepDefinition.OEP_4_LoginPage.check_alert_message_is_displayed_or_not()
  And click the Signin button To Check Login                                                        # stepDefinition.OEP_4_LoginPage.click_the_signin_button_to_check_login()
Alert message dispalyed like : Your account is inactive, please contact admin to activate.
  Then Check alert message is displayed or not                                                      # stepDefinition.OEP_4_LoginPage.check_alert_message_is_displayed_or_not()
  And click the Signin button To Check Login                                                        # stepDefinition.OEP_4_LoginPage.click_the_signin_button_to_check_login()
Alert message dispalyed like : Your account is inactive, please contact admin to activate.
  Then Check alert message is displayed or not                                                      # stepDefinition.OEP_4_LoginPage.check_alert_message_is_displayed_or_not()
  And click the Signin button To Check Login                                                        # stepDefinition.OEP_4_LoginPage.click_the_signin_button_to_check_login()
Alert message dispalyed like : Your account is inactive, please contact admin to activate.
  Then Check alert message is displayed or not                                                      # stepDefinition.OEP_4_LoginPage.check_alert_message_is_displayed_or_not()
Page is closed  Then close the Login Page                                                                         # stepDefinition.OEP_4_LoginPage.close_the_admin_page()
]]></system-out>
  </testcase>
  <testcase name="Login:Lock Account #2" classname="LOGIN PAGE" time="9.299">
    <system-out><![CDATA[
@TC_13
Scenario: Login:Lock Account                                                                        # src/test/resources/FeatureFiles/4_OEP_Login.feature:115
  Given To Check Login is navigating to OEP URL is "http://192.168.1.30/OEPADMIN/"                  # stepDefinition.OEP_4_LoginPage.to_check_login_is_navigating_to_oep_url_is(java.lang.String)
  When To Check Login Enter username and password are "thirumaran@yopmail.com" and "Thirumaran@001" # stepDefinition.OEP_4_LoginPage.to_check_login_enter_username_and_password_are_and(java.lang.String,java.lang.String)
  And click the Signin button To Check Login                                                        # stepDefinition.OEP_4_LoginPage.click_the_signin_button_to_check_login()
Alert message dispalyed like : Your account is inactive, please contact admin to activate.
  Then Check alert message is displayed or not                                                      # stepDefinition.OEP_4_LoginPage.check_alert_message_is_displayed_or_not()
Page is closed  Then close the Login Page                                                                         # stepDefinition.OEP_4_LoginPage.close_the_admin_page()
]]></system-out>
  </testcase>
  <testcase name="Login:Enter button check" classname="LOGIN PAGE" time="7.299">
    <system-out><![CDATA[
@Test @TC_15
Scenario: Login:Enter button check                                                                                        # src/test/resources/FeatureFiles/4_OEP_Login.feature:135
  Given To Check Login is navigating to OEP URL is "http://192.168.1.30/OEPADMIN/"                                        # stepDefinition.OEP_4_LoginPage.to_check_login_is_navigating_to_oep_url_is(java.lang.String)
  When To Check Login Enter Invalid username and valid password are "thirumaran@sankarasoftware.com" and "Thirumaran@001" # stepDefinition.OEP_4_LoginPage.to_check_login_enter_invalid_username_and_valid_password_are_and(java.lang.String,java.lang.String)
  And Click ENTER button                                                                                                  # stepDefinition.OEP_4_LoginPage.click_enter_button()
Page is closed  Then close the Login Page                                                                                               # stepDefinition.OEP_4_LoginPage.close_the_admin_page()
]]></system-out>
  </testcase>
  <testcase name="Login:2FA Enabled User Check" classname="LOGIN PAGE" time="8.839">
    <failure message="Page doesnot landed to Login page expected:&lt;...2.168.1.30/OEPADMIN/[]&gt; but was:&lt;...2.168.1.30/OEPADMIN/[TwolevelAuth]&gt;" type="org.junit.ComparisonFailure"><![CDATA[org.junit.ComparisonFailure: Page doesnot landed to Login page expected:<...2.168.1.30/OEPADMIN/[]> but was:<...2.168.1.30/OEPADMIN/[TwolevelAuth]>
	at stepDefinition.OEP_4_LoginPage.check_the_landing_page_using_assert_function(OEP_4_LoginPage.java:305)
	at ✽.Check the landing page using assert function(file:///C:/Users/thirumaran/eclipse-workspace/NexTestify_Cucumber/src/test/resources/FeatureFiles/4_OEP_Login.feature:146)
]]></failure>
    <system-out><![CDATA[
@TC_16
Scenario: Login:2FA Enabled User Check                                                                              # src/test/resources/FeatureFiles/4_OEP_Login.feature:142
  Given To Check Login is navigating to OEP URL is "http://192.168.1.30/OEPADMIN/"                                  # stepDefinition.OEP_4_LoginPage.to_check_login_is_navigating_to_oep_url_is(java.lang.String)
  When To Check Login Enter Invalid username and valid password are "twofauser123@yopmail.com" and "Thirumaran@111" # stepDefinition.OEP_4_LoginPage.to_check_login_enter_invalid_username_and_valid_password_are_and(java.lang.String,java.lang.String)
  And click the Signin button To Check Login                                                                        # stepDefinition.OEP_4_LoginPage.click_the_signin_button_to_check_login()
  Then Check the landing page using assert function                                                                 # stepDefinition.OEP_4_LoginPage.check_the_landing_page_using_assert_function()
      org.junit.ComparisonFailure: Page doesnot landed to Login page expected:<...2.168.1.30/OEPADMIN/[]> but was:<...2.168.1.30/OEPADMIN/[TwolevelAuth]>
	at org.junit.Assert.assertEquals(Assert.java:117)
	at stepDefinition.OEP_4_LoginPage.check_the_landing_page_using_assert_function(OEP_4_LoginPage.java:305)
	at ✽.Check the landing page using assert function(file:///C:/Users/thirumaran/eclipse-workspace/NexTestify_Cucumber/src/test/resources/FeatureFiles/4_OEP_Login.feature:146)

  Then close the Login Page                                                                                         # stepDefinition.OEP_4_LoginPage.close_the_admin_page()
]]></system-out>
  </testcase>
  <testcase name="Login:With Inactive User Check #1" classname="LOGIN PAGE" time="37.044">
    <failure message="Alert message is not found and page navigates to next page" type="java.lang.AssertionError"><![CDATA[java.lang.AssertionError: Alert message is not found and page navigates to next page
	at stepDefinition.OEP_4_LoginPage.check_alert_message_is_displayed_or_not_in_login_Page(OEP_4_LoginPage.java:109)
	at ✽.Check alert message is displayed or not in Login Page(file:///C:/Users/thirumaran/eclipse-workspace/NexTestify_Cucumber/src/test/resources/FeatureFiles/4_OEP_Login.feature:154)
]]></failure>
    <system-out><![CDATA[
@TC_17
Scenario: Login:With Inactive User Check                                                                             # src/test/resources/FeatureFiles/4_OEP_Login.feature:150
  Given To Check Login is navigating to OEP URL is "http://192.168.1.30/OEPADMIN/"                                   # stepDefinition.OEP_4_LoginPage.to_check_login_is_navigating_to_oep_url_is(java.lang.String)
  When To Check Login Enter inactive username and valid password are "inactiveuser@yopmail.com" and "Thirumaran@001" # stepDefinition.OEP_4_LoginPage.to_check_login_enter_inactive_username_and_valid_password_are_and(java.lang.String,java.lang.String)
  And click Forget password button                                                                                   # stepDefinition.OEP_4_LoginPage.click_forget_password_button()
Alert message is not displayed and page navigates to next page
  Then Check alert message is displayed or not in Login Page                                                         # stepDefinition.OEP_4_LoginPage.check_alert_message_is_displayed_or_not_in_login_Page()
      java.lang.AssertionError: Alert message is not found and page navigates to next page
	at org.junit.Assert.fail(Assert.java:89)
	at stepDefinition.OEP_4_LoginPage.check_alert_message_is_displayed_or_not_in_login_Page(OEP_4_LoginPage.java:109)
	at ✽.Check alert message is displayed or not in Login Page(file:///C:/Users/thirumaran/eclipse-workspace/NexTestify_Cucumber/src/test/resources/FeatureFiles/4_OEP_Login.feature:154)

  Then close the Login Page                                                                                          # stepDefinition.OEP_4_LoginPage.close_the_admin_page()
]]></system-out>
  </testcase>
  <testcase name="Login:With Inactive User Check #2" classname="LOGIN PAGE" time="9.259">
    <system-out><![CDATA[
@TC_18
Scenario: Login:With Inactive User Check                                                                             # src/test/resources/FeatureFiles/4_OEP_Login.feature:158
  Given To Check Login is navigating to OEP URL is "http://192.168.1.30/OEPADMIN/"                                   # stepDefinition.OEP_4_LoginPage.to_check_login_is_navigating_to_oep_url_is(java.lang.String)
  When To Check Login Enter inactive username and valid password are "inactiveuser@yopmail.com" and "Thirumaran@001" # stepDefinition.OEP_4_LoginPage.to_check_login_enter_inactive_username_and_valid_password_are_and(java.lang.String,java.lang.String)
  And click the Signin button To Check Login                                                                         # stepDefinition.OEP_4_LoginPage.click_the_signin_button_to_check_login()
Alert message dispalyed like : Your account is inactive, please contact admin to activate.
  Then Check alert message is displayed or not                                                                       # stepDefinition.OEP_4_LoginPage.check_alert_message_is_displayed_or_not()
Page is closed  Then close the Login Page                                                                                          # stepDefinition.OEP_4_LoginPage.close_the_admin_page()
]]></system-out>
  </testcase>
</testsuite>