<?xml version="1.0" encoding="UTF-8"?>
<testsuite xmlns:xsi="http://www.w3.org/2001/XMLSchema-instance" xsi:noNamespaceSchemaLocation="https://maven.apache.org/surefire/maven-surefire-plugin/xsd/surefire-test-report.xsd" version="3.0.1" name="runnerClass.OEP_3_StudyMaterialRunnerTest" time="929.763" tests="34" errors="0" skipped="0" failures="4">
  <properties>
[...]
</properties>
  <testcase name="Study Material:Back Check" classname="STUDY MATERIAL" time="20.785">
    <system-out><![CDATA[
@TC_01
Scenario: Study Material:Back Check                                                                                  # src/test/resources/FeatureFiles/3_OEP_StudyMaterial.feature:11
  Given To Check Study Material is navigating to OEP URL is "http://192.168.1.30/OEPADMIN/"                          # stepDefinition.OEP_3_StudyMaterial.to_check_study_material_is_navigating_to_oep_url_is(java.lang.String)
  When To Check Study Material Enter username and password are "thirumaran@sankarasoftware.com" and "Thirumaran@001" # stepDefinition.OEP_3_StudyMaterial.to_check_study_material_enter_username_and_password_are_and(java.lang.String,java.lang.String)
  And click the Signin button To Check Study Material                                                                # stepDefinition.OEP_3_StudyMaterial.click_the_signin_button_to_check_study_material()
  Then Click take picture button in Study Material                                                                   # stepDefinition.OEP_3_StudyMaterial.click_take_picture_button_in_Study_Material()
  Then Click Study Material button                                                                                   # stepDefinition.OEP_3_StudyMaterial.click_Study_Material_button()
  Given Click any subject name                                                                                       # stepDefinition.OEP_3_StudyMaterial.click_any_subject_name()
  When Click back button in study material page                                                                      # stepDefinition.OEP_3_StudyMaterial.click_back_button_in_study_material_page()
  Then Check landing page in study material page                                                                     # stepDefinition.OEP_3_StudyMaterial.check_landing_page_in_study_material_page()
Page is closed  Then Close Study Material button                                                                                   # stepDefinition.OEP_3_StudyMaterial.close_study_material_button()
]]></system-out>
  </testcase>
  <testcase name="Study Material:Topic Check" classname="STUDY MATERIAL" time="20.554">
    <system-out><![CDATA[
@TC_02
Scenario: Study Material:Topic Check                                                                                 # src/test/resources/FeatureFiles/3_OEP_StudyMaterial.feature:18
  Given To Check Study Material is navigating to OEP URL is "http://192.168.1.30/OEPADMIN/"                          # stepDefinition.OEP_3_StudyMaterial.to_check_study_material_is_navigating_to_oep_url_is(java.lang.String)
  When To Check Study Material Enter username and password are "thirumaran@sankarasoftware.com" and "Thirumaran@001" # stepDefinition.OEP_3_StudyMaterial.to_check_study_material_enter_username_and_password_are_and(java.lang.String,java.lang.String)
  And click the Signin button To Check Study Material                                                                # stepDefinition.OEP_3_StudyMaterial.click_the_signin_button_to_check_study_material()
  Then Click take picture button in Study Material                                                                   # stepDefinition.OEP_3_StudyMaterial.click_take_picture_button_in_Study_Material()
  Then Click Study Material button                                                                                   # stepDefinition.OEP_3_StudyMaterial.click_Study_Material_button()
  Given Click any subject name                                                                                       # stepDefinition.OEP_3_StudyMaterial.click_any_subject_name()
  When Click any topic button                                                                                        # stepDefinition.OEP_3_StudyMaterial.click_any_topic_button()
Page is closed  Then Close Study Material button                                                                                   # stepDefinition.OEP_3_StudyMaterial.close_study_material_button()
]]></system-out>
  </testcase>
  <testcase name="Study Material:Add Material" classname="STUDY MATERIAL" time="20.558">
    <system-out><![CDATA[
@TC_03
Scenario: Study Material:Add Material                                                                                # src/test/resources/FeatureFiles/3_OEP_StudyMaterial.feature:24
  Given To Check Study Material is navigating to OEP URL is "http://192.168.1.30/OEPADMIN/"                          # stepDefinition.OEP_3_StudyMaterial.to_check_study_material_is_navigating_to_oep_url_is(java.lang.String)
  When To Check Study Material Enter username and password are "thirumaran@sankarasoftware.com" and "Thirumaran@001" # stepDefinition.OEP_3_StudyMaterial.to_check_study_material_enter_username_and_password_are_and(java.lang.String,java.lang.String)
  And click the Signin button To Check Study Material                                                                # stepDefinition.OEP_3_StudyMaterial.click_the_signin_button_to_check_study_material()
  Then Click take picture button in Study Material                                                                   # stepDefinition.OEP_3_StudyMaterial.click_take_picture_button_in_Study_Material()
  Then Click Study Material button                                                                                   # stepDefinition.OEP_3_StudyMaterial.click_Study_Material_button()
  Given Click any subject name                                                                                       # stepDefinition.OEP_3_StudyMaterial.click_any_subject_name()
  When Click add material button                                                                                     # stepDefinition.OEP_3_StudyMaterial.click_add_material_button()
  And Click view material button                                                                                     # stepDefinition.OEP_3_StudyMaterial.click_view_material_button()
  Then Check page navigates to view material page or not                                                             # stepDefinition.OEP_3_StudyMaterial.check_page_navigates_to_view_material_page_or_not()
Page is closed  Then Close Study Material button                                                                                   # stepDefinition.OEP_3_StudyMaterial.close_study_material_button()
]]></system-out>
  </testcase>
  <testcase name="Add Material:Mandatory Check" classname="STUDY MATERIAL" time="25.703">
    <system-out><![CDATA[
@TC_04
Scenario: Add Material:Mandatory Check                                                                               # src/test/resources/FeatureFiles/3_OEP_StudyMaterial.feature:32
  Given To Check Study Material is navigating to OEP URL is "http://192.168.1.30/OEPADMIN/"                          # stepDefinition.OEP_3_StudyMaterial.to_check_study_material_is_navigating_to_oep_url_is(java.lang.String)
  When To Check Study Material Enter username and password are "thirumaran@sankarasoftware.com" and "Thirumaran@001" # stepDefinition.OEP_3_StudyMaterial.to_check_study_material_enter_username_and_password_are_and(java.lang.String,java.lang.String)
  And click the Signin button To Check Study Material                                                                # stepDefinition.OEP_3_StudyMaterial.click_the_signin_button_to_check_study_material()
  Then Click take picture button in Study Material                                                                   # stepDefinition.OEP_3_StudyMaterial.click_take_picture_button_in_Study_Material()
  Then Click Study Material button                                                                                   # stepDefinition.OEP_3_StudyMaterial.click_Study_Material_button()
  Given Click any subject name                                                                                       # stepDefinition.OEP_3_StudyMaterial.click_any_subject_name()
  When Click add material button                                                                                     # stepDefinition.OEP_3_StudyMaterial.click_add_material_button()
  And Click save button in add material                                                                              # stepDefinition.OEP_3_StudyMaterial.click_save_button_in_add_material()
Actual border color : rgb(78, 78, 78)
Actual border color : rgb(255, 0, 0)
2nd Tab border color is as expected as RED colour with color code : rgb(78, 78, 78)
3rd Tab border color is as expected as RED colour with color code : rgb(255, 0, 0)
  Then Check mandatory red border is displayed or not in add material page                                           # stepDefinition.OEP_3_StudyMaterial.check_mandatory_red_border_is_displayed_or_not_in_add_material_Page()
Page is closed  Then Close Study Material button                                                                                   # stepDefinition.OEP_3_StudyMaterial.close_study_material_button()
]]></system-out>
  </testcase>
  <testcase name="Add Material:Mandatory Clear Check" classname="STUDY MATERIAL" time="26.855">
    <system-out><![CDATA[
@TC_05
Scenario: Add Material:Mandatory Clear Check                                                                         # src/test/resources/FeatureFiles/3_OEP_StudyMaterial.feature:40
  Given To Check Study Material is navigating to OEP URL is "http://192.168.1.30/OEPADMIN/"                          # stepDefinition.OEP_3_StudyMaterial.to_check_study_material_is_navigating_to_oep_url_is(java.lang.String)
  When To Check Study Material Enter username and password are "thirumaran@sankarasoftware.com" and "Thirumaran@001" # stepDefinition.OEP_3_StudyMaterial.to_check_study_material_enter_username_and_password_are_and(java.lang.String,java.lang.String)
  And click the Signin button To Check Study Material                                                                # stepDefinition.OEP_3_StudyMaterial.click_the_signin_button_to_check_study_material()
  Then Click take picture button in Study Material                                                                   # stepDefinition.OEP_3_StudyMaterial.click_take_picture_button_in_Study_Material()
  Then Click Study Material button                                                                                   # stepDefinition.OEP_3_StudyMaterial.click_Study_Material_button()
  Given Click any subject name                                                                                       # stepDefinition.OEP_3_StudyMaterial.click_any_subject_name()
  When Click add material button                                                                                     # stepDefinition.OEP_3_StudyMaterial.click_add_material_button()
  And Click save button in add material                                                                              # stepDefinition.OEP_3_StudyMaterial.click_save_button_in_add_material()
  And Click clear button in add material                                                                             # stepDefinition.OEP_3_StudyMaterial.click_clear_button_in_add_material()
Actual border color : rgb(78, 78, 78)
Actual border color : rgb(255, 0, 0)
2nd Tab border color is as expected as RED colour with color code : rgb(78, 78, 78)
3rd Tab border color is as expected as RED colour with color code : rgb(255, 0, 0)
  Then Check mandatory red border is displayed or not in add material                                                # stepDefinition.OEP_3_StudyMaterial.check_mandatory_red_border_is_displayed_or_not_in_add_material()
Page is closed  Then Close Study Material button                                                                                   # stepDefinition.OEP_3_StudyMaterial.close_study_material_button()
]]></system-out>
  </testcase>
  <testcase name="Add Material:Clear Check" classname="STUDY MATERIAL" time="37.907">
    <system-out><![CDATA[
@TC_06
Scenario: Add Material:Clear Check                                                                                   # src/test/resources/FeatureFiles/3_OEP_StudyMaterial.feature:49
  Given To Check Study Material is navigating to OEP URL is "http://192.168.1.30/OEPADMIN/"                          # stepDefinition.OEP_3_StudyMaterial.to_check_study_material_is_navigating_to_oep_url_is(java.lang.String)
  When To Check Study Material Enter username and password are "thirumaran@sankarasoftware.com" and "Thirumaran@001" # stepDefinition.OEP_3_StudyMaterial.to_check_study_material_enter_username_and_password_are_and(java.lang.String,java.lang.String)
  And click the Signin button To Check Study Material                                                                # stepDefinition.OEP_3_StudyMaterial.click_the_signin_button_to_check_study_material()
  Then Click take picture button in Study Material                                                                   # stepDefinition.OEP_3_StudyMaterial.click_take_picture_button_in_Study_Material()
  Then Click Study Material button                                                                                   # stepDefinition.OEP_3_StudyMaterial.click_Study_Material_button()
  Given Click any subject name                                                                                       # stepDefinition.OEP_3_StudyMaterial.click_any_subject_name()
  When Click add material button                                                                                     # stepDefinition.OEP_3_StudyMaterial.click_add_material_button()
  And Select valid subject name in create material                                                                   # stepDefinition.OEP_3_StudyMaterial.select_valid_subject_name_in_create_material()
  Then Select valid topic name in create material                                                                    # stepDefinition.OEP_3_StudyMaterial.select_valid_topic_name_in_create_material()
  And Enter valid chapter name                                                                                       # stepDefinition.OEP_3_StudyMaterial.enter_valid_chapter_name()
  Then Enter valid synopsis                                                                                          # stepDefinition.OEP_3_StudyMaterial.enter_valid_synopsis()
  And Click clear button in add material                                                                             # stepDefinition.OEP_3_StudyMaterial.click_clear_button_in_add_material()
Chapter tab has: 
synopsisTab has: null
All tabs are cleared and clear button is working
  Then Check details are cleared or not in add material                                                              # stepDefinition.OEP_3_StudyMaterial.check_details_are_cleared_or_not_in_add_material()
Page is closed  Then Close Study Material button                                                                                   # stepDefinition.OEP_3_StudyMaterial.close_study_material_button()
]]></system-out>
  </testcase>
  <testcase name="Add Material:Valid Check #1" classname="STUDY MATERIAL" time="22.639">
    <system-out><![CDATA[
@TC_07
Scenario: Add Material:Valid Check                                                                                   # src/test/resources/FeatureFiles/3_OEP_StudyMaterial.feature:61
  Given To Check Study Material is navigating to OEP URL is "http://192.168.1.30/OEPADMIN/"                          # stepDefinition.OEP_3_StudyMaterial.to_check_study_material_is_navigating_to_oep_url_is(java.lang.String)
  When To Check Study Material Enter username and password are "thirumaran@sankarasoftware.com" and "Thirumaran@001" # stepDefinition.OEP_3_StudyMaterial.to_check_study_material_enter_username_and_password_are_and(java.lang.String,java.lang.String)
  And click the Signin button To Check Study Material                                                                # stepDefinition.OEP_3_StudyMaterial.click_the_signin_button_to_check_study_material()
  Then Click take picture button in Study Material                                                                   # stepDefinition.OEP_3_StudyMaterial.click_take_picture_button_in_Study_Material()
  Then Click Study Material button                                                                                   # stepDefinition.OEP_3_StudyMaterial.click_Study_Material_button()
  Given Click any subject name                                                                                       # stepDefinition.OEP_3_StudyMaterial.click_any_subject_name()
  When Click add material button                                                                                     # stepDefinition.OEP_3_StudyMaterial.click_add_material_button()
  Then Enter valid synopsis                                                                                          # stepDefinition.OEP_3_StudyMaterial.enter_valid_synopsis()
Page is closed  Then Close Study Material button                                                                                   # stepDefinition.OEP_3_StudyMaterial.close_study_material_button()
]]></system-out>
  </testcase>
  <testcase name="Add Subject:Close button Check" classname="STUDY MATERIAL" time="20.799">
    <system-out><![CDATA[
@TC_08
Scenario: Add Subject:Close button Check                                                                             # src/test/resources/FeatureFiles/3_OEP_StudyMaterial.feature:69
  Given To Check Study Material is navigating to OEP URL is "http://192.168.1.30/OEPADMIN/"                          # stepDefinition.OEP_3_StudyMaterial.to_check_study_material_is_navigating_to_oep_url_is(java.lang.String)
  When To Check Study Material Enter username and password are "thirumaran@sankarasoftware.com" and "Thirumaran@001" # stepDefinition.OEP_3_StudyMaterial.to_check_study_material_enter_username_and_password_are_and(java.lang.String,java.lang.String)
  And click the Signin button To Check Study Material                                                                # stepDefinition.OEP_3_StudyMaterial.click_the_signin_button_to_check_study_material()
  Then Click take picture button in Study Material                                                                   # stepDefinition.OEP_3_StudyMaterial.click_take_picture_button_in_Study_Material()
  Then Click Study Material button                                                                                   # stepDefinition.OEP_3_StudyMaterial.click_Study_Material_button()
  Given Click any subject name                                                                                       # stepDefinition.OEP_3_StudyMaterial.click_any_subject_name()
  When Click add material button                                                                                     # stepDefinition.OEP_3_StudyMaterial.click_add_material_button()
  And Click add button in the subject tab                                                                            # stepDefinition.OEP_3_StudyMaterial.click_add_button_in_the_subject_tab()
  Then Click close button in add subject                                                                             # stepDefinition.OEP_3_StudyMaterial.click_close_button_in_add_subject()
Page is closed  Then Close Study Material button                                                                                   # stepDefinition.OEP_3_StudyMaterial.close_study_material_button()
]]></system-out>
  </testcase>
  <testcase name="Add Subject:Mandatory Check" classname="STUDY MATERIAL" time="22.867">
    <system-out><![CDATA[
@TC_09
Scenario: Add Subject:Mandatory Check                                                                                # src/test/resources/FeatureFiles/3_OEP_StudyMaterial.feature:77
  Given To Check Study Material is navigating to OEP URL is "http://192.168.1.30/OEPADMIN/"                          # stepDefinition.OEP_3_StudyMaterial.to_check_study_material_is_navigating_to_oep_url_is(java.lang.String)
  When To Check Study Material Enter username and password are "thirumaran@sankarasoftware.com" and "Thirumaran@001" # stepDefinition.OEP_3_StudyMaterial.to_check_study_material_enter_username_and_password_are_and(java.lang.String,java.lang.String)
  And click the Signin button To Check Study Material                                                                # stepDefinition.OEP_3_StudyMaterial.click_the_signin_button_to_check_study_material()
  Then Click take picture button in Study Material                                                                   # stepDefinition.OEP_3_StudyMaterial.click_take_picture_button_in_Study_Material()
  Then Click Study Material button                                                                                   # stepDefinition.OEP_3_StudyMaterial.click_Study_Material_button()
  Given Click any subject name                                                                                       # stepDefinition.OEP_3_StudyMaterial.click_any_subject_name()
  When Click add material button                                                                                     # stepDefinition.OEP_3_StudyMaterial.click_add_material_button()
  And Click add button in the subject tab                                                                            # stepDefinition.OEP_3_StudyMaterial.click_add_button_in_the_subject_tab()
  Then Click save button in add subject                                                                              # stepDefinition.OEP_3_StudyMaterial.click_save_button_in_add_subject()
Actual border color : rgb(255, 0, 0)
Tab border color is as expected as RED colour with color code : rgb(255, 0, 0)
  Then Check mandatory red border is displayed or not in add subject                                                 # stepDefinition.OEP_3_StudyMaterial.check_mandatory_red_border_is_displayed_or_not_in_add_subject()
Page is closed  Then Close Study Material button                                                                                   # stepDefinition.OEP_3_StudyMaterial.close_study_material_button()
]]></system-out>
  </testcase>
  <testcase name="Add Subject:Add button Check" classname="STUDY MATERIAL" time="23.755">
    <system-out><![CDATA[
@TC_10
Scenario: Add Subject:Add button Check                                                                               # src/test/resources/FeatureFiles/3_OEP_StudyMaterial.feature:86
  Given To Check Study Material is navigating to OEP URL is "http://192.168.1.30/OEPADMIN/"                          # stepDefinition.OEP_3_StudyMaterial.to_check_study_material_is_navigating_to_oep_url_is(java.lang.String)
  When To Check Study Material Enter username and password are "thirumaran@sankarasoftware.com" and "Thirumaran@001" # stepDefinition.OEP_3_StudyMaterial.to_check_study_material_enter_username_and_password_are_and(java.lang.String,java.lang.String)
  And click the Signin button To Check Study Material                                                                # stepDefinition.OEP_3_StudyMaterial.click_the_signin_button_to_check_study_material()
  Then Click take picture button in Study Material                                                                   # stepDefinition.OEP_3_StudyMaterial.click_take_picture_button_in_Study_Material()
  Then Click Study Material button                                                                                   # stepDefinition.OEP_3_StudyMaterial.click_Study_Material_button()
  Given Click any subject name                                                                                       # stepDefinition.OEP_3_StudyMaterial.click_any_subject_name()
  When Click add material button                                                                                     # stepDefinition.OEP_3_StudyMaterial.click_add_material_button()
  And Click add button in the subject tab                                                                            # stepDefinition.OEP_3_StudyMaterial.click_add_button_in_the_subject_tab()
  Then Enter existing subject name in add subject                                                                    # stepDefinition.OEP_3_StudyMaterial.enter_existing_subject_name_in_add_subject()
  Then Click save button in add subject                                                                              # stepDefinition.OEP_3_StudyMaterial.click_save_button_in_add_subject()
Error message displayed like: Subject already exist!
  Then Check alert message is displayed or not in add subject in create material                                     # stepDefinition.OEP_3_StudyMaterial.check_alert_message_is_displayed_or_not_in_add_subject_in_create_material()
Page is closed  Then Close Study Material button                                                                                   # stepDefinition.OEP_3_StudyMaterial.close_study_material_button()
]]></system-out>
  </testcase>
  <testcase name="Edit Subject:Close button Check" classname="STUDY MATERIAL" time="24.998">
    <system-out><![CDATA[
@TC_12
Scenario: Edit Subject:Close button Check                                                                            # src/test/resources/FeatureFiles/3_OEP_StudyMaterial.feature:106
  Given To Check Study Material is navigating to OEP URL is "http://192.168.1.30/OEPADMIN/"                          # stepDefinition.OEP_3_StudyMaterial.to_check_study_material_is_navigating_to_oep_url_is(java.lang.String)
  When To Check Study Material Enter username and password are "thirumaran@sankarasoftware.com" and "Thirumaran@001" # stepDefinition.OEP_3_StudyMaterial.to_check_study_material_enter_username_and_password_are_and(java.lang.String,java.lang.String)
  And click the Signin button To Check Study Material                                                                # stepDefinition.OEP_3_StudyMaterial.click_the_signin_button_to_check_study_material()
  Then Click take picture button in Study Material                                                                   # stepDefinition.OEP_3_StudyMaterial.click_take_picture_button_in_Study_Material()
  Then Click Study Material button                                                                                   # stepDefinition.OEP_3_StudyMaterial.click_Study_Material_button()
  Given Click any subject name                                                                                       # stepDefinition.OEP_3_StudyMaterial.click_any_subject_name()
  When Click add material button                                                                                     # stepDefinition.OEP_3_StudyMaterial.click_add_material_button()
  And Select any subject from the dropdown in the subject tab                                                        # stepDefinition.OEP_3_StudyMaterial.select_any_subject_from_the_dropdown_in_the_subject_tab()
  Then Click edit button of the subject tab                                                                          # stepDefinition.OEP_3_StudyMaterial.click_edit_button_of_the_subject_tab()
  Then Click Close button in edit subject                                                                            # stepDefinition.OEP_3_StudyMaterial.click_close_button_in_edit_subject()
Page is closed  Then Close Study Material button                                                                                   # stepDefinition.OEP_3_StudyMaterial.close_study_material_button()
]]></system-out>
  </testcase>
  <testcase name="Edit Subject:Update button Check" classname="STUDY MATERIAL" time="56.198">
    <failure message="Update button is not working" type="java.lang.AssertionError"><![CDATA[java.lang.AssertionError: Update button is not working
	at stepDefinition.OEP_3_StudyMaterial.check_alert_message_is_displayed_or_not_in_edit_subject_in_create_material(OEP_3_StudyMaterial.java:423)
	at ✽.Check success message is displayed or not in edit subject in create material(file:///C:/Users/thirumaran/eclipse-workspace/NexTestify_Cucumber/src/test/resources/FeatureFiles/3_OEP_StudyMaterial.feature:122)
]]></failure>
    <system-out><![CDATA[
@TC_13
Scenario: Edit Subject:Update button Check                                                                           # src/test/resources/FeatureFiles/3_OEP_StudyMaterial.feature:115
  Given To Check Study Material is navigating to OEP URL is "http://192.168.1.30/OEPADMIN/"                          # stepDefinition.OEP_3_StudyMaterial.to_check_study_material_is_navigating_to_oep_url_is(java.lang.String)
  When To Check Study Material Enter username and password are "thirumaran@sankarasoftware.com" and "Thirumaran@001" # stepDefinition.OEP_3_StudyMaterial.to_check_study_material_enter_username_and_password_are_and(java.lang.String,java.lang.String)
  And click the Signin button To Check Study Material                                                                # stepDefinition.OEP_3_StudyMaterial.click_the_signin_button_to_check_study_material()
  Then Click take picture button in Study Material                                                                   # stepDefinition.OEP_3_StudyMaterial.click_take_picture_button_in_Study_Material()
  Then Click Study Material button                                                                                   # stepDefinition.OEP_3_StudyMaterial.click_Study_Material_button()
  Given Click any subject name                                                                                       # stepDefinition.OEP_3_StudyMaterial.click_any_subject_name()
  When Click add material button                                                                                     # stepDefinition.OEP_3_StudyMaterial.click_add_material_button()
  And Select any subject from the dropdown in the subject tab                                                        # stepDefinition.OEP_3_StudyMaterial.select_any_subject_from_the_dropdown_in_the_subject_tab()
  Then Click edit button of the subject tab                                                                          # stepDefinition.OEP_3_StudyMaterial.click_edit_button_of_the_subject_tab()
Subject name is: Artificial Intelligence
  Then Modify valid subject name in edit subject                                                                     # stepDefinition.OEP_3_StudyMaterial.modify_valid_subject_name_in_edit_subject()
  And Click Update button in edit subject                                                                            # stepDefinition.OEP_3_StudyMaterial.click_update_button_in_edit_subject()
Update button is not working
  Then Check success message is displayed or not in edit subject in create material                                  # stepDefinition.OEP_3_StudyMaterial.check_alert_message_is_displayed_or_not_in_edit_subject_in_create_material()
      java.lang.AssertionError: Update button is not working
	at org.junit.Assert.fail(Assert.java:89)
	at stepDefinition.OEP_3_StudyMaterial.check_alert_message_is_displayed_or_not_in_edit_subject_in_create_material(OEP_3_StudyMaterial.java:423)
	at ✽.Check success message is displayed or not in edit subject in create material(file:///C:/Users/thirumaran/eclipse-workspace/NexTestify_Cucumber/src/test/resources/FeatureFiles/3_OEP_StudyMaterial.feature:122)

  Then Close Study Material button                                                                                   # stepDefinition.OEP_3_StudyMaterial.close_study_material_button()
]]></system-out>
  </testcase>
  <testcase name="Delete Subject:Close button Check" classname="STUDY MATERIAL" time="25.106">
    <system-out><![CDATA[
@TC_14
Scenario: Delete Subject:Close button Check                                                                          # src/test/resources/FeatureFiles/3_OEP_StudyMaterial.feature:126
  Given To Check Study Material is navigating to OEP URL is "http://192.168.1.30/OEPADMIN/"                          # stepDefinition.OEP_3_StudyMaterial.to_check_study_material_is_navigating_to_oep_url_is(java.lang.String)
  When To Check Study Material Enter username and password are "thirumaran@sankarasoftware.com" and "Thirumaran@001" # stepDefinition.OEP_3_StudyMaterial.to_check_study_material_enter_username_and_password_are_and(java.lang.String,java.lang.String)
  And click the Signin button To Check Study Material                                                                # stepDefinition.OEP_3_StudyMaterial.click_the_signin_button_to_check_study_material()
  Then Click take picture button in Study Material                                                                   # stepDefinition.OEP_3_StudyMaterial.click_take_picture_button_in_Study_Material()
  Then Click Study Material button                                                                                   # stepDefinition.OEP_3_StudyMaterial.click_Study_Material_button()
  Given Click any subject name                                                                                       # stepDefinition.OEP_3_StudyMaterial.click_any_subject_name()
  When Click add material button                                                                                     # stepDefinition.OEP_3_StudyMaterial.click_add_material_button()
  And Select any subject from the dropdown in the subject tab                                                        # stepDefinition.OEP_3_StudyMaterial.select_any_subject_from_the_dropdown_in_the_subject_tab()
  Then Click delete button of the subject tab                                                                        # stepDefinition.OEP_3_StudyMaterial.click_delete_button_of_the_subject_tab()
  Then Click close button in delete popup                                                                            # stepDefinition.OEP_3_StudyMaterial.click_close_button_in_delete_popup()
Page is closed  Then Close Study Material button                                                                                   # stepDefinition.OEP_3_StudyMaterial.close_study_material_button()
]]></system-out>
  </testcase>
  <testcase name="Delete Subject:No button Check" classname="STUDY MATERIAL" time="24.896">
    <system-out><![CDATA[
@TC_15
Scenario: Delete Subject:No button Check                                                                             # src/test/resources/FeatureFiles/3_OEP_StudyMaterial.feature:135
  Given To Check Study Material is navigating to OEP URL is "http://192.168.1.30/OEPADMIN/"                          # stepDefinition.OEP_3_StudyMaterial.to_check_study_material_is_navigating_to_oep_url_is(java.lang.String)
  When To Check Study Material Enter username and password are "thirumaran@sankarasoftware.com" and "Thirumaran@001" # stepDefinition.OEP_3_StudyMaterial.to_check_study_material_enter_username_and_password_are_and(java.lang.String,java.lang.String)
  And click the Signin button To Check Study Material                                                                # stepDefinition.OEP_3_StudyMaterial.click_the_signin_button_to_check_study_material()
  Then Click take picture button in Study Material                                                                   # stepDefinition.OEP_3_StudyMaterial.click_take_picture_button_in_Study_Material()
  Then Click Study Material button                                                                                   # stepDefinition.OEP_3_StudyMaterial.click_Study_Material_button()
  Given Click any subject name                                                                                       # stepDefinition.OEP_3_StudyMaterial.click_any_subject_name()
  When Click add material button                                                                                     # stepDefinition.OEP_3_StudyMaterial.click_add_material_button()
  And Select any subject from the dropdown in the subject tab                                                        # stepDefinition.OEP_3_StudyMaterial.select_any_subject_from_the_dropdown_in_the_subject_tab()
  Then Click delete button of the subject tab                                                                        # stepDefinition.OEP_3_StudyMaterial.click_delete_button_of_the_subject_tab()
  Then Click No button in the delete subject popup                                                                   # stepDefinition.OEP_3_StudyMaterial.click_no_button_in_the_delete_subject_popup()
Page is closed  Then Close Study Material button                                                                                   # stepDefinition.OEP_3_StudyMaterial.close_study_material_button()
]]></system-out>
  </testcase>
  <testcase name="Add Topic:Close button Check" classname="STUDY MATERIAL" time="25.037">
    <system-out><![CDATA[
@TC_17
Scenario: Add Topic:Close button Check                                                                               # src/test/resources/FeatureFiles/3_OEP_StudyMaterial.feature:153
  Given To Check Study Material is navigating to OEP URL is "http://192.168.1.30/OEPADMIN/"                          # stepDefinition.OEP_3_StudyMaterial.to_check_study_material_is_navigating_to_oep_url_is(java.lang.String)
  When To Check Study Material Enter username and password are "thirumaran@sankarasoftware.com" and "Thirumaran@001" # stepDefinition.OEP_3_StudyMaterial.to_check_study_material_enter_username_and_password_are_and(java.lang.String,java.lang.String)
  And click the Signin button To Check Study Material                                                                # stepDefinition.OEP_3_StudyMaterial.click_the_signin_button_to_check_study_material()
  Then Click take picture button in Study Material                                                                   # stepDefinition.OEP_3_StudyMaterial.click_take_picture_button_in_Study_Material()
  Then Click Study Material button                                                                                   # stepDefinition.OEP_3_StudyMaterial.click_Study_Material_button()
  Given Click any subject name                                                                                       # stepDefinition.OEP_3_StudyMaterial.click_any_subject_name()
  When Click add material button                                                                                     # stepDefinition.OEP_3_StudyMaterial.click_add_material_button()
  And Select any subject from the dropdown in the subject tab                                                        # stepDefinition.OEP_3_StudyMaterial.select_any_subject_from_the_dropdown_in_the_subject_tab()
  Then Click add button in topic tab in create material page                                                         # stepDefinition.OEP_3_StudyMaterial.click_add_button_in_topic_tab_in_create_material_page()
  Then Click Close button in topic tab                                                                               # stepDefinition.OEP_3_StudyMaterial.click_close_button_in_topic_tab()
Page is closed  Then Close Study Material button                                                                                   # stepDefinition.OEP_3_StudyMaterial.close_study_material_button()
]]></system-out>
  </testcase>
  <testcase name="Add Topic:Mandatory Check" classname="STUDY MATERIAL" time="27.12">
    <system-out><![CDATA[
@TC_18
Scenario: Add Topic:Mandatory Check                                                                                  # src/test/resources/FeatureFiles/3_OEP_StudyMaterial.feature:162
  Given To Check Study Material is navigating to OEP URL is "http://192.168.1.30/OEPADMIN/"                          # stepDefinition.OEP_3_StudyMaterial.to_check_study_material_is_navigating_to_oep_url_is(java.lang.String)
  When To Check Study Material Enter username and password are "thirumaran@sankarasoftware.com" and "Thirumaran@001" # stepDefinition.OEP_3_StudyMaterial.to_check_study_material_enter_username_and_password_are_and(java.lang.String,java.lang.String)
  And click the Signin button To Check Study Material                                                                # stepDefinition.OEP_3_StudyMaterial.click_the_signin_button_to_check_study_material()
  Then Click take picture button in Study Material                                                                   # stepDefinition.OEP_3_StudyMaterial.click_take_picture_button_in_Study_Material()
  Then Click Study Material button                                                                                   # stepDefinition.OEP_3_StudyMaterial.click_Study_Material_button()
  Given Click any subject name                                                                                       # stepDefinition.OEP_3_StudyMaterial.click_any_subject_name()
  When Click add material button                                                                                     # stepDefinition.OEP_3_StudyMaterial.click_add_material_button()
  And Select any subject from the dropdown in the subject tab                                                        # stepDefinition.OEP_3_StudyMaterial.select_any_subject_from_the_dropdown_in_the_subject_tab()
  Then Click add button in topic tab in create material page                                                         # stepDefinition.OEP_3_StudyMaterial.click_add_button_in_topic_tab_in_create_material_page()
  Then Click add button in add topic tab                                                                             # stepDefinition.OEP_3_StudyMaterial.click_add_button_in_add_topic_tab()
Actual border color : rgb(255, 0, 0)
Tab border color is as expected as RED colour with color code : rgb(255, 0, 0)
  And Check mandatory message is displayed or not in topic tab                                                       # stepDefinition.OEP_3_StudyMaterial.check_mandatory_message_is_displayed_or_not_in_topic_tab()
Page is closed  Then Close Study Material button                                                                                   # stepDefinition.OEP_3_StudyMaterial.close_study_material_button()
]]></system-out>
  </testcase>
  <testcase name="Add Topic:Add button Check" classname="STUDY MATERIAL" time="24.226">
    <failure message="Success message is not displayed expected:&lt;Topic a[lready exist]!&gt; but was:&lt;Topic a[dded successfully]!&gt;" type="org.junit.ComparisonFailure"><![CDATA[org.junit.ComparisonFailure: Success message is not displayed expected:<Topic a[lready exist]!> but was:<Topic a[dded successfully]!>
	at stepDefinition.OEP_3_StudyMaterial.check_success_message_is_displayed_or_not_in_add_material_page(OEP_3_StudyMaterial.java:867)
	at ✽.Check success message is displayed or not in add material page(file:///C:/Users/thirumaran/eclipse-workspace/NexTestify_Cucumber/src/test/resources/FeatureFiles/3_OEP_StudyMaterial.feature:180)
]]></failure>
    <system-out><![CDATA[
@TC_19
Scenario: Add Topic:Add button Check                                                                                 # src/test/resources/FeatureFiles/3_OEP_StudyMaterial.feature:172
  Given To Check Study Material is navigating to OEP URL is "http://192.168.1.30/OEPADMIN/"                          # stepDefinition.OEP_3_StudyMaterial.to_check_study_material_is_navigating_to_oep_url_is(java.lang.String)
  When To Check Study Material Enter username and password are "thirumaran@sankarasoftware.com" and "Thirumaran@001" # stepDefinition.OEP_3_StudyMaterial.to_check_study_material_enter_username_and_password_are_and(java.lang.String,java.lang.String)
  And click the Signin button To Check Study Material                                                                # stepDefinition.OEP_3_StudyMaterial.click_the_signin_button_to_check_study_material()
  Then Click take picture button in Study Material                                                                   # stepDefinition.OEP_3_StudyMaterial.click_take_picture_button_in_Study_Material()
  Then Click Study Material button                                                                                   # stepDefinition.OEP_3_StudyMaterial.click_Study_Material_button()
  Given Click any subject name                                                                                       # stepDefinition.OEP_3_StudyMaterial.click_any_subject_name()
  When Click add material button                                                                                     # stepDefinition.OEP_3_StudyMaterial.click_add_material_button()
  And Select any subject from the dropdown in the subject tab                                                        # stepDefinition.OEP_3_StudyMaterial.select_any_subject_from_the_dropdown_in_the_subject_tab()
  Then Click add button in topic tab in create material page                                                         # stepDefinition.OEP_3_StudyMaterial.click_add_button_in_topic_tab_in_create_material_page()
  And Enter valid topic name in add topic tab                                                                        # stepDefinition.OEP_3_StudyMaterial.enter_valid_topic_name_in_add_topic_tab()
  Then Click add button in add topic tab                                                                             # stepDefinition.OEP_3_StudyMaterial.click_add_button_in_add_topic_tab()
Success message displayed like: Topic already exist!
  And Check success message is displayed or not in add material page                                                 # stepDefinition.OEP_3_StudyMaterial.check_success_message_is_displayed_or_not_in_add_material_page()
      org.junit.ComparisonFailure: Success message is not displayed expected:<Topic a[lready exist]!> but was:<Topic a[dded successfully]!>
	at org.junit.Assert.assertEquals(Assert.java:117)
	at stepDefinition.OEP_3_StudyMaterial.check_success_message_is_displayed_or_not_in_add_material_page(OEP_3_StudyMaterial.java:867)
	at ✽.Check success message is displayed or not in add material page(file:///C:/Users/thirumaran/eclipse-workspace/NexTestify_Cucumber/src/test/resources/FeatureFiles/3_OEP_StudyMaterial.feature:180)

  Then Close Study Material button                                                                                   # stepDefinition.OEP_3_StudyMaterial.close_study_material_button()
]]></system-out>
  </testcase>
  <testcase name="Edit Topic:Close button Check" classname="STUDY MATERIAL" time="29.174">
    <system-out><![CDATA[
@TC_20
Scenario: Edit Topic:Close button Check                                                                              # src/test/resources/FeatureFiles/3_OEP_StudyMaterial.feature:184
  Given To Check Study Material is navigating to OEP URL is "http://192.168.1.30/OEPADMIN/"                          # stepDefinition.OEP_3_StudyMaterial.to_check_study_material_is_navigating_to_oep_url_is(java.lang.String)
  When To Check Study Material Enter username and password are "thirumaran@sankarasoftware.com" and "Thirumaran@001" # stepDefinition.OEP_3_StudyMaterial.to_check_study_material_enter_username_and_password_are_and(java.lang.String,java.lang.String)
  And click the Signin button To Check Study Material                                                                # stepDefinition.OEP_3_StudyMaterial.click_the_signin_button_to_check_study_material()
  Then Click take picture button in Study Material                                                                   # stepDefinition.OEP_3_StudyMaterial.click_take_picture_button_in_Study_Material()
  Then Click Study Material button                                                                                   # stepDefinition.OEP_3_StudyMaterial.click_Study_Material_button()
  Given Click any subject name                                                                                       # stepDefinition.OEP_3_StudyMaterial.click_any_subject_name()
  When Click add material button                                                                                     # stepDefinition.OEP_3_StudyMaterial.click_add_material_button()
  And Select any subject from the dropdown in the subject tab                                                        # stepDefinition.OEP_3_StudyMaterial.select_any_subject_from_the_dropdown_in_the_subject_tab()
  Then Select any topic name from the dropdown in topic tab                                                          # stepDefinition.OEP_3_StudyMaterial.select_any_topic_name_from_the_dropdown_in_topic_tab()
  And Click edit button in topic tab in create material page                                                         # stepDefinition.OEP_3_StudyMaterial.click_edit_button_in_topic_tab_in_create_material_page()
  Then Click close button in edit topic tab                                                                          # stepDefinition.OEP_3_StudyMaterial.click_close_button_in_edit_topic_tab()
Page is closed  Then Close Study Material button                                                                                   # stepDefinition.OEP_3_StudyMaterial.close_study_material_button()
]]></system-out>
  </testcase>
  <testcase name="Edit Topic:Update button Check #1" classname="STUDY MATERIAL" time="29.48">
    <failure message="Success message is not displayed expected:&lt;Topic [already exist]!&gt; but was:&lt;Topic [updated successfully]!&gt;" type="org.junit.ComparisonFailure"><![CDATA[org.junit.ComparisonFailure: Success message is not displayed expected:<Topic [already exist]!> but was:<Topic [updated successfully]!>
	at stepDefinition.OEP_3_StudyMaterial.check_success_message_is_displayed_or_not_in_edit_topic_popup(OEP_3_StudyMaterial.java:891)
	at ✽.Check success message is displayed or not in edit topic popup(file:///C:/Users/thirumaran/eclipse-workspace/NexTestify_Cucumber/src/test/resources/FeatureFiles/3_OEP_StudyMaterial.feature:202)
]]></failure>
    <system-out><![CDATA[
@TC_21
Scenario: Edit Topic:Update button Check                                                                             # src/test/resources/FeatureFiles/3_OEP_StudyMaterial.feature:194
  Given To Check Study Material is navigating to OEP URL is "http://192.168.1.30/OEPADMIN/"                          # stepDefinition.OEP_3_StudyMaterial.to_check_study_material_is_navigating_to_oep_url_is(java.lang.String)
  When To Check Study Material Enter username and password are "thirumaran@sankarasoftware.com" and "Thirumaran@001" # stepDefinition.OEP_3_StudyMaterial.to_check_study_material_enter_username_and_password_are_and(java.lang.String,java.lang.String)
  And click the Signin button To Check Study Material                                                                # stepDefinition.OEP_3_StudyMaterial.click_the_signin_button_to_check_study_material()
  Then Click take picture button in Study Material                                                                   # stepDefinition.OEP_3_StudyMaterial.click_take_picture_button_in_Study_Material()
  Then Click Study Material button                                                                                   # stepDefinition.OEP_3_StudyMaterial.click_Study_Material_button()
  Given Click any subject name                                                                                       # stepDefinition.OEP_3_StudyMaterial.click_any_subject_name()
  When Click add material button                                                                                     # stepDefinition.OEP_3_StudyMaterial.click_add_material_button()
  And Select any subject from the dropdown in the subject tab                                                        # stepDefinition.OEP_3_StudyMaterial.select_any_subject_from_the_dropdown_in_the_subject_tab()
  Then Select any topic name from the dropdown in topic tab                                                          # stepDefinition.OEP_3_StudyMaterial.select_any_topic_name_from_the_dropdown_in_topic_tab()
  And Click edit button in topic tab in create material page                                                         # stepDefinition.OEP_3_StudyMaterial.click_edit_button_in_topic_tab_in_create_material_page()
Subject name is: Test Topic
  Then Modify valid topic details in edit topic tab                                                                  # stepDefinition.OEP_3_StudyMaterial.modify_valid_topic_details_in_edit_topic_tab()
  And Click update button in edit topic tab                                                                          # stepDefinition.OEP_3_StudyMaterial.click_update_button_in_edit_topic_tab()
Success message displayed like: Topic already exist!
  Then Check success message is displayed or not in edit topic popup                                                 # stepDefinition.OEP_3_StudyMaterial.check_success_message_is_displayed_or_not_in_edit_topic_popup()
      org.junit.ComparisonFailure: Success message is not displayed expected:<Topic [already exist]!> but was:<Topic [updated successfully]!>
	at org.junit.Assert.assertEquals(Assert.java:117)
	at stepDefinition.OEP_3_StudyMaterial.check_success_message_is_displayed_or_not_in_edit_topic_popup(OEP_3_StudyMaterial.java:891)
	at ✽.Check success message is displayed or not in edit topic popup(file:///C:/Users/thirumaran/eclipse-workspace/NexTestify_Cucumber/src/test/resources/FeatureFiles/3_OEP_StudyMaterial.feature:202)

  Then Close Study Material button                                                                                   # stepDefinition.OEP_3_StudyMaterial.close_study_material_button()
]]></system-out>
  </testcase>
  <testcase name="Edit Topic:Update button Check #2" classname="STUDY MATERIAL" time="29.642">
    <failure message="Success message is not displayed expected:&lt;Topic [already exist]!&gt; but was:&lt;Topic [updated successfully]!&gt;" type="org.junit.ComparisonFailure"><![CDATA[org.junit.ComparisonFailure: Success message is not displayed expected:<Topic [already exist]!> but was:<Topic [updated successfully]!>
	at stepDefinition.OEP_3_StudyMaterial.check_success_message_is_displayed_or_not_in_edit_topic_popup(OEP_3_StudyMaterial.java:891)
	at ✽.Check success message is displayed or not in edit topic popup(file:///C:/Users/thirumaran/eclipse-workspace/NexTestify_Cucumber/src/test/resources/FeatureFiles/3_OEP_StudyMaterial.feature:214)
]]></failure>
    <system-out><![CDATA[
@TC_21a
Scenario: Edit Topic:Update button Check                                                                             # src/test/resources/FeatureFiles/3_OEP_StudyMaterial.feature:206
  Given To Check Study Material is navigating to OEP URL is "http://192.168.1.30/OEPADMIN/"                          # stepDefinition.OEP_3_StudyMaterial.to_check_study_material_is_navigating_to_oep_url_is(java.lang.String)
  When To Check Study Material Enter username and password are "thirumaran@sankarasoftware.com" and "Thirumaran@001" # stepDefinition.OEP_3_StudyMaterial.to_check_study_material_enter_username_and_password_are_and(java.lang.String,java.lang.String)
  And click the Signin button To Check Study Material                                                                # stepDefinition.OEP_3_StudyMaterial.click_the_signin_button_to_check_study_material()
  Then Click take picture button in Study Material                                                                   # stepDefinition.OEP_3_StudyMaterial.click_take_picture_button_in_Study_Material()
  Then Click Study Material button                                                                                   # stepDefinition.OEP_3_StudyMaterial.click_Study_Material_button()
  Given Click any subject name                                                                                       # stepDefinition.OEP_3_StudyMaterial.click_any_subject_name()
  When Click add material button                                                                                     # stepDefinition.OEP_3_StudyMaterial.click_add_material_button()
  And Select any subject from the dropdown in the subject tab                                                        # stepDefinition.OEP_3_StudyMaterial.select_any_subject_from_the_dropdown_in_the_subject_tab()
  Then Select any topic name from the dropdown in topic                                                              # stepDefinition.OEP_3_StudyMaterial.select_any_topic_name_from_the_dropdown_in_topic()
  And Click edit button in topic tab in create material page                                                         # stepDefinition.OEP_3_StudyMaterial.click_edit_button_in_topic_tab_in_create_material_page()
Subject name is: Test Topics
  Then Modify valid topic details in edit topic                                                                      # stepDefinition.OEP_3_StudyMaterial.modify_valid_topic_details_in_edit_topic()
  And Click update button in edit topic tab                                                                          # stepDefinition.OEP_3_StudyMaterial.click_update_button_in_edit_topic_tab()
Success message displayed like: Topic already exist!
  Then Check success message is displayed or not in edit topic popup                                                 # stepDefinition.OEP_3_StudyMaterial.check_success_message_is_displayed_or_not_in_edit_topic_popup()
      org.junit.ComparisonFailure: Success message is not displayed expected:<Topic [already exist]!> but was:<Topic [updated successfully]!>
	at org.junit.Assert.assertEquals(Assert.java:117)
	at stepDefinition.OEP_3_StudyMaterial.check_success_message_is_displayed_or_not_in_edit_topic_popup(OEP_3_StudyMaterial.java:891)
	at ✽.Check success message is displayed or not in edit topic popup(file:///C:/Users/thirumaran/eclipse-workspace/NexTestify_Cucumber/src/test/resources/FeatureFiles/3_OEP_StudyMaterial.feature:214)

  Then Close Study Material button                                                                                   # stepDefinition.OEP_3_StudyMaterial.close_study_material_button()
]]></system-out>
  </testcase>
  <testcase name="Delete Topic:Close button Check" classname="STUDY MATERIAL" time="29.396">
    <system-out><![CDATA[
@TC_22
Scenario: Delete Topic:Close button Check                                                                            # src/test/resources/FeatureFiles/3_OEP_StudyMaterial.feature:218
  Given To Check Study Material is navigating to OEP URL is "http://192.168.1.30/OEPADMIN/"                          # stepDefinition.OEP_3_StudyMaterial.to_check_study_material_is_navigating_to_oep_url_is(java.lang.String)
  When To Check Study Material Enter username and password are "thirumaran@sankarasoftware.com" and "Thirumaran@001" # stepDefinition.OEP_3_StudyMaterial.to_check_study_material_enter_username_and_password_are_and(java.lang.String,java.lang.String)
  And click the Signin button To Check Study Material                                                                # stepDefinition.OEP_3_StudyMaterial.click_the_signin_button_to_check_study_material()
  Then Click take picture button in Study Material                                                                   # stepDefinition.OEP_3_StudyMaterial.click_take_picture_button_in_Study_Material()
  Then Click Study Material button                                                                                   # stepDefinition.OEP_3_StudyMaterial.click_Study_Material_button()
  Given Click any subject name                                                                                       # stepDefinition.OEP_3_StudyMaterial.click_any_subject_name()
  When Click add material button                                                                                     # stepDefinition.OEP_3_StudyMaterial.click_add_material_button()
  And Select any subject from the dropdown in the subject tab                                                        # stepDefinition.OEP_3_StudyMaterial.select_any_subject_from_the_dropdown_in_the_subject_tab()
  Then Select any topic name from the dropdown in topic tab                                                          # stepDefinition.OEP_3_StudyMaterial.select_any_topic_name_from_the_dropdown_in_topic_tab()
  And Click delete button in topic tab                                                                               # stepDefinition.OEP_3_StudyMaterial.click_delete_button_in_topic_tab()
  Then Click close button in delete topic                                                                            # stepDefinition.OEP_3_StudyMaterial.click_close_button_in_delete_topic()
Page is closed  Then Close Study Material button                                                                                   # stepDefinition.OEP_3_StudyMaterial.close_study_material_button()
]]></system-out>
  </testcase>
  <testcase name="Delete Topic:No button Check" classname="STUDY MATERIAL" time="29.388">
    <system-out><![CDATA[
@TC_23
Scenario: Delete Topic:No button Check                                                                               # src/test/resources/FeatureFiles/3_OEP_StudyMaterial.feature:228
  Given To Check Study Material is navigating to OEP URL is "http://192.168.1.30/OEPADMIN/"                          # stepDefinition.OEP_3_StudyMaterial.to_check_study_material_is_navigating_to_oep_url_is(java.lang.String)
  When To Check Study Material Enter username and password are "thirumaran@sankarasoftware.com" and "Thirumaran@001" # stepDefinition.OEP_3_StudyMaterial.to_check_study_material_enter_username_and_password_are_and(java.lang.String,java.lang.String)
  And click the Signin button To Check Study Material                                                                # stepDefinition.OEP_3_StudyMaterial.click_the_signin_button_to_check_study_material()
  Then Click take picture button in Study Material                                                                   # stepDefinition.OEP_3_StudyMaterial.click_take_picture_button_in_Study_Material()
  Then Click Study Material button                                                                                   # stepDefinition.OEP_3_StudyMaterial.click_Study_Material_button()
  Given Click any subject name                                                                                       # stepDefinition.OEP_3_StudyMaterial.click_any_subject_name()
  When Click add material button                                                                                     # stepDefinition.OEP_3_StudyMaterial.click_add_material_button()
  And Select any subject from the dropdown in the subject tab                                                        # stepDefinition.OEP_3_StudyMaterial.select_any_subject_from_the_dropdown_in_the_subject_tab()
  Then Select any topic name from the dropdown in topic tab                                                          # stepDefinition.OEP_3_StudyMaterial.select_any_topic_name_from_the_dropdown_in_topic_tab()
  And Click delete button in topic tab                                                                               # stepDefinition.OEP_3_StudyMaterial.click_delete_button_in_topic_tab()
  Then Click no button in delete topic                                                                               # stepDefinition.OEP_3_StudyMaterial.click_no_button_in_delete_topic()
Page is closed  Then Close Study Material button                                                                                   # stepDefinition.OEP_3_StudyMaterial.close_study_material_button()
]]></system-out>
  </testcase>
  <testcase name="Delete Topic:Yes button Check" classname="STUDY MATERIAL" time="29.089">
    <system-out><![CDATA[
@TC_24
Scenario: Delete Topic:Yes button Check                                                                              # src/test/resources/FeatureFiles/3_OEP_StudyMaterial.feature:238
  Given To Check Study Material is navigating to OEP URL is "http://192.168.1.30/OEPADMIN/"                          # stepDefinition.OEP_3_StudyMaterial.to_check_study_material_is_navigating_to_oep_url_is(java.lang.String)
  When To Check Study Material Enter username and password are "thirumaran@sankarasoftware.com" and "Thirumaran@001" # stepDefinition.OEP_3_StudyMaterial.to_check_study_material_enter_username_and_password_are_and(java.lang.String,java.lang.String)
  And click the Signin button To Check Study Material                                                                # stepDefinition.OEP_3_StudyMaterial.click_the_signin_button_to_check_study_material()
  Then Click take picture button in Study Material                                                                   # stepDefinition.OEP_3_StudyMaterial.click_take_picture_button_in_Study_Material()
  Then Click Study Material button                                                                                   # stepDefinition.OEP_3_StudyMaterial.click_Study_Material_button()
  Given Click any subject name                                                                                       # stepDefinition.OEP_3_StudyMaterial.click_any_subject_name()
  When Click add material button                                                                                     # stepDefinition.OEP_3_StudyMaterial.click_add_material_button()
  And Select any subject from the dropdown in the subject tab                                                        # stepDefinition.OEP_3_StudyMaterial.select_any_subject_from_the_dropdown_in_the_subject_tab()
  Then Select any topic name from the dropdown in topic tab                                                          # stepDefinition.OEP_3_StudyMaterial.select_any_topic_name_from_the_dropdown_in_topic_tab()
  And Click delete button in topic tab                                                                               # stepDefinition.OEP_3_StudyMaterial.click_delete_button_in_topic_tab()
Page is closed  Then Close Study Material button                                                                                   # stepDefinition.OEP_3_StudyMaterial.close_study_material_button()
]]></system-out>
  </testcase>
  <testcase name="Add Material:Valid Check #2" classname="STUDY MATERIAL" time="37.934">
    <system-out><![CDATA[
@TC_25
Scenario: Add Material:Valid Check                                                                                   # src/test/resources/FeatureFiles/3_OEP_StudyMaterial.feature:248
  Given To Check Study Material is navigating to OEP URL is "http://192.168.1.30/OEPADMIN/"                          # stepDefinition.OEP_3_StudyMaterial.to_check_study_material_is_navigating_to_oep_url_is(java.lang.String)
  When To Check Study Material Enter username and password are "thirumaran@sankarasoftware.com" and "Thirumaran@001" # stepDefinition.OEP_3_StudyMaterial.to_check_study_material_enter_username_and_password_are_and(java.lang.String,java.lang.String)
  And click the Signin button To Check Study Material                                                                # stepDefinition.OEP_3_StudyMaterial.click_the_signin_button_to_check_study_material()
  Then Click take picture button in Study Material                                                                   # stepDefinition.OEP_3_StudyMaterial.click_take_picture_button_in_Study_Material()
  Then Click Study Material button                                                                                   # stepDefinition.OEP_3_StudyMaterial.click_Study_Material_button()
  Given Click any subject name                                                                                       # stepDefinition.OEP_3_StudyMaterial.click_any_subject_name()
  When Click add material button                                                                                     # stepDefinition.OEP_3_StudyMaterial.click_add_material_button()
  And Select any subject from the dropdown in the subject tab                                                        # stepDefinition.OEP_3_StudyMaterial.select_any_subject_from_the_dropdown_in_the_subject_tab()
  Then Select any topic name from the dropdown in the topic tab                                                      # stepDefinition.OEP_3_StudyMaterial.select_any_topic_name_from_the_dropdown_in_the_topic_tab()
  And Enter valid chapter name                                                                                       # stepDefinition.OEP_3_StudyMaterial.enter_valid_chapter_name()
Radio button is already selected
  Then Click raw content radio button                                                                                # stepDefinition.OEP_3_StudyMaterial.click_raw_content_radio_button()
  And Enter valid details in the Synopsis box                                                                        # stepDefinition.OEP_3_StudyMaterial.enter_valid_details_in_the_synopsis_box()
  Then Upload valid files in appendices tab                                                                          # stepDefinition.OEP_3_StudyMaterial.upload_valid_files_in_appendices_tab()
  And Click save button in add material                                                                              # stepDefinition.OEP_3_StudyMaterial.click_save_button_in_add_material()
Page is closed  Then Close Study Material button                                                                                   # stepDefinition.OEP_3_StudyMaterial.close_study_material_button()
]]></system-out>
  </testcase>
  <testcase name="Edit Material:Clear check" classname="STUDY MATERIAL" time="26.668">
    <system-out><![CDATA[
@TC_26
Scenario: Edit Material:Clear check                                                                                  # src/test/resources/FeatureFiles/3_OEP_StudyMaterial.feature:262
  Given To Check Study Material is navigating to OEP URL is "http://192.168.1.30/OEPADMIN/"                          # stepDefinition.OEP_3_StudyMaterial.to_check_study_material_is_navigating_to_oep_url_is(java.lang.String)
  When To Check Study Material Enter username and password are "thirumaran@sankarasoftware.com" and "Thirumaran@001" # stepDefinition.OEP_3_StudyMaterial.to_check_study_material_enter_username_and_password_are_and(java.lang.String,java.lang.String)
  And click the Signin button To Check Study Material                                                                # stepDefinition.OEP_3_StudyMaterial.click_the_signin_button_to_check_study_material()
  Then Click take picture button in Study Material                                                                   # stepDefinition.OEP_3_StudyMaterial.click_take_picture_button_in_Study_Material()
  Then Click Study Material button                                                                                   # stepDefinition.OEP_3_StudyMaterial.click_Study_Material_button()
  Given Click any subject name                                                                                       # stepDefinition.OEP_3_StudyMaterial.click_any_subject_name()
  When Click any question and answer details                                                                         # stepDefinition.OEP_3_StudyMaterial.click_any_question_and_answer_details()
  And Click clear button in edit material page                                                                       # stepDefinition.OEP_3_StudyMaterial.click_clear_button_in_edit_material_page()
All tabs are cleared and clear button is working
  Then Check details gets cleared or not in edit material page                                                       # stepDefinition.OEP_3_StudyMaterial.check_details_gets_cleared_or_not_in_edit_material_page()
Page is closed  Then Close Study Material button                                                                                   # stepDefinition.OEP_3_StudyMaterial.close_study_material_button()
]]></system-out>
  </testcase>
  <testcase name="Edit Material:Delete check" classname="STUDY MATERIAL" time="26.992">
    <system-out><![CDATA[
@TC_27
Scenario: Edit Material:Delete check                                                                                 # src/test/resources/FeatureFiles/3_OEP_StudyMaterial.feature:270
  Given To Check Study Material is navigating to OEP URL is "http://192.168.1.30/OEPADMIN/"                          # stepDefinition.OEP_3_StudyMaterial.to_check_study_material_is_navigating_to_oep_url_is(java.lang.String)
  When To Check Study Material Enter username and password are "thirumaran@sankarasoftware.com" and "Thirumaran@001" # stepDefinition.OEP_3_StudyMaterial.to_check_study_material_enter_username_and_password_are_and(java.lang.String,java.lang.String)
  And click the Signin button To Check Study Material                                                                # stepDefinition.OEP_3_StudyMaterial.click_the_signin_button_to_check_study_material()
  Then Click take picture button in Study Material                                                                   # stepDefinition.OEP_3_StudyMaterial.click_take_picture_button_in_Study_Material()
  Then Click Study Material button                                                                                   # stepDefinition.OEP_3_StudyMaterial.click_Study_Material_button()
  Given Click any subject name                                                                                       # stepDefinition.OEP_3_StudyMaterial.click_any_subject_name()
  When Click any question and answer details                                                                         # stepDefinition.OEP_3_StudyMaterial.click_any_question_and_answer_details()
  And Click delete button in edit material page                                                                      # stepDefinition.OEP_3_StudyMaterial.click_delete_button_in_edit_material_page()
  Then Upload any material in edit material page                                                                     # stepDefinition.OEP_3_StudyMaterial.Upload_any_material_in_edit_material_page()
Page is closed  Then Close Study Material button                                                                                   # stepDefinition.OEP_3_StudyMaterial.close_study_material_button()
]]></system-out>
  </testcase>
  <testcase name="Edit Material:Modify check" classname="STUDY MATERIAL" time="27.492">
    <system-out><![CDATA[
@TC_28
Scenario: Edit Material:Modify check                                                                                 # src/test/resources/FeatureFiles/3_OEP_StudyMaterial.feature:278
  Given To Check Study Material is navigating to OEP URL is "http://192.168.1.30/OEPADMIN/"                          # stepDefinition.OEP_3_StudyMaterial.to_check_study_material_is_navigating_to_oep_url_is(java.lang.String)
  When To Check Study Material Enter username and password are "thirumaran@sankarasoftware.com" and "Thirumaran@001" # stepDefinition.OEP_3_StudyMaterial.to_check_study_material_enter_username_and_password_are_and(java.lang.String,java.lang.String)
  And click the Signin button To Check Study Material                                                                # stepDefinition.OEP_3_StudyMaterial.click_the_signin_button_to_check_study_material()
  Then Click take picture button in Study Material                                                                   # stepDefinition.OEP_3_StudyMaterial.click_take_picture_button_in_Study_Material()
  Then Click Study Material button                                                                                   # stepDefinition.OEP_3_StudyMaterial.click_Study_Material_button()
  Given Click any subject name                                                                                       # stepDefinition.OEP_3_StudyMaterial.click_any_subject_name()
  When Click any question and answer details                                                                         # stepDefinition.OEP_3_StudyMaterial.click_any_question_and_answer_details()
Subject name is: Smart Contracts
  And Modify any details in edit material page                                                                       # stepDefinition.OEP_3_StudyMaterial.modify_any_details_in_edit_material_page()
  Then Click update button in edit material page                                                                     # stepDefinition.OEP_3_StudyMaterial.click_update_button_in_edit_material_page()
Success message displayed like: Study Material updated successfully!
  Then Check success message is displayed or not in edit material page                                               # stepDefinition.OEP_3_StudyMaterial.check_success_message_is_displayed_or_not_in_edit_material_page()
Page is closed  Then Close Study Material button                                                                                   # stepDefinition.OEP_3_StudyMaterial.close_study_material_button()
]]></system-out>
  </testcase>
  <testcase name="Exercise:Back check #1" classname="STUDY MATERIAL" time="21.332">
    <system-out><![CDATA[
@TC_29
Scenario: Exercise:Back check                                                                                        # src/test/resources/FeatureFiles/3_OEP_StudyMaterial.feature:287
  Given To Check Study Material is navigating to OEP URL is "http://192.168.1.30/OEPADMIN/"                          # stepDefinition.OEP_3_StudyMaterial.to_check_study_material_is_navigating_to_oep_url_is(java.lang.String)
  When To Check Study Material Enter username and password are "thirumaran@sankarasoftware.com" and "Thirumaran@001" # stepDefinition.OEP_3_StudyMaterial.to_check_study_material_enter_username_and_password_are_and(java.lang.String,java.lang.String)
  And click the Signin button To Check Study Material                                                                # stepDefinition.OEP_3_StudyMaterial.click_the_signin_button_to_check_study_material()
  Then Click take picture button in Study Material                                                                   # stepDefinition.OEP_3_StudyMaterial.click_take_picture_button_in_Study_Material()
  Then Click Study Material button                                                                                   # stepDefinition.OEP_3_StudyMaterial.click_Study_Material_button()
  Given Click any subject name                                                                                       # stepDefinition.OEP_3_StudyMaterial.click_any_subject_name()
  When Click the exercise button                                                                                     # stepDefinition.OEP_3_StudyMaterial.click_the_exercise_button()
  And Click view material button in exercise                                                                         # stepDefinition.OEP_3_StudyMaterial.click_view_material_button_in_exercise()
  Then Check page navigates to view material page or not                                                             # stepDefinition.OEP_3_StudyMaterial.check_page_navigates_to_view_material_page_or_not()
Page is closed  Then Close Study Material button                                                                                   # stepDefinition.OEP_3_StudyMaterial.close_study_material_button()
]]></system-out>
  </testcase>
  <testcase name="Exercise:Back check #2" classname="STUDY MATERIAL" time="21.636">
    <system-out><![CDATA[
@TC_30
Scenario: Exercise:Back check                                                                                        # src/test/resources/FeatureFiles/3_OEP_StudyMaterial.feature:295
  Given To Check Study Material is navigating to OEP URL is "http://192.168.1.30/OEPADMIN/"                          # stepDefinition.OEP_3_StudyMaterial.to_check_study_material_is_navigating_to_oep_url_is(java.lang.String)
  When To Check Study Material Enter username and password are "thirumaran@sankarasoftware.com" and "Thirumaran@001" # stepDefinition.OEP_3_StudyMaterial.to_check_study_material_enter_username_and_password_are_and(java.lang.String,java.lang.String)
  And click the Signin button To Check Study Material                                                                # stepDefinition.OEP_3_StudyMaterial.click_the_signin_button_to_check_study_material()
  Then Click take picture button in Study Material                                                                   # stepDefinition.OEP_3_StudyMaterial.click_take_picture_button_in_Study_Material()
  Then Click Study Material button                                                                                   # stepDefinition.OEP_3_StudyMaterial.click_Study_Material_button()
  Given Click any subject name                                                                                       # stepDefinition.OEP_3_StudyMaterial.click_any_subject_name()
  When Click the exercise button                                                                                     # stepDefinition.OEP_3_StudyMaterial.click_the_exercise_button()
  And Click add material button in exercise                                                                          # stepDefinition.OEP_3_StudyMaterial.click_add_material_button_in_exercise()
  Then Check page navigates to add material page or not                                                              # stepDefinition.OEP_3_StudyMaterial.check_page_navigates_to_add_material_page_or_not()
Page is closed  Then Close Study Material button                                                                                   # stepDefinition.OEP_3_StudyMaterial.close_study_material_button()
]]></system-out>
  </testcase>
  <testcase name="Exercise:Back check #3" classname="STUDY MATERIAL" time="30.316">
    <system-out><![CDATA[
@TC_31
Scenario: Exercise:Back check                                                                                        # src/test/resources/FeatureFiles/3_OEP_StudyMaterial.feature:303
  Given To Check Study Material is navigating to OEP URL is "http://192.168.1.30/OEPADMIN/"                          # stepDefinition.OEP_3_StudyMaterial.to_check_study_material_is_navigating_to_oep_url_is(java.lang.String)
  When To Check Study Material Enter username and password are "thirumaran@sankarasoftware.com" and "Thirumaran@001" # stepDefinition.OEP_3_StudyMaterial.to_check_study_material_enter_username_and_password_are_and(java.lang.String,java.lang.String)
  And click the Signin button To Check Study Material                                                                # stepDefinition.OEP_3_StudyMaterial.click_the_signin_button_to_check_study_material()
  Then Click take picture button in Study Material                                                                   # stepDefinition.OEP_3_StudyMaterial.click_take_picture_button_in_Study_Material()
  Then Click Study Material button                                                                                   # stepDefinition.OEP_3_StudyMaterial.click_Study_Material_button()
  Given Click any subject name                                                                                       # stepDefinition.OEP_3_StudyMaterial.click_any_subject_name()
  When Click the exercise button                                                                                     # stepDefinition.OEP_3_StudyMaterial.click_the_exercise_button()
  And Click edit button of any exercise question                                                                     # stepDefinition.OEP_3_StudyMaterial.click_edit_button_of_any_exercise_question()
  Then Click clear button in edit question                                                                           # stepDefinition.OEP_3_StudyMaterial.click_clear_button_in_edit_question()
Chapter tab has: 
All tabs are cleared and clear button is working
  And Check details are cleared or not in edit question                                                              # stepDefinition.OEP_3_StudyMaterial.check_details_are_cleared_or_not_in_edit_material()
Page is closed  Then Close Study Material button                                                                                   # stepDefinition.OEP_3_StudyMaterial.close_study_material_button()
]]></system-out>
  </testcase>
  <testcase name="Exercise:Mandatory Check" classname="STUDY MATERIAL" time="30.005">
    <system-out><![CDATA[
@TC_32
Scenario: Exercise:Mandatory Check                                                                                   # src/test/resources/FeatureFiles/3_OEP_StudyMaterial.feature:312
  Given To Check Study Material is navigating to OEP URL is "http://192.168.1.30/OEPADMIN/"                          # stepDefinition.OEP_3_StudyMaterial.to_check_study_material_is_navigating_to_oep_url_is(java.lang.String)
  When To Check Study Material Enter username and password are "thirumaran@sankarasoftware.com" and "Thirumaran@001" # stepDefinition.OEP_3_StudyMaterial.to_check_study_material_enter_username_and_password_are_and(java.lang.String,java.lang.String)
  And click the Signin button To Check Study Material                                                                # stepDefinition.OEP_3_StudyMaterial.click_the_signin_button_to_check_study_material()
  Then Click take picture button in Study Material                                                                   # stepDefinition.OEP_3_StudyMaterial.click_take_picture_button_in_Study_Material()
  Then Click Study Material button                                                                                   # stepDefinition.OEP_3_StudyMaterial.click_Study_Material_button()
  Given Click any subject name                                                                                       # stepDefinition.OEP_3_StudyMaterial.click_any_subject_name()
  When Click the exercise button                                                                                     # stepDefinition.OEP_3_StudyMaterial.click_the_exercise_button()
  And Click edit button of any exercise question                                                                     # stepDefinition.OEP_3_StudyMaterial.click_edit_button_of_any_exercise_question()
  Then Click clear button in edit question                                                                           # stepDefinition.OEP_3_StudyMaterial.click_clear_button_in_edit_question()
  And Click update button in edit question                                                                           # stepDefinition.OEP_3_StudyMaterial.click_update_button_in_edit_question()
Error message displayed like: Question is required!
  And Check mandatory error message is displayed or not in edit question page                                        # stepDefinition.OEP_3_StudyMaterial.check_mandatory_error_message_is_displayed_or_not_in_edit_question_page()
Page is closed  Then Close Study Material button                                                                                   # stepDefinition.OEP_3_StudyMaterial.close_study_material_button()
]]></system-out>
  </testcase>
  <testcase name="Exercise:Features Check #1" classname="STUDY MATERIAL" time="24.412">
    <system-out><![CDATA[
@TC_33
Scenario: Exercise:Features Check                                                                                    # src/test/resources/FeatureFiles/3_OEP_StudyMaterial.feature:322
  Given To Check Study Material is navigating to OEP URL is "http://192.168.1.30/OEPADMIN/"                          # stepDefinition.OEP_3_StudyMaterial.to_check_study_material_is_navigating_to_oep_url_is(java.lang.String)
  When To Check Study Material Enter username and password are "thirumaran@sankarasoftware.com" and "Thirumaran@001" # stepDefinition.OEP_3_StudyMaterial.to_check_study_material_enter_username_and_password_are_and(java.lang.String,java.lang.String)
  And click the Signin button To Check Study Material                                                                # stepDefinition.OEP_3_StudyMaterial.click_the_signin_button_to_check_study_material()
  Then Click take picture button in Study Material                                                                   # stepDefinition.OEP_3_StudyMaterial.click_take_picture_button_in_Study_Material()
  Then Click Study Material button                                                                                   # stepDefinition.OEP_3_StudyMaterial.click_Study_Material_button()
  Given Click any subject name                                                                                       # stepDefinition.OEP_3_StudyMaterial.click_any_subject_name()
  When Click the exercise button                                                                                     # stepDefinition.OEP_3_StudyMaterial.click_the_exercise_button()
  And Click edit button of any exercise question                                                                     # stepDefinition.OEP_3_StudyMaterial.click_edit_button_of_any_exercise_question()
Page is closed  Then Close Study Material button                                                                                   # stepDefinition.OEP_3_StudyMaterial.close_study_material_button()
]]></system-out>
  </testcase>
  <testcase name="Exercise:Features Check #2" classname="STUDY MATERIAL" time="24.23">
    <system-out><![CDATA[
@TC_34
Scenario: Exercise:Features Check                                                                                    # src/test/resources/FeatureFiles/3_OEP_StudyMaterial.feature:330
  Given To Check Study Material is navigating to OEP URL is "http://192.168.1.30/OEPADMIN/"                          # stepDefinition.OEP_3_StudyMaterial.to_check_study_material_is_navigating_to_oep_url_is(java.lang.String)
  When To Check Study Material Enter username and password are "thirumaran@sankarasoftware.com" and "Thirumaran@001" # stepDefinition.OEP_3_StudyMaterial.to_check_study_material_enter_username_and_password_are_and(java.lang.String,java.lang.String)
  And click the Signin button To Check Study Material                                                                # stepDefinition.OEP_3_StudyMaterial.click_the_signin_button_to_check_study_material()
  Then Click take picture button in Study Material                                                                   # stepDefinition.OEP_3_StudyMaterial.click_take_picture_button_in_Study_Material()
  Then Click Study Material button                                                                                   # stepDefinition.OEP_3_StudyMaterial.click_Study_Material_button()
  Given Click any subject name                                                                                       # stepDefinition.OEP_3_StudyMaterial.click_any_subject_name()
  When Click the exercise button                                                                                     # stepDefinition.OEP_3_StudyMaterial.click_the_exercise_button()
  And Click edit button of any exercise question                                                                     # stepDefinition.OEP_3_StudyMaterial.click_edit_button_of_any_exercise_question()
Page is closed  Then Close Study Material button                                                                                   # stepDefinition.OEP_3_StudyMaterial.close_study_material_button()
]]></system-out>
  </testcase>
  <testcase name="Exercise:Update Check" classname="STUDY MATERIAL" time="32.519">
    <system-out><![CDATA[
@TC_35
Scenario: Exercise:Update Check                                                                                      # src/test/resources/FeatureFiles/3_OEP_StudyMaterial.feature:338
  Given To Check Study Material is navigating to OEP URL is "http://192.168.1.30/OEPADMIN/"                          # stepDefinition.OEP_3_StudyMaterial.to_check_study_material_is_navigating_to_oep_url_is(java.lang.String)
  When To Check Study Material Enter username and password are "thirumaran@sankarasoftware.com" and "Thirumaran@001" # stepDefinition.OEP_3_StudyMaterial.to_check_study_material_enter_username_and_password_are_and(java.lang.String,java.lang.String)
  And click the Signin button To Check Study Material                                                                # stepDefinition.OEP_3_StudyMaterial.click_the_signin_button_to_check_study_material()
  Then Click take picture button in Study Material                                                                   # stepDefinition.OEP_3_StudyMaterial.click_take_picture_button_in_Study_Material()
  Then Click Study Material button                                                                                   # stepDefinition.OEP_3_StudyMaterial.click_Study_Material_button()
  Given Click any subject name                                                                                       # stepDefinition.OEP_3_StudyMaterial.click_any_subject_name()
  When Click the exercise button                                                                                     # stepDefinition.OEP_3_StudyMaterial.click_the_exercise_button()
  And Click edit button of any exercise question                                                                     # stepDefinition.OEP_3_StudyMaterial.click_edit_button_of_any_exercise_question()
Subject name is: That means the transaction cannot be changed, and only parties who have been granted permission can see the _____
  Then Modify valid details in edit question page                                                                    # stepDefinition.OEP_3_StudyMaterial.modify_valid_details_in_edit_question_page()
  And Click update button in edit question                                                                           # stepDefinition.OEP_3_StudyMaterial.click_update_button_in_edit_question()
Success message displayed like: Question and answer updated successfully!
  And Check success message is displayed or not in edit question                                                     # stepDefinition.OEP_3_StudyMaterial.check_alert_message_is_displayed_or_not_in_edit_question()
Page is closed  Then Close Study Material button                                                                                   # stepDefinition.OEP_3_StudyMaterial.close_study_material_button()
]]></system-out>
  </testcase>
</testsuite>