<?xml version="1.0" encoding="UTF-8"?>
<testsuite xmlns:xsi="http://www.w3.org/2001/XMLSchema-instance" xsi:noNamespaceSchemaLocation="https://maven.apache.org/surefire/maven-surefire-plugin/xsd/surefire-test-report.xsd" version="3.0.1" name="runnerClass.OEP_4_LoginPageRunnerTest" time="193.717" tests="17" errors="0" skipped="0" failures="2">
  <properties>
    <property name="java.specification.version" value="21"/>
    <property name="webdriver.chrome.driver" value=".\Driver\chromedriver.exe"/>
    <property name="sun.cpu.isalist" value="amd64"/>
    <property name="sun.jnu.encoding" value="Cp1252"/>
    <property name="java.class.path" value="C:\Users\thirumaran\eclipse-workspace\NexTestify_Cucumber\target\test-classes;C:\Users\thirumaran\eclipse-workspace\NexTestify_Cucumber\target\classes;C:\WINDOWS\system32\config\systemprofile\.m2\repository\io\cucumber\cucumber-java\7.18.0\cucumber-java-7.18.0.jar;C:\WINDOWS\system32\config\systemprofile\.m2\repository\org\apiguardian\apiguardian-api\1.1.2\apiguardian-api-1.1.2.jar;C:\WINDOWS\system32\config\systemprofile\.m2\repository\io\cucumber\cucumber-junit\7.18.0\cucumber-junit-7.18.0.jar;C:\WINDOWS\system32\config\systemprofile\.m2\repository\io\cucumber\cucumber-core\7.18.0\cucumber-core-7.18.0.jar;C:\WINDOWS\system32\config\systemprofile\.m2\repository\io\cucumber\cucumber-gherkin\7.18.0\cucumber-gherkin-7.18.0.jar;C:\WINDOWS\system32\config\systemprofile\.m2\repository\io\cucumber\cucumber-gherkin-messages\7.18.0\cucumber-gherkin-messages-7.18.0.jar;C:\WINDOWS\system32\config\systemprofile\.m2\repository\io\cucumber\gherkin\28.0.0\gherkin-28.0.0.jar;C:\WINDOWS\system32\config\systemprofile\.m2\repository\io\cucumber\messages\24.1.0\messages-24.1.0.jar;C:\WINDOWS\system32\config\systemprofile\.m2\repository\io\cucumber\testng-xml-formatter\0.1.0\testng-xml-formatter-0.1.0.jar;C:\WINDOWS\system32\config\systemprofile\.m2\repository\io\cucumber\query\12.2.0\query-12.2.0.jar;C:\WINDOWS\system32\config\systemprofile\.m2\repository\io\cucumber\tag-expressions\6.1.0\tag-expressions-6.1.0.jar;C:\WINDOWS\system32\config\systemprofile\.m2\repository\io\cucumber\cucumber-expressions\17.1.0\cucumber-expressions-17.1.0.jar;C:\WINDOWS\system32\config\systemprofile\.m2\repository\io\cucumber\datatable\7.18.0\datatable-7.18.0.jar;C:\WINDOWS\system32\config\systemprofile\.m2\repository\io\cucumber\cucumber-plugin\7.18.0\cucumber-plugin-7.18.0.jar;C:\WINDOWS\system32\config\systemprofile\.m2\repository\io\cucumber\docstring\7.18.0\docstring-7.18.0.jar;C:\WINDOWS\system32\config\systemprofile\.m2\repository\io\cucumber\html-formatter\21.3.1\html-formatter-21.3.1.jar;C:\WINDOWS\system32\config\systemprofile\.m2\repository\io\cucumber\junit-xml-formatter\0.4.0\junit-xml-formatter-0.4.0.jar;C:\WINDOWS\system32\config\systemprofile\.m2\repository\io\cucumber\ci-environment\10.0.1\ci-environment-10.0.1.jar;C:\WINDOWS\system32\config\systemprofile\.m2\repository\io\github\bonigarcia\webdrivermanager\5.9.1\webdrivermanager-5.9.1.jar;C:\WINDOWS\system32\config\systemprofile\.m2\repository\org\slf4j\slf4j-api\2.0.13\slf4j-api-2.0.13.jar;C:\WINDOWS\system32\config\systemprofile\.m2\repository\com\google\code\gson\gson\2.11.0\gson-2.11.0.jar;C:\WINDOWS\system32\config\systemprofile\.m2\repository\com\google\errorprone\error_prone_annotations\2.27.0\error_prone_annotations-2.27.0.jar;C:\WINDOWS\system32\config\systemprofile\.m2\repository\com\github\docker-java\docker-java\3.3.6\docker-java-3.3.6.jar;C:\WINDOWS\system32\config\systemprofile\.m2\repository\com\github\docker-java\docker-java-core\3.3.6\docker-java-core-3.3.6.jar;C:\WINDOWS\system32\config\systemprofile\.m2\repository\com\github\docker-java\docker-java-api\3.3.6\docker-java-api-3.3.6.jar;C:\WINDOWS\system32\config\systemprofile\.m2\repository\com\fasterxml\jackson\core\jackson-annotations\2.10.3\jackson-annotations-2.10.3.jar;C:\WINDOWS\system32\config\systemprofile\.m2\repository\com\fasterxml\jackson\core\jackson-databind\2.10.3\jackson-databind-2.10.3.jar;C:\WINDOWS\system32\config\systemprofile\.m2\repository\com\fasterxml\jackson\core\jackson-core\2.10.3\jackson-core-2.10.3.jar;C:\WINDOWS\system32\config\systemprofile\.m2\repository\org\slf4j\jcl-over-slf4j\1.7.30\jcl-over-slf4j-1.7.30.jar;C:\WINDOWS\system32\config\systemprofile\.m2\repository\com\github\docker-java\docker-java-transport-httpclient5\3.3.6\docker-java-transport-httpclient5-3.3.6.jar;C:\WINDOWS\system32\config\systemprofile\.m2\repository\com\github\docker-java\docker-java-transport\3.3.6\docker-java-transport-3.3.6.jar;C:\WINDOWS\system32\config\systemprofile\.m2\repository\net\java\dev\jna\jna\5.13.0\jna-5.13.0.jar;C:\WINDOWS\system32\config\systemprofile\.m2\repository\org\brotli\dec\0.1.2\dec-0.1.2.jar;C:\WINDOWS\system32\config\systemprofile\.m2\repository\org\apache\commons\commons-lang3\3.14.0\commons-lang3-3.14.0.jar;C:\WINDOWS\system32\config\systemprofile\.m2\repository\org\apache\commons\commons-compress\1.26.2\commons-compress-1.26.2.jar;C:\WINDOWS\system32\config\systemprofile\.m2\repository\org\apache\httpcomponents\client5\httpclient5\5.2.1\httpclient5-5.2.1.jar;C:\WINDOWS\system32\config\systemprofile\.m2\repository\org\apache\httpcomponents\core5\httpcore5\5.2\httpcore5-5.2.jar;C:\WINDOWS\system32\config\systemprofile\.m2\repository\org\apache\httpcomponents\core5\httpcore5-h2\5.2\httpcore5-h2-5.2.jar;C:\WINDOWS\system32\config\systemprofile\.m2\repository\org\seleniumhq\selenium\selenium-java\4.29.0\selenium-java-4.29.0.jar;C:\WINDOWS\system32\config\systemprofile\.m2\repository\org\seleniumhq\selenium\selenium-api\4.29.0\selenium-api-4.29.0.jar;C:\WINDOWS\system32\config\systemprofile\.m2\repository\org\jspecify\jspecify\1.0.0\jspecify-1.0.0.jar;C:\WINDOWS\system32\config\systemprofile\.m2\repository\org\seleniumhq\selenium\selenium-chrome-driver\4.29.0\selenium-chrome-driver-4.29.0.jar;C:\WINDOWS\system32\config\systemprofile\.m2\repository\com\google\auto\service\auto-service-annotations\1.1.1\auto-service-annotations-1.1.1.jar;C:\WINDOWS\system32\config\systemprofile\.m2\repository\org\seleniumhq\selenium\selenium-chromium-driver\4.29.0\selenium-chromium-driver-4.29.0.jar;C:\WINDOWS\system32\config\systemprofile\.m2\repository\org\seleniumhq\selenium\selenium-json\4.29.0\selenium-json-4.29.0.jar;C:\WINDOWS\system32\config\systemprofile\.m2\repository\org\seleniumhq\selenium\selenium-manager\4.29.0\selenium-manager-4.29.0.jar;C:\WINDOWS\system32\config\systemprofile\.m2\repository\org\seleniumhq\selenium\selenium-devtools-v131\4.29.0\selenium-devtools-v131-4.29.0.jar;C:\WINDOWS\system32\config\systemprofile\.m2\repository\org\seleniumhq\selenium\selenium-devtools-v132\4.29.0\selenium-devtools-v132-4.29.0.jar;C:\WINDOWS\system32\config\systemprofile\.m2\repository\org\seleniumhq\selenium\selenium-devtools-v133\4.29.0\selenium-devtools-v133-4.29.0.jar;C:\WINDOWS\system32\config\systemprofile\.m2\repository\org\seleniumhq\selenium\selenium-devtools-v85\4.29.0\selenium-devtools-v85-4.29.0.jar;C:\WINDOWS\system32\config\systemprofile\.m2\repository\org\seleniumhq\selenium\selenium-edge-driver\4.29.0\selenium-edge-driver-4.29.0.jar;C:\WINDOWS\system32\config\systemprofile\.m2\repository\org\seleniumhq\selenium\selenium-firefox-driver\4.29.0\selenium-firefox-driver-4.29.0.jar;C:\WINDOWS\system32\config\systemprofile\.m2\repository\org\seleniumhq\selenium\selenium-http\4.29.0\selenium-http-4.29.0.jar;C:\WINDOWS\system32\config\systemprofile\.m2\repository\org\seleniumhq\selenium\selenium-ie-driver\4.29.0\selenium-ie-driver-4.29.0.jar;C:\WINDOWS\system32\config\systemprofile\.m2\repository\org\seleniumhq\selenium\selenium-remote-driver\4.29.0\selenium-remote-driver-4.29.0.jar;C:\WINDOWS\system32\config\systemprofile\.m2\repository\com\google\guava\guava\33.4.0-jre\guava-33.4.0-jre.jar;C:\WINDOWS\system32\config\systemprofile\.m2\repository\com\google\guava\failureaccess\1.0.2\failureaccess-1.0.2.jar;C:\WINDOWS\system32\config\systemprofile\.m2\repository\com\google\guava\listenablefuture\9999.0-empty-to-avoid-conflict-with-guava\listenablefuture-9999.0-empty-to-avoid-conflict-with-guava.jar;C:\WINDOWS\system32\config\systemprofile\.m2\repository\com\google\code\findbugs\jsr305\3.0.2\jsr305-3.0.2.jar;C:\WINDOWS\system32\config\systemprofile\.m2\repository\org\checkerframework\checker-qual\3.43.0\checker-qual-3.43.0.jar;C:\WINDOWS\system32\config\systemprofile\.m2\repository\com\google\j2objc\j2objc-annotations\3.0.0\j2objc-annotations-3.0.0.jar;C:\WINDOWS\system32\config\systemprofile\.m2\repository\io\opentelemetry\semconv\opentelemetry-semconv\1.28.0-alpha\opentelemetry-semconv-1.28.0-alpha.jar;C:\WINDOWS\system32\config\systemprofile\.m2\repository\io\opentelemetry\opentelemetry-api\1.46.0\opentelemetry-api-1.46.0.jar;C:\WINDOWS\system32\config\systemprofile\.m2\repository\io\opentelemetry\opentelemetry-context\1.46.0\opentelemetry-context-1.46.0.jar;C:\WINDOWS\system32\config\systemprofile\.m2\repository\io\opentelemetry\opentelemetry-exporter-logging\1.46.0\opentelemetry-exporter-logging-1.46.0.jar;C:\WINDOWS\system32\config\systemprofile\.m2\repository\io\opentelemetry\opentelemetry-sdk-common\1.46.0\opentelemetry-sdk-common-1.46.0.jar;C:\WINDOWS\system32\config\systemprofile\.m2\repository\io\opentelemetry\opentelemetry-sdk-extension-autoconfigure-spi\1.46.0\opentelemetry-sdk-extension-autoconfigure-spi-1.46.0.jar;C:\WINDOWS\system32\config\systemprofile\.m2\repository\io\opentelemetry\opentelemetry-sdk-extension-autoconfigure\1.46.0\opentelemetry-sdk-extension-autoconfigure-1.46.0.jar;C:\WINDOWS\system32\config\systemprofile\.m2\repository\io\opentelemetry\opentelemetry-api-incubator\1.46.0-alpha\opentelemetry-api-incubator-1.46.0-alpha.jar;C:\WINDOWS\system32\config\systemprofile\.m2\repository\io\opentelemetry\opentelemetry-sdk-trace\1.46.0\opentelemetry-sdk-trace-1.46.0.jar;C:\WINDOWS\system32\config\systemprofile\.m2\repository\io\opentelemetry\opentelemetry-sdk\1.46.0\opentelemetry-sdk-1.46.0.jar;C:\WINDOWS\system32\config\systemprofile\.m2\repository\io\opentelemetry\opentelemetry-sdk-metrics\1.46.0\opentelemetry-sdk-metrics-1.46.0.jar;C:\WINDOWS\system32\config\systemprofile\.m2\repository\io\opentelemetry\opentelemetry-sdk-logs\1.46.0\opentelemetry-sdk-logs-1.46.0.jar;C:\WINDOWS\system32\config\systemprofile\.m2\repository\net\bytebuddy\byte-buddy\1.15.11\byte-buddy-1.15.11.jar;C:\WINDOWS\system32\config\systemprofile\.m2\repository\org\seleniumhq\selenium\selenium-os\4.29.0\selenium-os-4.29.0.jar;C:\WINDOWS\system32\config\systemprofile\.m2\repository\org\apache\commons\commons-exec\1.4.0\commons-exec-1.4.0.jar;C:\WINDOWS\system32\config\systemprofile\.m2\repository\org\seleniumhq\selenium\selenium-safari-driver\4.29.0\selenium-safari-driver-4.29.0.jar;C:\WINDOWS\system32\config\systemprofile\.m2\repository\org\seleniumhq\selenium\selenium-support\4.29.0\selenium-support-4.29.0.jar;C:\WINDOWS\system32\config\systemprofile\.m2\repository\junit\junit\4.13.2\junit-4.13.2.jar;C:\WINDOWS\system32\config\systemprofile\.m2\repository\org\hamcrest\hamcrest-core\1.3\hamcrest-core-1.3.jar;C:\WINDOWS\system32\config\systemprofile\.m2\repository\org\junit\jupiter\junit-jupiter-engine\5.10.3\junit-jupiter-engine-5.10.3.jar;C:\WINDOWS\system32\config\systemprofile\.m2\repository\org\junit\platform\junit-platform-engine\1.10.3\junit-platform-engine-1.10.3.jar;C:\WINDOWS\system32\config\systemprofile\.m2\repository\org\opentest4j\opentest4j\1.3.0\opentest4j-1.3.0.jar;C:\WINDOWS\system32\config\systemprofile\.m2\repository\org\junit\platform\junit-platform-commons\1.10.3\junit-platform-commons-1.10.3.jar;C:\WINDOWS\system32\config\systemprofile\.m2\repository\org\junit\jupiter\junit-jupiter-api\5.10.3\junit-jupiter-api-5.10.3.jar;C:\WINDOWS\system32\config\systemprofile\.m2\repository\io\cucumber\cucumber-testng\7.18.0\cucumber-testng-7.18.0.jar;C:\WINDOWS\system32\config\systemprofile\.m2\repository\org\apache\poi\poi\5.3.0\poi-5.3.0.jar;C:\WINDOWS\system32\config\systemprofile\.m2\repository\commons-codec\commons-codec\1.17.0\commons-codec-1.17.0.jar;C:\WINDOWS\system32\config\systemprofile\.m2\repository\org\apache\commons\commons-collections4\4.4\commons-collections4-4.4.jar;C:\WINDOWS\system32\config\systemprofile\.m2\repository\org\apache\commons\commons-math3\3.6.1\commons-math3-3.6.1.jar;C:\WINDOWS\system32\config\systemprofile\.m2\repository\commons-io\commons-io\2.16.1\commons-io-2.16.1.jar;C:\WINDOWS\system32\config\systemprofile\.m2\repository\com\zaxxer\SparseBitSet\1.3\SparseBitSet-1.3.jar;C:\WINDOWS\system32\config\systemprofile\.m2\repository\org\apache\logging\log4j\log4j-api\2.23.1\log4j-api-2.23.1.jar;C:\WINDOWS\system32\config\systemprofile\.m2\repository\org\apache\poi\poi-ooxml\5.3.0\poi-ooxml-5.3.0.jar;C:\WINDOWS\system32\config\systemprofile\.m2\repository\org\apache\poi\poi-ooxml-lite\5.3.0\poi-ooxml-lite-5.3.0.jar;C:\WINDOWS\system32\config\systemprofile\.m2\repository\org\apache\xmlbeans\xmlbeans\5.2.1\xmlbeans-5.2.1.jar;C:\WINDOWS\system32\config\systemprofile\.m2\repository\com\github\virtuald\curvesapi\1.08\curvesapi-1.08.jar;C:\WINDOWS\system32\config\systemprofile\.m2\repository\org\junit\vintage\junit-vintage-engine\5.10.3\junit-vintage-engine-5.10.3.jar;C:\WINDOWS\system32\config\systemprofile\.m2\repository\org\testng\testng\7.10.2\testng-7.10.2.jar;C:\WINDOWS\system32\config\systemprofile\.m2\repository\com\beust\jcommander\1.82\jcommander-1.82.jar;C:\WINDOWS\system32\config\systemprofile\.m2\repository\org\webjars\jquery\3.7.1\jquery-3.7.1.jar;C:\WINDOWS\system32\config\systemprofile\.m2\repository\com\github\javafaker\javafaker\1.0.2\javafaker-1.0.2.jar;C:\WINDOWS\system32\config\systemprofile\.m2\repository\org\yaml\snakeyaml\1.23\snakeyaml-1.23-android.jar;C:\WINDOWS\system32\config\systemprofile\.m2\repository\com\github\mifmif\generex\1.0.2\generex-1.0.2.jar;C:\WINDOWS\system32\config\systemprofile\.m2\repository\dk\brics\automaton\automaton\1.11-8\automaton-1.11-8.jar;C:\WINDOWS\system32\config\systemprofile\.m2\repository\tech\grasshopper\extentreports-cucumber7-adapter\1.14.0\extentreports-cucumber7-adapter-1.14.0.jar;C:\WINDOWS\system32\config\systemprofile\.m2\repository\com\aventstack\extentreports\5.1.0\extentreports-5.1.0.jar;C:\WINDOWS\system32\config\systemprofile\.m2\repository\io\reactivex\rxjava3\rxjava\3.1.6\rxjava-3.1.6.jar;C:\WINDOWS\system32\config\systemprofile\.m2\repository\org\reactivestreams\reactive-streams\1.0.4\reactive-streams-1.0.4.jar;C:\WINDOWS\system32\config\systemprofile\.m2\repository\org\freemarker\freemarker\2.3.32\freemarker-2.3.32.jar;C:\WINDOWS\system32\config\systemprofile\.m2\repository\org\projectlombok\lombok\1.18.26\lombok-1.18.26.jar;C:\WINDOWS\system32\config\systemprofile\.m2\repository\tech\grasshopper\extent-pdf-report\2.12.0\extent-pdf-report-2.12.0.jar;C:\WINDOWS\system32\config\systemprofile\.m2\repository\tech\grasshopper\cucumber-pdf-report\2.14.0\cucumber-pdf-report-2.14.0.jar;C:\WINDOWS\system32\config\systemprofile\.m2\repository\org\apache\pdfbox\pdfbox\2.0.26\pdfbox-2.0.26.jar;C:\WINDOWS\system32\config\systemprofile\.m2\repository\org\apache\pdfbox\fontbox\2.0.26\fontbox-2.0.26.jar;C:\WINDOWS\system32\config\systemprofile\.m2\repository\org\knowm\xchart\xchart\3.8.0\xchart-3.8.0.jar;C:\WINDOWS\system32\config\systemprofile\.m2\repository\de\erichseifert\vectorgraphics2d\VectorGraphics2D\0.13\VectorGraphics2D-0.13.jar;C:\WINDOWS\system32\config\systemprofile\.m2\repository\de\rototor\pdfbox\graphics2d\0.30\graphics2d-0.30.jar;C:\WINDOWS\system32\config\systemprofile\.m2\repository\com\madgag\animated-gif-lib\1.4\animated-gif-lib-1.4.jar;C:\WINDOWS\system32\config\systemprofile\.m2\repository\org\yaml\snakeyaml\2.0\snakeyaml-2.0.jar;C:\WINDOWS\system32\config\systemprofile\.m2\repository\tech\grasshopper\table-layout\1.5.1\table-layout-1.5.1.jar;C:\WINDOWS\system32\config\systemprofile\.m2\repository\tech\grasshopper\rest-assured-cucumber-pdf-report\1.5.0\rest-assured-cucumber-pdf-report-1.5.0.jar;C:\WINDOWS\system32\config\systemprofile\.m2\repository\org\jsoup\jsoup\1.15.3\jsoup-1.15.3.jar;C:\WINDOWS\system32\config\systemprofile\.m2\repository\com\aventstack\klov-reporter\5.1.0\klov-reporter-5.1.0.jar;C:\WINDOWS\system32\config\systemprofile\.m2\repository\org\mongodb\mongodb-driver\3.6.4\mongodb-driver-3.6.4.jar;C:\WINDOWS\system32\config\systemprofile\.m2\repository\org\mongodb\mongodb-driver-core\3.6.4\mongodb-driver-core-3.6.4.jar;C:\WINDOWS\system32\config\systemprofile\.m2\repository\org\mongodb\bson\3.6.4\bson-3.6.4.jar;C:\WINDOWS\system32\config\systemprofile\.m2\repository\org\apache\httpcomponents\httpclient\4.5.13\httpclient-4.5.13.jar;C:\WINDOWS\system32\config\systemprofile\.m2\repository\org\apache\httpcomponents\httpcore\4.4.13\httpcore-4.4.13.jar;C:\WINDOWS\system32\config\systemprofile\.m2\repository\commons-logging\commons-logging\1.2\commons-logging-1.2.jar;C:\WINDOWS\system32\config\systemprofile\.m2\repository\org\apache\httpcomponents\httpmime\4.5.13\httpmime-4.5.13.jar;C:\WINDOWS\system32\config\systemprofile\.m2\repository\tech\grasshopper\htmlextentreporter\1.1.0\htmlextentreporter-1.1.0.jar;C:\WINDOWS\system32\config\systemprofile\.m2\repository\tech\grasshopper\extent-excel-report\1.4.0\extent-excel-report-1.4.0.jar;"/>
    <property name="sun.awt.enableExtraMouseButtons" value="true"/>
    <property name="java.vm.vendor" value="Oracle Corporation"/>
    <property name="sun.arch.data.model" value="64"/>
    <property name="user.variant" value=""/>
    <property name="java.vendor.url" value="https://java.oracle.com/"/>
    <property name="user.timezone" value="Asia/Calcutta"/>
    <property name="os.name" value="Windows 11"/>
    <property name="java.vm.specification.version" value="21"/>
    <property name="sun.java.launcher" value="SUN_STANDARD"/>
    <property name="user.country" value="IN"/>
    <property name="sun.boot.library.path" value="C:\Program Files\Java\jdk-21\bin"/>
    <property name="sun.java.command" value="C:\Windows\Temp\surefire14260213712333237661\surefirebooter-20250226181441653_3.jar C:\Windows\Temp\surefire14260213712333237661 2025-02-26T18-14-41_268-jvmRun1 surefire-20250226181441653_1tmp surefire_0-20250226181441653_2tmp"/>
    <property name="jdk.debug" value="release"/>
    <property name="surefire.test.class.path" value="C:\Users\thirumaran\eclipse-workspace\NexTestify_Cucumber\target\test-classes;C:\Users\thirumaran\eclipse-workspace\NexTestify_Cucumber\target\classes;C:\WINDOWS\system32\config\systemprofile\.m2\repository\io\cucumber\cucumber-java\7.18.0\cucumber-java-7.18.0.jar;C:\WINDOWS\system32\config\systemprofile\.m2\repository\org\apiguardian\apiguardian-api\1.1.2\apiguardian-api-1.1.2.jar;C:\WINDOWS\system32\config\systemprofile\.m2\repository\io\cucumber\cucumber-junit\7.18.0\cucumber-junit-7.18.0.jar;C:\WINDOWS\system32\config\systemprofile\.m2\repository\io\cucumber\cucumber-core\7.18.0\cucumber-core-7.18.0.jar;C:\WINDOWS\system32\config\systemprofile\.m2\repository\io\cucumber\cucumber-gherkin\7.18.0\cucumber-gherkin-7.18.0.jar;C:\WINDOWS\system32\config\systemprofile\.m2\repository\io\cucumber\cucumber-gherkin-messages\7.18.0\cucumber-gherkin-messages-7.18.0.jar;C:\WINDOWS\system32\config\systemprofile\.m2\repository\io\cucumber\gherkin\28.0.0\gherkin-28.0.0.jar;C:\WINDOWS\system32\config\systemprofile\.m2\repository\io\cucumber\messages\24.1.0\messages-24.1.0.jar;C:\WINDOWS\system32\config\systemprofile\.m2\repository\io\cucumber\testng-xml-formatter\0.1.0\testng-xml-formatter-0.1.0.jar;C:\WINDOWS\system32\config\systemprofile\.m2\repository\io\cucumber\query\12.2.0\query-12.2.0.jar;C:\WINDOWS\system32\config\systemprofile\.m2\repository\io\cucumber\tag-expressions\6.1.0\tag-expressions-6.1.0.jar;C:\WINDOWS\system32\config\systemprofile\.m2\repository\io\cucumber\cucumber-expressions\17.1.0\cucumber-expressions-17.1.0.jar;C:\WINDOWS\system32\config\systemprofile\.m2\repository\io\cucumber\datatable\7.18.0\datatable-7.18.0.jar;C:\WINDOWS\system32\config\systemprofile\.m2\repository\io\cucumber\cucumber-plugin\7.18.0\cucumber-plugin-7.18.0.jar;C:\WINDOWS\system32\config\systemprofile\.m2\repository\io\cucumber\docstring\7.18.0\docstring-7.18.0.jar;C:\WINDOWS\system32\config\systemprofile\.m2\repository\io\cucumber\html-formatter\21.3.1\html-formatter-21.3.1.jar;C:\WINDOWS\system32\config\systemprofile\.m2\repository\io\cucumber\junit-xml-formatter\0.4.0\junit-xml-formatter-0.4.0.jar;C:\WINDOWS\system32\config\systemprofile\.m2\repository\io\cucumber\ci-environment\10.0.1\ci-environment-10.0.1.jar;C:\WINDOWS\system32\config\systemprofile\.m2\repository\io\github\bonigarcia\webdrivermanager\5.9.1\webdrivermanager-5.9.1.jar;C:\WINDOWS\system32\config\systemprofile\.m2\repository\org\slf4j\slf4j-api\2.0.13\slf4j-api-2.0.13.jar;C:\WINDOWS\system32\config\systemprofile\.m2\repository\com\google\code\gson\gson\2.11.0\gson-2.11.0.jar;C:\WINDOWS\system32\config\systemprofile\.m2\repository\com\google\errorprone\error_prone_annotations\2.27.0\error_prone_annotations-2.27.0.jar;C:\WINDOWS\system32\config\systemprofile\.m2\repository\com\github\docker-java\docker-java\3.3.6\docker-java-3.3.6.jar;C:\WINDOWS\system32\config\systemprofile\.m2\repository\com\github\docker-java\docker-java-core\3.3.6\docker-java-core-3.3.6.jar;C:\WINDOWS\system32\config\systemprofile\.m2\repository\com\github\docker-java\docker-java-api\3.3.6\docker-java-api-3.3.6.jar;C:\WINDOWS\system32\config\systemprofile\.m2\repository\com\fasterxml\jackson\core\jackson-annotations\2.10.3\jackson-annotations-2.10.3.jar;C:\WINDOWS\system32\config\systemprofile\.m2\repository\com\fasterxml\jackson\core\jackson-databind\2.10.3\jackson-databind-2.10.3.jar;C:\WINDOWS\system32\config\systemprofile\.m2\repository\com\fasterxml\jackson\core\jackson-core\2.10.3\jackson-core-2.10.3.jar;C:\WINDOWS\system32\config\systemprofile\.m2\repository\org\slf4j\jcl-over-slf4j\1.7.30\jcl-over-slf4j-1.7.30.jar;C:\WINDOWS\system32\config\systemprofile\.m2\repository\com\github\docker-java\docker-java-transport-httpclient5\3.3.6\docker-java-transport-httpclient5-3.3.6.jar;C:\WINDOWS\system32\config\systemprofile\.m2\repository\com\github\docker-java\docker-java-transport\3.3.6\docker-java-transport-3.3.6.jar;C:\WINDOWS\system32\config\systemprofile\.m2\repository\net\java\dev\jna\jna\5.13.0\jna-5.13.0.jar;C:\WINDOWS\system32\config\systemprofile\.m2\repository\org\brotli\dec\0.1.2\dec-0.1.2.jar;C:\WINDOWS\system32\config\systemprofile\.m2\repository\org\apache\commons\commons-lang3\3.14.0\commons-lang3-3.14.0.jar;C:\WINDOWS\system32\config\systemprofile\.m2\repository\org\apache\commons\commons-compress\1.26.2\commons-compress-1.26.2.jar;C:\WINDOWS\system32\config\systemprofile\.m2\repository\org\apache\httpcomponents\client5\httpclient5\5.2.1\httpclient5-5.2.1.jar;C:\WINDOWS\system32\config\systemprofile\.m2\repository\org\apache\httpcomponents\core5\httpcore5\5.2\httpcore5-5.2.jar;C:\WINDOWS\system32\config\systemprofile\.m2\repository\org\apache\httpcomponents\core5\httpcore5-h2\5.2\httpcore5-h2-5.2.jar;C:\WINDOWS\system32\config\systemprofile\.m2\repository\org\seleniumhq\selenium\selenium-java\4.29.0\selenium-java-4.29.0.jar;C:\WINDOWS\system32\config\systemprofile\.m2\repository\org\seleniumhq\selenium\selenium-api\4.29.0\selenium-api-4.29.0.jar;C:\WINDOWS\system32\config\systemprofile\.m2\repository\org\jspecify\jspecify\1.0.0\jspecify-1.0.0.jar;C:\WINDOWS\system32\config\systemprofile\.m2\repository\org\seleniumhq\selenium\selenium-chrome-driver\4.29.0\selenium-chrome-driver-4.29.0.jar;C:\WINDOWS\system32\config\systemprofile\.m2\repository\com\google\auto\service\auto-service-annotations\1.1.1\auto-service-annotations-1.1.1.jar;C:\WINDOWS\system32\config\systemprofile\.m2\repository\org\seleniumhq\selenium\selenium-chromium-driver\4.29.0\selenium-chromium-driver-4.29.0.jar;C:\WINDOWS\system32\config\systemprofile\.m2\repository\org\seleniumhq\selenium\selenium-json\4.29.0\selenium-json-4.29.0.jar;C:\WINDOWS\system32\config\systemprofile\.m2\repository\org\seleniumhq\selenium\selenium-manager\4.29.0\selenium-manager-4.29.0.jar;C:\WINDOWS\system32\config\systemprofile\.m2\repository\org\seleniumhq\selenium\selenium-devtools-v131\4.29.0\selenium-devtools-v131-4.29.0.jar;C:\WINDOWS\system32\config\systemprofile\.m2\repository\org\seleniumhq\selenium\selenium-devtools-v132\4.29.0\selenium-devtools-v132-4.29.0.jar;C:\WINDOWS\system32\config\systemprofile\.m2\repository\org\seleniumhq\selenium\selenium-devtools-v133\4.29.0\selenium-devtools-v133-4.29.0.jar;C:\WINDOWS\system32\config\systemprofile\.m2\repository\org\seleniumhq\selenium\selenium-devtools-v85\4.29.0\selenium-devtools-v85-4.29.0.jar;C:\WINDOWS\system32\config\systemprofile\.m2\repository\org\seleniumhq\selenium\selenium-edge-driver\4.29.0\selenium-edge-driver-4.29.0.jar;C:\WINDOWS\system32\config\systemprofile\.m2\repository\org\seleniumhq\selenium\selenium-firefox-driver\4.29.0\selenium-firefox-driver-4.29.0.jar;C:\WINDOWS\system32\config\systemprofile\.m2\repository\org\seleniumhq\selenium\selenium-http\4.29.0\selenium-http-4.29.0.jar;C:\WINDOWS\system32\config\systemprofile\.m2\repository\org\seleniumhq\selenium\selenium-ie-driver\4.29.0\selenium-ie-driver-4.29.0.jar;C:\WINDOWS\system32\config\systemprofile\.m2\repository\org\seleniumhq\selenium\selenium-remote-driver\4.29.0\selenium-remote-driver-4.29.0.jar;C:\WINDOWS\system32\config\systemprofile\.m2\repository\com\google\guava\guava\33.4.0-jre\guava-33.4.0-jre.jar;C:\WINDOWS\system32\config\systemprofile\.m2\repository\com\google\guava\failureaccess\1.0.2\failureaccess-1.0.2.jar;C:\WINDOWS\system32\config\systemprofile\.m2\repository\com\google\guava\listenablefuture\9999.0-empty-to-avoid-conflict-with-guava\listenablefuture-9999.0-empty-to-avoid-conflict-with-guava.jar;C:\WINDOWS\system32\config\systemprofile\.m2\repository\com\google\code\findbugs\jsr305\3.0.2\jsr305-3.0.2.jar;C:\WINDOWS\system32\config\systemprofile\.m2\repository\org\checkerframework\checker-qual\3.43.0\checker-qual-3.43.0.jar;C:\WINDOWS\system32\config\systemprofile\.m2\repository\com\google\j2objc\j2objc-annotations\3.0.0\j2objc-annotations-3.0.0.jar;C:\WINDOWS\system32\config\systemprofile\.m2\repository\io\opentelemetry\semconv\opentelemetry-semconv\1.28.0-alpha\opentelemetry-semconv-1.28.0-alpha.jar;C:\WINDOWS\system32\config\systemprofile\.m2\repository\io\opentelemetry\opentelemetry-api\1.46.0\opentelemetry-api-1.46.0.jar;C:\WINDOWS\system32\config\systemprofile\.m2\repository\io\opentelemetry\opentelemetry-context\1.46.0\opentelemetry-context-1.46.0.jar;C:\WINDOWS\system32\config\systemprofile\.m2\repository\io\opentelemetry\opentelemetry-exporter-logging\1.46.0\opentelemetry-exporter-logging-1.46.0.jar;C:\WINDOWS\system32\config\systemprofile\.m2\repository\io\opentelemetry\opentelemetry-sdk-common\1.46.0\opentelemetry-sdk-common-1.46.0.jar;C:\WINDOWS\system32\config\systemprofile\.m2\repository\io\opentelemetry\opentelemetry-sdk-extension-autoconfigure-spi\1.46.0\opentelemetry-sdk-extension-autoconfigure-spi-1.46.0.jar;C:\WINDOWS\system32\config\systemprofile\.m2\repository\io\opentelemetry\opentelemetry-sdk-extension-autoconfigure\1.46.0\opentelemetry-sdk-extension-autoconfigure-1.46.0.jar;C:\WINDOWS\system32\config\systemprofile\.m2\repository\io\opentelemetry\opentelemetry-api-incubator\1.46.0-alpha\opentelemetry-api-incubator-1.46.0-alpha.jar;C:\WINDOWS\system32\config\systemprofile\.m2\repository\io\opentelemetry\opentelemetry-sdk-trace\1.46.0\opentelemetry-sdk-trace-1.46.0.jar;C:\WINDOWS\system32\config\systemprofile\.m2\repository\io\opentelemetry\opentelemetry-sdk\1.46.0\opentelemetry-sdk-1.46.0.jar;C:\WINDOWS\system32\config\systemprofile\.m2\repository\io\opentelemetry\opentelemetry-sdk-metrics\1.46.0\opentelemetry-sdk-metrics-1.46.0.jar;C:\WINDOWS\system32\config\systemprofile\.m2\repository\io\opentelemetry\opentelemetry-sdk-logs\1.46.0\opentelemetry-sdk-logs-1.46.0.jar;C:\WINDOWS\system32\config\systemprofile\.m2\repository\net\bytebuddy\byte-buddy\1.15.11\byte-buddy-1.15.11.jar;C:\WINDOWS\system32\config\systemprofile\.m2\repository\org\seleniumhq\selenium\selenium-os\4.29.0\selenium-os-4.29.0.jar;C:\WINDOWS\system32\config\systemprofile\.m2\repository\org\apache\commons\commons-exec\1.4.0\commons-exec-1.4.0.jar;C:\WINDOWS\system32\config\systemprofile\.m2\repository\org\seleniumhq\selenium\selenium-safari-driver\4.29.0\selenium-safari-driver-4.29.0.jar;C:\WINDOWS\system32\config\systemprofile\.m2\repository\org\seleniumhq\selenium\selenium-support\4.29.0\selenium-support-4.29.0.jar;C:\WINDOWS\system32\config\systemprofile\.m2\repository\junit\junit\4.13.2\junit-4.13.2.jar;C:\WINDOWS\system32\config\systemprofile\.m2\repository\org\hamcrest\hamcrest-core\1.3\hamcrest-core-1.3.jar;C:\WINDOWS\system32\config\systemprofile\.m2\repository\org\junit\jupiter\junit-jupiter-engine\5.10.3\junit-jupiter-engine-5.10.3.jar;C:\WINDOWS\system32\config\systemprofile\.m2\repository\org\junit\platform\junit-platform-engine\1.10.3\junit-platform-engine-1.10.3.jar;C:\WINDOWS\system32\config\systemprofile\.m2\repository\org\opentest4j\opentest4j\1.3.0\opentest4j-1.3.0.jar;C:\WINDOWS\system32\config\systemprofile\.m2\repository\org\junit\platform\junit-platform-commons\1.10.3\junit-platform-commons-1.10.3.jar;C:\WINDOWS\system32\config\systemprofile\.m2\repository\org\junit\jupiter\junit-jupiter-api\5.10.3\junit-jupiter-api-5.10.3.jar;C:\WINDOWS\system32\config\systemprofile\.m2\repository\io\cucumber\cucumber-testng\7.18.0\cucumber-testng-7.18.0.jar;C:\WINDOWS\system32\config\systemprofile\.m2\repository\org\apache\poi\poi\5.3.0\poi-5.3.0.jar;C:\WINDOWS\system32\config\systemprofile\.m2\repository\commons-codec\commons-codec\1.17.0\commons-codec-1.17.0.jar;C:\WINDOWS\system32\config\systemprofile\.m2\repository\org\apache\commons\commons-collections4\4.4\commons-collections4-4.4.jar;C:\WINDOWS\system32\config\systemprofile\.m2\repository\org\apache\commons\commons-math3\3.6.1\commons-math3-3.6.1.jar;C:\WINDOWS\system32\config\systemprofile\.m2\repository\commons-io\commons-io\2.16.1\commons-io-2.16.1.jar;C:\WINDOWS\system32\config\systemprofile\.m2\repository\com\zaxxer\SparseBitSet\1.3\SparseBitSet-1.3.jar;C:\WINDOWS\system32\config\systemprofile\.m2\repository\org\apache\logging\log4j\log4j-api\2.23.1\log4j-api-2.23.1.jar;C:\WINDOWS\system32\config\systemprofile\.m2\repository\org\apache\poi\poi-ooxml\5.3.0\poi-ooxml-5.3.0.jar;C:\WINDOWS\system32\config\systemprofile\.m2\repository\org\apache\poi\poi-ooxml-lite\5.3.0\poi-ooxml-lite-5.3.0.jar;C:\WINDOWS\system32\config\systemprofile\.m2\repository\org\apache\xmlbeans\xmlbeans\5.2.1\xmlbeans-5.2.1.jar;C:\WINDOWS\system32\config\systemprofile\.m2\repository\com\github\virtuald\curvesapi\1.08\curvesapi-1.08.jar;C:\WINDOWS\system32\config\systemprofile\.m2\repository\org\junit\vintage\junit-vintage-engine\5.10.3\junit-vintage-engine-5.10.3.jar;C:\WINDOWS\system32\config\systemprofile\.m2\repository\org\testng\testng\7.10.2\testng-7.10.2.jar;C:\WINDOWS\system32\config\systemprofile\.m2\repository\com\beust\jcommander\1.82\jcommander-1.82.jar;C:\WINDOWS\system32\config\systemprofile\.m2\repository\org\webjars\jquery\3.7.1\jquery-3.7.1.jar;C:\WINDOWS\system32\config\systemprofile\.m2\repository\com\github\javafaker\javafaker\1.0.2\javafaker-1.0.2.jar;C:\WINDOWS\system32\config\systemprofile\.m2\repository\org\yaml\snakeyaml\1.23\snakeyaml-1.23-android.jar;C:\WINDOWS\system32\config\systemprofile\.m2\repository\com\github\mifmif\generex\1.0.2\generex-1.0.2.jar;C:\WINDOWS\system32\config\systemprofile\.m2\repository\dk\brics\automaton\automaton\1.11-8\automaton-1.11-8.jar;C:\WINDOWS\system32\config\systemprofile\.m2\repository\tech\grasshopper\extentreports-cucumber7-adapter\1.14.0\extentreports-cucumber7-adapter-1.14.0.jar;C:\WINDOWS\system32\config\systemprofile\.m2\repository\com\aventstack\extentreports\5.1.0\extentreports-5.1.0.jar;C:\WINDOWS\system32\config\systemprofile\.m2\repository\io\reactivex\rxjava3\rxjava\3.1.6\rxjava-3.1.6.jar;C:\WINDOWS\system32\config\systemprofile\.m2\repository\org\reactivestreams\reactive-streams\1.0.4\reactive-streams-1.0.4.jar;C:\WINDOWS\system32\config\systemprofile\.m2\repository\org\freemarker\freemarker\2.3.32\freemarker-2.3.32.jar;C:\WINDOWS\system32\config\systemprofile\.m2\repository\org\projectlombok\lombok\1.18.26\lombok-1.18.26.jar;C:\WINDOWS\system32\config\systemprofile\.m2\repository\tech\grasshopper\extent-pdf-report\2.12.0\extent-pdf-report-2.12.0.jar;C:\WINDOWS\system32\config\systemprofile\.m2\repository\tech\grasshopper\cucumber-pdf-report\2.14.0\cucumber-pdf-report-2.14.0.jar;C:\WINDOWS\system32\config\systemprofile\.m2\repository\org\apache\pdfbox\pdfbox\2.0.26\pdfbox-2.0.26.jar;C:\WINDOWS\system32\config\systemprofile\.m2\repository\org\apache\pdfbox\fontbox\2.0.26\fontbox-2.0.26.jar;C:\WINDOWS\system32\config\systemprofile\.m2\repository\org\knowm\xchart\xchart\3.8.0\xchart-3.8.0.jar;C:\WINDOWS\system32\config\systemprofile\.m2\repository\de\erichseifert\vectorgraphics2d\VectorGraphics2D\0.13\VectorGraphics2D-0.13.jar;C:\WINDOWS\system32\config\systemprofile\.m2\repository\de\rototor\pdfbox\graphics2d\0.30\graphics2d-0.30.jar;C:\WINDOWS\system32\config\systemprofile\.m2\repository\com\madgag\animated-gif-lib\1.4\animated-gif-lib-1.4.jar;C:\WINDOWS\system32\config\systemprofile\.m2\repository\org\yaml\snakeyaml\2.0\snakeyaml-2.0.jar;C:\WINDOWS\system32\config\systemprofile\.m2\repository\tech\grasshopper\table-layout\1.5.1\table-layout-1.5.1.jar;C:\WINDOWS\system32\config\systemprofile\.m2\repository\tech\grasshopper\rest-assured-cucumber-pdf-report\1.5.0\rest-assured-cucumber-pdf-report-1.5.0.jar;C:\WINDOWS\system32\config\systemprofile\.m2\repository\org\jsoup\jsoup\1.15.3\jsoup-1.15.3.jar;C:\WINDOWS\system32\config\systemprofile\.m2\repository\com\aventstack\klov-reporter\5.1.0\klov-reporter-5.1.0.jar;C:\WINDOWS\system32\config\systemprofile\.m2\repository\org\mongodb\mongodb-driver\3.6.4\mongodb-driver-3.6.4.jar;C:\WINDOWS\system32\config\systemprofile\.m2\repository\org\mongodb\mongodb-driver-core\3.6.4\mongodb-driver-core-3.6.4.jar;C:\WINDOWS\system32\config\systemprofile\.m2\repository\org\mongodb\bson\3.6.4\bson-3.6.4.jar;C:\WINDOWS\system32\config\systemprofile\.m2\repository\org\apache\httpcomponents\httpclient\4.5.13\httpclient-4.5.13.jar;C:\WINDOWS\system32\config\systemprofile\.m2\repository\org\apache\httpcomponents\httpcore\4.4.13\httpcore-4.4.13.jar;C:\WINDOWS\system32\config\systemprofile\.m2\repository\commons-logging\commons-logging\1.2\commons-logging-1.2.jar;C:\WINDOWS\system32\config\systemprofile\.m2\repository\org\apache\httpcomponents\httpmime\4.5.13\httpmime-4.5.13.jar;C:\WINDOWS\system32\config\systemprofile\.m2\repository\tech\grasshopper\htmlextentreporter\1.1.0\htmlextentreporter-1.1.0.jar;C:\WINDOWS\system32\config\systemprofile\.m2\repository\tech\grasshopper\extent-excel-report\1.4.0\extent-excel-report-1.4.0.jar;"/>
    <property name="sun.cpu.endian" value="little"/>
    <property name="user.home" value="C:\WINDOWS\system32\config\systemprofile"/>
    <property name="user.language" value="en"/>
    <property name="java.specification.vendor" value="Oracle Corporation"/>
    <property name="java.version.date" value="2024-01-16"/>
    <property name="java.home" value="C:\Program Files\Java\jdk-21"/>
    <property name="file.separator" value="\"/>
    <property name="basedir" value="C:\Users\thirumaran\eclipse-workspace\NexTestify_Cucumber"/>
    <property name="java.vm.compressedOopsMode" value="Zero based"/>
    <property name="line.separator" value="&#10;"/>
    <property name="java.vm.specification.vendor" value="Oracle Corporation"/>
    <property name="java.specification.name" value="Java Platform API Specification"/>
    <property name="surefire.real.class.path" value="C:\Windows\Temp\surefire14260213712333237661\surefirebooter-20250226181441653_3.jar"/>
    <property name="user.script" value=""/>
    <property name="sun.management.compiler" value="HotSpot 64-Bit Tiered Compilers"/>
    <property name="java.runtime.version" value="21.0.2+13-LTS-58"/>
    <property name="user.name" value="SSSLT025$"/>
    <property name="stdout.encoding" value="Cp1252"/>
    <property name="path.separator" value=";"/>
    <property name="os.version" value="10.0"/>
    <property name="java.runtime.name" value="Java(TM) SE Runtime Environment"/>
    <property name="file.encoding" value="UTF-8"/>
    <property name="java.vm.name" value="Java HotSpot(TM) 64-Bit Server VM"/>
    <property name="localRepository" value="C:\WINDOWS\system32\config\systemprofile\.m2\repository"/>
    <property name="java.vendor.url.bug" value="https://bugreport.java.com/bugreport/"/>
    <property name="java.io.tmpdir" value="C:\WINDOWS\TEMP\"/>
    <property name="java.version" value="21.0.2"/>
    <property name="user.dir" value="C:\Users\thirumaran\eclipse-workspace\NexTestify_Cucumber"/>
    <property name="os.arch" value="amd64"/>
    <property name="java.vm.specification.name" value="Java Virtual Machine Specification"/>
    <property name="sun.os.patch.level" value=""/>
    <property name="native.encoding" value="Cp1252"/>
    <property name="java.library.path" value="C:\Program Files\Java\jdk-21\bin;C:\WINDOWS\Sun\Java\bin;C:\WINDOWS\system32;C:\WINDOWS;C:\Maven\apache-maven-3.9.8-bin\apache-maven-3.9.8/bin;C:\Program Files\Java\jdk-21/bin;C:\ProgramData\Jenkins\.jenkins\tools\chromedriver;C:\Users\thirumaran\AppData\Roaming\npm\node_modules;."/>
    <property name="java.vm.info" value="mixed mode, sharing"/>
    <property name="stderr.encoding" value="Cp1252"/>
    <property name="java.vendor" value="Oracle Corporation"/>
    <property name="java.vm.version" value="21.0.2+13-LTS-58"/>
    <property name="sun.io.unicode.encoding" value="UnicodeLittle"/>
    <property name="java.class.version" value="65.0"/>
  </properties>
  <testcase name="Login:Valid Check" classname="LOGIN PAGE" time="7.296">
    <system-out><![CDATA[
@TC_01
Scenario: Login:Valid Check                                                                                 # src/test/resources/FeatureFiles/4_OEP_Login.feature:4
  Given To Check Login is navigating to OEP URL is "http://192.168.1.30/OEPADMIN/"                          # stepDefinition.OEP_4_LoginPage.to_check_login_is_navigating_to_oep_url_is(java.lang.String)
  When To Check Login Enter username and password are "thirumaran@sankarasoftware.com" and "Thirumaran@001" # stepDefinition.OEP_4_LoginPage.to_check_login_enter_username_and_password_are_and(java.lang.String,java.lang.String)
  And click the Signin button To Check Login                                                                # stepDefinition.OEP_4_LoginPage.click_the_signin_button_to_check_login()
Page is closed  Then close the Login Page                                                                                 # stepDefinition.OEP_4_LoginPage.close_the_admin_page()
]]></system-out>
  </testcase>
  <testcase name="Login:Sign Out Check" classname="LOGIN PAGE" time="10.327">
    <system-out><![CDATA[
@TC_02
Scenario: Login:Sign Out Check                                                                              # src/test/resources/FeatureFiles/4_OEP_Login.feature:11
  Given To Check Login is navigating to OEP URL is "http://192.168.1.30/OEPADMIN/"                          # stepDefinition.OEP_4_LoginPage.to_check_login_is_navigating_to_oep_url_is(java.lang.String)
  When To Check Login Enter username and password are "thirumaran@sankarasoftware.com" and "Thirumaran@001" # stepDefinition.OEP_4_LoginPage.to_check_login_enter_username_and_password_are_and(java.lang.String,java.lang.String)
  And click the Signin button To Check Login                                                                # stepDefinition.OEP_4_LoginPage.click_the_signin_button_to_check_login()
  Then Click take picture button                                                                            # stepDefinition.OEP_4_LoginPage.click_take_picture_button()
  Then Click User logo button in Top right corner                                                           # stepDefinition.OEP_4_LoginPage.click_user_logo_button_in_top_right_corner()
Page is closed  Then close the Login Page                                                                                 # stepDefinition.OEP_4_LoginPage.close_the_admin_page()
]]></system-out>
  </testcase>
  <testcase name="Login:Invalid Check #1" classname="LOGIN PAGE" time="9.228">
    <system-out><![CDATA[
@TC_03
Scenario: Login:Invalid Check                                                                                              # src/test/resources/FeatureFiles/4_OEP_Login.feature:22
  Given To Check Login is navigating to OEP URL is "http://192.168.1.30/OEPADMIN/"                                         # stepDefinition.OEP_4_LoginPage.to_check_login_is_navigating_to_oep_url_is(java.lang.String)
  When To Check Login Enter Invalid username and valid password are "thirumaran1@sankarasoftware.com" and "Thirumaran@001" # stepDefinition.OEP_4_LoginPage.to_check_login_enter_invalid_username_and_valid_password_are_and(java.lang.String,java.lang.String)
  And click the Signin button To Check Login                                                                               # stepDefinition.OEP_4_LoginPage.click_the_signin_button_to_check_login()
Alert message dispalyed like : User not registered
  Then Check alert message is displayed or not                                                                             # stepDefinition.OEP_4_LoginPage.check_alert_message_is_displayed_or_not()
Page is closed  Then close the Login Page                                                                                                # stepDefinition.OEP_4_LoginPage.close_the_admin_page()
]]></system-out>
  </testcase>
  <testcase name="Login:Invalid Check #2" classname="LOGIN PAGE" time="9.226">
    <system-out><![CDATA[
@TC_04
Scenario: Login:Invalid Check                                                                                   # src/test/resources/FeatureFiles/4_OEP_Login.feature:30
  Given To Check Login is navigating to OEP URL is "http://192.168.1.30/OEPADMIN/"                              # stepDefinition.OEP_4_LoginPage.to_check_login_is_navigating_to_oep_url_is(java.lang.String)
  When To Check Login Enter valid username and Invalid password are "0211thiru@gmail.com" and "Thirumaran12345" # stepDefinition.OEP_4_LoginPage.to_check_login_enter_valid_username_and_invalid_password_are_and(java.lang.String,java.lang.String)
  And click the Signin button To Check Login                                                                    # stepDefinition.OEP_4_LoginPage.click_the_signin_button_to_check_login()
Alert message dispalyed like : Something went wrong...
  Then Check alert message is displayed or not                                                                  # stepDefinition.OEP_4_LoginPage.check_alert_message_is_displayed_or_not()
Page is closed  Then close the Login Page                                                                                     # stepDefinition.OEP_4_LoginPage.close_the_admin_page()
]]></system-out>
  </testcase>
  <testcase name="Login:Invalid Check #3" classname="LOGIN PAGE" time="9.333">
    <system-out><![CDATA[
@TC_05
Scenario: Login:Invalid Check                                                                                       # src/test/resources/FeatureFiles/4_OEP_Login.feature:38
  Given To Check Login is navigating to OEP URL is "http://192.168.1.30/OEPADMIN/"                                  # stepDefinition.OEP_4_LoginPage.to_check_login_is_navigating_to_oep_url_is(java.lang.String)
  When To Check Login Enter Invalid username and Invalid password are "0211thiru@gmailss.com" and "Thirumaran12345" # stepDefinition.OEP_4_LoginPage.to_check_login_enter_invalid_username_and_invalid_password_are_and(java.lang.String,java.lang.String)
  And click the Signin button To Check Login                                                                        # stepDefinition.OEP_4_LoginPage.click_the_signin_button_to_check_login()
Alert message dispalyed like : User not registered
  Then Check alert message is displayed or not                                                                      # stepDefinition.OEP_4_LoginPage.check_alert_message_is_displayed_or_not()
Page is closed  Then close the Login Page                                                                                         # stepDefinition.OEP_4_LoginPage.close_the_admin_page()
]]></system-out>
  </testcase>
  <testcase name="Login:Without Password Check" classname="LOGIN PAGE" time="7.107">
    <system-out><![CDATA[
@TC_06
Scenario: Login:Without Password Check                                             # src/test/resources/FeatureFiles/4_OEP_Login.feature:46
  Given To Check Login is navigating to OEP URL is "http://192.168.1.30/OEPADMIN/" # stepDefinition.OEP_4_LoginPage.to_check_login_is_navigating_to_oep_url_is(java.lang.String)
  When To Check Login Enter username only "thirumaran@sankarasoftware.com"         # stepDefinition.OEP_4_LoginPage.to_check_login_enter_username_only(java.lang.String)
  And click the Signin button To Check Login                                       # stepDefinition.OEP_4_LoginPage.click_the_signin_button_to_check_login()
Alert message dispalyed like : Password is required!
  Then Check alert toast message is displayed in password tab or not               # stepDefinition.OEP_4_LoginPage.check_alert_toast_message_is_displayed_or_not()
Page is closed  Then close the Login Page                                                        # stepDefinition.OEP_4_LoginPage.close_the_admin_page()
]]></system-out>
  </testcase>
  <testcase name="Login:Without Mail Id Check" classname="LOGIN PAGE" time="6.996">
    <system-out><![CDATA[
@TC_07
Scenario: Login:Without Mail Id Check                                              # src/test/resources/FeatureFiles/4_OEP_Login.feature:54
  Given To Check Login is navigating to OEP URL is "http://192.168.1.30/OEPADMIN/" # stepDefinition.OEP_4_LoginPage.to_check_login_is_navigating_to_oep_url_is(java.lang.String)
  When To Check Login Enter password only "Thirumaran@001"                         # stepDefinition.OEP_4_LoginPage.to_check_login_enter_password_only(java.lang.String)
  And click the Signin button To Check Login                                       # stepDefinition.OEP_4_LoginPage.click_the_signin_button_to_check_login()
Alert message dispalyed like : Email or mobile is required!
  Then Check alert toast message is displayed in email tab or not                  # stepDefinition.OEP_4_LoginPage.check_alert_toast_message_is_displayed_in_email_or_not()
Page is closed  Then close the Login Page                                                        # stepDefinition.OEP_4_LoginPage.close_the_admin_page()
]]></system-out>
  </testcase>
  <testcase name="Login:Forget Password Check #1" classname="LOGIN PAGE" time="8.938">
    <system-out><![CDATA[
@TC_08
Scenario: Login:Forget Password Check                                              # src/test/resources/FeatureFiles/4_OEP_Login.feature:62
  Given To Check Login is navigating to OEP URL is "http://192.168.1.30/OEPADMIN/" # stepDefinition.OEP_4_LoginPage.to_check_login_is_navigating_to_oep_url_is(java.lang.String)
  When Without enter email id click Forget password button                         # stepDefinition.OEP_4_LoginPage.without_enter_email_id_click_forget_password_button()
Alert message dispalyed like : Email is required!
  Then Check alert message is displayed or not                                     # stepDefinition.OEP_4_LoginPage.check_alert_message_is_displayed_or_not()
Page is closed  Then close the Login Page                                                        # stepDefinition.OEP_4_LoginPage.close_the_admin_page()
]]></system-out>
  </testcase>
  <testcase name="Login:Forget Password Check #2" classname="LOGIN PAGE" time="12.218">
    <system-out><![CDATA[
@TC_09
Scenario: Login:Forget Password Check                                              # src/test/resources/FeatureFiles/4_OEP_Login.feature:69
  Given To Check Login is navigating to OEP URL is "http://192.168.1.30/OEPADMIN/" # stepDefinition.OEP_4_LoginPage.to_check_login_is_navigating_to_oep_url_is(java.lang.String)
  When To Check Login Enter email id "0211thiru@gmail.com"                         # stepDefinition.OEP_4_LoginPage.to_check_login_enter_email_id(java.lang.String)
  And click Forget password button                                                 # stepDefinition.OEP_4_LoginPage.click_forget_password_button()
  Then Click Ok button                                                             # stepDefinition.OEP_4_LoginPage.click_ok_button()
  And Check landing page after click ok button                                     # stepDefinition.OEP_4_LoginPage.check_landing_page_after_click_ok_button()
Page is closed  Then close the Login Page                                                        # stepDefinition.OEP_4_LoginPage.close_the_admin_page()
]]></system-out>
  </testcase>
  <testcase name="Login:Invalid Check #4" classname="LOGIN PAGE" time="16.379">
    <system-out><![CDATA[
@TC_10
Scenario: Login:Invalid Check                                                                 # src/test/resources/FeatureFiles/4_OEP_Login.feature:78
  Given To Check Login is navigating to OEP URL is "http://192.168.1.30/OEPADMIN/"            # stepDefinition.OEP_4_LoginPage.to_check_login_is_navigating_to_oep_url_is(java.lang.String)
  When To Check Login Enter username and password are "test@yopmail.com" and "Thirumaran@001" # stepDefinition.OEP_4_LoginPage.to_check_login_enter_username_and_password_are_and(java.lang.String,java.lang.String)
  And click the Signin button To Check Login                                                  # stepDefinition.OEP_4_LoginPage.click_the_signin_button_to_check_login()
Alert message dispalyed like : Your account is inactive, please contact admin to activate.
  Then Check alert message is displayed or not                                                # stepDefinition.OEP_4_LoginPage.check_alert_message_is_displayed_or_not()
  And click the Signin button To Check Login                                                  # stepDefinition.OEP_4_LoginPage.click_the_signin_button_to_check_login()
Alert message dispalyed like : Your account is inactive, please contact admin to activate.
  Then Check alert message is displayed or not                                                # stepDefinition.OEP_4_LoginPage.check_alert_message_is_displayed_or_not()
  And click the Signin button To Check Login                                                  # stepDefinition.OEP_4_LoginPage.click_the_signin_button_to_check_login()
Alert message dispalyed like : Your account is inactive, please contact admin to activate.
  Then Check alert message is displayed or not                                                # stepDefinition.OEP_4_LoginPage.check_alert_message_is_displayed_or_not()
  And click the Signin button To Check Login                                                  # stepDefinition.OEP_4_LoginPage.click_the_signin_button_to_check_login()
Alert message dispalyed like : Your account is inactive, please contact admin to activate.
  Then Check alert message is displayed or not                                                # stepDefinition.OEP_4_LoginPage.check_alert_message_is_displayed_or_not()
Page is closed  Then close the Login Page                                                                   # stepDefinition.OEP_4_LoginPage.close_the_admin_page()
]]></system-out>
  </testcase>
  <testcase name="Login:Invalid Check #5" classname="LOGIN PAGE" time="7.273">
    <system-out><![CDATA[
@TC_11
Scenario: Login:Invalid Check                                                                 # src/test/resources/FeatureFiles/4_OEP_Login.feature:92
  Given To Check Login is navigating to OEP URL is "http://192.168.1.30/OEPADMIN/"            # stepDefinition.OEP_4_LoginPage.to_check_login_is_navigating_to_oep_url_is(java.lang.String)
  When To Check Login Enter username and password are "test@yopmail.com" and "Thirumaran@123" # stepDefinition.OEP_4_LoginPage.to_check_login_enter_username_and_password_are_and(java.lang.String,java.lang.String)
  And click the Signin button To Check Login                                                  # stepDefinition.OEP_4_LoginPage.click_the_signin_button_to_check_login()
Page is closed  Then close the Login Page                                                                   # stepDefinition.OEP_4_LoginPage.close_the_admin_page()
]]></system-out>
  </testcase>
  <testcase name="Login:Lock Account #1" classname="LOGIN PAGE" time="17.617">
    <system-out><![CDATA[
@TC_12
Scenario: Login:Lock Account                                                                        # src/test/resources/FeatureFiles/4_OEP_Login.feature:99
  Given To Check Login is navigating to OEP URL is "http://192.168.1.30/OEPADMIN/"                  # stepDefinition.OEP_4_LoginPage.to_check_login_is_navigating_to_oep_url_is(java.lang.String)
  When To Check Login Enter username and password are "thirumaran@yopmail.com" and "Thirumaran@001" # stepDefinition.OEP_4_LoginPage.to_check_login_enter_username_and_password_are_and(java.lang.String,java.lang.String)
  And click the Signin button To Check Login                                                        # stepDefinition.OEP_4_LoginPage.click_the_signin_button_to_check_login()
Alert message dispalyed like : Your account is inactive, please contact admin to activate.
  Then Check alert message is displayed or not                                                      # stepDefinition.OEP_4_LoginPage.check_alert_message_is_displayed_or_not()
  And click the Signin button To Check Login                                                        # stepDefinition.OEP_4_LoginPage.click_the_signin_button_to_check_login()
Alert message dispalyed like : Your account is inactive, please contact admin to activate.
  Then Check alert message is displayed or not                                                      # stepDefinition.OEP_4_LoginPage.check_alert_message_is_displayed_or_not()
  And click the Signin button To Check Login                                                        # stepDefinition.OEP_4_LoginPage.click_the_signin_button_to_check_login()
Alert message dispalyed like : Your account is inactive, please contact admin to activate.
  Then Check alert message is displayed or not                                                      # stepDefinition.OEP_4_LoginPage.check_alert_message_is_displayed_or_not()
  And click the Signin button To Check Login                                                        # stepDefinition.OEP_4_LoginPage.click_the_signin_button_to_check_login()
Alert message dispalyed like : Your account is inactive, please contact admin to activate.
  Then Check alert message is displayed or not                                                      # stepDefinition.OEP_4_LoginPage.check_alert_message_is_displayed_or_not()
  And click the Signin button To Check Login                                                        # stepDefinition.OEP_4_LoginPage.click_the_signin_button_to_check_login()
Alert message dispalyed like : Your account is inactive, please contact admin to activate.
  Then Check alert message is displayed or not                                                      # stepDefinition.OEP_4_LoginPage.check_alert_message_is_displayed_or_not()
Page is closed  Then close the Login Page                                                                         # stepDefinition.OEP_4_LoginPage.close_the_admin_page()
]]></system-out>
  </testcase>
  <testcase name="Login:Lock Account #2" classname="LOGIN PAGE" time="9.299">
    <system-out><![CDATA[
@TC_13
Scenario: Login:Lock Account                                                                        # src/test/resources/FeatureFiles/4_OEP_Login.feature:115
  Given To Check Login is navigating to OEP URL is "http://192.168.1.30/OEPADMIN/"                  # stepDefinition.OEP_4_LoginPage.to_check_login_is_navigating_to_oep_url_is(java.lang.String)
  When To Check Login Enter username and password are "thirumaran@yopmail.com" and "Thirumaran@001" # stepDefinition.OEP_4_LoginPage.to_check_login_enter_username_and_password_are_and(java.lang.String,java.lang.String)
  And click the Signin button To Check Login                                                        # stepDefinition.OEP_4_LoginPage.click_the_signin_button_to_check_login()
Alert message dispalyed like : Your account is inactive, please contact admin to activate.
  Then Check alert message is displayed or not                                                      # stepDefinition.OEP_4_LoginPage.check_alert_message_is_displayed_or_not()
Page is closed  Then close the Login Page                                                                         # stepDefinition.OEP_4_LoginPage.close_the_admin_page()
]]></system-out>
  </testcase>
  <testcase name="Login:Enter button check" classname="LOGIN PAGE" time="7.299">
    <system-out><![CDATA[
@Test @TC_15
Scenario: Login:Enter button check                                                                                        # src/test/resources/FeatureFiles/4_OEP_Login.feature:135
  Given To Check Login is navigating to OEP URL is "http://192.168.1.30/OEPADMIN/"                                        # stepDefinition.OEP_4_LoginPage.to_check_login_is_navigating_to_oep_url_is(java.lang.String)
  When To Check Login Enter Invalid username and valid password are "thirumaran@sankarasoftware.com" and "Thirumaran@001" # stepDefinition.OEP_4_LoginPage.to_check_login_enter_invalid_username_and_valid_password_are_and(java.lang.String,java.lang.String)
  And Click ENTER button                                                                                                  # stepDefinition.OEP_4_LoginPage.click_enter_button()
Page is closed  Then close the Login Page                                                                                               # stepDefinition.OEP_4_LoginPage.close_the_admin_page()
]]></system-out>
  </testcase>
  <testcase name="Login:2FA Enabled User Check" classname="LOGIN PAGE" time="8.839">
    <failure message="Page doesnot landed to Login page expected:&lt;...2.168.1.30/OEPADMIN/[]&gt; but was:&lt;...2.168.1.30/OEPADMIN/[TwolevelAuth]&gt;" type="org.junit.ComparisonFailure"><![CDATA[org.junit.ComparisonFailure: Page doesnot landed to Login page expected:<...2.168.1.30/OEPADMIN/[]> but was:<...2.168.1.30/OEPADMIN/[TwolevelAuth]>
	at stepDefinition.OEP_4_LoginPage.check_the_landing_page_using_assert_function(OEP_4_LoginPage.java:305)
	at .Check the landing page using assert function(file:///C:/Users/thirumaran/eclipse-workspace/NexTestify_Cucumber/src/test/resources/FeatureFiles/4_OEP_Login.feature:146)
]]></failure>
    <system-out><![CDATA[
@TC_16
Scenario: Login:2FA Enabled User Check                                                                              # src/test/resources/FeatureFiles/4_OEP_Login.feature:142
  Given To Check Login is navigating to OEP URL is "http://192.168.1.30/OEPADMIN/"                                  # stepDefinition.OEP_4_LoginPage.to_check_login_is_navigating_to_oep_url_is(java.lang.String)
  When To Check Login Enter Invalid username and valid password are "twofauser123@yopmail.com" and "Thirumaran@111" # stepDefinition.OEP_4_LoginPage.to_check_login_enter_invalid_username_and_valid_password_are_and(java.lang.String,java.lang.String)
  And click the Signin button To Check Login                                                                        # stepDefinition.OEP_4_LoginPage.click_the_signin_button_to_check_login()
  Then Check the landing page using assert function                                                                 # stepDefinition.OEP_4_LoginPage.check_the_landing_page_using_assert_function()
      org.junit.ComparisonFailure: Page doesnot landed to Login page expected:<...2.168.1.30/OEPADMIN/[]> but was:<...2.168.1.30/OEPADMIN/[TwolevelAuth]>
	at org.junit.Assert.assertEquals(Assert.java:117)
	at stepDefinition.OEP_4_LoginPage.check_the_landing_page_using_assert_function(OEP_4_LoginPage.java:305)
	at .Check the landing page using assert function(file:///C:/Users/thirumaran/eclipse-workspace/NexTestify_Cucumber/src/test/resources/FeatureFiles/4_OEP_Login.feature:146)

  Then close the Login Page                                                                                         # stepDefinition.OEP_4_LoginPage.close_the_admin_page()
]]></system-out>
  </testcase>
  <testcase name="Login:With Inactive User Check #1" classname="LOGIN PAGE" time="37.044">
    <failure message="Alert message is not found and page navigates to next page" type="java.lang.AssertionError"><![CDATA[java.lang.AssertionError: Alert message is not found and page navigates to next page
	at stepDefinition.OEP_4_LoginPage.check_alert_message_is_displayed_or_not_in_login_Page(OEP_4_LoginPage.java:109)
	at .Check alert message is displayed or not in Login Page(file:///C:/Users/thirumaran/eclipse-workspace/NexTestify_Cucumber/src/test/resources/FeatureFiles/4_OEP_Login.feature:154)
]]></failure>
    <system-out><![CDATA[
@TC_17
Scenario: Login:With Inactive User Check                                                                             # src/test/resources/FeatureFiles/4_OEP_Login.feature:150
  Given To Check Login is navigating to OEP URL is "http://192.168.1.30/OEPADMIN/"                                   # stepDefinition.OEP_4_LoginPage.to_check_login_is_navigating_to_oep_url_is(java.lang.String)
  When To Check Login Enter inactive username and valid password are "inactiveuser@yopmail.com" and "Thirumaran@001" # stepDefinition.OEP_4_LoginPage.to_check_login_enter_inactive_username_and_valid_password_are_and(java.lang.String,java.lang.String)
  And click Forget password button                                                                                   # stepDefinition.OEP_4_LoginPage.click_forget_password_button()
Alert message is not displayed and page navigates to next page
  Then Check alert message is displayed or not in Login Page                                                         # stepDefinition.OEP_4_LoginPage.check_alert_message_is_displayed_or_not_in_login_Page()
      java.lang.AssertionError: Alert message is not found and page navigates to next page
	at org.junit.Assert.fail(Assert.java:89)
	at stepDefinition.OEP_4_LoginPage.check_alert_message_is_displayed_or_not_in_login_Page(OEP_4_LoginPage.java:109)
	at .Check alert message is displayed or not in Login Page(file:///C:/Users/thirumaran/eclipse-workspace/NexTestify_Cucumber/src/test/resources/FeatureFiles/4_OEP_Login.feature:154)

  Then close the Login Page                                                                                          # stepDefinition.OEP_4_LoginPage.close_the_admin_page()
]]></system-out>
  </testcase>
  <testcase name="Login:With Inactive User Check #2" classname="LOGIN PAGE" time="9.259">
    <system-out><![CDATA[
@TC_18
Scenario: Login:With Inactive User Check                                                                             # src/test/resources/FeatureFiles/4_OEP_Login.feature:158
  Given To Check Login is navigating to OEP URL is "http://192.168.1.30/OEPADMIN/"                                   # stepDefinition.OEP_4_LoginPage.to_check_login_is_navigating_to_oep_url_is(java.lang.String)
  When To Check Login Enter inactive username and valid password are "inactiveuser@yopmail.com" and "Thirumaran@001" # stepDefinition.OEP_4_LoginPage.to_check_login_enter_inactive_username_and_valid_password_are_and(java.lang.String,java.lang.String)
  And click the Signin button To Check Login                                                                         # stepDefinition.OEP_4_LoginPage.click_the_signin_button_to_check_login()
Alert message dispalyed like : Your account is inactive, please contact admin to activate.
  Then Check alert message is displayed or not                                                                       # stepDefinition.OEP_4_LoginPage.check_alert_message_is_displayed_or_not()
Page is closed  Then close the Login Page                                                                                          # stepDefinition.OEP_4_LoginPage.close_the_admin_page()
]]></system-out>
  </testcase>
</testsuite>