<?xml version="1.0" encoding="UTF-8"?>
<testsuite xmlns:xsi="http://www.w3.org/2001/XMLSchema-instance" xsi:noNamespaceSchemaLocation="https://maven.apache.org/surefire/maven-surefire-plugin/xsd/surefire-test-report.xsd" version="3.0.1" name="runnerClass.OEP_2_QuestionManagerRunnerTest" time="39.723" tests="68" errors="68" skipped="0" failures="0">
  <properties>
[...]
</properties>
  <testcase name="Create Question:Search Check #1" classname="QUESTION MANAGER" time="0.777">
    <error message="Could not start a new session. Response code 500. Message: session not created: Chrome failed to start: crashed.&#10;  (session not created: DevToolsActivePort file doesn&apos;t exist)&#10;  (The process started from chrome location C:\Program Files\Google\Chrome\Application\chrome.exe is no longer running, so ChromeDriver is assuming that Chrome has crashed.) &#10;Host info: host: &apos;SSSLT025&apos;, ip: &apos;127.0.0.1&apos;&#10;Build info: version: &apos;4.27.0&apos;, revision: &apos;d6e718d134&apos;&#10;System info: os.name: &apos;Windows 11&apos;, os.arch: &apos;amd64&apos;, os.version: &apos;10.0&apos;, java.version: &apos;21.0.2&apos;&#10;Driver info: org.openqa.selenium.chrome.ChromeDriver&#10;Command: [null, newSession {capabilities=[Capabilities {browserName: chrome, goog:chromeOptions: {args: [--headless=new], extensions: []}}]}]" type="org.openqa.selenium.SessionNotCreatedException"><![CDATA[org.openqa.selenium.SessionNotCreatedException: 
Could not start a new session. Response code 500. Message: session not created: Chrome failed to start: crashed.
  (session not created: DevToolsActivePort file doesn't exist)
  (The process started from chrome location C:\Program Files\Google\Chrome\Application\chrome.exe is no longer running, so ChromeDriver is assuming that Chrome has crashed.) 
Host info: host: 'SSSLT025', ip: '127.0.0.1'
Build info: version: '4.27.0', revision: 'd6e718d134'
System info: os.name: 'Windows 11', os.arch: 'amd64', os.version: '10.0', java.version: '21.0.2'
Driver info: org.openqa.selenium.chrome.ChromeDriver
Command: [null, newSession {capabilities=[Capabilities {browserName: chrome, goog:chromeOptions: {args: [--headless=new], extensions: []}}]}]
	at org.openqa.selenium.remote.ProtocolHandshake.createSession(ProtocolHandshake.java:114)
	at org.openqa.selenium.remote.ProtocolHandshake.createSession(ProtocolHandshake.java:75)
	at org.openqa.selenium.remote.ProtocolHandshake.createSession(ProtocolHandshake.java:61)
	at org.openqa.selenium.remote.HttpCommandExecutor.execute(HttpCommandExecutor.java:162)
	at org.openqa.selenium.remote.service.DriverCommandExecutor.invokeExecute(DriverCommandExecutor.java:216)
	at org.openqa.selenium.remote.service.DriverCommandExecutor.execute(DriverCommandExecutor.java:174)
	at org.openqa.selenium.remote.RemoteWebDriver.execute(RemoteWebDriver.java:545)
	at org.openqa.selenium.remote.RemoteWebDriver.startSession(RemoteWebDriver.java:245)
	at org.openqa.selenium.remote.RemoteWebDriver.<init>(RemoteWebDriver.java:174)
	at org.openqa.selenium.chromium.ChromiumDriver.<init>(ChromiumDriver.java:114)
	at org.openqa.selenium.chrome.ChromeDriver.<init>(ChromeDriver.java:88)
	at org.openqa.selenium.chrome.ChromeDriver.<init>(ChromeDriver.java:83)
	at org.openqa.selenium.chrome.ChromeDriver.<init>(ChromeDriver.java:72)
	at stepDefinition.OEP_2_QuestionManager.to_check_create_question_is_navigating_to_oep_url_is(OEP_2_QuestionManager.java:37)
	at ✽.To Check Create Question is navigating to OEP URL is "http://192.168.1.30/OEPADMIN/"(file:///C:/Users/thirumaran/eclipse-workspace/NexTestify_Cucumber/src/test/resources/FeatureFiles/2_OEP_QuestionManager.feature:4)
]]></error>
    <system-out><![CDATA[
@TC_01
Scenario: Create Question:Search Check                                                                                 # src/test/resources/FeatureFiles/2_OEP_QuestionManager.feature:11
  Given To Check Create Question is navigating to OEP URL is "http://192.168.1.30/OEPADMIN/"                           # stepDefinition.OEP_2_QuestionManager.to_check_create_question_is_navigating_to_oep_url_is(java.lang.String)
      org.openqa.selenium.SessionNotCreatedException: Could not start a new session. Response code 500. Message: session not created: Chrome failed to start: crashed.
  (session not created: DevToolsActivePort file doesn't exist)
  (The process started from chrome location C:\Program Files\Google\Chrome\Application\chrome.exe is no longer running, so ChromeDriver is assuming that Chrome has crashed.) 
Host info: host: 'SSSLT025', ip: '127.0.0.1'
Build info: version: '4.27.0', revision: 'd6e718d134'
System info: os.name: 'Windows 11', os.arch: 'amd64', os.version: '10.0', java.version: '21.0.2'
Driver info: org.openqa.selenium.chrome.ChromeDriver
Command: [null, newSession {capabilities=[Capabilities {browserName: chrome, goog:chromeOptions: {args: [--headless=new], extensions: []}}]}]
	at org.openqa.selenium.remote.ProtocolHandshake.createSession(ProtocolHandshake.java:114)
	at org.openqa.selenium.remote.ProtocolHandshake.createSession(ProtocolHandshake.java:75)
	at org.openqa.selenium.remote.ProtocolHandshake.createSession(ProtocolHandshake.java:61)
	at org.openqa.selenium.remote.HttpCommandExecutor.execute(HttpCommandExecutor.java:162)
	at org.openqa.selenium.remote.service.DriverCommandExecutor.invokeExecute(DriverCommandExecutor.java:216)
	at org.openqa.selenium.remote.service.DriverCommandExecutor.execute(DriverCommandExecutor.java:174)
	at org.openqa.selenium.remote.RemoteWebDriver.execute(RemoteWebDriver.java:545)
	at org.openqa.selenium.remote.RemoteWebDriver.startSession(RemoteWebDriver.java:245)
	at org.openqa.selenium.remote.RemoteWebDriver.<init>(RemoteWebDriver.java:174)
	at org.openqa.selenium.chromium.ChromiumDriver.<init>(ChromiumDriver.java:114)
	at org.openqa.selenium.chrome.ChromeDriver.<init>(ChromeDriver.java:88)
	at org.openqa.selenium.chrome.ChromeDriver.<init>(ChromeDriver.java:83)
	at org.openqa.selenium.chrome.ChromeDriver.<init>(ChromeDriver.java:72)
	at stepDefinition.OEP_2_QuestionManager.to_check_create_question_is_navigating_to_oep_url_is(OEP_2_QuestionManager.java:37)
	at ✽.To Check Create Question is navigating to OEP URL is "http://192.168.1.30/OEPADMIN/"(file:///C:/Users/thirumaran/eclipse-workspace/NexTestify_Cucumber/src/test/resources/FeatureFiles/2_OEP_QuestionManager.feature:4)

  When To Check Create Question Enter username and password are "thirumaran@sankarasoftware.com" and "Thirumaran@8870" # stepDefinition.OEP_2_QuestionManager.to_check_create_question_enter_username_and_password_are_and(java.lang.String,java.lang.String)
  And click the Signin button To Check Create Question                                                                 # stepDefinition.OEP_2_QuestionManager.click_the_signin_button_to_check_create_question()
  Then Click take picture button in Create Question                                                                    # stepDefinition.OEP_2_QuestionManager.click_take_picture_button_in_Create_Question()
  Then Click Create Question button                                                                                    # stepDefinition.OEP_2_QuestionManager.click_create_question_button()
  Given Enter valid question "What is Quantum Cryptography?" details in the searchbox                                  # stepDefinition.OEP_2_QuestionManager.enter_valid_question_details_in_the_searchbox(java.lang.String)
  When Check entered question "What is Quantum Cryptography?" details is displayed or not                              # stepDefinition.OEP_2_QuestionManager.check_entered_question_details_is_displayed_or_not(java.lang.String)
  Then Close Create Question button                                                                                    # stepDefinition.OEP_2_QuestionManager.close_create_question_button()
]]></system-out>
  </testcase>
  <testcase name="Create Question:Search Check #2" classname="QUESTION MANAGER" time="0.673">
    <error message="Could not start a new session. Response code 500. Message: session not created: Chrome failed to start: was killed.&#10;  (session not created: DevToolsActivePort file doesn&apos;t exist)&#10;  (The process started from chrome location C:\Program Files\Google\Chrome\Application\chrome.exe is no longer running, so ChromeDriver is assuming that Chrome has crashed.) &#10;Host info: host: &apos;SSSLT025&apos;, ip: &apos;127.0.0.1&apos;&#10;Build info: version: &apos;4.27.0&apos;, revision: &apos;d6e718d134&apos;&#10;System info: os.name: &apos;Windows 11&apos;, os.arch: &apos;amd64&apos;, os.version: &apos;10.0&apos;, java.version: &apos;21.0.2&apos;&#10;Driver info: org.openqa.selenium.chrome.ChromeDriver&#10;Command: [null, newSession {capabilities=[Capabilities {browserName: chrome, goog:chromeOptions: {args: [--headless=new], extensions: []}}]}]" type="org.openqa.selenium.SessionNotCreatedException"><![CDATA[org.openqa.selenium.SessionNotCreatedException: 
Could not start a new session. Response code 500. Message: session not created: Chrome failed to start: was killed.
  (session not created: DevToolsActivePort file doesn't exist)
  (The process started from chrome location C:\Program Files\Google\Chrome\Application\chrome.exe is no longer running, so ChromeDriver is assuming that Chrome has crashed.) 
Host info: host: 'SSSLT025', ip: '127.0.0.1'
Build info: version: '4.27.0', revision: 'd6e718d134'
System info: os.name: 'Windows 11', os.arch: 'amd64', os.version: '10.0', java.version: '21.0.2'
Driver info: org.openqa.selenium.chrome.ChromeDriver
Command: [null, newSession {capabilities=[Capabilities {browserName: chrome, goog:chromeOptions: {args: [--headless=new], extensions: []}}]}]
	at org.openqa.selenium.remote.ProtocolHandshake.createSession(ProtocolHandshake.java:114)
	at org.openqa.selenium.remote.ProtocolHandshake.createSession(ProtocolHandshake.java:75)
	at org.openqa.selenium.remote.ProtocolHandshake.createSession(ProtocolHandshake.java:61)
	at org.openqa.selenium.remote.HttpCommandExecutor.execute(HttpCommandExecutor.java:162)
	at org.openqa.selenium.remote.service.DriverCommandExecutor.invokeExecute(DriverCommandExecutor.java:216)
	at org.openqa.selenium.remote.service.DriverCommandExecutor.execute(DriverCommandExecutor.java:174)
	at org.openqa.selenium.remote.RemoteWebDriver.execute(RemoteWebDriver.java:545)
	at org.openqa.selenium.remote.RemoteWebDriver.startSession(RemoteWebDriver.java:245)
	at org.openqa.selenium.remote.RemoteWebDriver.<init>(RemoteWebDriver.java:174)
	at org.openqa.selenium.chromium.ChromiumDriver.<init>(ChromiumDriver.java:114)
	at org.openqa.selenium.chrome.ChromeDriver.<init>(ChromeDriver.java:88)
	at org.openqa.selenium.chrome.ChromeDriver.<init>(ChromeDriver.java:83)
	at org.openqa.selenium.chrome.ChromeDriver.<init>(ChromeDriver.java:72)
	at stepDefinition.OEP_2_QuestionManager.to_check_create_question_is_navigating_to_oep_url_is(OEP_2_QuestionManager.java:37)
	at ✽.To Check Create Question is navigating to OEP URL is "http://192.168.1.30/OEPADMIN/"(file:///C:/Users/thirumaran/eclipse-workspace/NexTestify_Cucumber/src/test/resources/FeatureFiles/2_OEP_QuestionManager.feature:4)
]]></error>
    <system-out><![CDATA[
@TC_02
Scenario: Create Question:Search Check                                                                                                # src/test/resources/FeatureFiles/2_OEP_QuestionManager.feature:17
  Given To Check Create Question is navigating to OEP URL is "http://192.168.1.30/OEPADMIN/"                                          # stepDefinition.OEP_2_QuestionManager.to_check_create_question_is_navigating_to_oep_url_is(java.lang.String)
      org.openqa.selenium.SessionNotCreatedException: Could not start a new session. Response code 500. Message: session not created: Chrome failed to start: was killed.
  (session not created: DevToolsActivePort file doesn't exist)
  (The process started from chrome location C:\Program Files\Google\Chrome\Application\chrome.exe is no longer running, so ChromeDriver is assuming that Chrome has crashed.) 
Host info: host: 'SSSLT025', ip: '127.0.0.1'
Build info: version: '4.27.0', revision: 'd6e718d134'
System info: os.name: 'Windows 11', os.arch: 'amd64', os.version: '10.0', java.version: '21.0.2'
Driver info: org.openqa.selenium.chrome.ChromeDriver
Command: [null, newSession {capabilities=[Capabilities {browserName: chrome, goog:chromeOptions: {args: [--headless=new], extensions: []}}]}]
	at org.openqa.selenium.remote.ProtocolHandshake.createSession(ProtocolHandshake.java:114)
	at org.openqa.selenium.remote.ProtocolHandshake.createSession(ProtocolHandshake.java:75)
	at org.openqa.selenium.remote.ProtocolHandshake.createSession(ProtocolHandshake.java:61)
	at org.openqa.selenium.remote.HttpCommandExecutor.execute(HttpCommandExecutor.java:162)
	at org.openqa.selenium.remote.service.DriverCommandExecutor.invokeExecute(DriverCommandExecutor.java:216)
	at org.openqa.selenium.remote.service.DriverCommandExecutor.execute(DriverCommandExecutor.java:174)
	at org.openqa.selenium.remote.RemoteWebDriver.execute(RemoteWebDriver.java:545)
	at org.openqa.selenium.remote.RemoteWebDriver.startSession(RemoteWebDriver.java:245)
	at org.openqa.selenium.remote.RemoteWebDriver.<init>(RemoteWebDriver.java:174)
	at org.openqa.selenium.chromium.ChromiumDriver.<init>(ChromiumDriver.java:114)
	at org.openqa.selenium.chrome.ChromeDriver.<init>(ChromeDriver.java:88)
	at org.openqa.selenium.chrome.ChromeDriver.<init>(ChromeDriver.java:83)
	at org.openqa.selenium.chrome.ChromeDriver.<init>(ChromeDriver.java:72)
	at stepDefinition.OEP_2_QuestionManager.to_check_create_question_is_navigating_to_oep_url_is(OEP_2_QuestionManager.java:37)
	at ✽.To Check Create Question is navigating to OEP URL is "http://192.168.1.30/OEPADMIN/"(file:///C:/Users/thirumaran/eclipse-workspace/NexTestify_Cucumber/src/test/resources/FeatureFiles/2_OEP_QuestionManager.feature:4)

  When To Check Create Question Enter username and password are "thirumaran@sankarasoftware.com" and "Thirumaran@8870"                # stepDefinition.OEP_2_QuestionManager.to_check_create_question_enter_username_and_password_are_and(java.lang.String,java.lang.String)
  And click the Signin button To Check Create Question                                                                                # stepDefinition.OEP_2_QuestionManager.click_the_signin_button_to_check_create_question()
  Then Click take picture button in Create Question                                                                                   # stepDefinition.OEP_2_QuestionManager.click_take_picture_button_in_Create_Question()
  Then Click Create Question button                                                                                                   # stepDefinition.OEP_2_QuestionManager.click_create_question_button()
  Given Enter valid answer "Various Cyber Security methods for encrypting and transmitting secure data." details in the searchbox     # stepDefinition.OEP_2_QuestionManager.enter_valid_answer_details_in_the_searchbox(java.lang.String)
  When Check entered answer "Various Cyber Security methods for encrypting and transmitting secure data." details is displayed or not # stepDefinition.OEP_2_QuestionManager.check_entered_answer_details_is_displayed_or_not(java.lang.String)
  Then Close Create Question button                                                                                                   # stepDefinition.OEP_2_QuestionManager.close_create_question_button()
]]></system-out>
  </testcase>
  <testcase name="Create Question:Status Check #1" classname="QUESTION MANAGER" time="0.652">
    <error message="Could not start a new session. Response code 500. Message: session not created: Chrome failed to start: was killed.&#10;  (session not created: DevToolsActivePort file doesn&apos;t exist)&#10;  (The process started from chrome location C:\Program Files\Google\Chrome\Application\chrome.exe is no longer running, so ChromeDriver is assuming that Chrome has crashed.) &#10;Host info: host: &apos;SSSLT025&apos;, ip: &apos;127.0.0.1&apos;&#10;Build info: version: &apos;4.27.0&apos;, revision: &apos;d6e718d134&apos;&#10;System info: os.name: &apos;Windows 11&apos;, os.arch: &apos;amd64&apos;, os.version: &apos;10.0&apos;, java.version: &apos;21.0.2&apos;&#10;Driver info: org.openqa.selenium.chrome.ChromeDriver&#10;Command: [null, newSession {capabilities=[Capabilities {browserName: chrome, goog:chromeOptions: {args: [--headless=new], extensions: []}}]}]" type="org.openqa.selenium.SessionNotCreatedException"><![CDATA[org.openqa.selenium.SessionNotCreatedException: 
Could not start a new session. Response code 500. Message: session not created: Chrome failed to start: was killed.
  (session not created: DevToolsActivePort file doesn't exist)
  (The process started from chrome location C:\Program Files\Google\Chrome\Application\chrome.exe is no longer running, so ChromeDriver is assuming that Chrome has crashed.) 
Host info: host: 'SSSLT025', ip: '127.0.0.1'
Build info: version: '4.27.0', revision: 'd6e718d134'
System info: os.name: 'Windows 11', os.arch: 'amd64', os.version: '10.0', java.version: '21.0.2'
Driver info: org.openqa.selenium.chrome.ChromeDriver
Command: [null, newSession {capabilities=[Capabilities {browserName: chrome, goog:chromeOptions: {args: [--headless=new], extensions: []}}]}]
	at org.openqa.selenium.remote.ProtocolHandshake.createSession(ProtocolHandshake.java:114)
	at org.openqa.selenium.remote.ProtocolHandshake.createSession(ProtocolHandshake.java:75)
	at org.openqa.selenium.remote.ProtocolHandshake.createSession(ProtocolHandshake.java:61)
	at org.openqa.selenium.remote.HttpCommandExecutor.execute(HttpCommandExecutor.java:162)
	at org.openqa.selenium.remote.service.DriverCommandExecutor.invokeExecute(DriverCommandExecutor.java:216)
	at org.openqa.selenium.remote.service.DriverCommandExecutor.execute(DriverCommandExecutor.java:174)
	at org.openqa.selenium.remote.RemoteWebDriver.execute(RemoteWebDriver.java:545)
	at org.openqa.selenium.remote.RemoteWebDriver.startSession(RemoteWebDriver.java:245)
	at org.openqa.selenium.remote.RemoteWebDriver.<init>(RemoteWebDriver.java:174)
	at org.openqa.selenium.chromium.ChromiumDriver.<init>(ChromiumDriver.java:114)
	at org.openqa.selenium.chrome.ChromeDriver.<init>(ChromeDriver.java:88)
	at org.openqa.selenium.chrome.ChromeDriver.<init>(ChromeDriver.java:83)
	at org.openqa.selenium.chrome.ChromeDriver.<init>(ChromeDriver.java:72)
	at stepDefinition.OEP_2_QuestionManager.to_check_create_question_is_navigating_to_oep_url_is(OEP_2_QuestionManager.java:37)
	at ✽.To Check Create Question is navigating to OEP URL is "http://192.168.1.30/OEPADMIN/"(file:///C:/Users/thirumaran/eclipse-workspace/NexTestify_Cucumber/src/test/resources/FeatureFiles/2_OEP_QuestionManager.feature:4)
]]></error>
    <system-out><![CDATA[
@TC_04
Scenario: Create Question:Status Check                                                                                 # src/test/resources/FeatureFiles/2_OEP_QuestionManager.feature:29
  Given To Check Create Question is navigating to OEP URL is "http://192.168.1.30/OEPADMIN/"                           # stepDefinition.OEP_2_QuestionManager.to_check_create_question_is_navigating_to_oep_url_is(java.lang.String)
      org.openqa.selenium.SessionNotCreatedException: Could not start a new session. Response code 500. Message: session not created: Chrome failed to start: was killed.
  (session not created: DevToolsActivePort file doesn't exist)
  (The process started from chrome location C:\Program Files\Google\Chrome\Application\chrome.exe is no longer running, so ChromeDriver is assuming that Chrome has crashed.) 
Host info: host: 'SSSLT025', ip: '127.0.0.1'
Build info: version: '4.27.0', revision: 'd6e718d134'
System info: os.name: 'Windows 11', os.arch: 'amd64', os.version: '10.0', java.version: '21.0.2'
Driver info: org.openqa.selenium.chrome.ChromeDriver
Command: [null, newSession {capabilities=[Capabilities {browserName: chrome, goog:chromeOptions: {args: [--headless=new], extensions: []}}]}]
	at org.openqa.selenium.remote.ProtocolHandshake.createSession(ProtocolHandshake.java:114)
	at org.openqa.selenium.remote.ProtocolHandshake.createSession(ProtocolHandshake.java:75)
	at org.openqa.selenium.remote.ProtocolHandshake.createSession(ProtocolHandshake.java:61)
	at org.openqa.selenium.remote.HttpCommandExecutor.execute(HttpCommandExecutor.java:162)
	at org.openqa.selenium.remote.service.DriverCommandExecutor.invokeExecute(DriverCommandExecutor.java:216)
	at org.openqa.selenium.remote.service.DriverCommandExecutor.execute(DriverCommandExecutor.java:174)
	at org.openqa.selenium.remote.RemoteWebDriver.execute(RemoteWebDriver.java:545)
	at org.openqa.selenium.remote.RemoteWebDriver.startSession(RemoteWebDriver.java:245)
	at org.openqa.selenium.remote.RemoteWebDriver.<init>(RemoteWebDriver.java:174)
	at org.openqa.selenium.chromium.ChromiumDriver.<init>(ChromiumDriver.java:114)
	at org.openqa.selenium.chrome.ChromeDriver.<init>(ChromeDriver.java:88)
	at org.openqa.selenium.chrome.ChromeDriver.<init>(ChromeDriver.java:83)
	at org.openqa.selenium.chrome.ChromeDriver.<init>(ChromeDriver.java:72)
	at stepDefinition.OEP_2_QuestionManager.to_check_create_question_is_navigating_to_oep_url_is(OEP_2_QuestionManager.java:37)
	at ✽.To Check Create Question is navigating to OEP URL is "http://192.168.1.30/OEPADMIN/"(file:///C:/Users/thirumaran/eclipse-workspace/NexTestify_Cucumber/src/test/resources/FeatureFiles/2_OEP_QuestionManager.feature:4)

  When To Check Create Question Enter username and password are "thirumaran@sankarasoftware.com" and "Thirumaran@8870" # stepDefinition.OEP_2_QuestionManager.to_check_create_question_enter_username_and_password_are_and(java.lang.String,java.lang.String)
  And click the Signin button To Check Create Question                                                                 # stepDefinition.OEP_2_QuestionManager.click_the_signin_button_to_check_create_question()
  Then Click take picture button in Create Question                                                                    # stepDefinition.OEP_2_QuestionManager.click_take_picture_button_in_Create_Question()
  Then Click Create Question button                                                                                    # stepDefinition.OEP_2_QuestionManager.click_create_question_button()
  Given Select All option in status dropdown                                                                           # stepDefinition.OEP_2_QuestionManager.select_all_option_in_status_dropdown()
  Then Close Create Question button                                                                                    # stepDefinition.OEP_2_QuestionManager.close_create_question_button()
]]></system-out>
  </testcase>
  <testcase name="Create Question:Status Check #2" classname="QUESTION MANAGER" time="0.58">
    <error message="Could not start a new session. Response code 500. Message: session not created: Chrome failed to start: crashed.&#10;  (session not created: DevToolsActivePort file doesn&apos;t exist)&#10;  (The process started from chrome location C:\Program Files\Google\Chrome\Application\chrome.exe is no longer running, so ChromeDriver is assuming that Chrome has crashed.) &#10;Host info: host: &apos;SSSLT025&apos;, ip: &apos;127.0.0.1&apos;&#10;Build info: version: &apos;4.27.0&apos;, revision: &apos;d6e718d134&apos;&#10;System info: os.name: &apos;Windows 11&apos;, os.arch: &apos;amd64&apos;, os.version: &apos;10.0&apos;, java.version: &apos;21.0.2&apos;&#10;Driver info: org.openqa.selenium.chrome.ChromeDriver&#10;Command: [null, newSession {capabilities=[Capabilities {browserName: chrome, goog:chromeOptions: {args: [--headless=new], extensions: []}}]}]" type="org.openqa.selenium.SessionNotCreatedException"><![CDATA[org.openqa.selenium.SessionNotCreatedException: 
Could not start a new session. Response code 500. Message: session not created: Chrome failed to start: crashed.
  (session not created: DevToolsActivePort file doesn't exist)
  (The process started from chrome location C:\Program Files\Google\Chrome\Application\chrome.exe is no longer running, so ChromeDriver is assuming that Chrome has crashed.) 
Host info: host: 'SSSLT025', ip: '127.0.0.1'
Build info: version: '4.27.0', revision: 'd6e718d134'
System info: os.name: 'Windows 11', os.arch: 'amd64', os.version: '10.0', java.version: '21.0.2'
Driver info: org.openqa.selenium.chrome.ChromeDriver
Command: [null, newSession {capabilities=[Capabilities {browserName: chrome, goog:chromeOptions: {args: [--headless=new], extensions: []}}]}]
	at org.openqa.selenium.remote.ProtocolHandshake.createSession(ProtocolHandshake.java:114)
	at org.openqa.selenium.remote.ProtocolHandshake.createSession(ProtocolHandshake.java:75)
	at org.openqa.selenium.remote.ProtocolHandshake.createSession(ProtocolHandshake.java:61)
	at org.openqa.selenium.remote.HttpCommandExecutor.execute(HttpCommandExecutor.java:162)
	at org.openqa.selenium.remote.service.DriverCommandExecutor.invokeExecute(DriverCommandExecutor.java:216)
	at org.openqa.selenium.remote.service.DriverCommandExecutor.execute(DriverCommandExecutor.java:174)
	at org.openqa.selenium.remote.RemoteWebDriver.execute(RemoteWebDriver.java:545)
	at org.openqa.selenium.remote.RemoteWebDriver.startSession(RemoteWebDriver.java:245)
	at org.openqa.selenium.remote.RemoteWebDriver.<init>(RemoteWebDriver.java:174)
	at org.openqa.selenium.chromium.ChromiumDriver.<init>(ChromiumDriver.java:114)
	at org.openqa.selenium.chrome.ChromeDriver.<init>(ChromeDriver.java:88)
	at org.openqa.selenium.chrome.ChromeDriver.<init>(ChromeDriver.java:83)
	at org.openqa.selenium.chrome.ChromeDriver.<init>(ChromeDriver.java:72)
	at stepDefinition.OEP_2_QuestionManager.to_check_create_question_is_navigating_to_oep_url_is(OEP_2_QuestionManager.java:37)
	at ✽.To Check Create Question is navigating to OEP URL is "http://192.168.1.30/OEPADMIN/"(file:///C:/Users/thirumaran/eclipse-workspace/NexTestify_Cucumber/src/test/resources/FeatureFiles/2_OEP_QuestionManager.feature:4)
]]></error>
    <system-out><![CDATA[
@TC_05
Scenario: Create Question:Status Check                                                                                 # src/test/resources/FeatureFiles/2_OEP_QuestionManager.feature:34
  Given To Check Create Question is navigating to OEP URL is "http://192.168.1.30/OEPADMIN/"                           # stepDefinition.OEP_2_QuestionManager.to_check_create_question_is_navigating_to_oep_url_is(java.lang.String)
      org.openqa.selenium.SessionNotCreatedException: Could not start a new session. Response code 500. Message: session not created: Chrome failed to start: crashed.
  (session not created: DevToolsActivePort file doesn't exist)
  (The process started from chrome location C:\Program Files\Google\Chrome\Application\chrome.exe is no longer running, so ChromeDriver is assuming that Chrome has crashed.) 
Host info: host: 'SSSLT025', ip: '127.0.0.1'
Build info: version: '4.27.0', revision: 'd6e718d134'
System info: os.name: 'Windows 11', os.arch: 'amd64', os.version: '10.0', java.version: '21.0.2'
Driver info: org.openqa.selenium.chrome.ChromeDriver
Command: [null, newSession {capabilities=[Capabilities {browserName: chrome, goog:chromeOptions: {args: [--headless=new], extensions: []}}]}]
	at org.openqa.selenium.remote.ProtocolHandshake.createSession(ProtocolHandshake.java:114)
	at org.openqa.selenium.remote.ProtocolHandshake.createSession(ProtocolHandshake.java:75)
	at org.openqa.selenium.remote.ProtocolHandshake.createSession(ProtocolHandshake.java:61)
	at org.openqa.selenium.remote.HttpCommandExecutor.execute(HttpCommandExecutor.java:162)
	at org.openqa.selenium.remote.service.DriverCommandExecutor.invokeExecute(DriverCommandExecutor.java:216)
	at org.openqa.selenium.remote.service.DriverCommandExecutor.execute(DriverCommandExecutor.java:174)
	at org.openqa.selenium.remote.RemoteWebDriver.execute(RemoteWebDriver.java:545)
	at org.openqa.selenium.remote.RemoteWebDriver.startSession(RemoteWebDriver.java:245)
	at org.openqa.selenium.remote.RemoteWebDriver.<init>(RemoteWebDriver.java:174)
	at org.openqa.selenium.chromium.ChromiumDriver.<init>(ChromiumDriver.java:114)
	at org.openqa.selenium.chrome.ChromeDriver.<init>(ChromeDriver.java:88)
	at org.openqa.selenium.chrome.ChromeDriver.<init>(ChromeDriver.java:83)
	at org.openqa.selenium.chrome.ChromeDriver.<init>(ChromeDriver.java:72)
	at stepDefinition.OEP_2_QuestionManager.to_check_create_question_is_navigating_to_oep_url_is(OEP_2_QuestionManager.java:37)
	at ✽.To Check Create Question is navigating to OEP URL is "http://192.168.1.30/OEPADMIN/"(file:///C:/Users/thirumaran/eclipse-workspace/NexTestify_Cucumber/src/test/resources/FeatureFiles/2_OEP_QuestionManager.feature:4)

  When To Check Create Question Enter username and password are "thirumaran@sankarasoftware.com" and "Thirumaran@8870" # stepDefinition.OEP_2_QuestionManager.to_check_create_question_enter_username_and_password_are_and(java.lang.String,java.lang.String)
  And click the Signin button To Check Create Question                                                                 # stepDefinition.OEP_2_QuestionManager.click_the_signin_button_to_check_create_question()
  Then Click take picture button in Create Question                                                                    # stepDefinition.OEP_2_QuestionManager.click_take_picture_button_in_Create_Question()
  Then Click Create Question button                                                                                    # stepDefinition.OEP_2_QuestionManager.click_create_question_button()
  Given Select Active option in status dropdown                                                                        # stepDefinition.OEP_2_QuestionManager.select_active_option_in_status_dropdown()
  When Click edit button in any question                                                                               # stepDefinition.OEP_2_QuestionManager.click_edit_button_in_any_question()
  And Check question status "Active" is same as user selected                                                          # stepDefinition.OEP_2_QuestionManager.check_question_status_is_same_as_user_selected(java.lang.String)
  Then Close Create Question button                                                                                    # stepDefinition.OEP_2_QuestionManager.close_create_question_button()
]]></system-out>
  </testcase>
  <testcase name="Create Question:Status Check #3" classname="QUESTION MANAGER" time="0.664">
    <error message="Could not start a new session. Response code 500. Message: session not created: Chrome failed to start: crashed.&#10;  (session not created: DevToolsActivePort file doesn&apos;t exist)&#10;  (The process started from chrome location C:\Program Files\Google\Chrome\Application\chrome.exe is no longer running, so ChromeDriver is assuming that Chrome has crashed.) &#10;Host info: host: &apos;SSSLT025&apos;, ip: &apos;127.0.0.1&apos;&#10;Build info: version: &apos;4.27.0&apos;, revision: &apos;d6e718d134&apos;&#10;System info: os.name: &apos;Windows 11&apos;, os.arch: &apos;amd64&apos;, os.version: &apos;10.0&apos;, java.version: &apos;21.0.2&apos;&#10;Driver info: org.openqa.selenium.chrome.ChromeDriver&#10;Command: [null, newSession {capabilities=[Capabilities {browserName: chrome, goog:chromeOptions: {args: [--headless=new], extensions: []}}]}]" type="org.openqa.selenium.SessionNotCreatedException"><![CDATA[org.openqa.selenium.SessionNotCreatedException: 
Could not start a new session. Response code 500. Message: session not created: Chrome failed to start: crashed.
  (session not created: DevToolsActivePort file doesn't exist)
  (The process started from chrome location C:\Program Files\Google\Chrome\Application\chrome.exe is no longer running, so ChromeDriver is assuming that Chrome has crashed.) 
Host info: host: 'SSSLT025', ip: '127.0.0.1'
Build info: version: '4.27.0', revision: 'd6e718d134'
System info: os.name: 'Windows 11', os.arch: 'amd64', os.version: '10.0', java.version: '21.0.2'
Driver info: org.openqa.selenium.chrome.ChromeDriver
Command: [null, newSession {capabilities=[Capabilities {browserName: chrome, goog:chromeOptions: {args: [--headless=new], extensions: []}}]}]
	at org.openqa.selenium.remote.ProtocolHandshake.createSession(ProtocolHandshake.java:114)
	at org.openqa.selenium.remote.ProtocolHandshake.createSession(ProtocolHandshake.java:75)
	at org.openqa.selenium.remote.ProtocolHandshake.createSession(ProtocolHandshake.java:61)
	at org.openqa.selenium.remote.HttpCommandExecutor.execute(HttpCommandExecutor.java:162)
	at org.openqa.selenium.remote.service.DriverCommandExecutor.invokeExecute(DriverCommandExecutor.java:216)
	at org.openqa.selenium.remote.service.DriverCommandExecutor.execute(DriverCommandExecutor.java:174)
	at org.openqa.selenium.remote.RemoteWebDriver.execute(RemoteWebDriver.java:545)
	at org.openqa.selenium.remote.RemoteWebDriver.startSession(RemoteWebDriver.java:245)
	at org.openqa.selenium.remote.RemoteWebDriver.<init>(RemoteWebDriver.java:174)
	at org.openqa.selenium.chromium.ChromiumDriver.<init>(ChromiumDriver.java:114)
	at org.openqa.selenium.chrome.ChromeDriver.<init>(ChromeDriver.java:88)
	at org.openqa.selenium.chrome.ChromeDriver.<init>(ChromeDriver.java:83)
	at org.openqa.selenium.chrome.ChromeDriver.<init>(ChromeDriver.java:72)
	at stepDefinition.OEP_2_QuestionManager.to_check_create_question_is_navigating_to_oep_url_is(OEP_2_QuestionManager.java:37)
	at ✽.To Check Create Question is navigating to OEP URL is "http://192.168.1.30/OEPADMIN/"(file:///C:/Users/thirumaran/eclipse-workspace/NexTestify_Cucumber/src/test/resources/FeatureFiles/2_OEP_QuestionManager.feature:4)
]]></error>
    <system-out><![CDATA[
@TC_06
Scenario: Create Question:Status Check                                                                                 # src/test/resources/FeatureFiles/2_OEP_QuestionManager.feature:41
  Given To Check Create Question is navigating to OEP URL is "http://192.168.1.30/OEPADMIN/"                           # stepDefinition.OEP_2_QuestionManager.to_check_create_question_is_navigating_to_oep_url_is(java.lang.String)
      org.openqa.selenium.SessionNotCreatedException: Could not start a new session. Response code 500. Message: session not created: Chrome failed to start: crashed.
  (session not created: DevToolsActivePort file doesn't exist)
  (The process started from chrome location C:\Program Files\Google\Chrome\Application\chrome.exe is no longer running, so ChromeDriver is assuming that Chrome has crashed.) 
Host info: host: 'SSSLT025', ip: '127.0.0.1'
Build info: version: '4.27.0', revision: 'd6e718d134'
System info: os.name: 'Windows 11', os.arch: 'amd64', os.version: '10.0', java.version: '21.0.2'
Driver info: org.openqa.selenium.chrome.ChromeDriver
Command: [null, newSession {capabilities=[Capabilities {browserName: chrome, goog:chromeOptions: {args: [--headless=new], extensions: []}}]}]
	at org.openqa.selenium.remote.ProtocolHandshake.createSession(ProtocolHandshake.java:114)
	at org.openqa.selenium.remote.ProtocolHandshake.createSession(ProtocolHandshake.java:75)
	at org.openqa.selenium.remote.ProtocolHandshake.createSession(ProtocolHandshake.java:61)
	at org.openqa.selenium.remote.HttpCommandExecutor.execute(HttpCommandExecutor.java:162)
	at org.openqa.selenium.remote.service.DriverCommandExecutor.invokeExecute(DriverCommandExecutor.java:216)
	at org.openqa.selenium.remote.service.DriverCommandExecutor.execute(DriverCommandExecutor.java:174)
	at org.openqa.selenium.remote.RemoteWebDriver.execute(RemoteWebDriver.java:545)
	at org.openqa.selenium.remote.RemoteWebDriver.startSession(RemoteWebDriver.java:245)
	at org.openqa.selenium.remote.RemoteWebDriver.<init>(RemoteWebDriver.java:174)
	at org.openqa.selenium.chromium.ChromiumDriver.<init>(ChromiumDriver.java:114)
	at org.openqa.selenium.chrome.ChromeDriver.<init>(ChromeDriver.java:88)
	at org.openqa.selenium.chrome.ChromeDriver.<init>(ChromeDriver.java:83)
	at org.openqa.selenium.chrome.ChromeDriver.<init>(ChromeDriver.java:72)
	at stepDefinition.OEP_2_QuestionManager.to_check_create_question_is_navigating_to_oep_url_is(OEP_2_QuestionManager.java:37)
	at ✽.To Check Create Question is navigating to OEP URL is "http://192.168.1.30/OEPADMIN/"(file:///C:/Users/thirumaran/eclipse-workspace/NexTestify_Cucumber/src/test/resources/FeatureFiles/2_OEP_QuestionManager.feature:4)

  When To Check Create Question Enter username and password are "thirumaran@sankarasoftware.com" and "Thirumaran@8870" # stepDefinition.OEP_2_QuestionManager.to_check_create_question_enter_username_and_password_are_and(java.lang.String,java.lang.String)
  And click the Signin button To Check Create Question                                                                 # stepDefinition.OEP_2_QuestionManager.click_the_signin_button_to_check_create_question()
  Then Click take picture button in Create Question                                                                    # stepDefinition.OEP_2_QuestionManager.click_take_picture_button_in_Create_Question()
  Then Click Create Question button                                                                                    # stepDefinition.OEP_2_QuestionManager.click_create_question_button()
  Given Select Inactive option in status dropdown                                                                      # stepDefinition.OEP_2_QuestionManager.select_inactive_option_in_status_dropdown()
  When Click edit button in any question                                                                               # stepDefinition.OEP_2_QuestionManager.click_edit_button_in_any_question()
  And Check question status "Inactive" is same as user selected                                                        # stepDefinition.OEP_2_QuestionManager.check_question_status_is_same_as_user_selected(java.lang.String)
  Then Close Create Question button                                                                                    # stepDefinition.OEP_2_QuestionManager.close_create_question_button()
]]></system-out>
  </testcase>
  <testcase name="Create Question:Subject Check #1" classname="QUESTION MANAGER" time="0.762">
    <error message="Could not start a new session. Response code 500. Message: session not created: Chrome failed to start: crashed.&#10;  (session not created: DevToolsActivePort file doesn&apos;t exist)&#10;  (The process started from chrome location C:\Program Files\Google\Chrome\Application\chrome.exe is no longer running, so ChromeDriver is assuming that Chrome has crashed.) &#10;Host info: host: &apos;SSSLT025&apos;, ip: &apos;127.0.0.1&apos;&#10;Build info: version: &apos;4.27.0&apos;, revision: &apos;d6e718d134&apos;&#10;System info: os.name: &apos;Windows 11&apos;, os.arch: &apos;amd64&apos;, os.version: &apos;10.0&apos;, java.version: &apos;21.0.2&apos;&#10;Driver info: org.openqa.selenium.chrome.ChromeDriver&#10;Command: [null, newSession {capabilities=[Capabilities {browserName: chrome, goog:chromeOptions: {args: [--headless=new], extensions: []}}]}]" type="org.openqa.selenium.SessionNotCreatedException"><![CDATA[org.openqa.selenium.SessionNotCreatedException: 
Could not start a new session. Response code 500. Message: session not created: Chrome failed to start: crashed.
  (session not created: DevToolsActivePort file doesn't exist)
  (The process started from chrome location C:\Program Files\Google\Chrome\Application\chrome.exe is no longer running, so ChromeDriver is assuming that Chrome has crashed.) 
Host info: host: 'SSSLT025', ip: '127.0.0.1'
Build info: version: '4.27.0', revision: 'd6e718d134'
System info: os.name: 'Windows 11', os.arch: 'amd64', os.version: '10.0', java.version: '21.0.2'
Driver info: org.openqa.selenium.chrome.ChromeDriver
Command: [null, newSession {capabilities=[Capabilities {browserName: chrome, goog:chromeOptions: {args: [--headless=new], extensions: []}}]}]
	at org.openqa.selenium.remote.ProtocolHandshake.createSession(ProtocolHandshake.java:114)
	at org.openqa.selenium.remote.ProtocolHandshake.createSession(ProtocolHandshake.java:75)
	at org.openqa.selenium.remote.ProtocolHandshake.createSession(ProtocolHandshake.java:61)
	at org.openqa.selenium.remote.HttpCommandExecutor.execute(HttpCommandExecutor.java:162)
	at org.openqa.selenium.remote.service.DriverCommandExecutor.invokeExecute(DriverCommandExecutor.java:216)
	at org.openqa.selenium.remote.service.DriverCommandExecutor.execute(DriverCommandExecutor.java:174)
	at org.openqa.selenium.remote.RemoteWebDriver.execute(RemoteWebDriver.java:545)
	at org.openqa.selenium.remote.RemoteWebDriver.startSession(RemoteWebDriver.java:245)
	at org.openqa.selenium.remote.RemoteWebDriver.<init>(RemoteWebDriver.java:174)
	at org.openqa.selenium.chromium.ChromiumDriver.<init>(ChromiumDriver.java:114)
	at org.openqa.selenium.chrome.ChromeDriver.<init>(ChromeDriver.java:88)
	at org.openqa.selenium.chrome.ChromeDriver.<init>(ChromeDriver.java:83)
	at org.openqa.selenium.chrome.ChromeDriver.<init>(ChromeDriver.java:72)
	at stepDefinition.OEP_2_QuestionManager.to_check_create_question_is_navigating_to_oep_url_is(OEP_2_QuestionManager.java:37)
	at ✽.To Check Create Question is navigating to OEP URL is "http://192.168.1.30/OEPADMIN/"(file:///C:/Users/thirumaran/eclipse-workspace/NexTestify_Cucumber/src/test/resources/FeatureFiles/2_OEP_QuestionManager.feature:4)
]]></error>
    <system-out><![CDATA[
@TC_07
Scenario: Create Question:Subject Check                                                                                # src/test/resources/FeatureFiles/2_OEP_QuestionManager.feature:48
  Given To Check Create Question is navigating to OEP URL is "http://192.168.1.30/OEPADMIN/"                           # stepDefinition.OEP_2_QuestionManager.to_check_create_question_is_navigating_to_oep_url_is(java.lang.String)
      org.openqa.selenium.SessionNotCreatedException: Could not start a new session. Response code 500. Message: session not created: Chrome failed to start: crashed.
  (session not created: DevToolsActivePort file doesn't exist)
  (The process started from chrome location C:\Program Files\Google\Chrome\Application\chrome.exe is no longer running, so ChromeDriver is assuming that Chrome has crashed.) 
Host info: host: 'SSSLT025', ip: '127.0.0.1'
Build info: version: '4.27.0', revision: 'd6e718d134'
System info: os.name: 'Windows 11', os.arch: 'amd64', os.version: '10.0', java.version: '21.0.2'
Driver info: org.openqa.selenium.chrome.ChromeDriver
Command: [null, newSession {capabilities=[Capabilities {browserName: chrome, goog:chromeOptions: {args: [--headless=new], extensions: []}}]}]
	at org.openqa.selenium.remote.ProtocolHandshake.createSession(ProtocolHandshake.java:114)
	at org.openqa.selenium.remote.ProtocolHandshake.createSession(ProtocolHandshake.java:75)
	at org.openqa.selenium.remote.ProtocolHandshake.createSession(ProtocolHandshake.java:61)
	at org.openqa.selenium.remote.HttpCommandExecutor.execute(HttpCommandExecutor.java:162)
	at org.openqa.selenium.remote.service.DriverCommandExecutor.invokeExecute(DriverCommandExecutor.java:216)
	at org.openqa.selenium.remote.service.DriverCommandExecutor.execute(DriverCommandExecutor.java:174)
	at org.openqa.selenium.remote.RemoteWebDriver.execute(RemoteWebDriver.java:545)
	at org.openqa.selenium.remote.RemoteWebDriver.startSession(RemoteWebDriver.java:245)
	at org.openqa.selenium.remote.RemoteWebDriver.<init>(RemoteWebDriver.java:174)
	at org.openqa.selenium.chromium.ChromiumDriver.<init>(ChromiumDriver.java:114)
	at org.openqa.selenium.chrome.ChromeDriver.<init>(ChromeDriver.java:88)
	at org.openqa.selenium.chrome.ChromeDriver.<init>(ChromeDriver.java:83)
	at org.openqa.selenium.chrome.ChromeDriver.<init>(ChromeDriver.java:72)
	at stepDefinition.OEP_2_QuestionManager.to_check_create_question_is_navigating_to_oep_url_is(OEP_2_QuestionManager.java:37)
	at ✽.To Check Create Question is navigating to OEP URL is "http://192.168.1.30/OEPADMIN/"(file:///C:/Users/thirumaran/eclipse-workspace/NexTestify_Cucumber/src/test/resources/FeatureFiles/2_OEP_QuestionManager.feature:4)

  When To Check Create Question Enter username and password are "thirumaran@sankarasoftware.com" and "Thirumaran@8870" # stepDefinition.OEP_2_QuestionManager.to_check_create_question_enter_username_and_password_are_and(java.lang.String,java.lang.String)
  And click the Signin button To Check Create Question                                                                 # stepDefinition.OEP_2_QuestionManager.click_the_signin_button_to_check_create_question()
  Then Click take picture button in Create Question                                                                    # stepDefinition.OEP_2_QuestionManager.click_take_picture_button_in_Create_Question()
  Then Click Create Question button                                                                                    # stepDefinition.OEP_2_QuestionManager.click_create_question_button()
  Given Select All Subject option in subject dropdown                                                                  # stepDefinition.OEP_2_QuestionManager.select_all_subject_option_in_subject_dropdown()
  Then Close Create Question button                                                                                    # stepDefinition.OEP_2_QuestionManager.close_create_question_button()
]]></system-out>
  </testcase>
  <testcase name="Create Question:Subject Check #2" classname="QUESTION MANAGER" time="0.392">
    <error message="Could not start a new session. Response code 500. Message: session not created: Chrome failed to start: was killed.&#10;  (session not created: DevToolsActivePort file doesn&apos;t exist)&#10;  (The process started from chrome location C:\Program Files\Google\Chrome\Application\chrome.exe is no longer running, so ChromeDriver is assuming that Chrome has crashed.) &#10;Host info: host: &apos;SSSLT025&apos;, ip: &apos;127.0.0.1&apos;&#10;Build info: version: &apos;4.27.0&apos;, revision: &apos;d6e718d134&apos;&#10;System info: os.name: &apos;Windows 11&apos;, os.arch: &apos;amd64&apos;, os.version: &apos;10.0&apos;, java.version: &apos;21.0.2&apos;&#10;Driver info: org.openqa.selenium.chrome.ChromeDriver&#10;Command: [null, newSession {capabilities=[Capabilities {browserName: chrome, goog:chromeOptions: {args: [--headless=new], extensions: []}}]}]" type="org.openqa.selenium.SessionNotCreatedException"><![CDATA[org.openqa.selenium.SessionNotCreatedException: 
Could not start a new session. Response code 500. Message: session not created: Chrome failed to start: was killed.
  (session not created: DevToolsActivePort file doesn't exist)
  (The process started from chrome location C:\Program Files\Google\Chrome\Application\chrome.exe is no longer running, so ChromeDriver is assuming that Chrome has crashed.) 
Host info: host: 'SSSLT025', ip: '127.0.0.1'
Build info: version: '4.27.0', revision: 'd6e718d134'
System info: os.name: 'Windows 11', os.arch: 'amd64', os.version: '10.0', java.version: '21.0.2'
Driver info: org.openqa.selenium.chrome.ChromeDriver
Command: [null, newSession {capabilities=[Capabilities {browserName: chrome, goog:chromeOptions: {args: [--headless=new], extensions: []}}]}]
	at org.openqa.selenium.remote.ProtocolHandshake.createSession(ProtocolHandshake.java:114)
	at org.openqa.selenium.remote.ProtocolHandshake.createSession(ProtocolHandshake.java:75)
	at org.openqa.selenium.remote.ProtocolHandshake.createSession(ProtocolHandshake.java:61)
	at org.openqa.selenium.remote.HttpCommandExecutor.execute(HttpCommandExecutor.java:162)
	at org.openqa.selenium.remote.service.DriverCommandExecutor.invokeExecute(DriverCommandExecutor.java:216)
	at org.openqa.selenium.remote.service.DriverCommandExecutor.execute(DriverCommandExecutor.java:174)
	at org.openqa.selenium.remote.RemoteWebDriver.execute(RemoteWebDriver.java:545)
	at org.openqa.selenium.remote.RemoteWebDriver.startSession(RemoteWebDriver.java:245)
	at org.openqa.selenium.remote.RemoteWebDriver.<init>(RemoteWebDriver.java:174)
	at org.openqa.selenium.chromium.ChromiumDriver.<init>(ChromiumDriver.java:114)
	at org.openqa.selenium.chrome.ChromeDriver.<init>(ChromeDriver.java:88)
	at org.openqa.selenium.chrome.ChromeDriver.<init>(ChromeDriver.java:83)
	at org.openqa.selenium.chrome.ChromeDriver.<init>(ChromeDriver.java:72)
	at stepDefinition.OEP_2_QuestionManager.to_check_create_question_is_navigating_to_oep_url_is(OEP_2_QuestionManager.java:37)
	at ✽.To Check Create Question is navigating to OEP URL is "http://192.168.1.30/OEPADMIN/"(file:///C:/Users/thirumaran/eclipse-workspace/NexTestify_Cucumber/src/test/resources/FeatureFiles/2_OEP_QuestionManager.feature:4)
]]></error>
    <system-out><![CDATA[
@TC_08
Scenario: Create Question:Subject Check                                                                                # src/test/resources/FeatureFiles/2_OEP_QuestionManager.feature:53
  Given To Check Create Question is navigating to OEP URL is "http://192.168.1.30/OEPADMIN/"                           # stepDefinition.OEP_2_QuestionManager.to_check_create_question_is_navigating_to_oep_url_is(java.lang.String)
      org.openqa.selenium.SessionNotCreatedException: Could not start a new session. Response code 500. Message: session not created: Chrome failed to start: was killed.
  (session not created: DevToolsActivePort file doesn't exist)
  (The process started from chrome location C:\Program Files\Google\Chrome\Application\chrome.exe is no longer running, so ChromeDriver is assuming that Chrome has crashed.) 
Host info: host: 'SSSLT025', ip: '127.0.0.1'
Build info: version: '4.27.0', revision: 'd6e718d134'
System info: os.name: 'Windows 11', os.arch: 'amd64', os.version: '10.0', java.version: '21.0.2'
Driver info: org.openqa.selenium.chrome.ChromeDriver
Command: [null, newSession {capabilities=[Capabilities {browserName: chrome, goog:chromeOptions: {args: [--headless=new], extensions: []}}]}]
	at org.openqa.selenium.remote.ProtocolHandshake.createSession(ProtocolHandshake.java:114)
	at org.openqa.selenium.remote.ProtocolHandshake.createSession(ProtocolHandshake.java:75)
	at org.openqa.selenium.remote.ProtocolHandshake.createSession(ProtocolHandshake.java:61)
	at org.openqa.selenium.remote.HttpCommandExecutor.execute(HttpCommandExecutor.java:162)
	at org.openqa.selenium.remote.service.DriverCommandExecutor.invokeExecute(DriverCommandExecutor.java:216)
	at org.openqa.selenium.remote.service.DriverCommandExecutor.execute(DriverCommandExecutor.java:174)
	at org.openqa.selenium.remote.RemoteWebDriver.execute(RemoteWebDriver.java:545)
	at org.openqa.selenium.remote.RemoteWebDriver.startSession(RemoteWebDriver.java:245)
	at org.openqa.selenium.remote.RemoteWebDriver.<init>(RemoteWebDriver.java:174)
	at org.openqa.selenium.chromium.ChromiumDriver.<init>(ChromiumDriver.java:114)
	at org.openqa.selenium.chrome.ChromeDriver.<init>(ChromeDriver.java:88)
	at org.openqa.selenium.chrome.ChromeDriver.<init>(ChromeDriver.java:83)
	at org.openqa.selenium.chrome.ChromeDriver.<init>(ChromeDriver.java:72)
	at stepDefinition.OEP_2_QuestionManager.to_check_create_question_is_navigating_to_oep_url_is(OEP_2_QuestionManager.java:37)
	at ✽.To Check Create Question is navigating to OEP URL is "http://192.168.1.30/OEPADMIN/"(file:///C:/Users/thirumaran/eclipse-workspace/NexTestify_Cucumber/src/test/resources/FeatureFiles/2_OEP_QuestionManager.feature:4)

  When To Check Create Question Enter username and password are "thirumaran@sankarasoftware.com" and "Thirumaran@8870" # stepDefinition.OEP_2_QuestionManager.to_check_create_question_enter_username_and_password_are_and(java.lang.String,java.lang.String)
  And click the Signin button To Check Create Question                                                                 # stepDefinition.OEP_2_QuestionManager.click_the_signin_button_to_check_create_question()
  Then Click take picture button in Create Question                                                                    # stepDefinition.OEP_2_QuestionManager.click_take_picture_button_in_Create_Question()
  Then Click Create Question button                                                                                    # stepDefinition.OEP_2_QuestionManager.click_create_question_button()
  Given Select All Subject option in subject dropdown                                                                  # stepDefinition.OEP_2_QuestionManager.select_all_subject_option_in_subject_dropdown()
  And Select Artificial Intelligence option in subject dropdown                                                        # stepDefinition.OEP_2_QuestionManager.select_artificial_intelligence_option_in_subject_dropdown()
  Then Check selected "Artificial Intelligence" option in subject dropdown                                             # stepDefinition.OEP_2_QuestionManager.check_selected_option_in_subject_dropdown(java.lang.String)
  And Select Business and Commerce option in subject dropdown                                                          # stepDefinition.OEP_2_QuestionManager.select_business_and_commerce_option_in_subject_dropdown()
  Then Check selected "Business and Commerce" option in subject dropdown                                               # stepDefinition.OEP_2_QuestionManager.check_selected_option_in_subject_dropdown(java.lang.String)
  And Select Cryptography option in subject dropdown                                                                   # stepDefinition.OEP_2_QuestionManager.select_cryptography_option_in_subject_dropdown()
  Then Check selected "Cryptography" option in subject dropdown                                                        # stepDefinition.OEP_2_QuestionManager.check_selected_option_in_subject_dropdown(java.lang.String)
  And Select Cyber Security option in subject dropdown                                                                 # stepDefinition.OEP_2_QuestionManager.select_cyber_security_option_in_subject_dropdown()
  Then Check selected "Cyber Security" option in subject dropdown                                                      # stepDefinition.OEP_2_QuestionManager.check_selected_option_in_subject_dropdown(java.lang.String)
  Then Close Create Question button                                                                                    # stepDefinition.OEP_2_QuestionManager.close_create_question_button()
]]></system-out>
  </testcase>
  <testcase name="Create Question:Level Check #1" classname="QUESTION MANAGER" time="0.42">
    <error message="Could not start a new session. Response code 500. Message: session not created: Chrome failed to start: was killed.&#10;  (session not created: DevToolsActivePort file doesn&apos;t exist)&#10;  (The process started from chrome location C:\Program Files\Google\Chrome\Application\chrome.exe is no longer running, so ChromeDriver is assuming that Chrome has crashed.) &#10;Host info: host: &apos;SSSLT025&apos;, ip: &apos;127.0.0.1&apos;&#10;Build info: version: &apos;4.27.0&apos;, revision: &apos;d6e718d134&apos;&#10;System info: os.name: &apos;Windows 11&apos;, os.arch: &apos;amd64&apos;, os.version: &apos;10.0&apos;, java.version: &apos;21.0.2&apos;&#10;Driver info: org.openqa.selenium.chrome.ChromeDriver&#10;Command: [null, newSession {capabilities=[Capabilities {browserName: chrome, goog:chromeOptions: {args: [--headless=new], extensions: []}}]}]" type="org.openqa.selenium.SessionNotCreatedException"><![CDATA[org.openqa.selenium.SessionNotCreatedException: 
Could not start a new session. Response code 500. Message: session not created: Chrome failed to start: was killed.
  (session not created: DevToolsActivePort file doesn't exist)
  (The process started from chrome location C:\Program Files\Google\Chrome\Application\chrome.exe is no longer running, so ChromeDriver is assuming that Chrome has crashed.) 
Host info: host: 'SSSLT025', ip: '127.0.0.1'
Build info: version: '4.27.0', revision: 'd6e718d134'
System info: os.name: 'Windows 11', os.arch: 'amd64', os.version: '10.0', java.version: '21.0.2'
Driver info: org.openqa.selenium.chrome.ChromeDriver
Command: [null, newSession {capabilities=[Capabilities {browserName: chrome, goog:chromeOptions: {args: [--headless=new], extensions: []}}]}]
	at org.openqa.selenium.remote.ProtocolHandshake.createSession(ProtocolHandshake.java:114)
	at org.openqa.selenium.remote.ProtocolHandshake.createSession(ProtocolHandshake.java:75)
	at org.openqa.selenium.remote.ProtocolHandshake.createSession(ProtocolHandshake.java:61)
	at org.openqa.selenium.remote.HttpCommandExecutor.execute(HttpCommandExecutor.java:162)
	at org.openqa.selenium.remote.service.DriverCommandExecutor.invokeExecute(DriverCommandExecutor.java:216)
	at org.openqa.selenium.remote.service.DriverCommandExecutor.execute(DriverCommandExecutor.java:174)
	at org.openqa.selenium.remote.RemoteWebDriver.execute(RemoteWebDriver.java:545)
	at org.openqa.selenium.remote.RemoteWebDriver.startSession(RemoteWebDriver.java:245)
	at org.openqa.selenium.remote.RemoteWebDriver.<init>(RemoteWebDriver.java:174)
	at org.openqa.selenium.chromium.ChromiumDriver.<init>(ChromiumDriver.java:114)
	at org.openqa.selenium.chrome.ChromeDriver.<init>(ChromeDriver.java:88)
	at org.openqa.selenium.chrome.ChromeDriver.<init>(ChromeDriver.java:83)
	at org.openqa.selenium.chrome.ChromeDriver.<init>(ChromeDriver.java:72)
	at stepDefinition.OEP_2_QuestionManager.to_check_create_question_is_navigating_to_oep_url_is(OEP_2_QuestionManager.java:37)
	at ✽.To Check Create Question is navigating to OEP URL is "http://192.168.1.30/OEPADMIN/"(file:///C:/Users/thirumaran/eclipse-workspace/NexTestify_Cucumber/src/test/resources/FeatureFiles/2_OEP_QuestionManager.feature:4)
]]></error>
    <system-out><![CDATA[
@TC_09
Scenario: Create Question:Level Check                                                                                  # src/test/resources/FeatureFiles/2_OEP_QuestionManager.feature:66
  Given To Check Create Question is navigating to OEP URL is "http://192.168.1.30/OEPADMIN/"                           # stepDefinition.OEP_2_QuestionManager.to_check_create_question_is_navigating_to_oep_url_is(java.lang.String)
      org.openqa.selenium.SessionNotCreatedException: Could not start a new session. Response code 500. Message: session not created: Chrome failed to start: was killed.
  (session not created: DevToolsActivePort file doesn't exist)
  (The process started from chrome location C:\Program Files\Google\Chrome\Application\chrome.exe is no longer running, so ChromeDriver is assuming that Chrome has crashed.) 
Host info: host: 'SSSLT025', ip: '127.0.0.1'
Build info: version: '4.27.0', revision: 'd6e718d134'
System info: os.name: 'Windows 11', os.arch: 'amd64', os.version: '10.0', java.version: '21.0.2'
Driver info: org.openqa.selenium.chrome.ChromeDriver
Command: [null, newSession {capabilities=[Capabilities {browserName: chrome, goog:chromeOptions: {args: [--headless=new], extensions: []}}]}]
	at org.openqa.selenium.remote.ProtocolHandshake.createSession(ProtocolHandshake.java:114)
	at org.openqa.selenium.remote.ProtocolHandshake.createSession(ProtocolHandshake.java:75)
	at org.openqa.selenium.remote.ProtocolHandshake.createSession(ProtocolHandshake.java:61)
	at org.openqa.selenium.remote.HttpCommandExecutor.execute(HttpCommandExecutor.java:162)
	at org.openqa.selenium.remote.service.DriverCommandExecutor.invokeExecute(DriverCommandExecutor.java:216)
	at org.openqa.selenium.remote.service.DriverCommandExecutor.execute(DriverCommandExecutor.java:174)
	at org.openqa.selenium.remote.RemoteWebDriver.execute(RemoteWebDriver.java:545)
	at org.openqa.selenium.remote.RemoteWebDriver.startSession(RemoteWebDriver.java:245)
	at org.openqa.selenium.remote.RemoteWebDriver.<init>(RemoteWebDriver.java:174)
	at org.openqa.selenium.chromium.ChromiumDriver.<init>(ChromiumDriver.java:114)
	at org.openqa.selenium.chrome.ChromeDriver.<init>(ChromeDriver.java:88)
	at org.openqa.selenium.chrome.ChromeDriver.<init>(ChromeDriver.java:83)
	at org.openqa.selenium.chrome.ChromeDriver.<init>(ChromeDriver.java:72)
	at stepDefinition.OEP_2_QuestionManager.to_check_create_question_is_navigating_to_oep_url_is(OEP_2_QuestionManager.java:37)
	at ✽.To Check Create Question is navigating to OEP URL is "http://192.168.1.30/OEPADMIN/"(file:///C:/Users/thirumaran/eclipse-workspace/NexTestify_Cucumber/src/test/resources/FeatureFiles/2_OEP_QuestionManager.feature:4)

  When To Check Create Question Enter username and password are "thirumaran@sankarasoftware.com" and "Thirumaran@8870" # stepDefinition.OEP_2_QuestionManager.to_check_create_question_enter_username_and_password_are_and(java.lang.String,java.lang.String)
  And click the Signin button To Check Create Question                                                                 # stepDefinition.OEP_2_QuestionManager.click_the_signin_button_to_check_create_question()
  Then Click take picture button in Create Question                                                                    # stepDefinition.OEP_2_QuestionManager.click_take_picture_button_in_Create_Question()
  Then Click Create Question button                                                                                    # stepDefinition.OEP_2_QuestionManager.click_create_question_button()
  Given Select All Level option in level dropdown                                                                      # stepDefinition.OEP_2_QuestionManager.select_all_level_option_in_level_dropdown()
  Then Close Create Question button                                                                                    # stepDefinition.OEP_2_QuestionManager.close_create_question_button()
]]></system-out>
  </testcase>
  <testcase name="Create Question:Level Check #2" classname="QUESTION MANAGER" time="0.448">
    <error message="Could not start a new session. Response code 500. Message: session not created: Chrome failed to start: was killed.&#10;  (session not created: DevToolsActivePort file doesn&apos;t exist)&#10;  (The process started from chrome location C:\Program Files\Google\Chrome\Application\chrome.exe is no longer running, so ChromeDriver is assuming that Chrome has crashed.) &#10;Host info: host: &apos;SSSLT025&apos;, ip: &apos;127.0.0.1&apos;&#10;Build info: version: &apos;4.27.0&apos;, revision: &apos;d6e718d134&apos;&#10;System info: os.name: &apos;Windows 11&apos;, os.arch: &apos;amd64&apos;, os.version: &apos;10.0&apos;, java.version: &apos;21.0.2&apos;&#10;Driver info: org.openqa.selenium.chrome.ChromeDriver&#10;Command: [null, newSession {capabilities=[Capabilities {browserName: chrome, goog:chromeOptions: {args: [--headless=new], extensions: []}}]}]" type="org.openqa.selenium.SessionNotCreatedException"><![CDATA[org.openqa.selenium.SessionNotCreatedException: 
Could not start a new session. Response code 500. Message: session not created: Chrome failed to start: was killed.
  (session not created: DevToolsActivePort file doesn't exist)
  (The process started from chrome location C:\Program Files\Google\Chrome\Application\chrome.exe is no longer running, so ChromeDriver is assuming that Chrome has crashed.) 
Host info: host: 'SSSLT025', ip: '127.0.0.1'
Build info: version: '4.27.0', revision: 'd6e718d134'
System info: os.name: 'Windows 11', os.arch: 'amd64', os.version: '10.0', java.version: '21.0.2'
Driver info: org.openqa.selenium.chrome.ChromeDriver
Command: [null, newSession {capabilities=[Capabilities {browserName: chrome, goog:chromeOptions: {args: [--headless=new], extensions: []}}]}]
	at org.openqa.selenium.remote.ProtocolHandshake.createSession(ProtocolHandshake.java:114)
	at org.openqa.selenium.remote.ProtocolHandshake.createSession(ProtocolHandshake.java:75)
	at org.openqa.selenium.remote.ProtocolHandshake.createSession(ProtocolHandshake.java:61)
	at org.openqa.selenium.remote.HttpCommandExecutor.execute(HttpCommandExecutor.java:162)
	at org.openqa.selenium.remote.service.DriverCommandExecutor.invokeExecute(DriverCommandExecutor.java:216)
	at org.openqa.selenium.remote.service.DriverCommandExecutor.execute(DriverCommandExecutor.java:174)
	at org.openqa.selenium.remote.RemoteWebDriver.execute(RemoteWebDriver.java:545)
	at org.openqa.selenium.remote.RemoteWebDriver.startSession(RemoteWebDriver.java:245)
	at org.openqa.selenium.remote.RemoteWebDriver.<init>(RemoteWebDriver.java:174)
	at org.openqa.selenium.chromium.ChromiumDriver.<init>(ChromiumDriver.java:114)
	at org.openqa.selenium.chrome.ChromeDriver.<init>(ChromeDriver.java:88)
	at org.openqa.selenium.chrome.ChromeDriver.<init>(ChromeDriver.java:83)
	at org.openqa.selenium.chrome.ChromeDriver.<init>(ChromeDriver.java:72)
	at stepDefinition.OEP_2_QuestionManager.to_check_create_question_is_navigating_to_oep_url_is(OEP_2_QuestionManager.java:37)
	at ✽.To Check Create Question is navigating to OEP URL is "http://192.168.1.30/OEPADMIN/"(file:///C:/Users/thirumaran/eclipse-workspace/NexTestify_Cucumber/src/test/resources/FeatureFiles/2_OEP_QuestionManager.feature:4)
]]></error>
    <system-out><![CDATA[
@TC_10
Scenario: Create Question:Level Check                                                                                  # src/test/resources/FeatureFiles/2_OEP_QuestionManager.feature:71
  Given To Check Create Question is navigating to OEP URL is "http://192.168.1.30/OEPADMIN/"                           # stepDefinition.OEP_2_QuestionManager.to_check_create_question_is_navigating_to_oep_url_is(java.lang.String)
      org.openqa.selenium.SessionNotCreatedException: Could not start a new session. Response code 500. Message: session not created: Chrome failed to start: was killed.
  (session not created: DevToolsActivePort file doesn't exist)
  (The process started from chrome location C:\Program Files\Google\Chrome\Application\chrome.exe is no longer running, so ChromeDriver is assuming that Chrome has crashed.) 
Host info: host: 'SSSLT025', ip: '127.0.0.1'
Build info: version: '4.27.0', revision: 'd6e718d134'
System info: os.name: 'Windows 11', os.arch: 'amd64', os.version: '10.0', java.version: '21.0.2'
Driver info: org.openqa.selenium.chrome.ChromeDriver
Command: [null, newSession {capabilities=[Capabilities {browserName: chrome, goog:chromeOptions: {args: [--headless=new], extensions: []}}]}]
	at org.openqa.selenium.remote.ProtocolHandshake.createSession(ProtocolHandshake.java:114)
	at org.openqa.selenium.remote.ProtocolHandshake.createSession(ProtocolHandshake.java:75)
	at org.openqa.selenium.remote.ProtocolHandshake.createSession(ProtocolHandshake.java:61)
	at org.openqa.selenium.remote.HttpCommandExecutor.execute(HttpCommandExecutor.java:162)
	at org.openqa.selenium.remote.service.DriverCommandExecutor.invokeExecute(DriverCommandExecutor.java:216)
	at org.openqa.selenium.remote.service.DriverCommandExecutor.execute(DriverCommandExecutor.java:174)
	at org.openqa.selenium.remote.RemoteWebDriver.execute(RemoteWebDriver.java:545)
	at org.openqa.selenium.remote.RemoteWebDriver.startSession(RemoteWebDriver.java:245)
	at org.openqa.selenium.remote.RemoteWebDriver.<init>(RemoteWebDriver.java:174)
	at org.openqa.selenium.chromium.ChromiumDriver.<init>(ChromiumDriver.java:114)
	at org.openqa.selenium.chrome.ChromeDriver.<init>(ChromeDriver.java:88)
	at org.openqa.selenium.chrome.ChromeDriver.<init>(ChromeDriver.java:83)
	at org.openqa.selenium.chrome.ChromeDriver.<init>(ChromeDriver.java:72)
	at stepDefinition.OEP_2_QuestionManager.to_check_create_question_is_navigating_to_oep_url_is(OEP_2_QuestionManager.java:37)
	at ✽.To Check Create Question is navigating to OEP URL is "http://192.168.1.30/OEPADMIN/"(file:///C:/Users/thirumaran/eclipse-workspace/NexTestify_Cucumber/src/test/resources/FeatureFiles/2_OEP_QuestionManager.feature:4)

  When To Check Create Question Enter username and password are "thirumaran@sankarasoftware.com" and "Thirumaran@8870" # stepDefinition.OEP_2_QuestionManager.to_check_create_question_enter_username_and_password_are_and(java.lang.String,java.lang.String)
  And click the Signin button To Check Create Question                                                                 # stepDefinition.OEP_2_QuestionManager.click_the_signin_button_to_check_create_question()
  Then Click take picture button in Create Question                                                                    # stepDefinition.OEP_2_QuestionManager.click_take_picture_button_in_Create_Question()
  Then Click Create Question button                                                                                    # stepDefinition.OEP_2_QuestionManager.click_create_question_button()
  Given Select All Level option in level dropdown                                                                      # stepDefinition.OEP_2_QuestionManager.select_all_level_option_in_level_dropdown()
  When Select Easy option in level dropdown                                                                            # stepDefinition.OEP_2_QuestionManager.select_easy_option_in_level_dropdown()
  And Click edit button in any question                                                                                # stepDefinition.OEP_2_QuestionManager.click_edit_button_in_any_question()
  Then Check question level "Easy" is same as user selected                                                            # stepDefinition.OEP_2_QuestionManager.check_question_level_is_same_as_user_selected(java.lang.String)
  And Click view questions button                                                                                      # stepDefinition.OEP_2_QuestionManager.click_view_questions_button()
  And Select Medium option in level dropdown                                                                           # stepDefinition.OEP_2_QuestionManager.select_medium_option_in_level_dropdown()
  And Click edit button in any question                                                                                # stepDefinition.OEP_2_QuestionManager.click_edit_button_in_any_question()
  Then Check question level "Medium" is same as user selected                                                          # stepDefinition.OEP_2_QuestionManager.check_question_level_is_same_as_user_selected(java.lang.String)
  And Click view questions button                                                                                      # stepDefinition.OEP_2_QuestionManager.click_view_questions_button()
  And Select Hard option in level dropdown                                                                             # stepDefinition.OEP_2_QuestionManager.select_hard_option_in_level_dropdown()
  And Click edit button in any question                                                                                # stepDefinition.OEP_2_QuestionManager.click_edit_button_in_any_question()
  Then Check question level "Hard" is same as user selected                                                            # stepDefinition.OEP_2_QuestionManager.check_question_level_is_same_as_user_selected(java.lang.String)
  Then Close Create Question button                                                                                    # stepDefinition.OEP_2_QuestionManager.close_create_question_button()
]]></system-out>
  </testcase>
  <testcase name="Create Question:Question Created By Check" classname="QUESTION MANAGER" time="0.585">
    <error message="Could not start a new session. Response code 500. Message: session not created: Chrome failed to start: was killed.&#10;  (session not created: DevToolsActivePort file doesn&apos;t exist)&#10;  (The process started from chrome location C:\Program Files\Google\Chrome\Application\chrome.exe is no longer running, so ChromeDriver is assuming that Chrome has crashed.) &#10;Host info: host: &apos;SSSLT025&apos;, ip: &apos;127.0.0.1&apos;&#10;Build info: version: &apos;4.27.0&apos;, revision: &apos;d6e718d134&apos;&#10;System info: os.name: &apos;Windows 11&apos;, os.arch: &apos;amd64&apos;, os.version: &apos;10.0&apos;, java.version: &apos;21.0.2&apos;&#10;Driver info: org.openqa.selenium.chrome.ChromeDriver&#10;Command: [null, newSession {capabilities=[Capabilities {browserName: chrome, goog:chromeOptions: {args: [--headless=new], extensions: []}}]}]" type="org.openqa.selenium.SessionNotCreatedException"><![CDATA[org.openqa.selenium.SessionNotCreatedException: 
Could not start a new session. Response code 500. Message: session not created: Chrome failed to start: was killed.
  (session not created: DevToolsActivePort file doesn't exist)
  (The process started from chrome location C:\Program Files\Google\Chrome\Application\chrome.exe is no longer running, so ChromeDriver is assuming that Chrome has crashed.) 
Host info: host: 'SSSLT025', ip: '127.0.0.1'
Build info: version: '4.27.0', revision: 'd6e718d134'
System info: os.name: 'Windows 11', os.arch: 'amd64', os.version: '10.0', java.version: '21.0.2'
Driver info: org.openqa.selenium.chrome.ChromeDriver
Command: [null, newSession {capabilities=[Capabilities {browserName: chrome, goog:chromeOptions: {args: [--headless=new], extensions: []}}]}]
	at org.openqa.selenium.remote.ProtocolHandshake.createSession(ProtocolHandshake.java:114)
	at org.openqa.selenium.remote.ProtocolHandshake.createSession(ProtocolHandshake.java:75)
	at org.openqa.selenium.remote.ProtocolHandshake.createSession(ProtocolHandshake.java:61)
	at org.openqa.selenium.remote.HttpCommandExecutor.execute(HttpCommandExecutor.java:162)
	at org.openqa.selenium.remote.service.DriverCommandExecutor.invokeExecute(DriverCommandExecutor.java:216)
	at org.openqa.selenium.remote.service.DriverCommandExecutor.execute(DriverCommandExecutor.java:174)
	at org.openqa.selenium.remote.RemoteWebDriver.execute(RemoteWebDriver.java:545)
	at org.openqa.selenium.remote.RemoteWebDriver.startSession(RemoteWebDriver.java:245)
	at org.openqa.selenium.remote.RemoteWebDriver.<init>(RemoteWebDriver.java:174)
	at org.openqa.selenium.chromium.ChromiumDriver.<init>(ChromiumDriver.java:114)
	at org.openqa.selenium.chrome.ChromeDriver.<init>(ChromeDriver.java:88)
	at org.openqa.selenium.chrome.ChromeDriver.<init>(ChromeDriver.java:83)
	at org.openqa.selenium.chrome.ChromeDriver.<init>(ChromeDriver.java:72)
	at stepDefinition.OEP_2_QuestionManager.to_check_create_question_is_navigating_to_oep_url_is(OEP_2_QuestionManager.java:37)
	at ✽.To Check Create Question is navigating to OEP URL is "http://192.168.1.30/OEPADMIN/"(file:///C:/Users/thirumaran/eclipse-workspace/NexTestify_Cucumber/src/test/resources/FeatureFiles/2_OEP_QuestionManager.feature:4)
]]></error>
    <system-out><![CDATA[
@TC_11
Scenario: Create Question:Question Created By Check                                                                    # src/test/resources/FeatureFiles/2_OEP_QuestionManager.feature:87
  Given To Check Create Question is navigating to OEP URL is "http://192.168.1.30/OEPADMIN/"                           # stepDefinition.OEP_2_QuestionManager.to_check_create_question_is_navigating_to_oep_url_is(java.lang.String)
      org.openqa.selenium.SessionNotCreatedException: Could not start a new session. Response code 500. Message: session not created: Chrome failed to start: was killed.
  (session not created: DevToolsActivePort file doesn't exist)
  (The process started from chrome location C:\Program Files\Google\Chrome\Application\chrome.exe is no longer running, so ChromeDriver is assuming that Chrome has crashed.) 
Host info: host: 'SSSLT025', ip: '127.0.0.1'
Build info: version: '4.27.0', revision: 'd6e718d134'
System info: os.name: 'Windows 11', os.arch: 'amd64', os.version: '10.0', java.version: '21.0.2'
Driver info: org.openqa.selenium.chrome.ChromeDriver
Command: [null, newSession {capabilities=[Capabilities {browserName: chrome, goog:chromeOptions: {args: [--headless=new], extensions: []}}]}]
	at org.openqa.selenium.remote.ProtocolHandshake.createSession(ProtocolHandshake.java:114)
	at org.openqa.selenium.remote.ProtocolHandshake.createSession(ProtocolHandshake.java:75)
	at org.openqa.selenium.remote.ProtocolHandshake.createSession(ProtocolHandshake.java:61)
	at org.openqa.selenium.remote.HttpCommandExecutor.execute(HttpCommandExecutor.java:162)
	at org.openqa.selenium.remote.service.DriverCommandExecutor.invokeExecute(DriverCommandExecutor.java:216)
	at org.openqa.selenium.remote.service.DriverCommandExecutor.execute(DriverCommandExecutor.java:174)
	at org.openqa.selenium.remote.RemoteWebDriver.execute(RemoteWebDriver.java:545)
	at org.openqa.selenium.remote.RemoteWebDriver.startSession(RemoteWebDriver.java:245)
	at org.openqa.selenium.remote.RemoteWebDriver.<init>(RemoteWebDriver.java:174)
	at org.openqa.selenium.chromium.ChromiumDriver.<init>(ChromiumDriver.java:114)
	at org.openqa.selenium.chrome.ChromeDriver.<init>(ChromeDriver.java:88)
	at org.openqa.selenium.chrome.ChromeDriver.<init>(ChromeDriver.java:83)
	at org.openqa.selenium.chrome.ChromeDriver.<init>(ChromeDriver.java:72)
	at stepDefinition.OEP_2_QuestionManager.to_check_create_question_is_navigating_to_oep_url_is(OEP_2_QuestionManager.java:37)
	at ✽.To Check Create Question is navigating to OEP URL is "http://192.168.1.30/OEPADMIN/"(file:///C:/Users/thirumaran/eclipse-workspace/NexTestify_Cucumber/src/test/resources/FeatureFiles/2_OEP_QuestionManager.feature:4)

  When To Check Create Question Enter username and password are "thirumaran@sankarasoftware.com" and "Thirumaran@8870" # stepDefinition.OEP_2_QuestionManager.to_check_create_question_enter_username_and_password_are_and(java.lang.String,java.lang.String)
  And click the Signin button To Check Create Question                                                                 # stepDefinition.OEP_2_QuestionManager.click_the_signin_button_to_check_create_question()
  Then Click take picture button in Create Question                                                                    # stepDefinition.OEP_2_QuestionManager.click_take_picture_button_in_Create_Question()
  Then Click Create Question button                                                                                    # stepDefinition.OEP_2_QuestionManager.click_create_question_button()
  Given Click 3dots button                                                                                             # stepDefinition.OEP_2_QuestionManager.click_3dots_button()
  And Check  question created user name and date & time details displayed or not                                       # stepDefinition.OEP_2_QuestionManager.check_question_created_user_name_and_date_time_details_displayed_or_not()
  Then Close Create Question button                                                                                    # stepDefinition.OEP_2_QuestionManager.close_create_question_button()
]]></system-out>
  </testcase>
  <testcase name="Create Question:Pagination Check" classname="QUESTION MANAGER" time="0.517">
    <error message="Could not start a new session. Response code 500. Message: session not created: Chrome failed to start: was killed.&#10;  (session not created: DevToolsActivePort file doesn&apos;t exist)&#10;  (The process started from chrome location C:\Program Files\Google\Chrome\Application\chrome.exe is no longer running, so ChromeDriver is assuming that Chrome has crashed.) &#10;Host info: host: &apos;SSSLT025&apos;, ip: &apos;127.0.0.1&apos;&#10;Build info: version: &apos;4.27.0&apos;, revision: &apos;d6e718d134&apos;&#10;System info: os.name: &apos;Windows 11&apos;, os.arch: &apos;amd64&apos;, os.version: &apos;10.0&apos;, java.version: &apos;21.0.2&apos;&#10;Driver info: org.openqa.selenium.chrome.ChromeDriver&#10;Command: [null, newSession {capabilities=[Capabilities {browserName: chrome, goog:chromeOptions: {args: [--headless=new], extensions: []}}]}]" type="org.openqa.selenium.SessionNotCreatedException"><![CDATA[org.openqa.selenium.SessionNotCreatedException: 
[...]
  And Click edit button in create question page                                                                        # stepDefinition.OEP_2_QuestionManager.click_edit_button_in_create_question_page()
  Then Click delete button in image field                                                                              # stepDefinition.OEP_2_QuestionManager.click_delete_button_in_image_field()
  Then Check file is removed or not in image field                                                                     # stepDefinition.OEP_2_QuestionManager.check_file_is_removed_or_not_in_image_field()
  Then Click delete button in audio field                                                                              # stepDefinition.OEP_2_QuestionManager.click_delete_button_in_audio_field()
  Then Check file is removed or not in audio field                                                                     # stepDefinition.OEP_2_QuestionManager.check_file_is_removed_or_not_in_audio_field()
  And Click delete button in video field                                                                               # stepDefinition.OEP_2_QuestionManager.click_delete_button_in_video_field()
  Then Check file is removed or not in video field                                                                     # stepDefinition.OEP_2_QuestionManager.check_file_is_removed_or_not_in_video_field()
  Then Close Create Question button                                                                                    # stepDefinition.OEP_2_QuestionManager.close_create_question_button()
]]></system-out>
  </testcase>
  <testcase name="Edit Question:Source Type:New Upload Check" classname="QUESTION MANAGER" time="0.409">
    <error message="Could not start a new session. Response code 500. Message: session not created: Chrome failed to start: was killed.&#10;  (session not created: DevToolsActivePort file doesn&apos;t exist)&#10;  (The process started from chrome location C:\Program Files\Google\Chrome\Application\chrome.exe is no longer running, so ChromeDriver is assuming that Chrome has crashed.) &#10;Host info: host: &apos;SSSLT025&apos;, ip: &apos;127.0.0.1&apos;&#10;Build info: version: &apos;4.27.0&apos;, revision: &apos;d6e718d134&apos;&#10;System info: os.name: &apos;Windows 11&apos;, os.arch: &apos;amd64&apos;, os.version: &apos;10.0&apos;, java.version: &apos;21.0.2&apos;&#10;Driver info: org.openqa.selenium.chrome.ChromeDriver&#10;Command: [null, newSession {capabilities=[Capabilities {browserName: chrome, goog:chromeOptions: {args: [--headless=new], extensions: []}}]}]" type="org.openqa.selenium.SessionNotCreatedException"><![CDATA[org.openqa.selenium.SessionNotCreatedException: 
Could not start a new session. Response code 500. Message: session not created: Chrome failed to start: was killed.
  (session not created: DevToolsActivePort file doesn't exist)
  (The process started from chrome location C:\Program Files\Google\Chrome\Application\chrome.exe is no longer running, so ChromeDriver is assuming that Chrome has crashed.) 
Host info: host: 'SSSLT025', ip: '127.0.0.1'
Build info: version: '4.27.0', revision: 'd6e718d134'
System info: os.name: 'Windows 11', os.arch: 'amd64', os.version: '10.0', java.version: '21.0.2'
Driver info: org.openqa.selenium.chrome.ChromeDriver
Command: [null, newSession {capabilities=[Capabilities {browserName: chrome, goog:chromeOptions: {args: [--headless=new], extensions: []}}]}]
	at org.openqa.selenium.remote.ProtocolHandshake.createSession(ProtocolHandshake.java:114)
	at org.openqa.selenium.remote.ProtocolHandshake.createSession(ProtocolHandshake.java:75)
	at org.openqa.selenium.remote.ProtocolHandshake.createSession(ProtocolHandshake.java:61)
	at org.openqa.selenium.remote.HttpCommandExecutor.execute(HttpCommandExecutor.java:162)
	at org.openqa.selenium.remote.service.DriverCommandExecutor.invokeExecute(DriverCommandExecutor.java:216)
	at org.openqa.selenium.remote.service.DriverCommandExecutor.execute(DriverCommandExecutor.java:174)
	at org.openqa.selenium.remote.RemoteWebDriver.execute(RemoteWebDriver.java:545)
	at org.openqa.selenium.remote.RemoteWebDriver.startSession(RemoteWebDriver.java:245)
	at org.openqa.selenium.remote.RemoteWebDriver.<init>(RemoteWebDriver.java:174)
	at org.openqa.selenium.chromium.ChromiumDriver.<init>(ChromiumDriver.java:114)
	at org.openqa.selenium.chrome.ChromeDriver.<init>(ChromeDriver.java:88)
	at org.openqa.selenium.chrome.ChromeDriver.<init>(ChromeDriver.java:83)
	at org.openqa.selenium.chrome.ChromeDriver.<init>(ChromeDriver.java:72)
	at stepDefinition.OEP_2_QuestionManager.to_check_create_question_is_navigating_to_oep_url_is(OEP_2_QuestionManager.java:37)
	at ✽.To Check Create Question is navigating to OEP URL is "http://192.168.1.30/OEPADMIN/"(file:///C:/Users/thirumaran/eclipse-workspace/NexTestify_Cucumber/src/test/resources/FeatureFiles/2_OEP_QuestionManager.feature:4)
]]></error>
    <system-out><![CDATA[
@TC_74
Scenario: Edit Question:Source Type:New Upload Check                                                                   # src/test/resources/FeatureFiles/2_OEP_QuestionManager.feature:821
  Given To Check Create Question is navigating to OEP URL is "http://192.168.1.30/OEPADMIN/"                           # stepDefinition.OEP_2_QuestionManager.to_check_create_question_is_navigating_to_oep_url_is(java.lang.String)
      org.openqa.selenium.SessionNotCreatedException: Could not start a new session. Response code 500. Message: session not created: Chrome failed to start: was killed.
  (session not created: DevToolsActivePort file doesn't exist)
  (The process started from chrome location C:\Program Files\Google\Chrome\Application\chrome.exe is no longer running, so ChromeDriver is assuming that Chrome has crashed.) 
Host info: host: 'SSSLT025', ip: '127.0.0.1'
Build info: version: '4.27.0', revision: 'd6e718d134'
System info: os.name: 'Windows 11', os.arch: 'amd64', os.version: '10.0', java.version: '21.0.2'
Driver info: org.openqa.selenium.chrome.ChromeDriver
Command: [null, newSession {capabilities=[Capabilities {browserName: chrome, goog:chromeOptions: {args: [--headless=new], extensions: []}}]}]
	at org.openqa.selenium.remote.ProtocolHandshake.createSession(ProtocolHandshake.java:114)
	at org.openqa.selenium.remote.ProtocolHandshake.createSession(ProtocolHandshake.java:75)
	at org.openqa.selenium.remote.ProtocolHandshake.createSession(ProtocolHandshake.java:61)
	at org.openqa.selenium.remote.HttpCommandExecutor.execute(HttpCommandExecutor.java:162)
	at org.openqa.selenium.remote.service.DriverCommandExecutor.invokeExecute(DriverCommandExecutor.java:216)
	at org.openqa.selenium.remote.service.DriverCommandExecutor.execute(DriverCommandExecutor.java:174)
	at org.openqa.selenium.remote.RemoteWebDriver.execute(RemoteWebDriver.java:545)
	at org.openqa.selenium.remote.RemoteWebDriver.startSession(RemoteWebDriver.java:245)
	at org.openqa.selenium.remote.RemoteWebDriver.<init>(RemoteWebDriver.java:174)
	at org.openqa.selenium.chromium.ChromiumDriver.<init>(ChromiumDriver.java:114)
	at org.openqa.selenium.chrome.ChromeDriver.<init>(ChromeDriver.java:88)
	at org.openqa.selenium.chrome.ChromeDriver.<init>(ChromeDriver.java:83)
	at org.openqa.selenium.chrome.ChromeDriver.<init>(ChromeDriver.java:72)
	at stepDefinition.OEP_2_QuestionManager.to_check_create_question_is_navigating_to_oep_url_is(OEP_2_QuestionManager.java:37)
	at ✽.To Check Create Question is navigating to OEP URL is "http://192.168.1.30/OEPADMIN/"(file:///C:/Users/thirumaran/eclipse-workspace/NexTestify_Cucumber/src/test/resources/FeatureFiles/2_OEP_QuestionManager.feature:4)

  When To Check Create Question Enter username and password are "thirumaran@sankarasoftware.com" and "Thirumaran@8870" # stepDefinition.OEP_2_QuestionManager.to_check_create_question_enter_username_and_password_are_and(java.lang.String,java.lang.String)
  And click the Signin button To Check Create Question                                                                 # stepDefinition.OEP_2_QuestionManager.click_the_signin_button_to_check_create_question()
  Then Click take picture button in Create Question                                                                    # stepDefinition.OEP_2_QuestionManager.click_take_picture_button_in_Create_Question()
  Then Click Create Question button                                                                                    # stepDefinition.OEP_2_QuestionManager.click_create_question_button()
  Given Search valid question name in search field                                                                     # stepDefinition.OEP_2_QuestionManager.search_valid_question_name_in_search_field()
  And Select All option in status dropdown                                                                             # stepDefinition.OEP_2_QuestionManager.select_all_option_in_status_dropdown()
  Then Select All Subject option in status dropdown                                                                    # stepDefinition.OEP_2_QuestionManager.select_all_subject_option_in_status_dropdown()
  And Click edit button in create question page                                                                        # stepDefinition.OEP_2_QuestionManager.click_edit_button_in_create_question_page()
  Then Click delete button in image field                                                                              # stepDefinition.OEP_2_QuestionManager.click_delete_button_in_image_field()
  And Check file is removed or not in image field                                                                      # stepDefinition.OEP_2_QuestionManager.check_file_is_removed_or_not_in_image_field()
  Then Click and Upload valid file format in image field                                                               # stepDefinition.OEP_2_QuestionManager.click_and_upload_valid_file_format_in_image_field()
  And Click delete button in audio field                                                                               # stepDefinition.OEP_2_QuestionManager.click_delete_button_in_audio_field()
  Then Check file is removed or not in audio field                                                                     # stepDefinition.OEP_2_QuestionManager.check_file_is_removed_or_not_in_audio_field()
  And Click and Upload valid file format in audio field                                                                # stepDefinition.OEP_2_QuestionManager.click_and_upload_valid_file_format_in_audio_field()
  And Click delete button in video field                                                                               # stepDefinition.OEP_2_QuestionManager.click_delete_button_in_video_field()
  Then Check file is removed or not in video field                                                                     # stepDefinition.OEP_2_QuestionManager.check_file_is_removed_or_not_in_video_field()
  And Click and Upload valid file format in video field                                                                # stepDefinition.OEP_2_QuestionManager.click_and_upload_valid_file_format_in_video_field()
  Then Close Create Question button                                                                                    # stepDefinition.OEP_2_QuestionManager.close_create_question_button()
]]></system-out>
  </testcase>
  <testcase name="Edit Question:Source Type:Update Check" classname="QUESTION MANAGER" time="0.399">
    <error message="Could not start a new session. Response code 500. Message: session not created: Chrome failed to start: was killed.&#10;  (session not created: DevToolsActivePort file doesn&apos;t exist)&#10;  (The process started from chrome location C:\Program Files\Google\Chrome\Application\chrome.exe is no longer running, so ChromeDriver is assuming that Chrome has crashed.) &#10;Host info: host: &apos;SSSLT025&apos;, ip: &apos;127.0.0.1&apos;&#10;Build info: version: &apos;4.27.0&apos;, revision: &apos;d6e718d134&apos;&#10;System info: os.name: &apos;Windows 11&apos;, os.arch: &apos;amd64&apos;, os.version: &apos;10.0&apos;, java.version: &apos;21.0.2&apos;&#10;Driver info: org.openqa.selenium.chrome.ChromeDriver&#10;Command: [null, newSession {capabilities=[Capabilities {browserName: chrome, goog:chromeOptions: {args: [--headless=new], extensions: []}}]}]" type="org.openqa.selenium.SessionNotCreatedException"><![CDATA[org.openqa.selenium.SessionNotCreatedException: 
Could not start a new session. Response code 500. Message: session not created: Chrome failed to start: was killed.
  (session not created: DevToolsActivePort file doesn't exist)
  (The process started from chrome location C:\Program Files\Google\Chrome\Application\chrome.exe is no longer running, so ChromeDriver is assuming that Chrome has crashed.) 
Host info: host: 'SSSLT025', ip: '127.0.0.1'
Build info: version: '4.27.0', revision: 'd6e718d134'
System info: os.name: 'Windows 11', os.arch: 'amd64', os.version: '10.0', java.version: '21.0.2'
Driver info: org.openqa.selenium.chrome.ChromeDriver
Command: [null, newSession {capabilities=[Capabilities {browserName: chrome, goog:chromeOptions: {args: [--headless=new], extensions: []}}]}]
	at org.openqa.selenium.remote.ProtocolHandshake.createSession(ProtocolHandshake.java:114)
	at org.openqa.selenium.remote.ProtocolHandshake.createSession(ProtocolHandshake.java:75)
	at org.openqa.selenium.remote.ProtocolHandshake.createSession(ProtocolHandshake.java:61)
	at org.openqa.selenium.remote.HttpCommandExecutor.execute(HttpCommandExecutor.java:162)
	at org.openqa.selenium.remote.service.DriverCommandExecutor.invokeExecute(DriverCommandExecutor.java:216)
	at org.openqa.selenium.remote.service.DriverCommandExecutor.execute(DriverCommandExecutor.java:174)
	at org.openqa.selenium.remote.RemoteWebDriver.execute(RemoteWebDriver.java:545)
	at org.openqa.selenium.remote.RemoteWebDriver.startSession(RemoteWebDriver.java:245)
	at org.openqa.selenium.remote.RemoteWebDriver.<init>(RemoteWebDriver.java:174)
	at org.openqa.selenium.chromium.ChromiumDriver.<init>(ChromiumDriver.java:114)
	at org.openqa.selenium.chrome.ChromeDriver.<init>(ChromeDriver.java:88)
	at org.openqa.selenium.chrome.ChromeDriver.<init>(ChromeDriver.java:83)
	at org.openqa.selenium.chrome.ChromeDriver.<init>(ChromeDriver.java:72)
	at stepDefinition.OEP_2_QuestionManager.to_check_create_question_is_navigating_to_oep_url_is(OEP_2_QuestionManager.java:37)
	at ✽.To Check Create Question is navigating to OEP URL is "http://192.168.1.30/OEPADMIN/"(file:///C:/Users/thirumaran/eclipse-workspace/NexTestify_Cucumber/src/test/resources/FeatureFiles/2_OEP_QuestionManager.feature:4)
]]></error>
    <system-out><![CDATA[
@TC_75
Scenario: Edit Question:Source Type:Update Check                                                                       # src/test/resources/FeatureFiles/2_OEP_QuestionManager.feature:838
  Given To Check Create Question is navigating to OEP URL is "http://192.168.1.30/OEPADMIN/"                           # stepDefinition.OEP_2_QuestionManager.to_check_create_question_is_navigating_to_oep_url_is(java.lang.String)
      org.openqa.selenium.SessionNotCreatedException: Could not start a new session. Response code 500. Message: session not created: Chrome failed to start: was killed.
  (session not created: DevToolsActivePort file doesn't exist)
  (The process started from chrome location C:\Program Files\Google\Chrome\Application\chrome.exe is no longer running, so ChromeDriver is assuming that Chrome has crashed.) 
Host info: host: 'SSSLT025', ip: '127.0.0.1'
Build info: version: '4.27.0', revision: 'd6e718d134'
System info: os.name: 'Windows 11', os.arch: 'amd64', os.version: '10.0', java.version: '21.0.2'
Driver info: org.openqa.selenium.chrome.ChromeDriver
Command: [null, newSession {capabilities=[Capabilities {browserName: chrome, goog:chromeOptions: {args: [--headless=new], extensions: []}}]}]
	at org.openqa.selenium.remote.ProtocolHandshake.createSession(ProtocolHandshake.java:114)
	at org.openqa.selenium.remote.ProtocolHandshake.createSession(ProtocolHandshake.java:75)
	at org.openqa.selenium.remote.ProtocolHandshake.createSession(ProtocolHandshake.java:61)
	at org.openqa.selenium.remote.HttpCommandExecutor.execute(HttpCommandExecutor.java:162)
	at org.openqa.selenium.remote.service.DriverCommandExecutor.invokeExecute(DriverCommandExecutor.java:216)
	at org.openqa.selenium.remote.service.DriverCommandExecutor.execute(DriverCommandExecutor.java:174)
	at org.openqa.selenium.remote.RemoteWebDriver.execute(RemoteWebDriver.java:545)
	at org.openqa.selenium.remote.RemoteWebDriver.startSession(RemoteWebDriver.java:245)
	at org.openqa.selenium.remote.RemoteWebDriver.<init>(RemoteWebDriver.java:174)
	at org.openqa.selenium.chromium.ChromiumDriver.<init>(ChromiumDriver.java:114)
	at org.openqa.selenium.chrome.ChromeDriver.<init>(ChromeDriver.java:88)
	at org.openqa.selenium.chrome.ChromeDriver.<init>(ChromeDriver.java:83)
	at org.openqa.selenium.chrome.ChromeDriver.<init>(ChromeDriver.java:72)
	at stepDefinition.OEP_2_QuestionManager.to_check_create_question_is_navigating_to_oep_url_is(OEP_2_QuestionManager.java:37)
	at ✽.To Check Create Question is navigating to OEP URL is "http://192.168.1.30/OEPADMIN/"(file:///C:/Users/thirumaran/eclipse-workspace/NexTestify_Cucumber/src/test/resources/FeatureFiles/2_OEP_QuestionManager.feature:4)

  When To Check Create Question Enter username and password are "thirumaran@sankarasoftware.com" and "Thirumaran@8870" # stepDefinition.OEP_2_QuestionManager.to_check_create_question_enter_username_and_password_are_and(java.lang.String,java.lang.String)
  And click the Signin button To Check Create Question                                                                 # stepDefinition.OEP_2_QuestionManager.click_the_signin_button_to_check_create_question()
  Then Click take picture button in Create Question                                                                    # stepDefinition.OEP_2_QuestionManager.click_take_picture_button_in_Create_Question()
  Then Click Create Question button                                                                                    # stepDefinition.OEP_2_QuestionManager.click_create_question_button()
  Given Search valid question name in search field                                                                     # stepDefinition.OEP_2_QuestionManager.search_valid_question_name_in_search_field()
  And Select All option in status dropdown                                                                             # stepDefinition.OEP_2_QuestionManager.select_all_option_in_status_dropdown()
  Then Select All Subject option in status dropdown                                                                    # stepDefinition.OEP_2_QuestionManager.select_all_subject_option_in_status_dropdown()
  And Click edit button in create question page                                                                        # stepDefinition.OEP_2_QuestionManager.click_edit_button_in_create_question_page()
  Then Modify valid details in any tab                                                                                 # stepDefinition.OEP_2_QuestionManager.modify_valid_details_in_any_tab()
  And Click update button in edit question page                                                                        # stepDefinition.OEP_2_QuestionManager.click_update_button_in_edit_question_page()
  Then Check success message is displayed or not in edit question page                                                 # stepDefinition.OEP_2_QuestionManager.check_success_message_is_displayed_or_not_in_edit_question_page()
  Then Close Create Question button                                                                                    # stepDefinition.OEP_2_QuestionManager.close_create_question_button()
]]></system-out>
  </testcase>
</testsuite>