<?xml version="1.0" encoding="UTF-8"?>
<testsuite xmlns:xsi="http://www.w3.org/2001/XMLSchema-instance" xsi:noNamespaceSchemaLocation="https://maven.apache.org/surefire/maven-surefire-plugin/xsd/surefire-test-report.xsd" version="3.0.1" name="runnerClass.OEP_1_TestSetupRunnerTest" time="3082.822" tests="48" errors="10" skipped="0" failures="0">
  <properties>
    <property name="java.specification.version" value="21"/>
    <property name="webdriver.chrome.driver" value=".\Driver\chromedriver.exe"/>
    <property name="sun.cpu.isalist" value="amd64"/>
    <property name="sun.jnu.encoding" value="Cp1252"/>
    <property name="java.class.path" value="C:\Users\thirumaran\eclipse-workspace\NexTestify_Cucumber\target\test-classes;C:\Users\thirumaran\eclipse-workspace\NexTestify_Cucumber\target\classes;C:\WINDOWS\system32\config\systemprofile\.m2\repository\io\cucumber\cucumber-java\7.18.0\cucumber-java-7.18.0.jar;C:\WINDOWS\system32\config\systemprofile\.m2\repository\org\apiguardian\apiguardian-api\1.1.2\apiguardian-api-1.1.2.jar;C:\WINDOWS\system32\config\systemprofile\.m2\repository\io\cucumber\cucumber-junit\7.18.0\cucumber-junit-7.18.0.jar;C:\WINDOWS\system32\config\systemprofile\.m2\repository\io\cucumber\cucumber-core\7.18.0\cucumber-core-7.18.0.jar;C:\WINDOWS\system32\config\systemprofile\.m2\repository\io\cucumber\cucumber-gherkin\7.18.0\cucumber-gherkin-7.18.0.jar;C:\WINDOWS\system32\config\systemprofile\.m2\repository\io\cucumber\cucumber-gherkin-messages\7.18.0\cucumber-gherkin-messages-7.18.0.jar;C:\WINDOWS\system32\config\systemprofile\.m2\repository\io\cucumber\gherkin\28.0.0\gherkin-28.0.0.jar;C:\WINDOWS\system32\config\systemprofile\.m2\repository\io\cucumber\messages\24.1.0\messages-24.1.0.jar;C:\WINDOWS\system32\config\systemprofile\.m2\repository\io\cucumber\testng-xml-formatter\0.1.0\testng-xml-formatter-0.1.0.jar;C:\WINDOWS\system32\config\systemprofile\.m2\repository\io\cucumber\query\12.2.0\query-12.2.0.jar;C:\WINDOWS\system32\config\systemprofile\.m2\repository\io\cucumber\tag-expressions\6.1.0\tag-expressions-6.1.0.jar;C:\WINDOWS\system32\config\systemprofile\.m2\repository\io\cucumber\cucumber-expressions\17.1.0\cucumber-expressions-17.1.0.jar;C:\WINDOWS\system32\config\systemprofile\.m2\repository\io\cucumber\datatable\7.18.0\datatable-7.18.0.jar;C:\WINDOWS\system32\config\systemprofile\.m2\repository\io\cucumber\cucumber-plugin\7.18.0\cucumber-plugin-7.18.0.jar;C:\WINDOWS\system32\config\systemprofile\.m2\repository\io\cucumber\docstring\7.18.0\docstring-7.18.0.jar;C:\WINDOWS\system32\config\systemprofile\.m2\repository\io\cucumber\html-formatter\21.3.1\html-formatter-21.3.1.jar;C:\WINDOWS\system32\config\systemprofile\.m2\repository\io\cucumber\junit-xml-formatter\0.4.0\junit-xml-formatter-0.4.0.jar;C:\WINDOWS\system32\config\systemprofile\.m2\repository\io\cucumber\ci-environment\10.0.1\ci-environment-10.0.1.jar;C:\WINDOWS\system32\config\systemprofile\.m2\repository\io\github\bonigarcia\webdrivermanager\5.9.1\webdrivermanager-5.9.1.jar;C:\WINDOWS\system32\config\systemprofile\.m2\repository\org\slf4j\slf4j-api\2.0.13\slf4j-api-2.0.13.jar;C:\WINDOWS\system32\config\systemprofile\.m2\repository\com\google\code\gson\gson\2.11.0\gson-2.11.0.jar;C:\WINDOWS\system32\config\systemprofile\.m2\repository\com\google\errorprone\error_prone_annotations\2.27.0\error_prone_annotations-2.27.0.jar;C:\WINDOWS\system32\config\systemprofile\.m2\repository\com\github\docker-java\docker-java\3.3.6\docker-java-3.3.6.jar;C:\WINDOWS\system32\config\systemprofile\.m2\repository\com\github\docker-java\docker-java-core\3.3.6\docker-java-core-3.3.6.jar;C:\WINDOWS\system32\config\systemprofile\.m2\repository\com\github\docker-java\docker-java-api\3.3.6\docker-java-api-3.3.6.jar;C:\WINDOWS\system32\config\systemprofile\.m2\repository\com\fasterxml\jackson\core\jackson-annotations\2.10.3\jackson-annotations-2.10.3.jar;C:\WINDOWS\system32\config\systemprofile\.m2\repository\com\fasterxml\jackson\core\jackson-databind\2.10.3\jackson-databind-2.10.3.jar;C:\WINDOWS\system32\config\systemprofile\.m2\repository\com\fasterxml\jackson\core\jackson-core\2.10.3\jackson-core-2.10.3.jar;C:\WINDOWS\system32\config\systemprofile\.m2\repository\org\slf4j\jcl-over-slf4j\1.7.30\jcl-over-slf4j-1.7.30.jar;C:\WINDOWS\system32\config\systemprofile\.m2\repository\com\github\docker-java\docker-java-transport-httpclient5\3.3.6\docker-java-transport-httpclient5-3.3.6.jar;C:\WINDOWS\system32\config\systemprofile\.m2\repository\com\github\docker-java\docker-java-transport\3.3.6\docker-java-transport-3.3.6.jar;C:\WINDOWS\system32\config\systemprofile\.m2\repository\net\java\dev\jna\jna\5.13.0\jna-5.13.0.jar;C:\WINDOWS\system32\config\systemprofile\.m2\repository\org\brotli\dec\0.1.2\dec-0.1.2.jar;C:\WINDOWS\system32\config\systemprofile\.m2\repository\org\apache\commons\commons-lang3\3.14.0\commons-lang3-3.14.0.jar;C:\WINDOWS\system32\config\systemprofile\.m2\repository\org\apache\commons\commons-compress\1.26.2\commons-compress-1.26.2.jar;C:\WINDOWS\system32\config\systemprofile\.m2\repository\org\apache\httpcomponents\client5\httpclient5\5.2.1\httpclient5-5.2.1.jar;C:\WINDOWS\system32\config\systemprofile\.m2\repository\org\apache\httpcomponents\core5\httpcore5\5.2\httpcore5-5.2.jar;C:\WINDOWS\system32\config\systemprofile\.m2\repository\org\apache\httpcomponents\core5\httpcore5-h2\5.2\httpcore5-h2-5.2.jar;C:\WINDOWS\system32\config\systemprofile\.m2\repository\org\seleniumhq\selenium\selenium-java\4.29.0\selenium-java-4.29.0.jar;C:\WINDOWS\system32\config\systemprofile\.m2\repository\org\seleniumhq\selenium\selenium-api\4.29.0\selenium-api-4.29.0.jar;C:\WINDOWS\system32\config\systemprofile\.m2\repository\org\jspecify\jspecify\1.0.0\jspecify-1.0.0.jar;C:\WINDOWS\system32\config\systemprofile\.m2\repository\org\seleniumhq\selenium\selenium-chrome-driver\4.29.0\selenium-chrome-driver-4.29.0.jar;C:\WINDOWS\system32\config\systemprofile\.m2\repository\com\google\auto\service\auto-service-annotations\1.1.1\auto-service-annotations-1.1.1.jar;C:\WINDOWS\system32\config\systemprofile\.m2\repository\org\seleniumhq\selenium\selenium-chromium-driver\4.29.0\selenium-chromium-driver-4.29.0.jar;C:\WINDOWS\system32\config\systemprofile\.m2\repository\org\seleniumhq\selenium\selenium-json\4.29.0\selenium-json-4.29.0.jar;C:\WINDOWS\system32\config\systemprofile\.m2\repository\org\seleniumhq\selenium\selenium-manager\4.29.0\selenium-manager-4.29.0.jar;C:\WINDOWS\system32\config\systemprofile\.m2\repository\org\seleniumhq\selenium\selenium-devtools-v131\4.29.0\selenium-devtools-v131-4.29.0.jar;C:\WINDOWS\system32\config\systemprofile\.m2\repository\org\seleniumhq\selenium\selenium-devtools-v132\4.29.0\selenium-devtools-v132-4.29.0.jar;C:\WINDOWS\system32\config\systemprofile\.m2\repository\org\seleniumhq\selenium\selenium-devtools-v133\4.29.0\selenium-devtools-v133-4.29.0.jar;C:\WINDOWS\system32\config\systemprofile\.m2\repository\org\seleniumhq\selenium\selenium-devtools-v85\4.29.0\selenium-devtools-v85-4.29.0.jar;C:\WINDOWS\system32\config\systemprofile\.m2\repository\org\seleniumhq\selenium\selenium-edge-driver\4.29.0\selenium-edge-driver-4.29.0.jar;C:\WINDOWS\system32\config\systemprofile\.m2\repository\org\seleniumhq\selenium\selenium-firefox-driver\4.29.0\selenium-firefox-driver-4.29.0.jar;C:\WINDOWS\system32\config\systemprofile\.m2\repository\org\seleniumhq\selenium\selenium-http\4.29.0\selenium-http-4.29.0.jar;C:\WINDOWS\system32\config\systemprofile\.m2\repository\org\seleniumhq\selenium\selenium-ie-driver\4.29.0\selenium-ie-driver-4.29.0.jar;C:\WINDOWS\system32\config\systemprofile\.m2\repository\org\seleniumhq\selenium\selenium-remote-driver\4.29.0\selenium-remote-driver-4.29.0.jar;C:\WINDOWS\system32\config\systemprofile\.m2\repository\com\google\guava\guava\33.4.0-jre\guava-33.4.0-jre.jar;C:\WINDOWS\system32\config\systemprofile\.m2\repository\com\google\guava\failureaccess\1.0.2\failureaccess-1.0.2.jar;C:\WINDOWS\system32\config\systemprofile\.m2\repository\com\google\guava\listenablefuture\9999.0-empty-to-avoid-conflict-with-guava\listenablefuture-9999.0-empty-to-avoid-conflict-with-guava.jar;C:\WINDOWS\system32\config\systemprofile\.m2\repository\com\google\code\findbugs\jsr305\3.0.2\jsr305-3.0.2.jar;C:\WINDOWS\system32\config\systemprofile\.m2\repository\org\checkerframework\checker-qual\3.43.0\checker-qual-3.43.0.jar;C:\WINDOWS\system32\config\systemprofile\.m2\repository\com\google\j2objc\j2objc-annotations\3.0.0\j2objc-annotations-3.0.0.jar;C:\WINDOWS\system32\config\systemprofile\.m2\repository\io\opentelemetry\semconv\opentelemetry-semconv\1.28.0-alpha\opentelemetry-semconv-1.28.0-alpha.jar;C:\WINDOWS\system32\config\systemprofile\.m2\repository\io\opentelemetry\opentelemetry-api\1.46.0\opentelemetry-api-1.46.0.jar;C:\WINDOWS\system32\config\systemprofile\.m2\repository\io\opentelemetry\opentelemetry-context\1.46.0\opentelemetry-context-1.46.0.jar;C:\WINDOWS\system32\config\systemprofile\.m2\repository\io\opentelemetry\opentelemetry-exporter-logging\1.46.0\opentelemetry-exporter-logging-1.46.0.jar;C:\WINDOWS\system32\config\systemprofile\.m2\repository\io\opentelemetry\opentelemetry-sdk-common\1.46.0\opentelemetry-sdk-common-1.46.0.jar;C:\WINDOWS\system32\config\systemprofile\.m2\repository\io\opentelemetry\opentelemetry-sdk-extension-autoconfigure-spi\1.46.0\opentelemetry-sdk-extension-autoconfigure-spi-1.46.0.jar;C:\WINDOWS\system32\config\systemprofile\.m2\repository\io\opentelemetry\opentelemetry-sdk-extension-autoconfigure\1.46.0\opentelemetry-sdk-extension-autoconfigure-1.46.0.jar;C:\WINDOWS\system32\config\systemprofile\.m2\repository\io\opentelemetry\opentelemetry-api-incubator\1.46.0-alpha\opentelemetry-api-incubator-1.46.0-alpha.jar;C:\WINDOWS\system32\config\systemprofile\.m2\repository\io\opentelemetry\opentelemetry-sdk-trace\1.46.0\opentelemetry-sdk-trace-1.46.0.jar;C:\WINDOWS\system32\config\systemprofile\.m2\repository\io\opentelemetry\opentelemetry-sdk\1.46.0\opentelemetry-sdk-1.46.0.jar;C:\WINDOWS\system32\config\systemprofile\.m2\repository\io\opentelemetry\opentelemetry-sdk-metrics\1.46.0\opentelemetry-sdk-metrics-1.46.0.jar;C:\WINDOWS\system32\config\systemprofile\.m2\repository\io\opentelemetry\opentelemetry-sdk-logs\1.46.0\opentelemetry-sdk-logs-1.46.0.jar;C:\WINDOWS\system32\config\systemprofile\.m2\repository\net\bytebuddy\byte-buddy\1.15.11\byte-buddy-1.15.11.jar;C:\WINDOWS\system32\config\systemprofile\.m2\repository\org\seleniumhq\selenium\selenium-os\4.29.0\selenium-os-4.29.0.jar;C:\WINDOWS\system32\config\systemprofile\.m2\repository\org\apache\commons\commons-exec\1.4.0\commons-exec-1.4.0.jar;C:\WINDOWS\system32\config\systemprofile\.m2\repository\org\seleniumhq\selenium\selenium-safari-driver\4.29.0\selenium-safari-driver-4.29.0.jar;C:\WINDOWS\system32\config\systemprofile\.m2\repository\org\seleniumhq\selenium\selenium-support\4.29.0\selenium-support-4.29.0.jar;C:\WINDOWS\system32\config\systemprofile\.m2\repository\junit\junit\4.13.2\junit-4.13.2.jar;C:\WINDOWS\system32\config\systemprofile\.m2\repository\org\hamcrest\hamcrest-core\1.3\hamcrest-core-1.3.jar;C:\WINDOWS\system32\config\systemprofile\.m2\repository\org\junit\jupiter\junit-jupiter-engine\5.10.3\junit-jupiter-engine-5.10.3.jar;C:\WINDOWS\system32\config\systemprofile\.m2\repository\org\junit\platform\junit-platform-engine\1.10.3\junit-platform-engine-1.10.3.jar;C:\WINDOWS\system32\config\systemprofile\.m2\repository\org\opentest4j\opentest4j\1.3.0\opentest4j-1.3.0.jar;C:\WINDOWS\system32\config\systemprofile\.m2\repository\org\junit\platform\junit-platform-commons\1.10.3\junit-platform-commons-1.10.3.jar;C:\WINDOWS\system32\config\systemprofile\.m2\repository\org\junit\jupiter\junit-jupiter-api\5.10.3\junit-jupiter-api-5.10.3.jar;C:\WINDOWS\system32\config\systemprofile\.m2\repository\io\cucumber\cucumber-testng\7.18.0\cucumber-testng-7.18.0.jar;C:\WINDOWS\system32\config\systemprofile\.m2\repository\org\apache\poi\poi\5.3.0\poi-5.3.0.jar;C:\WINDOWS\system32\config\systemprofile\.m2\repository\commons-codec\commons-codec\1.17.0\commons-codec-1.17.0.jar;C:\WINDOWS\system32\config\systemprofile\.m2\repository\org\apache\commons\commons-collections4\4.4\commons-collections4-4.4.jar;C:\WINDOWS\system32\config\systemprofile\.m2\repository\org\apache\commons\commons-math3\3.6.1\commons-math3-3.6.1.jar;C:\WINDOWS\system32\config\systemprofile\.m2\repository\commons-io\commons-io\2.16.1\commons-io-2.16.1.jar;C:\WINDOWS\system32\config\systemprofile\.m2\repository\com\zaxxer\SparseBitSet\1.3\SparseBitSet-1.3.jar;C:\WINDOWS\system32\config\systemprofile\.m2\repository\org\apache\logging\log4j\log4j-api\2.23.1\log4j-api-2.23.1.jar;C:\WINDOWS\system32\config\systemprofile\.m2\repository\org\apache\poi\poi-ooxml\5.3.0\poi-ooxml-5.3.0.jar;C:\WINDOWS\system32\config\systemprofile\.m2\repository\org\apache\poi\poi-ooxml-lite\5.3.0\poi-ooxml-lite-5.3.0.jar;C:\WINDOWS\system32\config\systemprofile\.m2\repository\org\apache\xmlbeans\xmlbeans\5.2.1\xmlbeans-5.2.1.jar;C:\WINDOWS\system32\config\systemprofile\.m2\repository\com\github\virtuald\curvesapi\1.08\curvesapi-1.08.jar;C:\WINDOWS\system32\config\systemprofile\.m2\repository\org\junit\vintage\junit-vintage-engine\5.10.3\junit-vintage-engine-5.10.3.jar;C:\WINDOWS\system32\config\systemprofile\.m2\repository\org\testng\testng\7.10.2\testng-7.10.2.jar;C:\WINDOWS\system32\config\systemprofile\.m2\repository\com\beust\jcommander\1.82\jcommander-1.82.jar;C:\WINDOWS\system32\config\systemprofile\.m2\repository\org\webjars\jquery\3.7.1\jquery-3.7.1.jar;C:\WINDOWS\system32\config\systemprofile\.m2\repository\com\github\javafaker\javafaker\1.0.2\javafaker-1.0.2.jar;C:\WINDOWS\system32\config\systemprofile\.m2\repository\org\yaml\snakeyaml\1.23\snakeyaml-1.23-android.jar;C:\WINDOWS\system32\config\systemprofile\.m2\repository\com\github\mifmif\generex\1.0.2\generex-1.0.2.jar;C:\WINDOWS\system32\config\systemprofile\.m2\repository\dk\brics\automaton\automaton\1.11-8\automaton-1.11-8.jar;C:\WINDOWS\system32\config\systemprofile\.m2\repository\tech\grasshopper\extentreports-cucumber7-adapter\1.14.0\extentreports-cucumber7-adapter-1.14.0.jar;C:\WINDOWS\system32\config\systemprofile\.m2\repository\com\aventstack\extentreports\5.1.0\extentreports-5.1.0.jar;C:\WINDOWS\system32\config\systemprofile\.m2\repository\io\reactivex\rxjava3\rxjava\3.1.6\rxjava-3.1.6.jar;C:\WINDOWS\system32\config\systemprofile\.m2\repository\org\reactivestreams\reactive-streams\1.0.4\reactive-streams-1.0.4.jar;C:\WINDOWS\system32\config\systemprofile\.m2\repository\org\freemarker\freemarker\2.3.32\freemarker-2.3.32.jar;C:\WINDOWS\system32\config\systemprofile\.m2\repository\org\projectlombok\lombok\1.18.26\lombok-1.18.26.jar;C:\WINDOWS\system32\config\systemprofile\.m2\repository\tech\grasshopper\extent-pdf-report\2.12.0\extent-pdf-report-2.12.0.jar;C:\WINDOWS\system32\config\systemprofile\.m2\repository\tech\grasshopper\cucumber-pdf-report\2.14.0\cucumber-pdf-report-2.14.0.jar;C:\WINDOWS\system32\config\systemprofile\.m2\repository\org\apache\pdfbox\pdfbox\2.0.26\pdfbox-2.0.26.jar;C:\WINDOWS\system32\config\systemprofile\.m2\repository\org\apache\pdfbox\fontbox\2.0.26\fontbox-2.0.26.jar;C:\WINDOWS\system32\config\systemprofile\.m2\repository\org\knowm\xchart\xchart\3.8.0\xchart-3.8.0.jar;C:\WINDOWS\system32\config\systemprofile\.m2\repository\de\erichseifert\vectorgraphics2d\VectorGraphics2D\0.13\VectorGraphics2D-0.13.jar;C:\WINDOWS\system32\config\systemprofile\.m2\repository\de\rototor\pdfbox\graphics2d\0.30\graphics2d-0.30.jar;C:\WINDOWS\system32\config\systemprofile\.m2\repository\com\madgag\animated-gif-lib\1.4\animated-gif-lib-1.4.jar;C:\WINDOWS\system32\config\systemprofile\.m2\repository\org\yaml\snakeyaml\2.0\snakeyaml-2.0.jar;C:\WINDOWS\system32\config\systemprofile\.m2\repository\tech\grasshopper\table-layout\1.5.1\table-layout-1.5.1.jar;C:\WINDOWS\system32\config\systemprofile\.m2\repository\tech\grasshopper\rest-assured-cucumber-pdf-report\1.5.0\rest-assured-cucumber-pdf-report-1.5.0.jar;C:\WINDOWS\system32\config\systemprofile\.m2\repository\org\jsoup\jsoup\1.15.3\jsoup-1.15.3.jar;C:\WINDOWS\system32\config\systemprofile\.m2\repository\com\aventstack\klov-reporter\5.1.0\klov-reporter-5.1.0.jar;C:\WINDOWS\system32\config\systemprofile\.m2\repository\org\mongodb\mongodb-driver\3.6.4\mongodb-driver-3.6.4.jar;C:\WINDOWS\system32\config\systemprofile\.m2\repository\org\mongodb\mongodb-driver-core\3.6.4\mongodb-driver-core-3.6.4.jar;C:\WINDOWS\system32\config\systemprofile\.m2\repository\org\mongodb\bson\3.6.4\bson-3.6.4.jar;C:\WINDOWS\system32\config\systemprofile\.m2\repository\org\apache\httpcomponents\httpclient\4.5.13\httpclient-4.5.13.jar;C:\WINDOWS\system32\config\systemprofile\.m2\repository\org\apache\httpcomponents\httpcore\4.4.13\httpcore-4.4.13.jar;C:\WINDOWS\system32\config\systemprofile\.m2\repository\commons-logging\commons-logging\1.2\commons-logging-1.2.jar;C:\WINDOWS\system32\config\systemprofile\.m2\repository\org\apache\httpcomponents\httpmime\4.5.13\httpmime-4.5.13.jar;C:\WINDOWS\system32\config\systemprofile\.m2\repository\tech\grasshopper\htmlextentreporter\1.1.0\htmlextentreporter-1.1.0.jar;C:\WINDOWS\system32\config\systemprofile\.m2\repository\tech\grasshopper\extent-excel-report\1.4.0\extent-excel-report-1.4.0.jar;"/>
    <property name="java.vm.vendor" value="Oracle Corporation"/>
    <property name="sun.arch.data.model" value="64"/>
    <property name="user.variant" value=""/>
    <property name="java.vendor.url" value="https://java.oracle.com/"/>
    <property name="user.timezone" value="Asia/Calcutta"/>
    <property name="os.name" value="Windows 11"/>
    <property name="java.vm.specification.version" value="21"/>
    <property name="sun.java.launcher" value="SUN_STANDARD"/>
    <property name="user.country" value="IN"/>
    <property name="sun.boot.library.path" value="C:\Program Files\Java\jdk-21\bin"/>
    <property name="sun.java.command" value="C:\Windows\Temp\surefire14260213712333237661\surefirebooter-20250226181441653_3.jar C:\Windows\Temp\surefire14260213712333237661 2025-02-26T18-14-41_268-jvmRun1 surefire-20250226181441653_1tmp surefire_0-20250226181441653_2tmp"/>
    <property name="jdk.debug" value="release"/>
    <property name="surefire.test.class.path" value="C:\Users\thirumaran\eclipse-workspace\NexTestify_Cucumber\target\test-classes;C:\Users\thirumaran\eclipse-workspace\NexTestify_Cucumber\target\classes;C:\WINDOWS\system32\config\systemprofile\.m2\repository\io\cucumber\cucumber-java\7.18.0\cucumber-java-7.18.0.jar;C:\WINDOWS\system32\config\systemprofile\.m2\repository\org\apiguardian\apiguardian-api\1.1.2\apiguardian-api-1.1.2.jar;C:\WINDOWS\system32\config\systemprofile\.m2\repository\io\cucumber\cucumber-junit\7.18.0\cucumber-junit-7.18.0.jar;C:\WINDOWS\system32\config\systemprofile\.m2\repository\io\cucumber\cucumber-core\7.18.0\cucumber-core-7.18.0.jar;C:\WINDOWS\system32\config\systemprofile\.m2\repository\io\cucumber\cucumber-gherkin\7.18.0\cucumber-gherkin-7.18.0.jar;C:\WINDOWS\system32\config\systemprofile\.m2\repository\io\cucumber\cucumber-gherkin-messages\7.18.0\cucumber-gherkin-messages-7.18.0.jar;C:\WINDOWS\system32\config\systemprofile\.m2\repository\io\cucumber\gherkin\28.0.0\gherkin-28.0.0.jar;C:\WINDOWS\system32\config\systemprofile\.m2\repository\io\cucumber\messages\24.1.0\messages-24.1.0.jar;C:\WINDOWS\system32\config\systemprofile\.m2\repository\io\cucumber\testng-xml-formatter\0.1.0\testng-xml-formatter-0.1.0.jar;C:\WINDOWS\system32\config\systemprofile\.m2\repository\io\cucumber\query\12.2.0\query-12.2.0.jar;C:\WINDOWS\system32\config\systemprofile\.m2\repository\io\cucumber\tag-expressions\6.1.0\tag-expressions-6.1.0.jar;C:\WINDOWS\system32\config\systemprofile\.m2\repository\io\cucumber\cucumber-expressions\17.1.0\cucumber-expressions-17.1.0.jar;C:\WINDOWS\system32\config\systemprofile\.m2\repository\io\cucumber\datatable\7.18.0\datatable-7.18.0.jar;C:\WINDOWS\system32\config\systemprofile\.m2\repository\io\cucumber\cucumber-plugin\7.18.0\cucumber-plugin-7.18.0.jar;C:\WINDOWS\system32\config\systemprofile\.m2\repository\io\cucumber\docstring\7.18.0\docstring-7.18.0.jar;C:\WINDOWS\system32\config\systemprofile\.m2\repository\io\cucumber\html-formatter\21.3.1\html-formatter-21.3.1.jar;C:\WINDOWS\system32\config\systemprofile\.m2\repository\io\cucumber\junit-xml-formatter\0.4.0\junit-xml-formatter-0.4.0.jar;C:\WINDOWS\system32\config\systemprofile\.m2\repository\io\cucumber\ci-environment\10.0.1\ci-environment-10.0.1.jar;C:\WINDOWS\system32\config\systemprofile\.m2\repository\io\github\bonigarcia\webdrivermanager\5.9.1\webdrivermanager-5.9.1.jar;C:\WINDOWS\system32\config\systemprofile\.m2\repository\org\slf4j\slf4j-api\2.0.13\slf4j-api-2.0.13.jar;C:\WINDOWS\system32\config\systemprofile\.m2\repository\com\google\code\gson\gson\2.11.0\gson-2.11.0.jar;C:\WINDOWS\system32\config\systemprofile\.m2\repository\com\google\errorprone\error_prone_annotations\2.27.0\error_prone_annotations-2.27.0.jar;C:\WINDOWS\system32\config\systemprofile\.m2\repository\com\github\docker-java\docker-java\3.3.6\docker-java-3.3.6.jar;C:\WINDOWS\system32\config\systemprofile\.m2\repository\com\github\docker-java\docker-java-core\3.3.6\docker-java-core-3.3.6.jar;C:\WINDOWS\system32\config\systemprofile\.m2\repository\com\github\docker-java\docker-java-api\3.3.6\docker-java-api-3.3.6.jar;C:\WINDOWS\system32\config\systemprofile\.m2\repository\com\fasterxml\jackson\core\jackson-annotations\2.10.3\jackson-annotations-2.10.3.jar;C:\WINDOWS\system32\config\systemprofile\.m2\repository\com\fasterxml\jackson\core\jackson-databind\2.10.3\jackson-databind-2.10.3.jar;C:\WINDOWS\system32\config\systemprofile\.m2\repository\com\fasterxml\jackson\core\jackson-core\2.10.3\jackson-core-2.10.3.jar;C:\WINDOWS\system32\config\systemprofile\.m2\repository\org\slf4j\jcl-over-slf4j\1.7.30\jcl-over-slf4j-1.7.30.jar;C:\WINDOWS\system32\config\systemprofile\.m2\repository\com\github\docker-java\docker-java-transport-httpclient5\3.3.6\docker-java-transport-httpclient5-3.3.6.jar;C:\WINDOWS\system32\config\systemprofile\.m2\repository\com\github\docker-java\docker-java-transport\3.3.6\docker-java-transport-3.3.6.jar;C:\WINDOWS\system32\config\systemprofile\.m2\repository\net\java\dev\jna\jna\5.13.0\jna-5.13.0.jar;C:\WINDOWS\system32\config\systemprofile\.m2\repository\org\brotli\dec\0.1.2\dec-0.1.2.jar;C:\WINDOWS\system32\config\systemprofile\.m2\repository\org\apache\commons\commons-lang3\3.14.0\commons-lang3-3.14.0.jar;C:\WINDOWS\system32\config\systemprofile\.m2\repository\org\apache\commons\commons-compress\1.26.2\commons-compress-1.26.2.jar;C:\WINDOWS\system32\config\systemprofile\.m2\repository\org\apache\httpcomponents\client5\httpclient5\5.2.1\httpclient5-5.2.1.jar;C:\WINDOWS\system32\config\systemprofile\.m2\repository\org\apache\httpcomponents\core5\httpcore5\5.2\httpcore5-5.2.jar;C:\WINDOWS\system32\config\systemprofile\.m2\repository\org\apache\httpcomponents\core5\httpcore5-h2\5.2\httpcore5-h2-5.2.jar;C:\WINDOWS\system32\config\systemprofile\.m2\repository\org\seleniumhq\selenium\selenium-java\4.29.0\selenium-java-4.29.0.jar;C:\WINDOWS\system32\config\systemprofile\.m2\repository\org\seleniumhq\selenium\selenium-api\4.29.0\selenium-api-4.29.0.jar;C:\WINDOWS\system32\config\systemprofile\.m2\repository\org\jspecify\jspecify\1.0.0\jspecify-1.0.0.jar;C:\WINDOWS\system32\config\systemprofile\.m2\repository\org\seleniumhq\selenium\selenium-chrome-driver\4.29.0\selenium-chrome-driver-4.29.0.jar;C:\WINDOWS\system32\config\systemprofile\.m2\repository\com\google\auto\service\auto-service-annotations\1.1.1\auto-service-annotations-1.1.1.jar;C:\WINDOWS\system32\config\systemprofile\.m2\repository\org\seleniumhq\selenium\selenium-chromium-driver\4.29.0\selenium-chromium-driver-4.29.0.jar;C:\WINDOWS\system32\config\systemprofile\.m2\repository\org\seleniumhq\selenium\selenium-json\4.29.0\selenium-json-4.29.0.jar;C:\WINDOWS\system32\config\systemprofile\.m2\repository\org\seleniumhq\selenium\selenium-manager\4.29.0\selenium-manager-4.29.0.jar;C:\WINDOWS\system32\config\systemprofile\.m2\repository\org\seleniumhq\selenium\selenium-devtools-v131\4.29.0\selenium-devtools-v131-4.29.0.jar;C:\WINDOWS\system32\config\systemprofile\.m2\repository\org\seleniumhq\selenium\selenium-devtools-v132\4.29.0\selenium-devtools-v132-4.29.0.jar;C:\WINDOWS\system32\config\systemprofile\.m2\repository\org\seleniumhq\selenium\selenium-devtools-v133\4.29.0\selenium-devtools-v133-4.29.0.jar;C:\WINDOWS\system32\config\systemprofile\.m2\repository\org\seleniumhq\selenium\selenium-devtools-v85\4.29.0\selenium-devtools-v85-4.29.0.jar;C:\WINDOWS\system32\config\systemprofile\.m2\repository\org\seleniumhq\selenium\selenium-edge-driver\4.29.0\selenium-edge-driver-4.29.0.jar;C:\WINDOWS\system32\config\systemprofile\.m2\repository\org\seleniumhq\selenium\selenium-firefox-driver\4.29.0\selenium-firefox-driver-4.29.0.jar;C:\WINDOWS\system32\config\systemprofile\.m2\repository\org\seleniumhq\selenium\selenium-http\4.29.0\selenium-http-4.29.0.jar;C:\WINDOWS\system32\config\systemprofile\.m2\repository\org\seleniumhq\selenium\selenium-ie-driver\4.29.0\selenium-ie-driver-4.29.0.jar;C:\WINDOWS\system32\config\systemprofile\.m2\repository\org\seleniumhq\selenium\selenium-remote-driver\4.29.0\selenium-remote-driver-4.29.0.jar;C:\WINDOWS\system32\config\systemprofile\.m2\repository\com\google\guava\guava\33.4.0-jre\guava-33.4.0-jre.jar;C:\WINDOWS\system32\config\systemprofile\.m2\repository\com\google\guava\failureaccess\1.0.2\failureaccess-1.0.2.jar;C:\WINDOWS\system32\config\systemprofile\.m2\repository\com\google\guava\listenablefuture\9999.0-empty-to-avoid-conflict-with-guava\listenablefuture-9999.0-empty-to-avoid-conflict-with-guava.jar;C:\WINDOWS\system32\config\systemprofile\.m2\repository\com\google\code\findbugs\jsr305\3.0.2\jsr305-3.0.2.jar;C:\WINDOWS\system32\config\systemprofile\.m2\repository\org\checkerframework\checker-qual\3.43.0\checker-qual-3.43.0.jar;C:\WINDOWS\system32\config\systemprofile\.m2\repository\com\google\j2objc\j2objc-annotations\3.0.0\j2objc-annotations-3.0.0.jar;C:\WINDOWS\system32\config\systemprofile\.m2\repository\io\opentelemetry\semconv\opentelemetry-semconv\1.28.0-alpha\opentelemetry-semconv-1.28.0-alpha.jar;C:\WINDOWS\system32\config\systemprofile\.m2\repository\io\opentelemetry\opentelemetry-api\1.46.0\opentelemetry-api-1.46.0.jar;C:\WINDOWS\system32\config\systemprofile\.m2\repository\io\opentelemetry\opentelemetry-context\1.46.0\opentelemetry-context-1.46.0.jar;C:\WINDOWS\system32\config\systemprofile\.m2\repository\io\opentelemetry\opentelemetry-exporter-logging\1.46.0\opentelemetry-exporter-logging-1.46.0.jar;C:\WINDOWS\system32\config\systemprofile\.m2\repository\io\opentelemetry\opentelemetry-sdk-common\1.46.0\opentelemetry-sdk-common-1.46.0.jar;C:\WINDOWS\system32\config\systemprofile\.m2\repository\io\opentelemetry\opentelemetry-sdk-extension-autoconfigure-spi\1.46.0\opentelemetry-sdk-extension-autoconfigure-spi-1.46.0.jar;C:\WINDOWS\system32\config\systemprofile\.m2\repository\io\opentelemetry\opentelemetry-sdk-extension-autoconfigure\1.46.0\opentelemetry-sdk-extension-autoconfigure-1.46.0.jar;C:\WINDOWS\system32\config\systemprofile\.m2\repository\io\opentelemetry\opentelemetry-api-incubator\1.46.0-alpha\opentelemetry-api-incubator-1.46.0-alpha.jar;C:\WINDOWS\system32\config\systemprofile\.m2\repository\io\opentelemetry\opentelemetry-sdk-trace\1.46.0\opentelemetry-sdk-trace-1.46.0.jar;C:\WINDOWS\system32\config\systemprofile\.m2\repository\io\opentelemetry\opentelemetry-sdk\1.46.0\opentelemetry-sdk-1.46.0.jar;C:\WINDOWS\system32\config\systemprofile\.m2\repository\io\opentelemetry\opentelemetry-sdk-metrics\1.46.0\opentelemetry-sdk-metrics-1.46.0.jar;C:\WINDOWS\system32\config\systemprofile\.m2\repository\io\opentelemetry\opentelemetry-sdk-logs\1.46.0\opentelemetry-sdk-logs-1.46.0.jar;C:\WINDOWS\system32\config\systemprofile\.m2\repository\net\bytebuddy\byte-buddy\1.15.11\byte-buddy-1.15.11.jar;C:\WINDOWS\system32\config\systemprofile\.m2\repository\org\seleniumhq\selenium\selenium-os\4.29.0\selenium-os-4.29.0.jar;C:\WINDOWS\system32\config\systemprofile\.m2\repository\org\apache\commons\commons-exec\1.4.0\commons-exec-1.4.0.jar;C:\WINDOWS\system32\config\systemprofile\.m2\repository\org\seleniumhq\selenium\selenium-safari-driver\4.29.0\selenium-safari-driver-4.29.0.jar;C:\WINDOWS\system32\config\systemprofile\.m2\repository\org\seleniumhq\selenium\selenium-support\4.29.0\selenium-support-4.29.0.jar;C:\WINDOWS\system32\config\systemprofile\.m2\repository\junit\junit\4.13.2\junit-4.13.2.jar;C:\WINDOWS\system32\config\systemprofile\.m2\repository\org\hamcrest\hamcrest-core\1.3\hamcrest-core-1.3.jar;C:\WINDOWS\system32\config\systemprofile\.m2\repository\org\junit\jupiter\junit-jupiter-engine\5.10.3\junit-jupiter-engine-5.10.3.jar;C:\WINDOWS\system32\config\systemprofile\.m2\repository\org\junit\platform\junit-platform-engine\1.10.3\junit-platform-engine-1.10.3.jar;C:\WINDOWS\system32\config\systemprofile\.m2\repository\org\opentest4j\opentest4j\1.3.0\opentest4j-1.3.0.jar;C:\WINDOWS\system32\config\systemprofile\.m2\repository\org\junit\platform\junit-platform-commons\1.10.3\junit-platform-commons-1.10.3.jar;C:\WINDOWS\system32\config\systemprofile\.m2\repository\org\junit\jupiter\junit-jupiter-api\5.10.3\junit-jupiter-api-5.10.3.jar;C:\WINDOWS\system32\config\systemprofile\.m2\repository\io\cucumber\cucumber-testng\7.18.0\cucumber-testng-7.18.0.jar;C:\WINDOWS\system32\config\systemprofile\.m2\repository\org\apache\poi\poi\5.3.0\poi-5.3.0.jar;C:\WINDOWS\system32\config\systemprofile\.m2\repository\commons-codec\commons-codec\1.17.0\commons-codec-1.17.0.jar;C:\WINDOWS\system32\config\systemprofile\.m2\repository\org\apache\commons\commons-collections4\4.4\commons-collections4-4.4.jar;C:\WINDOWS\system32\config\systemprofile\.m2\repository\org\apache\commons\commons-math3\3.6.1\commons-math3-3.6.1.jar;C:\WINDOWS\system32\config\systemprofile\.m2\repository\commons-io\commons-io\2.16.1\commons-io-2.16.1.jar;C:\WINDOWS\system32\config\systemprofile\.m2\repository\com\zaxxer\SparseBitSet\1.3\SparseBitSet-1.3.jar;C:\WINDOWS\system32\config\systemprofile\.m2\repository\org\apache\logging\log4j\log4j-api\2.23.1\log4j-api-2.23.1.jar;C:\WINDOWS\system32\config\systemprofile\.m2\repository\org\apache\poi\poi-ooxml\5.3.0\poi-ooxml-5.3.0.jar;C:\WINDOWS\system32\config\systemprofile\.m2\repository\org\apache\poi\poi-ooxml-lite\5.3.0\poi-ooxml-lite-5.3.0.jar;C:\WINDOWS\system32\config\systemprofile\.m2\repository\org\apache\xmlbeans\xmlbeans\5.2.1\xmlbeans-5.2.1.jar;C:\WINDOWS\system32\config\systemprofile\.m2\repository\com\github\virtuald\curvesapi\1.08\curvesapi-1.08.jar;C:\WINDOWS\system32\config\systemprofile\.m2\repository\org\junit\vintage\junit-vintage-engine\5.10.3\junit-vintage-engine-5.10.3.jar;C:\WINDOWS\system32\config\systemprofile\.m2\repository\org\testng\testng\7.10.2\testng-7.10.2.jar;C:\WINDOWS\system32\config\systemprofile\.m2\repository\com\beust\jcommander\1.82\jcommander-1.82.jar;C:\WINDOWS\system32\config\systemprofile\.m2\repository\org\webjars\jquery\3.7.1\jquery-3.7.1.jar;C:\WINDOWS\system32\config\systemprofile\.m2\repository\com\github\javafaker\javafaker\1.0.2\javafaker-1.0.2.jar;C:\WINDOWS\system32\config\systemprofile\.m2\repository\org\yaml\snakeyaml\1.23\snakeyaml-1.23-android.jar;C:\WINDOWS\system32\config\systemprofile\.m2\repository\com\github\mifmif\generex\1.0.2\generex-1.0.2.jar;C:\WINDOWS\system32\config\systemprofile\.m2\repository\dk\brics\automaton\automaton\1.11-8\automaton-1.11-8.jar;C:\WINDOWS\system32\config\systemprofile\.m2\repository\tech\grasshopper\extentreports-cucumber7-adapter\1.14.0\extentreports-cucumber7-adapter-1.14.0.jar;C:\WINDOWS\system32\config\systemprofile\.m2\repository\com\aventstack\extentreports\5.1.0\extentreports-5.1.0.jar;C:\WINDOWS\system32\config\systemprofile\.m2\repository\io\reactivex\rxjava3\rxjava\3.1.6\rxjava-3.1.6.jar;C:\WINDOWS\system32\config\systemprofile\.m2\repository\org\reactivestreams\reactive-streams\1.0.4\reactive-streams-1.0.4.jar;C:\WINDOWS\system32\config\systemprofile\.m2\repository\org\freemarker\freemarker\2.3.32\freemarker-2.3.32.jar;C:\WINDOWS\system32\config\systemprofile\.m2\repository\org\projectlombok\lombok\1.18.26\lombok-1.18.26.jar;C:\WINDOWS\system32\config\systemprofile\.m2\repository\tech\grasshopper\extent-pdf-report\2.12.0\extent-pdf-report-2.12.0.jar;C:\WINDOWS\system32\config\systemprofile\.m2\repository\tech\grasshopper\cucumber-pdf-report\2.14.0\cucumber-pdf-report-2.14.0.jar;C:\WINDOWS\system32\config\systemprofile\.m2\repository\org\apache\pdfbox\pdfbox\2.0.26\pdfbox-2.0.26.jar;C:\WINDOWS\system32\config\systemprofile\.m2\repository\org\apache\pdfbox\fontbox\2.0.26\fontbox-2.0.26.jar;C:\WINDOWS\system32\config\systemprofile\.m2\repository\org\knowm\xchart\xchart\3.8.0\xchart-3.8.0.jar;C:\WINDOWS\system32\config\systemprofile\.m2\repository\de\erichseifert\vectorgraphics2d\VectorGraphics2D\0.13\VectorGraphics2D-0.13.jar;C:\WINDOWS\system32\config\systemprofile\.m2\repository\de\rototor\pdfbox\graphics2d\0.30\graphics2d-0.30.jar;C:\WINDOWS\system32\config\systemprofile\.m2\repository\com\madgag\animated-gif-lib\1.4\animated-gif-lib-1.4.jar;C:\WINDOWS\system32\config\systemprofile\.m2\repository\org\yaml\snakeyaml\2.0\snakeyaml-2.0.jar;C:\WINDOWS\system32\config\systemprofile\.m2\repository\tech\grasshopper\table-layout\1.5.1\table-layout-1.5.1.jar;C:\WINDOWS\system32\config\systemprofile\.m2\repository\tech\grasshopper\rest-assured-cucumber-pdf-report\1.5.0\rest-assured-cucumber-pdf-report-1.5.0.jar;C:\WINDOWS\system32\config\systemprofile\.m2\repository\org\jsoup\jsoup\1.15.3\jsoup-1.15.3.jar;C:\WINDOWS\system32\config\systemprofile\.m2\repository\com\aventstack\klov-reporter\5.1.0\klov-reporter-5.1.0.jar;C:\WINDOWS\system32\config\systemprofile\.m2\repository\org\mongodb\mongodb-driver\3.6.4\mongodb-driver-3.6.4.jar;C:\WINDOWS\system32\config\systemprofile\.m2\repository\org\mongodb\mongodb-driver-core\3.6.4\mongodb-driver-core-3.6.4.jar;C:\WINDOWS\system32\config\systemprofile\.m2\repository\org\mongodb\bson\3.6.4\bson-3.6.4.jar;C:\WINDOWS\system32\config\systemprofile\.m2\repository\org\apache\httpcomponents\httpclient\4.5.13\httpclient-4.5.13.jar;C:\WINDOWS\system32\config\systemprofile\.m2\repository\org\apache\httpcomponents\httpcore\4.4.13\httpcore-4.4.13.jar;C:\WINDOWS\system32\config\systemprofile\.m2\repository\commons-logging\commons-logging\1.2\commons-logging-1.2.jar;C:\WINDOWS\system32\config\systemprofile\.m2\repository\org\apache\httpcomponents\httpmime\4.5.13\httpmime-4.5.13.jar;C:\WINDOWS\system32\config\systemprofile\.m2\repository\tech\grasshopper\htmlextentreporter\1.1.0\htmlextentreporter-1.1.0.jar;C:\WINDOWS\system32\config\systemprofile\.m2\repository\tech\grasshopper\extent-excel-report\1.4.0\extent-excel-report-1.4.0.jar;"/>
    <property name="sun.cpu.endian" value="little"/>
    <property name="user.home" value="C:\WINDOWS\system32\config\systemprofile"/>
    <property name="user.language" value="en"/>
    <property name="java.specification.vendor" value="Oracle Corporation"/>
    <property name="java.version.date" value="2024-01-16"/>
    <property name="java.home" value="C:\Program Files\Java\jdk-21"/>
    <property name="file.separator" value="\"/>
    <property name="basedir" value="C:\Users\thirumaran\eclipse-workspace\NexTestify_Cucumber"/>
    <property name="java.vm.compressedOopsMode" value="Zero based"/>
    <property name="line.separator" value="&#10;"/>
    <property name="java.vm.specification.vendor" value="Oracle Corporation"/>
    <property name="java.specification.name" value="Java Platform API Specification"/>
    <property name="surefire.real.class.path" value="C:\Windows\Temp\surefire14260213712333237661\surefirebooter-20250226181441653_3.jar"/>
    <property name="user.script" value=""/>
    <property name="sun.management.compiler" value="HotSpot 64-Bit Tiered Compilers"/>
    <property name="java.runtime.version" value="21.0.2+13-LTS-58"/>
    <property name="user.name" value="SSSLT025$"/>
    <property name="stdout.encoding" value="Cp1252"/>
    <property name="path.separator" value=";"/>
    <property name="os.version" value="10.0"/>
    <property name="java.runtime.name" value="Java(TM) SE Runtime Environment"/>
    <property name="file.encoding" value="UTF-8"/>
    <property name="java.vm.name" value="Java HotSpot(TM) 64-Bit Server VM"/>
    <property name="localRepository" value="C:\WINDOWS\system32\config\systemprofile\.m2\repository"/>
    <property name="java.vendor.url.bug" value="https://bugreport.java.com/bugreport/"/>
    <property name="java.io.tmpdir" value="C:\WINDOWS\TEMP\"/>
    <property name="java.version" value="21.0.2"/>
    <property name="user.dir" value="C:\Users\thirumaran\eclipse-workspace\NexTestify_Cucumber"/>
    <property name="os.arch" value="amd64"/>
    <property name="java.vm.specification.name" value="Java Virtual Machine Specification"/>
    <property name="sun.os.patch.level" value=""/>
    <property name="native.encoding" value="Cp1252"/>
    <property name="java.library.path" value="C:\Program Files\Java\jdk-21\bin;C:\WINDOWS\Sun\Java\bin;C:\WINDOWS\system32;C:\WINDOWS;C:\Maven\apache-maven-3.9.8-bin\apache-maven-3.9.8/bin;C:\Program Files\Java\jdk-21/bin;C:\ProgramData\Jenkins\.jenkins\tools\chromedriver;C:\Users\thirumaran\AppData\Roaming\npm\node_modules;."/>
    <property name="java.vm.info" value="mixed mode, sharing"/>
    <property name="stderr.encoding" value="Cp1252"/>
    <property name="java.vendor" value="Oracle Corporation"/>
    <property name="java.vm.version" value="21.0.2+13-LTS-58"/>
    <property name="sun.io.unicode.encoding" value="UnicodeLittle"/>
    <property name="java.class.version" value="65.0"/>
  </properties>
  <testcase name="Test Setup:Search Check #1" classname="TEST SETUP" time="30.062">
    <system-out><![CDATA[
@TC_01
Scenario: Test Setup:Search Check                                                                                # src/test/resources/FeatureFiles/1_OEP_TestSetup.feature:11
  Given To Check Test Setup is navigating to OEP URL is "http://192.168.1.30/OEPADMIN/"                          # stepDefinition.OEP_1_TestSetup.to_check_test_setup_is_navigating_to_oep_url_is(java.lang.String)
  When To Check Test Setup Enter username and password are "thirumaran@sankarasoftware.com" and "Thirumaran@001" # stepDefinition.OEP_1_TestSetup.to_check_test_setup_enter_username_and_password_are_and(java.lang.String,java.lang.String)
  And click the Signin button To Check Test Setup                                                                # stepDefinition.OEP_1_TestSetup.click_the_signin_button_to_check_test_setup()
  Then Click take picture button in test setup                                                                   # stepDefinition.OEP_1_TestSetup.click_take_picture_button_in_test_setup()
  Then Click Test Setup button                                                                                   # stepDefinition.OEP_1_TestSetup.click_test_setup_button()
  Given Enter valid test name "Sample Test-Main Test" in the searchbox                                           # stepDefinition.OEP_1_TestSetup.enter_valid_test_name_in_the_searchbox(java.lang.String)
Actual test name displayed as: Sample Test-Main Test
  When Check entered "Sample Test-Main Test" test name details is displayed or not in the test setup page        # stepDefinition.OEP_1_TestSetup.check_entered_test_name_details_is_displayed_or_not_in_the_test_setup_page(java.lang.String)
Page is closed  Then Close Test Setup button                                                                                   # stepDefinition.OEP_1_TestSetup.close_test_setup_button()
]]></system-out>
  </testcase>
  <testcase name="Test Setup:Search Check #2" classname="TEST SETUP" time="27.174">
    <system-out><![CDATA[
@TC_02
Scenario: Test Setup:Search Check                                                                                # src/test/resources/FeatureFiles/1_OEP_TestSetup.feature:19
  Given To Check Test Setup is navigating to OEP URL is "http://192.168.1.30/OEPADMIN/"                          # stepDefinition.OEP_1_TestSetup.to_check_test_setup_is_navigating_to_oep_url_is(java.lang.String)
  When To Check Test Setup Enter username and password are "thirumaran@sankarasoftware.com" and "Thirumaran@001" # stepDefinition.OEP_1_TestSetup.to_check_test_setup_enter_username_and_password_are_and(java.lang.String,java.lang.String)
  And click the Signin button To Check Test Setup                                                                # stepDefinition.OEP_1_TestSetup.click_the_signin_button_to_check_test_setup()
  Then Click take picture button in test setup                                                                   # stepDefinition.OEP_1_TestSetup.click_take_picture_button_in_test_setup()
  Then Click Test Setup button                                                                                   # stepDefinition.OEP_1_TestSetup.click_test_setup_button()
  Given Enter valid date "Nov 05, 2025, 07:26 AM" in the searchbox                                               # stepDefinition.OEP_1_TestSetup.enter_valid_date_in_the_searchbox(java.lang.String)
Actual date displayed as: Nov 05, 2025, 07:26 AM
  When Check entered "Nov 05, 2025, 07:26 AM" date details is displayed or not in the test setup page            # stepDefinition.OEP_1_TestSetup.check_entered_date_details_is_displayed_or_not_in_the_test_setup_page(java.lang.String)
Page is closed  Then Close Test Setup button                                                                                   # stepDefinition.OEP_1_TestSetup.close_test_setup_button()
]]></system-out>
  </testcase>
  <testcase name="Test Setup:Filter Check" classname="TEST SETUP" time="44.615">
    <system-out><![CDATA[
@TC_02
Scenario: Test Setup:Filter Check                                                                                # src/test/resources/FeatureFiles/1_OEP_TestSetup.feature:27
  Given To Check Test Setup is navigating to OEP URL is "http://192.168.1.30/OEPADMIN/"                          # stepDefinition.OEP_1_TestSetup.to_check_test_setup_is_navigating_to_oep_url_is(java.lang.String)
  When To Check Test Setup Enter username and password are "thirumaran@sankarasoftware.com" and "Thirumaran@001" # stepDefinition.OEP_1_TestSetup.to_check_test_setup_enter_username_and_password_are_and(java.lang.String,java.lang.String)
  And click the Signin button To Check Test Setup                                                                # stepDefinition.OEP_1_TestSetup.click_the_signin_button_to_check_test_setup()
  Then Click take picture button in test setup                                                                   # stepDefinition.OEP_1_TestSetup.click_take_picture_button_in_test_setup()
  Then Click Test Setup button                                                                                   # stepDefinition.OEP_1_TestSetup.click_test_setup_button()
  Given Select "All Status" 1st Option in the dropdown                                                           # stepDefinition.OEP_1_TestSetup.select_1st_option_in_the_dropdown(java.lang.String)
  When Select "In Progress" 2nd Option in the dropdown                                                           # stepDefinition.OEP_1_TestSetup.select_2nd_option_in_the_dropdown(java.lang.String)
  Then Check In Progress details displayed or not                                                                # stepDefinition.OEP_1_TestSetup.check_in_progress_details_displayed_or_not()
  And Select "Completed" 3rd Option in the dropdown                                                              # stepDefinition.OEP_1_TestSetup.select_3rd_option_in_the_dropdown(java.lang.String)
  Then Check Completed details displayed or not                                                                  # stepDefinition.OEP_1_TestSetup.check_completed_details_displayed_or_not()
  And Select "Frozen" 4th Option in the dropdown                                                                 # stepDefinition.OEP_1_TestSetup.select_4th_option_in_the_dropdown(java.lang.String)
  Then Check Frozen details displayed or not                                                                     # stepDefinition.OEP_1_TestSetup.check_frozen_details_displayed_or_not()
Page is closed  Then Close Test Setup button                                                                                   # stepDefinition.OEP_1_TestSetup.close_test_setup_button()
]]></system-out>
  </testcase>
  <testcase name="Test Setup:Test Type Check" classname="TEST SETUP" time="39.197">
    <system-out><![CDATA[
@TC_03
Scenario: Test Setup:Test Type Check                                                                             # src/test/resources/FeatureFiles/1_OEP_TestSetup.feature:38
  Given To Check Test Setup is navigating to OEP URL is "http://192.168.1.30/OEPADMIN/"                          # stepDefinition.OEP_1_TestSetup.to_check_test_setup_is_navigating_to_oep_url_is(java.lang.String)
  When To Check Test Setup Enter username and password are "thirumaran@sankarasoftware.com" and "Thirumaran@001" # stepDefinition.OEP_1_TestSetup.to_check_test_setup_enter_username_and_password_are_and(java.lang.String,java.lang.String)
  And click the Signin button To Check Test Setup                                                                # stepDefinition.OEP_1_TestSetup.click_the_signin_button_to_check_test_setup()
  Then Click take picture button in test setup                                                                   # stepDefinition.OEP_1_TestSetup.click_take_picture_button_in_test_setup()
  Then Click Test Setup button                                                                                   # stepDefinition.OEP_1_TestSetup.click_test_setup_button()
  Given Select "All Test" 1st Option in dropdown                                                                 # stepDefinition.OEP_1_TestSetup.select_1st_option_in_dropdown(java.lang.String)
  When Select "Practice Test" 2nd Option in dropdown                                                             # stepDefinition.OEP_1_TestSetup.select_2nd_option_in_dropdown(java.lang.String)
Actual description displayed as: Practice Test - Easy
  Then Check selected "Practice Test" option is displayed or not                                                 # stepDefinition.OEP_1_TestSetup.check_selected_option_is_displayed_or_not(java.lang.String)
  And Select "Main Test" 3rd Option in dropdown                                                                  # stepDefinition.OEP_1_TestSetup.select_3rd_option_in_dropdown(java.lang.String)
Actual description displayed as: Main Test - Medium
  Then Check selected "Main Test" option is displayed or not                                                     # stepDefinition.OEP_1_TestSetup.check_selected_option_is_displayed_or_not(java.lang.String)
Page is closed  Then Close Test Setup button                                                                                   # stepDefinition.OEP_1_TestSetup.close_test_setup_button()
]]></system-out>
  </testcase>
  <testcase name="Test Setup:Subject Check" classname="TEST SETUP" time="22.479">
    <system-out><![CDATA[
@TC_04
Scenario: Test Setup:Subject Check                                                                               # src/test/resources/FeatureFiles/1_OEP_TestSetup.feature:47
  Given To Check Test Setup is navigating to OEP URL is "http://192.168.1.30/OEPADMIN/"                          # stepDefinition.OEP_1_TestSetup.to_check_test_setup_is_navigating_to_oep_url_is(java.lang.String)
  When To Check Test Setup Enter username and password are "thirumaran@sankarasoftware.com" and "Thirumaran@001" # stepDefinition.OEP_1_TestSetup.to_check_test_setup_enter_username_and_password_are_and(java.lang.String,java.lang.String)
  And click the Signin button To Check Test Setup                                                                # stepDefinition.OEP_1_TestSetup.click_the_signin_button_to_check_test_setup()
  Then Click take picture button in test setup                                                                   # stepDefinition.OEP_1_TestSetup.click_take_picture_button_in_test_setup()
  Then Click Test Setup button                                                                                   # stepDefinition.OEP_1_TestSetup.click_test_setup_button()
  Given Select "All Subject" 1st Option in the dropdown                                                          # stepDefinition.OEP_1_TestSetup.select_1st_option_in_the_dropdown(java.lang.String)
Page is closed  Then Close Test Setup button                                                                                   # stepDefinition.OEP_1_TestSetup.close_test_setup_button()
]]></system-out>
  </testcase>
  <testcase name="New Test:Back Check" classname="TEST SETUP" time="24.121">
    <system-out><![CDATA[
@TC_05
Scenario: New Test:Back Check                                                                                    # src/test/resources/FeatureFiles/1_OEP_TestSetup.feature:52
  Given To Check Test Setup is navigating to OEP URL is "http://192.168.1.30/OEPADMIN/"                          # stepDefinition.OEP_1_TestSetup.to_check_test_setup_is_navigating_to_oep_url_is(java.lang.String)
  When To Check Test Setup Enter username and password are "thirumaran@sankarasoftware.com" and "Thirumaran@001" # stepDefinition.OEP_1_TestSetup.to_check_test_setup_enter_username_and_password_are_and(java.lang.String,java.lang.String)
  And click the Signin button To Check Test Setup                                                                # stepDefinition.OEP_1_TestSetup.click_the_signin_button_to_check_test_setup()
  Then Click take picture button in test setup                                                                   # stepDefinition.OEP_1_TestSetup.click_take_picture_button_in_test_setup()
  Then Click Test Setup button                                                                                   # stepDefinition.OEP_1_TestSetup.click_test_setup_button()
  Given Click new test button                                                                                    # stepDefinition.OEP_1_TestSetup.click_new_test_button()
  Then Click back button                                                                                         # stepDefinition.OEP_1_TestSetup.click_back_button()
  And Check the landing page                                                                                     # stepDefinition.OEP_1_TestSetup.check_the_landing_page()
Page is closed  Then Close Test Setup button                                                                                   # stepDefinition.OEP_1_TestSetup.close_test_setup_button()
]]></system-out>
  </testcase>
  <testcase name="Basic Settings:Mandatory Check" classname="TEST SETUP" time="24.592">
    <system-out><![CDATA[
@TC_06
Scenario: Basic Settings:Mandatory Check                                                                         # src/test/resources/FeatureFiles/1_OEP_TestSetup.feature:59
  Given To Check Test Setup is navigating to OEP URL is "http://192.168.1.30/OEPADMIN/"                          # stepDefinition.OEP_1_TestSetup.to_check_test_setup_is_navigating_to_oep_url_is(java.lang.String)
  When To Check Test Setup Enter username and password are "thirumaran@sankarasoftware.com" and "Thirumaran@001" # stepDefinition.OEP_1_TestSetup.to_check_test_setup_enter_username_and_password_are_and(java.lang.String,java.lang.String)
  And click the Signin button To Check Test Setup                                                                # stepDefinition.OEP_1_TestSetup.click_the_signin_button_to_check_test_setup()
  Then Click take picture button in test setup                                                                   # stepDefinition.OEP_1_TestSetup.click_take_picture_button_in_test_setup()
  Then Click Test Setup button                                                                                   # stepDefinition.OEP_1_TestSetup.click_test_setup_button()
  Given Click new test button                                                                                    # stepDefinition.OEP_1_TestSetup.click_new_test_button()
  Then Click save button                                                                                         # stepDefinition.OEP_1_TestSetup.click_save_button()
Red border is displayed and its code is: rgb(255, 0, 0)
Actual border color : rgb(255, 0, 0)
  And Check mandatory red border is displayed or not                                                             # stepDefinition.OEP_1_TestSetup.check_mandatory_red_border_is_displayed_or_not()
Page is closed  Then Close Test Setup button                                                                                   # stepDefinition.OEP_1_TestSetup.close_test_setup_button()
]]></system-out>
  </testcase>
  <testcase name="Basic Settings:Invalid Check #1" classname="TEST SETUP" time="21.326">
    <system-out><![CDATA[
@TC_07
Scenario: Basic Settings:Invalid Check                                                                           # src/test/resources/FeatureFiles/1_OEP_TestSetup.feature:66
  Given To Check Test Setup is navigating to OEP URL is "http://192.168.1.30/OEPADMIN/"                          # stepDefinition.OEP_1_TestSetup.to_check_test_setup_is_navigating_to_oep_url_is(java.lang.String)
  When To Check Test Setup Enter username and password are "thirumaran@sankarasoftware.com" and "Thirumaran@001" # stepDefinition.OEP_1_TestSetup.to_check_test_setup_enter_username_and_password_are_and(java.lang.String,java.lang.String)
  And click the Signin button To Check Test Setup                                                                # stepDefinition.OEP_1_TestSetup.click_the_signin_button_to_check_test_setup()
  Then Click take picture button in test setup                                                                   # stepDefinition.OEP_1_TestSetup.click_take_picture_button_in_test_setup()
  Then Click Test Setup button                                                                                   # stepDefinition.OEP_1_TestSetup.click_test_setup_button()
  Given Click new test button                                                                                    # stepDefinition.OEP_1_TestSetup.click_new_test_button()
  Then Click Main Test radio button                                                                              # stepDefinition.OEP_1_TestSetup.click_main_test_radio_button()
  And Enter alpha "Test" characters in Proctoring Capacity tab                                                   # stepDefinition.OEP_1_TestSetup.enter_alpha_characters_in_proctoring_capacity_tab(java.lang.String)
Proctoring Capacity tab contains: 
  Then Check tab is empty or not in Proctoring Capacity tab                                                      # stepDefinition.OEP_1_TestSetup.check_tab_is_empty_or_not_in_proctoring_capacity_tab()
  And Enter special "!@#$%" characters in Proctoring Capacity tab                                                # stepDefinition.OEP_1_TestSetup.enter_special_characters_in_proctoring_capacity_tab(java.lang.String)
Proctoring Capacity tab contains: 
  Then Check tab is empty or not in Proctoring Capacity tab                                                      # stepDefinition.OEP_1_TestSetup.check_tab_is_empty_or_not_in_proctoring_capacity_tab()
Page is closed  Then Close Test Setup button                                                                                   # stepDefinition.OEP_1_TestSetup.close_test_setup_button()
]]></system-out>
  </testcase>
  <testcase name="Basic Settings:Invalid Check #2" classname="TEST SETUP" time="21.509">
    <system-out><![CDATA[
@TC_08
Scenario: Basic Settings:Invalid Check                                                                           # src/test/resources/FeatureFiles/1_OEP_TestSetup.feature:76
  Given To Check Test Setup is navigating to OEP URL is "http://192.168.1.30/OEPADMIN/"                          # stepDefinition.OEP_1_TestSetup.to_check_test_setup_is_navigating_to_oep_url_is(java.lang.String)
  When To Check Test Setup Enter username and password are "thirumaran@sankarasoftware.com" and "Thirumaran@001" # stepDefinition.OEP_1_TestSetup.to_check_test_setup_enter_username_and_password_are_and(java.lang.String,java.lang.String)
  And click the Signin button To Check Test Setup                                                                # stepDefinition.OEP_1_TestSetup.click_the_signin_button_to_check_test_setup()
  Then Click take picture button in test setup                                                                   # stepDefinition.OEP_1_TestSetup.click_take_picture_button_in_test_setup()
  Then Click Test Setup button                                                                                   # stepDefinition.OEP_1_TestSetup.click_test_setup_button()
  Given Click new test button                                                                                    # stepDefinition.OEP_1_TestSetup.click_new_test_button()
  Then Click Main Test radio button                                                                              # stepDefinition.OEP_1_TestSetup.click_main_test_radio_button()
  And Enter more than max characters "1234" in Proctoring Capacity tab                                           # stepDefinition.OEP_1_TestSetup.enter_more_than_max_characters_in_proctoring_capacity_tab(java.lang.String)
Total digits present in the tab: 3
  Then Check the tab contains more than maximum character or not                                                 # stepDefinition.OEP_1_TestSetup.check_the_tab_contains_more_than_maximum_character_or_not()
Page is closed  Then Close Test Setup button                                                                                   # stepDefinition.OEP_1_TestSetup.close_test_setup_button()
]]></system-out>
  </testcase>
  <testcase name="Basic Settings:Clear Check #1" classname="TEST SETUP" time="48.512">
    <system-out><![CDATA[
@TC_09
Scenario: Basic Settings:Clear Check                                                                             # src/test/resources/FeatureFiles/1_OEP_TestSetup.feature:84
  Given To Check Test Setup is navigating to OEP URL is "http://192.168.1.30/OEPADMIN/"                          # stepDefinition.OEP_1_TestSetup.to_check_test_setup_is_navigating_to_oep_url_is(java.lang.String)
  When To Check Test Setup Enter username and password are "thirumaran@sankarasoftware.com" and "Thirumaran@001" # stepDefinition.OEP_1_TestSetup.to_check_test_setup_enter_username_and_password_are_and(java.lang.String,java.lang.String)
  And click the Signin button To Check Test Setup                                                                # stepDefinition.OEP_1_TestSetup.click_the_signin_button_to_check_test_setup()
  Then Click take picture button in test setup                                                                   # stepDefinition.OEP_1_TestSetup.click_take_picture_button_in_test_setup()
  Then Click Test Setup button                                                                                   # stepDefinition.OEP_1_TestSetup.click_test_setup_button()
  Given Click new test button                                                                                    # stepDefinition.OEP_1_TestSetup.click_new_test_button()
  Then Click Main Test radio button                                                                              # stepDefinition.OEP_1_TestSetup.click_main_test_radio_button()
  And Enter valid test name                                                                                      # stepDefinition.OEP_1_TestSetup.enter_valid_test_name()
  Then Enter valid Proctoring Capacity count                                                                     # stepDefinition.OEP_1_TestSetup.enter_valid_proctoring_capacity_count()
  Then Select valid subject name                                                                                 # stepDefinition.OEP_1_TestSetup.select_valid_subject_name()
  And Select valid level                                                                                         # stepDefinition.OEP_1_TestSetup.select_valid_level()
  Then Enter valid description details                                                                           # stepDefinition.OEP_1_TestSetup.enter_valid_description_details()
  And Click clear button                                                                                         # stepDefinition.OEP_1_TestSetup.click_clear_button()
  Then Check all tabs are cleared or not                                                                         # stepDefinition.OEP_1_TestSetup.check_all_tabs_are_cleared_or_not()
Page is closed  Then Close Test Setup button                                                                                   # stepDefinition.OEP_1_TestSetup.close_test_setup_button()
]]></system-out>
  </testcase>
  <testcase name="Basic Settings:Clear Check #2" classname="TEST SETUP" time="48.443">
    <system-out><![CDATA[
@TC_10
Scenario: Basic Settings:Clear Check                                                                             # src/test/resources/FeatureFiles/1_OEP_TestSetup.feature:97
  Given To Check Test Setup is navigating to OEP URL is "http://192.168.1.30/OEPADMIN/"                          # stepDefinition.OEP_1_TestSetup.to_check_test_setup_is_navigating_to_oep_url_is(java.lang.String)
  When To Check Test Setup Enter username and password are "thirumaran@sankarasoftware.com" and "Thirumaran@001" # stepDefinition.OEP_1_TestSetup.to_check_test_setup_enter_username_and_password_are_and(java.lang.String,java.lang.String)
  And click the Signin button To Check Test Setup                                                                # stepDefinition.OEP_1_TestSetup.click_the_signin_button_to_check_test_setup()
  Then Click take picture button in test setup                                                                   # stepDefinition.OEP_1_TestSetup.click_take_picture_button_in_test_setup()
  Then Click Test Setup button                                                                                   # stepDefinition.OEP_1_TestSetup.click_test_setup_button()
  Given Click new test button                                                                                    # stepDefinition.OEP_1_TestSetup.click_new_test_button()
  Then Click Main Test radio button                                                                              # stepDefinition.OEP_1_TestSetup.click_main_test_radio_button()
  And Enter valid test name                                                                                      # stepDefinition.OEP_1_TestSetup.enter_valid_test_name()
  Then Enter valid Proctoring Capacity count                                                                     # stepDefinition.OEP_1_TestSetup.enter_valid_proctoring_capacity_count()
  And Select valid subject name                                                                                  # stepDefinition.OEP_1_TestSetup.select_valid_subject_name()
  And Select valid level                                                                                         # stepDefinition.OEP_1_TestSetup.select_valid_level()
  Then Enter valid description details                                                                           # stepDefinition.OEP_1_TestSetup.enter_valid_description_details()
  And Click clear button                                                                                         # stepDefinition.OEP_1_TestSetup.click_clear_button()
  Then Check all tabs are cleared or not in main test                                                            # stepDefinition.OEP_1_TestSetup.check_all_tabs_are_cleared_or_not_in_main_test()
Page is closed  Then Close Test Setup button                                                                                   # stepDefinition.OEP_1_TestSetup.close_test_setup_button()
]]></system-out>
  </testcase>
  <testcase name="Basic Settings:Save Check #1" classname="TEST SETUP" time="33.321">
    <system-out><![CDATA[
@TC_11
Scenario: Basic Settings:Save Check                                                                              # src/test/resources/FeatureFiles/1_OEP_TestSetup.feature:110
  Given To Check Test Setup is navigating to OEP URL is "http://192.168.1.30/OEPADMIN/"                          # stepDefinition.OEP_1_TestSetup.to_check_test_setup_is_navigating_to_oep_url_is(java.lang.String)
  When To Check Test Setup Enter username and password are "thirumaran@sankarasoftware.com" and "Thirumaran@001" # stepDefinition.OEP_1_TestSetup.to_check_test_setup_enter_username_and_password_are_and(java.lang.String,java.lang.String)
  And click the Signin button To Check Test Setup                                                                # stepDefinition.OEP_1_TestSetup.click_the_signin_button_to_check_test_setup()
  Then Click take picture button in test setup                                                                   # stepDefinition.OEP_1_TestSetup.click_take_picture_button_in_test_setup()
  Then Click Test Setup button                                                                                   # stepDefinition.OEP_1_TestSetup.click_test_setup_button()
  Given Click new test button                                                                                    # stepDefinition.OEP_1_TestSetup.click_new_test_button()
  Then Click Practice Test radio button                                                                          # stepDefinition.OEP_1_TestSetup.click_practice_test_radio_button()
  And Enter valid test name                                                                                      # stepDefinition.OEP_1_TestSetup.enter_valid_test_name()
  Then Select valid subject name                                                                                 # stepDefinition.OEP_1_TestSetup.select_valid_subject_name()
  And Select valid level                                                                                         # stepDefinition.OEP_1_TestSetup.select_valid_level()
  Then Enter valid description details                                                                           # stepDefinition.OEP_1_TestSetup.enter_valid_description_details()
  And Click save button                                                                                          # stepDefinition.OEP_1_TestSetup.click_save_button()
Success message displayed like: Basic Settings saved successfully!
  Then Check success message is displayed or not in Basic Settings tab                                           # stepDefinition.OEP_1_TestSetup.check_success_message_is_displayed_or_not_in_basic_settings_tab()
Page is closed  Then Close Test Setup button                                                                                   # stepDefinition.OEP_1_TestSetup.close_test_setup_button()
]]></system-out>
  </testcase>
  <testcase name="Basic Settings:Save Check #2" classname="TEST SETUP" time="33.669">
    <system-out><![CDATA[
@TC_12
Scenario: Basic Settings:Save Check                                                                              # src/test/resources/FeatureFiles/1_OEP_TestSetup.feature:122
  Given To Check Test Setup is navigating to OEP URL is "http://192.168.1.30/OEPADMIN/"                          # stepDefinition.OEP_1_TestSetup.to_check_test_setup_is_navigating_to_oep_url_is(java.lang.String)
  When To Check Test Setup Enter username and password are "thirumaran@sankarasoftware.com" and "Thirumaran@001" # stepDefinition.OEP_1_TestSetup.to_check_test_setup_enter_username_and_password_are_and(java.lang.String,java.lang.String)
  And click the Signin button To Check Test Setup                                                                # stepDefinition.OEP_1_TestSetup.click_the_signin_button_to_check_test_setup()
  Then Click take picture button in test setup                                                                   # stepDefinition.OEP_1_TestSetup.click_take_picture_button_in_test_setup()
  Then Click Test Setup button                                                                                   # stepDefinition.OEP_1_TestSetup.click_test_setup_button()
  Given Click new test button                                                                                    # stepDefinition.OEP_1_TestSetup.click_new_test_button()
  Then Click Main Test radio button                                                                              # stepDefinition.OEP_1_TestSetup.click_main_test_radio_button()
  And Enter valid test name                                                                                      # stepDefinition.OEP_1_TestSetup.enter_valid_test_name()
  Then Enter valid Proctoring Capacity count                                                                     # stepDefinition.OEP_1_TestSetup.enter_valid_proctoring_capacity_count()
  And Select valid subject name                                                                                  # stepDefinition.OEP_1_TestSetup.select_valid_subject_name()
  And Select valid level                                                                                         # stepDefinition.OEP_1_TestSetup.select_valid_level()
  Then Enter valid description details                                                                           # stepDefinition.OEP_1_TestSetup.enter_valid_description_details()
  And Click save button                                                                                          # stepDefinition.OEP_1_TestSetup.click_save_button()
Success message displayed like: Basic Settings saved successfully!
  Then Check success message is displayed or not in test portal page                                             # stepDefinition.OEP_1_TestSetup.check_success_message_is_displayed_or_not_in_test_portal_page()
Page is closed  Then Close Test Setup button                                                                                   # stepDefinition.OEP_1_TestSetup.close_test_setup_button()
]]></system-out>
  </testcase>
  <testcase name="Question Manager:Invalid Check #1" classname="TEST SETUP" time="57.695">
    <system-out><![CDATA[
@TC_13
Scenario: Question Manager:Invalid Check                                                                         # src/test/resources/FeatureFiles/1_OEP_TestSetup.feature:135
  Given To Check Test Setup is navigating to OEP URL is "http://192.168.1.30/OEPADMIN/"                          # stepDefinition.OEP_1_TestSetup.to_check_test_setup_is_navigating_to_oep_url_is(java.lang.String)
  When To Check Test Setup Enter username and password are "thirumaran@sankarasoftware.com" and "Thirumaran@001" # stepDefinition.OEP_1_TestSetup.to_check_test_setup_enter_username_and_password_are_and(java.lang.String,java.lang.String)
  And click the Signin button To Check Test Setup                                                                # stepDefinition.OEP_1_TestSetup.click_the_signin_button_to_check_test_setup()
  Then Click take picture button in test setup                                                                   # stepDefinition.OEP_1_TestSetup.click_take_picture_button_in_test_setup()
  Then Click Test Setup button                                                                                   # stepDefinition.OEP_1_TestSetup.click_test_setup_button()
  Given Search any valid main test name                                                                          # stepDefinition.OEP_1_TestSetup.search_any_valid_main_test_name()
  Then Click the test name                                                                                       # stepDefinition.OEP_1_TestSetup.click_the_test_name()
  And Click question manager tab                                                                                 # stepDefinition.OEP_1_TestSetup.click_question_manager_tab()
  And Enter alpha characters in Overall Questions                                                                # stepDefinition.OEP_1_TestSetup.enter_alpha_characters_in_overall_questions()
  Then Check tab is empty or not in Overall Questions                                                            # stepDefinition.OEP_1_TestSetup.check_tab_is_empty_or_not_in_overall_questions()
  And Enter special characters in Overall Questions                                                              # stepDefinition.OEP_1_TestSetup.enter_special_characters_in_overall_questions()
  Then Check tab is empty or not in Overall Questions                                                            # stepDefinition.OEP_1_TestSetup.check_tab_is_empty_or_not_in_overall_questions()
Page is closed  Then Close Test Setup button                                                                                   # stepDefinition.OEP_1_TestSetup.close_test_setup_button()
]]></system-out>
  </testcase>
  <testcase name="Question Manager:Invalid Check #2" classname="TEST SETUP" time="55.202">
    <error message="Expected condition failed: waiting for element to be clickable: By.xpath: //div[text()=&apos;Sample Test-Main Test&apos;] (tried for 30 second(s) with 500 milliseconds interval)&#10;Build info: version: &apos;4.29.0&apos;, revision: &apos;5fc1ec94cb&apos;&#10;System info: os.name: &apos;Windows 11&apos;, os.arch: &apos;amd64&apos;, os.version: &apos;10.0&apos;, java.version: &apos;21.0.2&apos;&#10;Driver info: org.openqa.selenium.chrome.ChromeDriver&#10;Capabilities {acceptInsecureCerts: false, browserName: chrome, browserVersion: 133.0.6943.127, chrome: {chromedriverVersion: 133.0.6943.126 (cffa127ce7b..., userDataDir: C:\WINDOWS\SystemTemp\scope...}, fedcm:accounts: true, goog:chromeOptions: {debuggerAddress: localhost:52528}, networkConnectionEnabled: false, pageLoadStrategy: normal, platformName: windows, proxy: Proxy(), se:cdp: ws://localhost:52528/devtoo..., se:cdpVersion: 133.0.6943.127, setWindowRect: true, strictFileInteractability: false, timeouts: {implicit: 0, pageLoad: 300000, script: 30000}, unhandledPromptBehavior: dismiss and notify, webauthn:extension:credBlob: true, webauthn:extension:largeBlob: true, webauthn:extension:minPinLength: true, webauthn:extension:prf: true, webauthn:virtualAuthenticators: true}&#10;Session ID: 79c7201b81484f2b3788244ef2cf7fc8" type="org.openqa.selenium.TimeoutException"><![CDATA[org.openqa.selenium.TimeoutException: 
Expected condition failed: waiting for element to be clickable: By.xpath: //div[text()='Sample Test-Main Test'] (tried for 30 second(s) with 500 milliseconds interval)
Build info: version: '4.29.0', revision: '5fc1ec94cb'
System info: os.name: 'Windows 11', os.arch: 'amd64', os.version: '10.0', java.version: '21.0.2'
Driver info: org.openqa.selenium.chrome.ChromeDriver
Capabilities {acceptInsecureCerts: false, browserName: chrome, browserVersion: 133.0.6943.127, chrome: {chromedriverVersion: 133.0.6943.126 (cffa127ce7b..., userDataDir: C:\WINDOWS\SystemTemp\scope...}, fedcm:accounts: true, goog:chromeOptions: {debuggerAddress: localhost:52528}, networkConnectionEnabled: false, pageLoadStrategy: normal, platformName: windows, proxy: Proxy(), se:cdp: ws://localhost:52528/devtoo..., se:cdpVersion: 133.0.6943.127, setWindowRect: true, strictFileInteractability: false, timeouts: {implicit: 0, pageLoad: 300000, script: 30000}, unhandledPromptBehavior: dismiss and notify, webauthn:extension:credBlob: true, webauthn:extension:largeBlob: true, webauthn:extension:minPinLength: true, webauthn:extension:prf: true, webauthn:virtualAuthenticators: true}
Session ID: 79c7201b81484f2b3788244ef2cf7fc8
	at org.openqa.selenium.support.ui.WebDriverWait.timeoutException(WebDriverWait.java:84)
	at org.openqa.selenium.support.ui.FluentWait.until(FluentWait.java:228)
	at stepDefinition.OEP_1_TestSetup.click_the_test_name(OEP_1_TestSetup.java:731)
	at .Click the test name(file:///C:/Users/thirumaran/eclipse-workspace/NexTestify_Cucumber/src/test/resources/FeatureFiles/1_OEP_TestSetup.feature:148)
]]></error>
    <system-out><![CDATA[
@TC_14
Scenario: Question Manager:Invalid Check                                                                         # src/test/resources/FeatureFiles/1_OEP_TestSetup.feature:146
  Given To Check Test Setup is navigating to OEP URL is "http://192.168.1.30/OEPADMIN/"                          # stepDefinition.OEP_1_TestSetup.to_check_test_setup_is_navigating_to_oep_url_is(java.lang.String)
  When To Check Test Setup Enter username and password are "thirumaran@sankarasoftware.com" and "Thirumaran@001" # stepDefinition.OEP_1_TestSetup.to_check_test_setup_enter_username_and_password_are_and(java.lang.String,java.lang.String)
  And click the Signin button To Check Test Setup                                                                # stepDefinition.OEP_1_TestSetup.click_the_signin_button_to_check_test_setup()
  Then Click take picture button in test setup                                                                   # stepDefinition.OEP_1_TestSetup.click_take_picture_button_in_test_setup()
  Then Click Test Setup button                                                                                   # stepDefinition.OEP_1_TestSetup.click_test_setup_button()
  Given Search any valid main test name                                                                          # stepDefinition.OEP_1_TestSetup.search_any_valid_main_test_name()
  Then Click the test name                                                                                       # stepDefinition.OEP_1_TestSetup.click_the_test_name()
      org.openqa.selenium.TimeoutException: Expected condition failed: waiting for element to be clickable: By.xpath: //div[text()='Sample Test-Main Test'] (tried for 30 second(s) with 500 milliseconds interval)
Build info: version: '4.29.0', revision: '5fc1ec94cb'
System info: os.name: 'Windows 11', os.arch: 'amd64', os.version: '10.0', java.version: '21.0.2'
Driver info: org.openqa.selenium.chrome.ChromeDriver
Capabilities {acceptInsecureCerts: false, browserName: chrome, browserVersion: 133.0.6943.127, chrome: {chromedriverVersion: 133.0.6943.126 (cffa127ce7b..., userDataDir: C:\WINDOWS\SystemTemp\scope...}, fedcm:accounts: true, goog:chromeOptions: {debuggerAddress: localhost:52528}, networkConnectionEnabled: false, pageLoadStrategy: normal, platformName: windows, proxy: Proxy(), se:cdp: ws://localhost:52528/devtoo..., se:cdpVersion: 133.0.6943.127, setWindowRect: true, strictFileInteractability: false, timeouts: {implicit: 0, pageLoad: 300000, script: 30000}, unhandledPromptBehavior: dismiss and notify, webauthn:extension:credBlob: true, webauthn:extension:largeBlob: true, webauthn:extension:minPinLength: true, webauthn:extension:prf: true, webauthn:virtualAuthenticators: true}
Session ID: 79c7201b81484f2b3788244ef2cf7fc8
	at org.openqa.selenium.support.ui.WebDriverWait.timeoutException(WebDriverWait.java:84)
	at org.openqa.selenium.support.ui.FluentWait.until(FluentWait.java:228)
	at stepDefinition.OEP_1_TestSetup.click_the_test_name(OEP_1_TestSetup.java:731)
	at .Click the test name(file:///C:/Users/thirumaran/eclipse-workspace/NexTestify_Cucumber/src/test/resources/FeatureFiles/1_OEP_TestSetup.feature:148)

  And Click question manager tab                                                                                 # stepDefinition.OEP_1_TestSetup.click_question_manager_tab()
  And Enter alpha characters in Overall Points                                                                   # stepDefinition.OEP_1_TestSetup.enter_alpha_characters_in_overall_points()
  Then Check tab is empty or not                                                                                 # stepDefinition.OEP_1_TestSetup.check_tab_is_empty_or_not()
  And Enter special characters in Overall Points                                                                 # stepDefinition.OEP_1_TestSetup.enter_special_characters_in_overall_points()
  Then Check tab is empty or not                                                                                 # stepDefinition.OEP_1_TestSetup.check_tab_is_empty_or_not()
  Then Close Test Setup button                                                                                   # stepDefinition.OEP_1_TestSetup.close_test_setup_button()
]]></system-out>
  </testcase>
  <testcase name="Question Manager:Mandatory Check" classname="TEST SETUP" time="73.263">
    <error message="Expected condition failed: waiting for element to be clickable: By.xpath: //button[@title=&apos;click here to clear&apos;] (tried for 30 second(s) with 500 milliseconds interval)&#10;Build info: version: &apos;4.29.0&apos;, revision: &apos;5fc1ec94cb&apos;&#10;System info: os.name: &apos;Windows 11&apos;, os.arch: &apos;amd64&apos;, os.version: &apos;10.0&apos;, java.version: &apos;21.0.2&apos;&#10;Driver info: org.openqa.selenium.chrome.ChromeDriver&#10;Capabilities {acceptInsecureCerts: false, browserName: chrome, browserVersion: 133.0.6943.127, chrome: {chromedriverVersion: 133.0.6943.126 (cffa127ce7b..., userDataDir: C:\WINDOWS\SystemTemp\scope...}, fedcm:accounts: true, goog:chromeOptions: {debuggerAddress: localhost:52590}, networkConnectionEnabled: false, pageLoadStrategy: normal, platformName: windows, proxy: Proxy(), se:cdp: ws://localhost:52590/devtoo..., se:cdpVersion: 133.0.6943.127, setWindowRect: true, strictFileInteractability: false, timeouts: {implicit: 0, pageLoad: 300000, script: 30000}, unhandledPromptBehavior: dismiss and notify, webauthn:extension:credBlob: true, webauthn:extension:largeBlob: true, webauthn:extension:minPinLength: true, webauthn:extension:prf: true, webauthn:virtualAuthenticators: true}&#10;Session ID: 37f34c1901d770c253ee7a5690f97ea0" type="org.openqa.selenium.TimeoutException"><![CDATA[org.openqa.selenium.TimeoutException: 
Expected condition failed: waiting for element to be clickable: By.xpath: //button[@title='click here to clear'] (tried for 30 second(s) with 500 milliseconds interval)
Build info: version: '4.29.0', revision: '5fc1ec94cb'
System info: os.name: 'Windows 11', os.arch: 'amd64', os.version: '10.0', java.version: '21.0.2'
Driver info: org.openqa.selenium.chrome.ChromeDriver
Capabilities {acceptInsecureCerts: false, browserName: chrome, browserVersion: 133.0.6943.127, chrome: {chromedriverVersion: 133.0.6943.126 (cffa127ce7b..., userDataDir: C:\WINDOWS\SystemTemp\scope...}, fedcm:accounts: true, goog:chromeOptions: {debuggerAddress: localhost:52590}, networkConnectionEnabled: false, pageLoadStrategy: normal, platformName: windows, proxy: Proxy(), se:cdp: ws://localhost:52590/devtoo..., se:cdpVersion: 133.0.6943.127, setWindowRect: true, strictFileInteractability: false, timeouts: {implicit: 0, pageLoad: 300000, script: 30000}, unhandledPromptBehavior: dismiss and notify, webauthn:extension:credBlob: true, webauthn:extension:largeBlob: true, webauthn:extension:minPinLength: true, webauthn:extension:prf: true, webauthn:virtualAuthenticators: true}
Session ID: 37f34c1901d770c253ee7a5690f97ea0
	at org.openqa.selenium.support.ui.WebDriverWait.timeoutException(WebDriverWait.java:84)
	at org.openqa.selenium.support.ui.FluentWait.until(FluentWait.java:228)
	at stepDefinition.OEP_1_TestSetup.click_clear_button_in_question_manager(OEP_1_TestSetup.java:879)
	at .Click clear button in question manager(file:///C:/Users/thirumaran/eclipse-workspace/NexTestify_Cucumber/src/test/resources/FeatureFiles/1_OEP_TestSetup.feature:161)
]]></error>
    <system-out><![CDATA[
@TC_15
Scenario: Question Manager:Mandatory Check                                                                       # src/test/resources/FeatureFiles/1_OEP_TestSetup.feature:157
  Given To Check Test Setup is navigating to OEP URL is "http://192.168.1.30/OEPADMIN/"                          # stepDefinition.OEP_1_TestSetup.to_check_test_setup_is_navigating_to_oep_url_is(java.lang.String)
  When To Check Test Setup Enter username and password are "thirumaran@sankarasoftware.com" and "Thirumaran@001" # stepDefinition.OEP_1_TestSetup.to_check_test_setup_enter_username_and_password_are_and(java.lang.String,java.lang.String)
  And click the Signin button To Check Test Setup                                                                # stepDefinition.OEP_1_TestSetup.click_the_signin_button_to_check_test_setup()
  Then Click take picture button in test setup                                                                   # stepDefinition.OEP_1_TestSetup.click_take_picture_button_in_test_setup()
  Then Click Test Setup button                                                                                   # stepDefinition.OEP_1_TestSetup.click_test_setup_button()
  Given Search any valid main test name                                                                          # stepDefinition.OEP_1_TestSetup.search_any_valid_main_test_name()
  Then Click the test name                                                                                       # stepDefinition.OEP_1_TestSetup.click_the_test_name()
  And Click question manager tab                                                                                 # stepDefinition.OEP_1_TestSetup.click_question_manager_tab()
  Then Click clear button in question manager                                                                    # stepDefinition.OEP_1_TestSetup.click_clear_button_in_question_manager()
      org.openqa.selenium.TimeoutException: Expected condition failed: waiting for element to be clickable: By.xpath: //button[@title='click here to clear'] (tried for 30 second(s) with 500 milliseconds interval)
Build info: version: '4.29.0', revision: '5fc1ec94cb'
System info: os.name: 'Windows 11', os.arch: 'amd64', os.version: '10.0', java.version: '21.0.2'
Driver info: org.openqa.selenium.chrome.ChromeDriver
Capabilities {acceptInsecureCerts: false, browserName: chrome, browserVersion: 133.0.6943.127, chrome: {chromedriverVersion: 133.0.6943.126 (cffa127ce7b..., userDataDir: C:\WINDOWS\SystemTemp\scope...}, fedcm:accounts: true, goog:chromeOptions: {debuggerAddress: localhost:52590}, networkConnectionEnabled: false, pageLoadStrategy: normal, platformName: windows, proxy: Proxy(), se:cdp: ws://localhost:52590/devtoo..., se:cdpVersion: 133.0.6943.127, setWindowRect: true, strictFileInteractability: false, timeouts: {implicit: 0, pageLoad: 300000, script: 30000}, unhandledPromptBehavior: dismiss and notify, webauthn:extension:credBlob: true, webauthn:extension:largeBlob: true, webauthn:extension:minPinLength: true, webauthn:extension:prf: true, webauthn:virtualAuthenticators: true}
Session ID: 37f34c1901d770c253ee7a5690f97ea0
	at org.openqa.selenium.support.ui.WebDriverWait.timeoutException(WebDriverWait.java:84)
	at org.openqa.selenium.support.ui.FluentWait.until(FluentWait.java:228)
	at stepDefinition.OEP_1_TestSetup.click_clear_button_in_question_manager(OEP_1_TestSetup.java:879)
	at .Click clear button in question manager(file:///C:/Users/thirumaran/eclipse-workspace/NexTestify_Cucumber/src/test/resources/FeatureFiles/1_OEP_TestSetup.feature:161)

  And Select any topic from the dropdown                                                                         # stepDefinition.OEP_1_TestSetup.select_any_topic_from_the_dropdown()
  Then Click add button                                                                                          # stepDefinition.OEP_1_TestSetup.click_add_button()
  And Check red border is displayed or not in the mandatory tab                                                  # stepDefinition.OEP_1_TestSetup.check_red_border_is_displayed_or_not_in_the_mandatory_tab()
  Then Close Test Setup button                                                                                   # stepDefinition.OEP_1_TestSetup.close_test_setup_button()
]]></system-out>
  </testcase>
  <testcase name="Question Manager:Delete NO Check" classname="TEST SETUP" time="58.519">
    <system-out><![CDATA[
@TC_16
Scenario: Question Manager:Delete NO Check                                                                       # src/test/resources/FeatureFiles/1_OEP_TestSetup.feature:168
  Given To Check Test Setup is navigating to OEP URL is "http://192.168.1.30/OEPADMIN/"                          # stepDefinition.OEP_1_TestSetup.to_check_test_setup_is_navigating_to_oep_url_is(java.lang.String)
  When To Check Test Setup Enter username and password are "thirumaran@sankarasoftware.com" and "Thirumaran@001" # stepDefinition.OEP_1_TestSetup.to_check_test_setup_enter_username_and_password_are_and(java.lang.String,java.lang.String)
  And click the Signin button To Check Test Setup                                                                # stepDefinition.OEP_1_TestSetup.click_the_signin_button_to_check_test_setup()
  Then Click take picture button in test setup                                                                   # stepDefinition.OEP_1_TestSetup.click_take_picture_button_in_test_setup()
  Then Click Test Setup button                                                                                   # stepDefinition.OEP_1_TestSetup.click_test_setup_button()
  Given Search any valid main test name                                                                          # stepDefinition.OEP_1_TestSetup.search_any_valid_main_test_name()
  Then Click the test name                                                                                       # stepDefinition.OEP_1_TestSetup.click_the_test_name()
  And Click question manager tab                                                                                 # stepDefinition.OEP_1_TestSetup.click_question_manager_tab()
  Then Enter valid overall question                                                                              # stepDefinition.OEP_1_TestSetup.enter_valid_overall_question()
  And Enter valid overall points                                                                                 # stepDefinition.OEP_1_TestSetup.enter_valid_overall_points()
  Then Select valid topic                                                                                        # stepDefinition.OEP_1_TestSetup.select_valid_topic()
  And Click add button                                                                                           # stepDefinition.OEP_1_TestSetup.click_add_button()
  Then Click delete button                                                                                       # stepDefinition.OEP_1_TestSetup.click_delete_button()
  And Click No button in the pop up                                                                              # stepDefinition.OEP_1_TestSetup.click_no_button_in_the_pop_up()
  Then Check topic is removed or not                                                                             # stepDefinition.OEP_1_TestSetup.check_topic_is_removed_or_not()
Page is closed  Then Close Test Setup button                                                                                   # stepDefinition.OEP_1_TestSetup.close_test_setup_button()
]]></system-out>
  </testcase>
  <testcase name="Question Manager:Delete YES Check #1" classname="TEST SETUP" time="61.1">
    <system-out><![CDATA[
@TC_17
Scenario: Question Manager:Delete YES Check                                                                      # src/test/resources/FeatureFiles/1_OEP_TestSetup.feature:182
  Given To Check Test Setup is navigating to OEP URL is "http://192.168.1.30/OEPADMIN/"                          # stepDefinition.OEP_1_TestSetup.to_check_test_setup_is_navigating_to_oep_url_is(java.lang.String)
  When To Check Test Setup Enter username and password are "thirumaran@sankarasoftware.com" and "Thirumaran@001" # stepDefinition.OEP_1_TestSetup.to_check_test_setup_enter_username_and_password_are_and(java.lang.String,java.lang.String)
  And click the Signin button To Check Test Setup                                                                # stepDefinition.OEP_1_TestSetup.click_the_signin_button_to_check_test_setup()
  Then Click take picture button in test setup                                                                   # stepDefinition.OEP_1_TestSetup.click_take_picture_button_in_test_setup()
  Then Click Test Setup button                                                                                   # stepDefinition.OEP_1_TestSetup.click_test_setup_button()
  Given Search any valid main test name                                                                          # stepDefinition.OEP_1_TestSetup.search_any_valid_main_test_name()
  Then Click the test name                                                                                       # stepDefinition.OEP_1_TestSetup.click_the_test_name()
  And Click question manager tab                                                                                 # stepDefinition.OEP_1_TestSetup.click_question_manager_tab()
  Then Enter valid overall question                                                                              # stepDefinition.OEP_1_TestSetup.enter_valid_overall_question()
  And Enter valid overall points                                                                                 # stepDefinition.OEP_1_TestSetup.enter_valid_overall_points()
  Then Select valid topic                                                                                        # stepDefinition.OEP_1_TestSetup.select_valid_topic()
  And Click add button                                                                                           # stepDefinition.OEP_1_TestSetup.click_add_button()
  Then Click delete button                                                                                       # stepDefinition.OEP_1_TestSetup.click_delete_button()
  And Click Yes button in the pop up                                                                             # stepDefinition.OEP_1_TestSetup.click_yes_button_in_the_pop_up()
Success message displayed like: Question Setup deleted successfully!
  Then Check success message for deleted topic is displayed or not in question manager tab                       # stepDefinition.OEP_1_TestSetup.check_success_message_for_deleted_topic_is_displayed_or_not_in_question_manager_tab()
Page is closed  Then Close Test Setup button                                                                                   # stepDefinition.OEP_1_TestSetup.close_test_setup_button()
]]></system-out>
  </testcase>
  <testcase name="Question Manager:Delete YES Check #2" classname="TEST SETUP" time="88.362">
    <error message="Expected condition failed: waiting for element to be clickable: By.id: tquest-1 (tried for 30 second(s) with 500 milliseconds interval)&#10;Build info: version: &apos;4.29.0&apos;, revision: &apos;5fc1ec94cb&apos;&#10;System info: os.name: &apos;Windows 11&apos;, os.arch: &apos;amd64&apos;, os.version: &apos;10.0&apos;, java.version: &apos;21.0.2&apos;&#10;Driver info: org.openqa.selenium.chrome.ChromeDriver&#10;Capabilities {acceptInsecureCerts: false, browserName: chrome, browserVersion: 133.0.6943.127, chrome: {chromedriverVersion: 133.0.6943.126 (cffa127ce7b..., userDataDir: C:\WINDOWS\SystemTemp\scope...}, fedcm:accounts: true, goog:chromeOptions: {debuggerAddress: localhost:52839}, networkConnectionEnabled: false, pageLoadStrategy: normal, platformName: windows, proxy: Proxy(), se:cdp: ws://localhost:52839/devtoo..., se:cdpVersion: 133.0.6943.127, setWindowRect: true, strictFileInteractability: false, timeouts: {implicit: 0, pageLoad: 300000, script: 30000}, unhandledPromptBehavior: dismiss and notify, webauthn:extension:credBlob: true, webauthn:extension:largeBlob: true, webauthn:extension:minPinLength: true, webauthn:extension:prf: true, webauthn:virtualAuthenticators: true}&#10;Session ID: 85b063c7a5f2bfd20a4fe7e5094ab32e" type="org.openqa.selenium.TimeoutException"><![CDATA[org.openqa.selenium.TimeoutException: 
Expected condition failed: waiting for element to be clickable: By.id: tquest-1 (tried for 30 second(s) with 500 milliseconds interval)
Build info: version: '4.29.0', revision: '5fc1ec94cb'
System info: os.name: 'Windows 11', os.arch: 'amd64', os.version: '10.0', java.version: '21.0.2'
Driver info: org.openqa.selenium.chrome.ChromeDriver
Capabilities {acceptInsecureCerts: false, browserName: chrome, browserVersion: 133.0.6943.127, chrome: {chromedriverVersion: 133.0.6943.126 (cffa127ce7b..., userDataDir: C:\WINDOWS\SystemTemp\scope...}, fedcm:accounts: true, goog:chromeOptions: {debuggerAddress: localhost:52839}, networkConnectionEnabled: false, pageLoadStrategy: normal, platformName: windows, proxy: Proxy(), se:cdp: ws://localhost:52839/devtoo..., se:cdpVersion: 133.0.6943.127, setWindowRect: true, strictFileInteractability: false, timeouts: {implicit: 0, pageLoad: 300000, script: 30000}, unhandledPromptBehavior: dismiss and notify, webauthn:extension:credBlob: true, webauthn:extension:largeBlob: true, webauthn:extension:minPinLength: true, webauthn:extension:prf: true, webauthn:virtualAuthenticators: true}
Session ID: 85b063c7a5f2bfd20a4fe7e5094ab32e
	at org.openqa.selenium.support.ui.WebDriverWait.timeoutException(WebDriverWait.java:84)
	at org.openqa.selenium.support.ui.FluentWait.until(FluentWait.java:228)
	at stepDefinition.OEP_1_TestSetup.enter_valid_value_in_questions_tab_in_question_Manager(OEP_1_TestSetup.java:1182)
	at .Enter valid value in questions tab in Question Manager(file:///C:/Users/thirumaran/eclipse-workspace/NexTestify_Cucumber/src/test/resources/FeatureFiles/1_OEP_TestSetup.feature:204)
]]></error>
    <system-out><![CDATA[
@TC_17a
Scenario: Question Manager:Delete YES Check                                                                      # src/test/resources/FeatureFiles/1_OEP_TestSetup.feature:196
  Given To Check Test Setup is navigating to OEP URL is "http://192.168.1.30/OEPADMIN/"                          # stepDefinition.OEP_1_TestSetup.to_check_test_setup_is_navigating_to_oep_url_is(java.lang.String)
  When To Check Test Setup Enter username and password are "thirumaran@sankarasoftware.com" and "Thirumaran@001" # stepDefinition.OEP_1_TestSetup.to_check_test_setup_enter_username_and_password_are_and(java.lang.String,java.lang.String)
  And click the Signin button To Check Test Setup                                                                # stepDefinition.OEP_1_TestSetup.click_the_signin_button_to_check_test_setup()
  Then Click take picture button in test setup                                                                   # stepDefinition.OEP_1_TestSetup.click_take_picture_button_in_test_setup()
  Then Click Test Setup button                                                                                   # stepDefinition.OEP_1_TestSetup.click_test_setup_button()
  Given Search any valid main test name                                                                          # stepDefinition.OEP_1_TestSetup.search_any_valid_main_test_name()
  Then Click the test name                                                                                       # stepDefinition.OEP_1_TestSetup.click_the_test_name()
  And Click question manager tab                                                                                 # stepDefinition.OEP_1_TestSetup.click_question_manager_tab()
  Then Enter valid overall question                                                                              # stepDefinition.OEP_1_TestSetup.enter_valid_overall_question()
  And Enter valid overall points                                                                                 # stepDefinition.OEP_1_TestSetup.enter_valid_overall_points()
  Then Select valid topic                                                                                        # stepDefinition.OEP_1_TestSetup.select_valid_topic()
  And Click add button                                                                                           # stepDefinition.OEP_1_TestSetup.click_add_button()
  And Enter valid value in questions tab in Question Manager                                                     # stepDefinition.OEP_1_TestSetup.enter_valid_value_in_questions_tab_in_question_Manager()
      org.openqa.selenium.TimeoutException: Expected condition failed: waiting for element to be clickable: By.id: tquest-1 (tried for 30 second(s) with 500 milliseconds interval)
Build info: version: '4.29.0', revision: '5fc1ec94cb'
System info: os.name: 'Windows 11', os.arch: 'amd64', os.version: '10.0', java.version: '21.0.2'
Driver info: org.openqa.selenium.chrome.ChromeDriver
Capabilities {acceptInsecureCerts: false, browserName: chrome, browserVersion: 133.0.6943.127, chrome: {chromedriverVersion: 133.0.6943.126 (cffa127ce7b..., userDataDir: C:\WINDOWS\SystemTemp\scope...}, fedcm:accounts: true, goog:chromeOptions: {debuggerAddress: localhost:52839}, networkConnectionEnabled: false, pageLoadStrategy: normal, platformName: windows, proxy: Proxy(), se:cdp: ws://localhost:52839/devtoo..., se:cdpVersion: 133.0.6943.127, setWindowRect: true, strictFileInteractability: false, timeouts: {implicit: 0, pageLoad: 300000, script: 30000}, unhandledPromptBehavior: dismiss and notify, webauthn:extension:credBlob: true, webauthn:extension:largeBlob: true, webauthn:extension:minPinLength: true, webauthn:extension:prf: true, webauthn:virtualAuthenticators: true}
Session ID: 85b063c7a5f2bfd20a4fe7e5094ab32e
	at org.openqa.selenium.support.ui.WebDriverWait.timeoutException(WebDriverWait.java:84)
	at org.openqa.selenium.support.ui.FluentWait.until(FluentWait.java:228)
	at stepDefinition.OEP_1_TestSetup.enter_valid_value_in_questions_tab_in_question_Manager(OEP_1_TestSetup.java:1182)
	at .Enter valid value in questions tab in Question Manager(file:///C:/Users/thirumaran/eclipse-workspace/NexTestify_Cucumber/src/test/resources/FeatureFiles/1_OEP_TestSetup.feature:204)

  Then Enter valid value in points tab in Question Manager                                                       # stepDefinition.OEP_1_TestSetup.enter_valid_value_in_points_tab_in_question_Manager()
  And Enter valid in Time tab based on proper format in Question Manager                                         # stepDefinition.OEP_1_TestSetup.enter_valid_in_time_tab_based_on_proper_format_in_question_manager()
  Then Click update button                                                                                       # stepDefinition.OEP_1_TestSetup.click_update_button()
  Then Check success message is displayed or not in Question Manager tab                                         # stepDefinition.OEP_1_TestSetup.check_success_message_is_displayed_or_not_in_question_manager_tab()
  Then Close Test Setup button                                                                                   # stepDefinition.OEP_1_TestSetup.close_test_setup_button()
]]></system-out>
  </testcase>
  <testcase name="Question Manager:Topic Invalid Check #1" classname="TEST SETUP" time="74.148">
    <error message="Expected condition failed: waiting for element to be clickable: By.id: tquest-2 (tried for 30 second(s) with 500 milliseconds interval)&#10;Build info: version: &apos;4.29.0&apos;, revision: &apos;5fc1ec94cb&apos;&#10;System info: os.name: &apos;Windows 11&apos;, os.arch: &apos;amd64&apos;, os.version: &apos;10.0&apos;, java.version: &apos;21.0.2&apos;&#10;Driver info: org.openqa.selenium.chrome.ChromeDriver&#10;Capabilities {acceptInsecureCerts: false, browserName: chrome, browserVersion: 133.0.6943.127, chrome: {chromedriverVersion: 133.0.6943.126 (cffa127ce7b..., userDataDir: C:\WINDOWS\SystemTemp\scope...}, fedcm:accounts: true, goog:chromeOptions: {debuggerAddress: localhost:52931}, networkConnectionEnabled: false, pageLoadStrategy: normal, platformName: windows, proxy: Proxy(), se:cdp: ws://localhost:52931/devtoo..., se:cdpVersion: 133.0.6943.127, setWindowRect: true, strictFileInteractability: false, timeouts: {implicit: 0, pageLoad: 300000, script: 30000}, unhandledPromptBehavior: dismiss and notify, webauthn:extension:credBlob: true, webauthn:extension:largeBlob: true, webauthn:extension:minPinLength: true, webauthn:extension:prf: true, webauthn:virtualAuthenticators: true}&#10;Session ID: 8662956980a5940b6ab0f4259bf0d690" type="org.openqa.selenium.TimeoutException"><![CDATA[org.openqa.selenium.TimeoutException: 
Expected condition failed: waiting for element to be clickable: By.id: tquest-2 (tried for 30 second(s) with 500 milliseconds interval)
Build info: version: '4.29.0', revision: '5fc1ec94cb'
System info: os.name: 'Windows 11', os.arch: 'amd64', os.version: '10.0', java.version: '21.0.2'
Driver info: org.openqa.selenium.chrome.ChromeDriver
Capabilities {acceptInsecureCerts: false, browserName: chrome, browserVersion: 133.0.6943.127, chrome: {chromedriverVersion: 133.0.6943.126 (cffa127ce7b..., userDataDir: C:\WINDOWS\SystemTemp\scope...}, fedcm:accounts: true, goog:chromeOptions: {debuggerAddress: localhost:52931}, networkConnectionEnabled: false, pageLoadStrategy: normal, platformName: windows, proxy: Proxy(), se:cdp: ws://localhost:52931/devtoo..., se:cdpVersion: 133.0.6943.127, setWindowRect: true, strictFileInteractability: false, timeouts: {implicit: 0, pageLoad: 300000, script: 30000}, unhandledPromptBehavior: dismiss and notify, webauthn:extension:credBlob: true, webauthn:extension:largeBlob: true, webauthn:extension:minPinLength: true, webauthn:extension:prf: true, webauthn:virtualAuthenticators: true}
Session ID: 8662956980a5940b6ab0f4259bf0d690
	at org.openqa.selenium.support.ui.WebDriverWait.timeoutException(WebDriverWait.java:84)
	at org.openqa.selenium.support.ui.FluentWait.until(FluentWait.java:228)
	at stepDefinition.OEP_1_TestSetup.enter_alpha_characters_in_questions_tab(OEP_1_TestSetup.java:961)
	at .Enter alpha characters in Questions tab(file:///C:/Users/thirumaran/eclipse-workspace/NexTestify_Cucumber/src/test/resources/FeatureFiles/1_OEP_TestSetup.feature:216)
]]></error>
    <system-out><![CDATA[
@TC_18
Scenario: Question Manager:Topic Invalid Check                                                                   # src/test/resources/FeatureFiles/1_OEP_TestSetup.feature:212
  Given To Check Test Setup is navigating to OEP URL is "http://192.168.1.30/OEPADMIN/"                          # stepDefinition.OEP_1_TestSetup.to_check_test_setup_is_navigating_to_oep_url_is(java.lang.String)
  When To Check Test Setup Enter username and password are "thirumaran@sankarasoftware.com" and "Thirumaran@001" # stepDefinition.OEP_1_TestSetup.to_check_test_setup_enter_username_and_password_are_and(java.lang.String,java.lang.String)
  And click the Signin button To Check Test Setup                                                                # stepDefinition.OEP_1_TestSetup.click_the_signin_button_to_check_test_setup()
  Then Click take picture button in test setup                                                                   # stepDefinition.OEP_1_TestSetup.click_take_picture_button_in_test_setup()
  Then Click Test Setup button                                                                                   # stepDefinition.OEP_1_TestSetup.click_test_setup_button()
  Given Search any valid main test name                                                                          # stepDefinition.OEP_1_TestSetup.search_any_valid_main_test_name()
  Then Click the test name                                                                                       # stepDefinition.OEP_1_TestSetup.click_the_test_name()
  And Click question manager tab                                                                                 # stepDefinition.OEP_1_TestSetup.click_question_manager_tab()
  And Enter alpha characters in Questions tab                                                                    # stepDefinition.OEP_1_TestSetup.enter_alpha_characters_in_questions_tab()
      org.openqa.selenium.TimeoutException: Expected condition failed: waiting for element to be clickable: By.id: tquest-2 (tried for 30 second(s) with 500 milliseconds interval)
Build info: version: '4.29.0', revision: '5fc1ec94cb'
System info: os.name: 'Windows 11', os.arch: 'amd64', os.version: '10.0', java.version: '21.0.2'
Driver info: org.openqa.selenium.chrome.ChromeDriver
Capabilities {acceptInsecureCerts: false, browserName: chrome, browserVersion: 133.0.6943.127, chrome: {chromedriverVersion: 133.0.6943.126 (cffa127ce7b..., userDataDir: C:\WINDOWS\SystemTemp\scope...}, fedcm:accounts: true, goog:chromeOptions: {debuggerAddress: localhost:52931}, networkConnectionEnabled: false, pageLoadStrategy: normal, platformName: windows, proxy: Proxy(), se:cdp: ws://localhost:52931/devtoo..., se:cdpVersion: 133.0.6943.127, setWindowRect: true, strictFileInteractability: false, timeouts: {implicit: 0, pageLoad: 300000, script: 30000}, unhandledPromptBehavior: dismiss and notify, webauthn:extension:credBlob: true, webauthn:extension:largeBlob: true, webauthn:extension:minPinLength: true, webauthn:extension:prf: true, webauthn:virtualAuthenticators: true}
Session ID: 8662956980a5940b6ab0f4259bf0d690
	at org.openqa.selenium.support.ui.WebDriverWait.timeoutException(WebDriverWait.java:84)
	at org.openqa.selenium.support.ui.FluentWait.until(FluentWait.java:228)
	at stepDefinition.OEP_1_TestSetup.enter_alpha_characters_in_questions_tab(OEP_1_TestSetup.java:961)
	at .Enter alpha characters in Questions tab(file:///C:/Users/thirumaran/eclipse-workspace/NexTestify_Cucumber/src/test/resources/FeatureFiles/1_OEP_TestSetup.feature:216)

  Then Check tab is empty or not in Questions tab                                                                # stepDefinition.OEP_1_TestSetup.check_tab_is_empty_or_not_in_questions_tab()
  And Enter special characters in Questions tab                                                                  # stepDefinition.OEP_1_TestSetup.enter_special_characters_in_questions_tab()
  Then Check tab is empty or not in Questions tab                                                                # stepDefinition.OEP_1_TestSetup.check_tab_is_empty_or_not_in_questions_tab()
  Then Close Test Setup button                                                                                   # stepDefinition.OEP_1_TestSetup.close_test_setup_button()
]]></system-out>
  </testcase>
  <testcase name="Question Manager:Topic Invalid Check #2" classname="TEST SETUP" time="73.127">
    <error message="Expected condition failed: waiting for element to be clickable: By.id: tscore-2 (tried for 30 second(s) with 500 milliseconds interval)&#10;Build info: version: &apos;4.29.0&apos;, revision: &apos;5fc1ec94cb&apos;&#10;System info: os.name: &apos;Windows 11&apos;, os.arch: &apos;amd64&apos;, os.version: &apos;10.0&apos;, java.version: &apos;21.0.2&apos;&#10;Driver info: org.openqa.selenium.chrome.ChromeDriver&#10;Capabilities {acceptInsecureCerts: false, browserName: chrome, browserVersion: 133.0.6943.127, chrome: {chromedriverVersion: 133.0.6943.126 (cffa127ce7b..., userDataDir: C:\WINDOWS\SystemTemp\scope...}, fedcm:accounts: true, goog:chromeOptions: {debuggerAddress: localhost:53000}, networkConnectionEnabled: false, pageLoadStrategy: normal, platformName: windows, proxy: Proxy(), se:cdp: ws://localhost:53000/devtoo..., se:cdpVersion: 133.0.6943.127, setWindowRect: true, strictFileInteractability: false, timeouts: {implicit: 0, pageLoad: 300000, script: 30000}, unhandledPromptBehavior: dismiss and notify, webauthn:extension:credBlob: true, webauthn:extension:largeBlob: true, webauthn:extension:minPinLength: true, webauthn:extension:prf: true, webauthn:virtualAuthenticators: true}&#10;Session ID: 15e9bfea5eee13d4aff8c4d534c847c8" type="org.openqa.selenium.TimeoutException"><![CDATA[org.openqa.selenium.TimeoutException: 
Expected condition failed: waiting for element to be clickable: By.id: tscore-2 (tried for 30 second(s) with 500 milliseconds interval)
Build info: version: '4.29.0', revision: '5fc1ec94cb'
System info: os.name: 'Windows 11', os.arch: 'amd64', os.version: '10.0', java.version: '21.0.2'
Driver info: org.openqa.selenium.chrome.ChromeDriver
Capabilities {acceptInsecureCerts: false, browserName: chrome, browserVersion: 133.0.6943.127, chrome: {chromedriverVersion: 133.0.6943.126 (cffa127ce7b..., userDataDir: C:\WINDOWS\SystemTemp\scope...}, fedcm:accounts: true, goog:chromeOptions: {debuggerAddress: localhost:53000}, networkConnectionEnabled: false, pageLoadStrategy: normal, platformName: windows, proxy: Proxy(), se:cdp: ws://localhost:53000/devtoo..., se:cdpVersion: 133.0.6943.127, setWindowRect: true, strictFileInteractability: false, timeouts: {implicit: 0, pageLoad: 300000, script: 30000}, unhandledPromptBehavior: dismiss and notify, webauthn:extension:credBlob: true, webauthn:extension:largeBlob: true, webauthn:extension:minPinLength: true, webauthn:extension:prf: true, webauthn:virtualAuthenticators: true}
Session ID: 15e9bfea5eee13d4aff8c4d534c847c8
	at org.openqa.selenium.support.ui.WebDriverWait.timeoutException(WebDriverWait.java:84)
	at org.openqa.selenium.support.ui.FluentWait.until(FluentWait.java:228)
	at stepDefinition.OEP_1_TestSetup.enter_alpha_characters_in_points_tab(OEP_1_TestSetup.java:1004)
	at .Enter alpha characters in points tab(file:///C:/Users/thirumaran/eclipse-workspace/NexTestify_Cucumber/src/test/resources/FeatureFiles/1_OEP_TestSetup.feature:227)
]]></error>
    <system-out><![CDATA[
@TC_19
Scenario: Question Manager:Topic Invalid Check                                                                   # src/test/resources/FeatureFiles/1_OEP_TestSetup.feature:223
  Given To Check Test Setup is navigating to OEP URL is "http://192.168.1.30/OEPADMIN/"                          # stepDefinition.OEP_1_TestSetup.to_check_test_setup_is_navigating_to_oep_url_is(java.lang.String)
  When To Check Test Setup Enter username and password are "thirumaran@sankarasoftware.com" and "Thirumaran@001" # stepDefinition.OEP_1_TestSetup.to_check_test_setup_enter_username_and_password_are_and(java.lang.String,java.lang.String)
  And click the Signin button To Check Test Setup                                                                # stepDefinition.OEP_1_TestSetup.click_the_signin_button_to_check_test_setup()
  Then Click take picture button in test setup                                                                   # stepDefinition.OEP_1_TestSetup.click_take_picture_button_in_test_setup()
  Then Click Test Setup button                                                                                   # stepDefinition.OEP_1_TestSetup.click_test_setup_button()
  Given Search any valid main test name                                                                          # stepDefinition.OEP_1_TestSetup.search_any_valid_main_test_name()
  Then Click the test name                                                                                       # stepDefinition.OEP_1_TestSetup.click_the_test_name()
  And Click question manager tab                                                                                 # stepDefinition.OEP_1_TestSetup.click_question_manager_tab()
  And Enter alpha characters in points tab                                                                       # stepDefinition.OEP_1_TestSetup.enter_alpha_characters_in_points_tab()
      org.openqa.selenium.TimeoutException: Expected condition failed: waiting for element to be clickable: By.id: tscore-2 (tried for 30 second(s) with 500 milliseconds interval)
Build info: version: '4.29.0', revision: '5fc1ec94cb'
System info: os.name: 'Windows 11', os.arch: 'amd64', os.version: '10.0', java.version: '21.0.2'
Driver info: org.openqa.selenium.chrome.ChromeDriver
Capabilities {acceptInsecureCerts: false, browserName: chrome, browserVersion: 133.0.6943.127, chrome: {chromedriverVersion: 133.0.6943.126 (cffa127ce7b..., userDataDir: C:\WINDOWS\SystemTemp\scope...}, fedcm:accounts: true, goog:chromeOptions: {debuggerAddress: localhost:53000}, networkConnectionEnabled: false, pageLoadStrategy: normal, platformName: windows, proxy: Proxy(), se:cdp: ws://localhost:53000/devtoo..., se:cdpVersion: 133.0.6943.127, setWindowRect: true, strictFileInteractability: false, timeouts: {implicit: 0, pageLoad: 300000, script: 30000}, unhandledPromptBehavior: dismiss and notify, webauthn:extension:credBlob: true, webauthn:extension:largeBlob: true, webauthn:extension:minPinLength: true, webauthn:extension:prf: true, webauthn:virtualAuthenticators: true}
Session ID: 15e9bfea5eee13d4aff8c4d534c847c8
	at org.openqa.selenium.support.ui.WebDriverWait.timeoutException(WebDriverWait.java:84)
	at org.openqa.selenium.support.ui.FluentWait.until(FluentWait.java:228)
	at stepDefinition.OEP_1_TestSetup.enter_alpha_characters_in_points_tab(OEP_1_TestSetup.java:1004)
	at .Enter alpha characters in points tab(file:///C:/Users/thirumaran/eclipse-workspace/NexTestify_Cucumber/src/test/resources/FeatureFiles/1_OEP_TestSetup.feature:227)

  Then Check tab is empty or not in points tab                                                                   # stepDefinition.OEP_1_TestSetup.check_tab_is_empty_or_not_in_points_tab()
  And Enter special characters in points tab                                                                     # stepDefinition.OEP_1_TestSetup.enter_special_characters_in_points_tab()
  Then Check tab is empty or not in points tab                                                                   # stepDefinition.OEP_1_TestSetup.check_tab_is_empty_or_not_in_points_tab()
  Then Close Test Setup button                                                                                   # stepDefinition.OEP_1_TestSetup.close_test_setup_button()
]]></system-out>
  </testcase>
  <testcase name="Question Manager:Topic Invalid Check #3" classname="TEST SETUP" time="73.313">
    <error message="Expected condition failed: waiting for element to be clickable: By.id: ttime-2 (tried for 30 second(s) with 500 milliseconds interval)&#10;Build info: version: &apos;4.29.0&apos;, revision: &apos;5fc1ec94cb&apos;&#10;System info: os.name: &apos;Windows 11&apos;, os.arch: &apos;amd64&apos;, os.version: &apos;10.0&apos;, java.version: &apos;21.0.2&apos;&#10;Driver info: org.openqa.selenium.chrome.ChromeDriver&#10;Capabilities {acceptInsecureCerts: false, browserName: chrome, browserVersion: 133.0.6943.127, chrome: {chromedriverVersion: 133.0.6943.126 (cffa127ce7b..., userDataDir: C:\WINDOWS\SystemTemp\scope...}, fedcm:accounts: true, goog:chromeOptions: {debuggerAddress: localhost:53062}, networkConnectionEnabled: false, pageLoadStrategy: normal, platformName: windows, proxy: Proxy(), se:cdp: ws://localhost:53062/devtoo..., se:cdpVersion: 133.0.6943.127, setWindowRect: true, strictFileInteractability: false, timeouts: {implicit: 0, pageLoad: 300000, script: 30000}, unhandledPromptBehavior: dismiss and notify, webauthn:extension:credBlob: true, webauthn:extension:largeBlob: true, webauthn:extension:minPinLength: true, webauthn:extension:prf: true, webauthn:virtualAuthenticators: true}&#10;Session ID: 5907f2d134bcfd0d59ad227f6e40e993" type="org.openqa.selenium.TimeoutException"><![CDATA[org.openqa.selenium.TimeoutException: 
Expected condition failed: waiting for element to be clickable: By.id: ttime-2 (tried for 30 second(s) with 500 milliseconds interval)
Build info: version: '4.29.0', revision: '5fc1ec94cb'
System info: os.name: 'Windows 11', os.arch: 'amd64', os.version: '10.0', java.version: '21.0.2'
Driver info: org.openqa.selenium.chrome.ChromeDriver
Capabilities {acceptInsecureCerts: false, browserName: chrome, browserVersion: 133.0.6943.127, chrome: {chromedriverVersion: 133.0.6943.126 (cffa127ce7b..., userDataDir: C:\WINDOWS\SystemTemp\scope...}, fedcm:accounts: true, goog:chromeOptions: {debuggerAddress: localhost:53062}, networkConnectionEnabled: false, pageLoadStrategy: normal, platformName: windows, proxy: Proxy(), se:cdp: ws://localhost:53062/devtoo..., se:cdpVersion: 133.0.6943.127, setWindowRect: true, strictFileInteractability: false, timeouts: {implicit: 0, pageLoad: 300000, script: 30000}, unhandledPromptBehavior: dismiss and notify, webauthn:extension:credBlob: true, webauthn:extension:largeBlob: true, webauthn:extension:minPinLength: true, webauthn:extension:prf: true, webauthn:virtualAuthenticators: true}
Session ID: 5907f2d134bcfd0d59ad227f6e40e993
	at org.openqa.selenium.support.ui.WebDriverWait.timeoutException(WebDriverWait.java:84)
	at org.openqa.selenium.support.ui.FluentWait.until(FluentWait.java:228)
	at stepDefinition.OEP_1_TestSetup.enter_alpha_characters_in_time_tab(OEP_1_TestSetup.java:1043)
	at .Enter alpha characters in Time tab(file:///C:/Users/thirumaran/eclipse-workspace/NexTestify_Cucumber/src/test/resources/FeatureFiles/1_OEP_TestSetup.feature:238)
]]></error>
    <system-out><![CDATA[
@TC_20
Scenario: Question Manager:Topic Invalid Check                                                                   # src/test/resources/FeatureFiles/1_OEP_TestSetup.feature:234
  Given To Check Test Setup is navigating to OEP URL is "http://192.168.1.30/OEPADMIN/"                          # stepDefinition.OEP_1_TestSetup.to_check_test_setup_is_navigating_to_oep_url_is(java.lang.String)
  When To Check Test Setup Enter username and password are "thirumaran@sankarasoftware.com" and "Thirumaran@001" # stepDefinition.OEP_1_TestSetup.to_check_test_setup_enter_username_and_password_are_and(java.lang.String,java.lang.String)
  And click the Signin button To Check Test Setup                                                                # stepDefinition.OEP_1_TestSetup.click_the_signin_button_to_check_test_setup()
  Then Click take picture button in test setup                                                                   # stepDefinition.OEP_1_TestSetup.click_take_picture_button_in_test_setup()
  Then Click Test Setup button                                                                                   # stepDefinition.OEP_1_TestSetup.click_test_setup_button()
  Given Search any valid main test name                                                                          # stepDefinition.OEP_1_TestSetup.search_any_valid_main_test_name()
  Then Click the test name                                                                                       # stepDefinition.OEP_1_TestSetup.click_the_test_name()
  And Click question manager tab                                                                                 # stepDefinition.OEP_1_TestSetup.click_question_manager_tab()
  And Enter alpha characters in Time tab                                                                         # stepDefinition.OEP_1_TestSetup.enter_alpha_characters_in_time_tab()
      org.openqa.selenium.TimeoutException: Expected condition failed: waiting for element to be clickable: By.id: ttime-2 (tried for 30 second(s) with 500 milliseconds interval)
Build info: version: '4.29.0', revision: '5fc1ec94cb'
System info: os.name: 'Windows 11', os.arch: 'amd64', os.version: '10.0', java.version: '21.0.2'
Driver info: org.openqa.selenium.chrome.ChromeDriver
Capabilities {acceptInsecureCerts: false, browserName: chrome, browserVersion: 133.0.6943.127, chrome: {chromedriverVersion: 133.0.6943.126 (cffa127ce7b..., userDataDir: C:\WINDOWS\SystemTemp\scope...}, fedcm:accounts: true, goog:chromeOptions: {debuggerAddress: localhost:53062}, networkConnectionEnabled: false, pageLoadStrategy: normal, platformName: windows, proxy: Proxy(), se:cdp: ws://localhost:53062/devtoo..., se:cdpVersion: 133.0.6943.127, setWindowRect: true, strictFileInteractability: false, timeouts: {implicit: 0, pageLoad: 300000, script: 30000}, unhandledPromptBehavior: dismiss and notify, webauthn:extension:credBlob: true, webauthn:extension:largeBlob: true, webauthn:extension:minPinLength: true, webauthn:extension:prf: true, webauthn:virtualAuthenticators: true}
Session ID: 5907f2d134bcfd0d59ad227f6e40e993
	at org.openqa.selenium.support.ui.WebDriverWait.timeoutException(WebDriverWait.java:84)
	at org.openqa.selenium.support.ui.FluentWait.until(FluentWait.java:228)
	at stepDefinition.OEP_1_TestSetup.enter_alpha_characters_in_time_tab(OEP_1_TestSetup.java:1043)
	at .Enter alpha characters in Time tab(file:///C:/Users/thirumaran/eclipse-workspace/NexTestify_Cucumber/src/test/resources/FeatureFiles/1_OEP_TestSetup.feature:238)

  Then Check tab is empty or not in Time tab                                                                     # stepDefinition.OEP_1_TestSetup.check_tab_is_empty_or_not_in_time_tab()
  And Enter special characters in Time tab                                                                       # stepDefinition.OEP_1_TestSetup.enter_special_characters_in_time_tab()
  Then Check tab is empty or not in Time tab                                                                     # stepDefinition.OEP_1_TestSetup.check_tab_is_empty_or_not_in_time_tab()
  Then Close Test Setup button                                                                                   # stepDefinition.OEP_1_TestSetup.close_test_setup_button()
]]></system-out>
  </testcase>
  <testcase name="Question Manager:Topic Invalid Check #4" classname="TEST SETUP" time="73.84">
    <error message="Expected condition failed: waiting for element to be clickable: By.id: tquest-2 (tried for 30 second(s) with 500 milliseconds interval)&#10;Build info: version: &apos;4.29.0&apos;, revision: &apos;5fc1ec94cb&apos;&#10;System info: os.name: &apos;Windows 11&apos;, os.arch: &apos;amd64&apos;, os.version: &apos;10.0&apos;, java.version: &apos;21.0.2&apos;&#10;Driver info: org.openqa.selenium.chrome.ChromeDriver&#10;Capabilities {acceptInsecureCerts: false, browserName: chrome, browserVersion: 133.0.6943.127, chrome: {chromedriverVersion: 133.0.6943.126 (cffa127ce7b..., userDataDir: C:\WINDOWS\SystemTemp\scope...}, fedcm:accounts: true, goog:chromeOptions: {debuggerAddress: localhost:53130}, networkConnectionEnabled: false, pageLoadStrategy: normal, platformName: windows, proxy: Proxy(), se:cdp: ws://localhost:53130/devtoo..., se:cdpVersion: 133.0.6943.127, setWindowRect: true, strictFileInteractability: false, timeouts: {implicit: 0, pageLoad: 300000, script: 30000}, unhandledPromptBehavior: dismiss and notify, webauthn:extension:credBlob: true, webauthn:extension:largeBlob: true, webauthn:extension:minPinLength: true, webauthn:extension:prf: true, webauthn:virtualAuthenticators: true}&#10;Session ID: 15c13a9b4a3f739208cc9b734d694b58" type="org.openqa.selenium.TimeoutException"><![CDATA[org.openqa.selenium.TimeoutException: 
Expected condition failed: waiting for element to be clickable: By.id: tquest-2 (tried for 30 second(s) with 500 milliseconds interval)
Build info: version: '4.29.0', revision: '5fc1ec94cb'
System info: os.name: 'Windows 11', os.arch: 'amd64', os.version: '10.0', java.version: '21.0.2'
Driver info: org.openqa.selenium.chrome.ChromeDriver
Capabilities {acceptInsecureCerts: false, browserName: chrome, browserVersion: 133.0.6943.127, chrome: {chromedriverVersion: 133.0.6943.126 (cffa127ce7b..., userDataDir: C:\WINDOWS\SystemTemp\scope...}, fedcm:accounts: true, goog:chromeOptions: {debuggerAddress: localhost:53130}, networkConnectionEnabled: false, pageLoadStrategy: normal, platformName: windows, proxy: Proxy(), se:cdp: ws://localhost:53130/devtoo..., se:cdpVersion: 133.0.6943.127, setWindowRect: true, strictFileInteractability: false, timeouts: {implicit: 0, pageLoad: 300000, script: 30000}, unhandledPromptBehavior: dismiss and notify, webauthn:extension:credBlob: true, webauthn:extension:largeBlob: true, webauthn:extension:minPinLength: true, webauthn:extension:prf: true, webauthn:virtualAuthenticators: true}
Session ID: 15c13a9b4a3f739208cc9b734d694b58
	at org.openqa.selenium.support.ui.WebDriverWait.timeoutException(WebDriverWait.java:84)
	at org.openqa.selenium.support.ui.FluentWait.until(FluentWait.java:228)
	at stepDefinition.OEP_1_TestSetup.enter_the_value_in_questions_tab_more_than_overall_questions_tab(OEP_1_TestSetup.java:1076)
	at .Enter the value in questions tab more than overall questions tab(file:///C:/Users/thirumaran/eclipse-workspace/NexTestify_Cucumber/src/test/resources/FeatureFiles/1_OEP_TestSetup.feature:249)
]]></error>
    <system-out><![CDATA[
@TC_21
Scenario: Question Manager:Topic Invalid Check                                                                   # src/test/resources/FeatureFiles/1_OEP_TestSetup.feature:245
  Given To Check Test Setup is navigating to OEP URL is "http://192.168.1.30/OEPADMIN/"                          # stepDefinition.OEP_1_TestSetup.to_check_test_setup_is_navigating_to_oep_url_is(java.lang.String)
  When To Check Test Setup Enter username and password are "thirumaran@sankarasoftware.com" and "Thirumaran@001" # stepDefinition.OEP_1_TestSetup.to_check_test_setup_enter_username_and_password_are_and(java.lang.String,java.lang.String)
  And click the Signin button To Check Test Setup                                                                # stepDefinition.OEP_1_TestSetup.click_the_signin_button_to_check_test_setup()
  Then Click take picture button in test setup                                                                   # stepDefinition.OEP_1_TestSetup.click_take_picture_button_in_test_setup()
  Then Click Test Setup button                                                                                   # stepDefinition.OEP_1_TestSetup.click_test_setup_button()
  Given Search any valid main test name                                                                          # stepDefinition.OEP_1_TestSetup.search_any_valid_main_test_name()
  Then Click the test name                                                                                       # stepDefinition.OEP_1_TestSetup.click_the_test_name()
  And Click question manager tab                                                                                 # stepDefinition.OEP_1_TestSetup.click_question_manager_tab()
  Then Enter the value in questions tab more than overall questions tab                                          # stepDefinition.OEP_1_TestSetup.enter_the_value_in_questions_tab_more_than_overall_questions_tab()
      org.openqa.selenium.TimeoutException: Expected condition failed: waiting for element to be clickable: By.id: tquest-2 (tried for 30 second(s) with 500 milliseconds interval)
Build info: version: '4.29.0', revision: '5fc1ec94cb'
System info: os.name: 'Windows 11', os.arch: 'amd64', os.version: '10.0', java.version: '21.0.2'
Driver info: org.openqa.selenium.chrome.ChromeDriver
Capabilities {acceptInsecureCerts: false, browserName: chrome, browserVersion: 133.0.6943.127, chrome: {chromedriverVersion: 133.0.6943.126 (cffa127ce7b..., userDataDir: C:\WINDOWS\SystemTemp\scope...}, fedcm:accounts: true, goog:chromeOptions: {debuggerAddress: localhost:53130}, networkConnectionEnabled: false, pageLoadStrategy: normal, platformName: windows, proxy: Proxy(), se:cdp: ws://localhost:53130/devtoo..., se:cdpVersion: 133.0.6943.127, setWindowRect: true, strictFileInteractability: false, timeouts: {implicit: 0, pageLoad: 300000, script: 30000}, unhandledPromptBehavior: dismiss and notify, webauthn:extension:credBlob: true, webauthn:extension:largeBlob: true, webauthn:extension:minPinLength: true, webauthn:extension:prf: true, webauthn:virtualAuthenticators: true}
Session ID: 15c13a9b4a3f739208cc9b734d694b58
	at org.openqa.selenium.support.ui.WebDriverWait.timeoutException(WebDriverWait.java:84)
	at org.openqa.selenium.support.ui.FluentWait.until(FluentWait.java:228)
	at stepDefinition.OEP_1_TestSetup.enter_the_value_in_questions_tab_more_than_overall_questions_tab(OEP_1_TestSetup.java:1076)
	at .Enter the value in questions tab more than overall questions tab(file:///C:/Users/thirumaran/eclipse-workspace/NexTestify_Cucumber/src/test/resources/FeatureFiles/1_OEP_TestSetup.feature:249)

  And Enter the value in questions tab more than overall points tab                                              # stepDefinition.OEP_1_TestSetup.enter_the_value_in_questions_tab_more_than_overall_points_tab()
  Then Enter  valid in Time tab                                                                                  # stepDefinition.OEP_1_TestSetup.enter_valid_in_time_tab()
  And Click save button in question manager                                                                      # stepDefinition.OEP_1_TestSetup.click_save_button_in_question_manager()
  Then check error message is displayed or not in question manager tab                                           # stepDefinition.OEP_1_TestSetup.check_error_message_is_displayed_or_not()
  Then Close Test Setup button                                                                                   # stepDefinition.OEP_1_TestSetup.close_test_setup_button()
]]></system-out>
  </testcase>
  <testcase name="Question Manager:Clear Check" classname="TEST SETUP" time="73.16">
    <error message="Expected condition failed: waiting for element to be clickable: By.xpath: //button[@title=&apos;click here to clear&apos;] (tried for 30 second(s) with 500 milliseconds interval)&#10;Build info: version: &apos;4.29.0&apos;, revision: &apos;5fc1ec94cb&apos;&#10;System info: os.name: &apos;Windows 11&apos;, os.arch: &apos;amd64&apos;, os.version: &apos;10.0&apos;, java.version: &apos;21.0.2&apos;&#10;Driver info: org.openqa.selenium.chrome.ChromeDriver&#10;Capabilities {acceptInsecureCerts: false, browserName: chrome, browserVersion: 133.0.6943.127, chrome: {chromedriverVersion: 133.0.6943.126 (cffa127ce7b..., userDataDir: C:\WINDOWS\SystemTemp\scope...}, fedcm:accounts: true, goog:chromeOptions: {debuggerAddress: localhost:53196}, networkConnectionEnabled: false, pageLoadStrategy: normal, platformName: windows, proxy: Proxy(), se:cdp: ws://localhost:53196/devtoo..., se:cdpVersion: 133.0.6943.127, setWindowRect: true, strictFileInteractability: false, timeouts: {implicit: 0, pageLoad: 300000, script: 30000}, unhandledPromptBehavior: dismiss and notify, webauthn:extension:credBlob: true, webauthn:extension:largeBlob: true, webauthn:extension:minPinLength: true, webauthn:extension:prf: true, webauthn:virtualAuthenticators: true}&#10;Session ID: 54a3f56310779de936772c02680ad550" type="org.openqa.selenium.TimeoutException"><![CDATA[org.openqa.selenium.TimeoutException: 
Expected condition failed: waiting for element to be clickable: By.xpath: //button[@title='click here to clear'] (tried for 30 second(s) with 500 milliseconds interval)
Build info: version: '4.29.0', revision: '5fc1ec94cb'
System info: os.name: 'Windows 11', os.arch: 'amd64', os.version: '10.0', java.version: '21.0.2'
Driver info: org.openqa.selenium.chrome.ChromeDriver
Capabilities {acceptInsecureCerts: false, browserName: chrome, browserVersion: 133.0.6943.127, chrome: {chromedriverVersion: 133.0.6943.126 (cffa127ce7b..., userDataDir: C:\WINDOWS\SystemTemp\scope...}, fedcm:accounts: true, goog:chromeOptions: {debuggerAddress: localhost:53196}, networkConnectionEnabled: false, pageLoadStrategy: normal, platformName: windows, proxy: Proxy(), se:cdp: ws://localhost:53196/devtoo..., se:cdpVersion: 133.0.6943.127, setWindowRect: true, strictFileInteractability: false, timeouts: {implicit: 0, pageLoad: 300000, script: 30000}, unhandledPromptBehavior: dismiss and notify, webauthn:extension:credBlob: true, webauthn:extension:largeBlob: true, webauthn:extension:minPinLength: true, webauthn:extension:prf: true, webauthn:virtualAuthenticators: true}
Session ID: 54a3f56310779de936772c02680ad550
	at org.openqa.selenium.support.ui.WebDriverWait.timeoutException(WebDriverWait.java:84)
	at org.openqa.selenium.support.ui.FluentWait.until(FluentWait.java:228)
	at stepDefinition.OEP_1_TestSetup.click_clear_button_in_question_manager(OEP_1_TestSetup.java:879)
	at .Click clear button in question manager(file:///C:/Users/thirumaran/eclipse-workspace/NexTestify_Cucumber/src/test/resources/FeatureFiles/1_OEP_TestSetup.feature:261)
]]></error>
    <system-out><![CDATA[
@TC_22
Scenario: Question Manager:Clear Check                                                                           # src/test/resources/FeatureFiles/1_OEP_TestSetup.feature:257
  Given To Check Test Setup is navigating to OEP URL is "http://192.168.1.30/OEPADMIN/"                          # stepDefinition.OEP_1_TestSetup.to_check_test_setup_is_navigating_to_oep_url_is(java.lang.String)
  When To Check Test Setup Enter username and password are "thirumaran@sankarasoftware.com" and "Thirumaran@001" # stepDefinition.OEP_1_TestSetup.to_check_test_setup_enter_username_and_password_are_and(java.lang.String,java.lang.String)
  And click the Signin button To Check Test Setup                                                                # stepDefinition.OEP_1_TestSetup.click_the_signin_button_to_check_test_setup()
  Then Click take picture button in test setup                                                                   # stepDefinition.OEP_1_TestSetup.click_take_picture_button_in_test_setup()
  Then Click Test Setup button                                                                                   # stepDefinition.OEP_1_TestSetup.click_test_setup_button()
  Given Search any valid main test name                                                                          # stepDefinition.OEP_1_TestSetup.search_any_valid_main_test_name()
  Then Click the test name                                                                                       # stepDefinition.OEP_1_TestSetup.click_the_test_name()
  And Click question manager tab                                                                                 # stepDefinition.OEP_1_TestSetup.click_question_manager_tab()
  Then Click clear button in question manager                                                                    # stepDefinition.OEP_1_TestSetup.click_clear_button_in_question_manager()
      org.openqa.selenium.TimeoutException: Expected condition failed: waiting for element to be clickable: By.xpath: //button[@title='click here to clear'] (tried for 30 second(s) with 500 milliseconds interval)
Build info: version: '4.29.0', revision: '5fc1ec94cb'
System info: os.name: 'Windows 11', os.arch: 'amd64', os.version: '10.0', java.version: '21.0.2'
Driver info: org.openqa.selenium.chrome.ChromeDriver
Capabilities {acceptInsecureCerts: false, browserName: chrome, browserVersion: 133.0.6943.127, chrome: {chromedriverVersion: 133.0.6943.126 (cffa127ce7b..., userDataDir: C:\WINDOWS\SystemTemp\scope...}, fedcm:accounts: true, goog:chromeOptions: {debuggerAddress: localhost:53196}, networkConnectionEnabled: false, pageLoadStrategy: normal, platformName: windows, proxy: Proxy(), se:cdp: ws://localhost:53196/devtoo..., se:cdpVersion: 133.0.6943.127, setWindowRect: true, strictFileInteractability: false, timeouts: {implicit: 0, pageLoad: 300000, script: 30000}, unhandledPromptBehavior: dismiss and notify, webauthn:extension:credBlob: true, webauthn:extension:largeBlob: true, webauthn:extension:minPinLength: true, webauthn:extension:prf: true, webauthn:virtualAuthenticators: true}
Session ID: 54a3f56310779de936772c02680ad550
	at org.openqa.selenium.support.ui.WebDriverWait.timeoutException(WebDriverWait.java:84)
	at org.openqa.selenium.support.ui.FluentWait.until(FluentWait.java:228)
	at stepDefinition.OEP_1_TestSetup.click_clear_button_in_question_manager(OEP_1_TestSetup.java:879)
	at .Click clear button in question manager(file:///C:/Users/thirumaran/eclipse-workspace/NexTestify_Cucumber/src/test/resources/FeatureFiles/1_OEP_TestSetup.feature:261)

  And Check all tabs are cleared or not in question manager                                                      # stepDefinition.OEP_1_TestSetup.check_all_tabs_are_cleared_or_not_in_question_manager()
  Then Close Test Setup button                                                                                   # stepDefinition.OEP_1_TestSetup.close_test_setup_button()
]]></system-out>
  </testcase>
  <testcase name="Question Manager:Save Check" classname="TEST SETUP" time="80.852">
    <system-out><![CDATA[
@TC_23
Scenario: Question Manager:Save Check                                                                            # src/test/resources/FeatureFiles/1_OEP_TestSetup.feature:266
  Given To Check Test Setup is navigating to OEP URL is "http://192.168.1.30/OEPADMIN/"                          # stepDefinition.OEP_1_TestSetup.to_check_test_setup_is_navigating_to_oep_url_is(java.lang.String)
  When To Check Test Setup Enter username and password are "thirumaran@sankarasoftware.com" and "Thirumaran@001" # stepDefinition.OEP_1_TestSetup.to_check_test_setup_enter_username_and_password_are_and(java.lang.String,java.lang.String)
  And click the Signin button To Check Test Setup                                                                # stepDefinition.OEP_1_TestSetup.click_the_signin_button_to_check_test_setup()
  Then Click take picture button in test setup                                                                   # stepDefinition.OEP_1_TestSetup.click_take_picture_button_in_test_setup()
  Then Click Test Setup button                                                                                   # stepDefinition.OEP_1_TestSetup.click_test_setup_button()
  Given Click new test button                                                                                    # stepDefinition.OEP_1_TestSetup.click_new_test_button()
  Then Click Practice Test radio button                                                                          # stepDefinition.OEP_1_TestSetup.click_practice_test_radio_button()
  And Enter valid test name                                                                                      # stepDefinition.OEP_1_TestSetup.enter_valid_test_name()
  Then Select valid subject name                                                                                 # stepDefinition.OEP_1_TestSetup.select_valid_subject_name()
  And Select valid level                                                                                         # stepDefinition.OEP_1_TestSetup.select_valid_level()
  Then Enter valid description details                                                                           # stepDefinition.OEP_1_TestSetup.enter_valid_description_details()
  And Click save button                                                                                          # stepDefinition.OEP_1_TestSetup.click_save_button()
Success message displayed like: Basic Settings saved successfully!
  Then Check success message is displayed or not in Basic Settings tab                                           # stepDefinition.OEP_1_TestSetup.check_success_message_is_displayed_or_not_in_basic_settings_tab()
  And Click question manager tab                                                                                 # stepDefinition.OEP_1_TestSetup.click_question_manager_tab()
  And Enter valid overall question values                                                                        # stepDefinition.OEP_1_TestSetup.enter_valid_overall_question_values()
  Then Enter valid overall points values                                                                         # stepDefinition.OEP_1_TestSetup.enter_valid_overall_points_values()
  And Select valid topic                                                                                         # stepDefinition.OEP_1_TestSetup.select_valid_topic()
  Then Click add button                                                                                          # stepDefinition.OEP_1_TestSetup.click_add_button()
  And Enter valid value in questions tab in Question Manager                                                     # stepDefinition.OEP_1_TestSetup.enter_valid_value_in_questions_tab_in_question_Manager()
  Then Enter valid value in points tab in Question Manager                                                       # stepDefinition.OEP_1_TestSetup.enter_valid_value_in_points_tab_in_question_Manager()
  And Enter valid in Time tab based on proper format in Question Manager                                         # stepDefinition.OEP_1_TestSetup.enter_valid_in_time_tab_based_on_proper_format_in_question_manager()
  Then Click save button in question manager                                                                     # stepDefinition.OEP_1_TestSetup.click_save_button_in_question_manager()
Success message displayed like: Question Manager saved successfully!
  And Check success message is displayed or not in Question Manager                                              # stepDefinition.OEP_1_TestSetup.check_success_message_is_displayed_or_not_in_question_manager()
Page is closed  Then Close Test Setup button                                                                                   # stepDefinition.OEP_1_TestSetup.close_test_setup_button()
]]></system-out>
  </testcase>
  <testcase name="Time Setup:Valid Check #1" classname="TEST SETUP" time="44.352">
    <system-out><![CDATA[
@TC_24
Scenario: Time Setup:Valid Check                                                                                 # src/test/resources/FeatureFiles/1_OEP_TestSetup.feature:288
  Given To Check Test Setup is navigating to OEP URL is "http://192.168.1.30/OEPADMIN/"                          # stepDefinition.OEP_1_TestSetup.to_check_test_setup_is_navigating_to_oep_url_is(java.lang.String)
  When To Check Test Setup Enter username and password are "thirumaran@sankarasoftware.com" and "Thirumaran@001" # stepDefinition.OEP_1_TestSetup.to_check_test_setup_enter_username_and_password_are_and(java.lang.String,java.lang.String)
  And click the Signin button To Check Test Setup                                                                # stepDefinition.OEP_1_TestSetup.click_the_signin_button_to_check_test_setup()
  Then Click take picture button in test setup                                                                   # stepDefinition.OEP_1_TestSetup.click_take_picture_button_in_test_setup()
  Then Click Test Setup button                                                                                   # stepDefinition.OEP_1_TestSetup.click_test_setup_button()
  Given Search any valid main test name                                                                          # stepDefinition.OEP_1_TestSetup.search_any_valid_main_test_name()
  Then Click the test name                                                                                       # stepDefinition.OEP_1_TestSetup.click_the_test_name()
  And Click time setup tab                                                                                       # stepDefinition.OEP_1_TestSetup.click_time_setup_tab()
  Then Click question manager button                                                                             # stepDefinition.OEP_1_TestSetup.click_question_manager_button()
  And Check landing page                                                                                         # stepDefinition.OEP_1_TestSetup.check_landing_page()
Page is closed  Then Close Test Setup button                                                                                   # stepDefinition.OEP_1_TestSetup.close_test_setup_button()
]]></system-out>
  </testcase>
  <testcase name="Basic Settings:Save Check #3" classname="TEST SETUP" time="114.709">
    <system-out><![CDATA[
@TC_25
Scenario: Basic Settings:Save Check                                                                              # src/test/resources/FeatureFiles/1_OEP_TestSetup.feature:297
  Given To Check Test Setup is navigating to OEP URL is "http://192.168.1.30/OEPADMIN/"                          # stepDefinition.OEP_1_TestSetup.to_check_test_setup_is_navigating_to_oep_url_is(java.lang.String)
  When To Check Test Setup Enter username and password are "thirumaran@sankarasoftware.com" and "Thirumaran@001" # stepDefinition.OEP_1_TestSetup.to_check_test_setup_enter_username_and_password_are_and(java.lang.String,java.lang.String)
  And click the Signin button To Check Test Setup                                                                # stepDefinition.OEP_1_TestSetup.click_the_signin_button_to_check_test_setup()
  Then Click take picture button in test setup                                                                   # stepDefinition.OEP_1_TestSetup.click_take_picture_button_in_test_setup()
  Then Click Test Setup button                                                                                   # stepDefinition.OEP_1_TestSetup.click_test_setup_button()
  Given Click new test button                                                                                    # stepDefinition.OEP_1_TestSetup.click_new_test_button()
  Then Click Main Test radio button                                                                              # stepDefinition.OEP_1_TestSetup.click_main_test_radio_button()
  And Enter valid test name                                                                                      # stepDefinition.OEP_1_TestSetup.enter_valid_test_name()
  Then Enter valid Proctoring Capacity count                                                                     # stepDefinition.OEP_1_TestSetup.enter_valid_proctoring_capacity_count()
  And Select valid subject name                                                                                  # stepDefinition.OEP_1_TestSetup.select_valid_subject_name()
  And Select valid level                                                                                         # stepDefinition.OEP_1_TestSetup.select_valid_level()
  Then Enter valid description details                                                                           # stepDefinition.OEP_1_TestSetup.enter_valid_description_details()
  And Click save button                                                                                          # stepDefinition.OEP_1_TestSetup.click_save_button()
Success message displayed like: Basic Settings saved successfully!
  Then Check success message is displayed or not in Basic Settings tab                                           # stepDefinition.OEP_1_TestSetup.check_success_message_is_displayed_or_not_in_basic_settings_tab()
  And Click question manager tab                                                                                 # stepDefinition.OEP_1_TestSetup.click_question_manager_tab()
  And Enter valid overall question values                                                                        # stepDefinition.OEP_1_TestSetup.enter_valid_overall_question_values()
  Then Enter valid overall points values                                                                         # stepDefinition.OEP_1_TestSetup.enter_valid_overall_points_values()
  And Select valid topic                                                                                         # stepDefinition.OEP_1_TestSetup.select_valid_topic()
  Then Click add button                                                                                          # stepDefinition.OEP_1_TestSetup.click_add_button()
  And Enter valid value in questions tab in Question Manager                                                     # stepDefinition.OEP_1_TestSetup.enter_valid_value_in_questions_tab_in_question_Manager()
  Then Enter valid value in points tab in Question Manager                                                       # stepDefinition.OEP_1_TestSetup.enter_valid_value_in_points_tab_in_question_Manager()
  And Enter valid in Time tab based on proper format in Question Manager                                         # stepDefinition.OEP_1_TestSetup.enter_valid_in_time_tab_based_on_proper_format_in_question_manager()
  Then Click save button in question manager                                                                     # stepDefinition.OEP_1_TestSetup.click_save_button_in_question_manager()
Success message displayed like: Question Manager saved successfully!
  And Check success message is displayed or not in Question Manager                                              # stepDefinition.OEP_1_TestSetup.check_success_message_is_displayed_or_not_in_question_manager()
  And Click time setup tab                                                                                       # stepDefinition.OEP_1_TestSetup.click_time_setup_tab()
  Then Enter invalid "January 17, 2030 3:30 PM" Test activation Date and Time in time setup tab                  # stepDefinition.OEP_1_TestSetup.enter_invalid_test_activation_date_and_time_in_time_setup_tab(java.lang.String)
  And Enter invalid "January 17, 2030 3:30 PM" Last Registration Date and Time in time setup tab                 # stepDefinition.OEP_1_TestSetup.enter_invalid_last_registration_date_and_time_in_time_setup_tab(java.lang.String)
  Then Click save button in time setup                                                                           # stepDefinition.OEP_1_TestSetup.click_save_button_in_time_setup()
Error message displayed like: Last registration date and time must be at least 24 hours prior to the test activation date and time!
  And Check error message is displayed or not in time setup tab                                                  # stepDefinition.OEP_1_TestSetup.check_error_message_is_displayed_or_not_in_time_setup_tab()
Page is closed  Then Close Test Setup button                                                                                   # stepDefinition.OEP_1_TestSetup.close_test_setup_button()
]]></system-out>
  </testcase>
  <testcase name="Time Setup:Valid Check #2" classname="TEST SETUP" time="115.218">
    <system-out><![CDATA[
@TC_26
Scenario: Time Setup:Valid Check                                                                                 # src/test/resources/FeatureFiles/1_OEP_TestSetup.feature:325
  Given To Check Test Setup is navigating to OEP URL is "http://192.168.1.30/OEPADMIN/"                          # stepDefinition.OEP_1_TestSetup.to_check_test_setup_is_navigating_to_oep_url_is(java.lang.String)
  When To Check Test Setup Enter username and password are "thirumaran@sankarasoftware.com" and "Thirumaran@001" # stepDefinition.OEP_1_TestSetup.to_check_test_setup_enter_username_and_password_are_and(java.lang.String,java.lang.String)
  And click the Signin button To Check Test Setup                                                                # stepDefinition.OEP_1_TestSetup.click_the_signin_button_to_check_test_setup()
  Then Click take picture button in test setup                                                                   # stepDefinition.OEP_1_TestSetup.click_take_picture_button_in_test_setup()
  Then Click Test Setup button                                                                                   # stepDefinition.OEP_1_TestSetup.click_test_setup_button()
  Given Click new test button                                                                                    # stepDefinition.OEP_1_TestSetup.click_new_test_button()
  Then Click Main Test radio button                                                                              # stepDefinition.OEP_1_TestSetup.click_main_test_radio_button()
  And Enter valid test name                                                                                      # stepDefinition.OEP_1_TestSetup.enter_valid_test_name()
  Then Enter valid Proctoring Capacity count                                                                     # stepDefinition.OEP_1_TestSetup.enter_valid_proctoring_capacity_count()
  And Select valid subject name                                                                                  # stepDefinition.OEP_1_TestSetup.select_valid_subject_name()
  And Select valid level                                                                                         # stepDefinition.OEP_1_TestSetup.select_valid_level()
  Then Enter valid description details                                                                           # stepDefinition.OEP_1_TestSetup.enter_valid_description_details()
  And Click save button                                                                                          # stepDefinition.OEP_1_TestSetup.click_save_button()
Success message displayed like: Basic Settings saved successfully!
  Then Check success message is displayed or not in Basic Settings tab                                           # stepDefinition.OEP_1_TestSetup.check_success_message_is_displayed_or_not_in_basic_settings_tab()
  And Click question manager tab                                                                                 # stepDefinition.OEP_1_TestSetup.click_question_manager_tab()
  And Enter valid overall question values                                                                        # stepDefinition.OEP_1_TestSetup.enter_valid_overall_question_values()
  Then Enter valid overall points values                                                                         # stepDefinition.OEP_1_TestSetup.enter_valid_overall_points_values()
  And Select valid topic                                                                                         # stepDefinition.OEP_1_TestSetup.select_valid_topic()
  Then Click add button                                                                                          # stepDefinition.OEP_1_TestSetup.click_add_button()
  And Enter valid value in questions tab in Question Manager                                                     # stepDefinition.OEP_1_TestSetup.enter_valid_value_in_questions_tab_in_question_Manager()
  Then Enter valid value in points tab in Question Manager                                                       # stepDefinition.OEP_1_TestSetup.enter_valid_value_in_points_tab_in_question_Manager()
  And Enter valid in Time tab based on proper format in Question Manager                                         # stepDefinition.OEP_1_TestSetup.enter_valid_in_time_tab_based_on_proper_format_in_question_manager()
  Then Click save button in question manager                                                                     # stepDefinition.OEP_1_TestSetup.click_save_button_in_question_manager()
Success message displayed like: Question Manager saved successfully!
  And Check success message is displayed or not in Question Manager                                              # stepDefinition.OEP_1_TestSetup.check_success_message_is_displayed_or_not_in_question_manager()
  And Click time setup tab                                                                                       # stepDefinition.OEP_1_TestSetup.click_time_setup_tab()
  Then Enter valid "December 17, 2030 3:30 PM" Test activation Date and Time in time setup tab                   # stepDefinition.OEP_1_TestSetup.enter_valid_test_activation_date_and_time_in_time_setup_tab(java.lang.String)
  And Enter valid "December 15, 2030 3:30 PM" Last Registration Date and Time in time setup tab                  # stepDefinition.OEP_1_TestSetup.enter_valid_last_registration_date_and_time_in_time_setup_tab(java.lang.String)
  Then Click save button in time setup                                                                           # stepDefinition.OEP_1_TestSetup.click_save_button_in_time_setup()
Success message displayed like: Time Setup saved successfully!
  And Check success message is displayed or not in time setup tab                                                # stepDefinition.OEP_1_TestSetup.check_success_message_is_displayed_or_not_in_time_setup_tab()
Page is closed  Then Close Test Setup button                                                                                   # stepDefinition.OEP_1_TestSetup.close_test_setup_button()
]]></system-out>
  </testcase>
  <testcase name="Grading Setup:Valid Check #1" classname="TEST SETUP" time="66.958">
    <system-out><![CDATA[
@TC_27
Scenario: Grading Setup:Valid Check                                                                              # src/test/resources/FeatureFiles/1_OEP_TestSetup.feature:353
  Given To Check Test Setup is navigating to OEP URL is "http://192.168.1.30/OEPADMIN/"                          # stepDefinition.OEP_1_TestSetup.to_check_test_setup_is_navigating_to_oep_url_is(java.lang.String)
  When To Check Test Setup Enter username and password are "thirumaran@sankarasoftware.com" and "Thirumaran@001" # stepDefinition.OEP_1_TestSetup.to_check_test_setup_enter_username_and_password_are_and(java.lang.String,java.lang.String)
  And click the Signin button To Check Test Setup                                                                # stepDefinition.OEP_1_TestSetup.click_the_signin_button_to_check_test_setup()
  Then Click take picture button in test setup                                                                   # stepDefinition.OEP_1_TestSetup.click_take_picture_button_in_test_setup()
  Then Click Test Setup button                                                                                   # stepDefinition.OEP_1_TestSetup.click_test_setup_button()
  Given Search any valid main test name                                                                          # stepDefinition.OEP_1_TestSetup.search_any_valid_main_test_name()
  Then Click the test name                                                                                       # stepDefinition.OEP_1_TestSetup.click_the_test_name()
  And Click Grading setup tab                                                                                    # stepDefinition.OEP_1_TestSetup.click_grading_setup_tab()
  Then Check all features are working or not in the all respondents text box                                     # stepDefinition.OEP_1_TestSetup.check_all_features_are_working_or_not_in_the_all_respondents_text_box()
  And Clear the text present in the all respondents text box                                                     # stepDefinition.OEP_1_TestSetup.clear_the_text_present_in_the_all_respondents_text_box()
  Then Enter valid message in the all respondents text box                                                       # stepDefinition.OEP_1_TestSetup.enter_valid_message_in_the_all_respondents_text_box()
Page is closed  Then Close Test Setup button                                                                                   # stepDefinition.OEP_1_TestSetup.close_test_setup_button()
]]></system-out>
  </testcase>
  <testcase name="Grading Setup:Valid Check #2" classname="TEST SETUP" time="66.874">
    <system-out><![CDATA[
@TC_28
Scenario: Grading Setup:Valid Check                                                                              # src/test/resources/FeatureFiles/1_OEP_TestSetup.feature:363
  Given To Check Test Setup is navigating to OEP URL is "http://192.168.1.30/OEPADMIN/"                          # stepDefinition.OEP_1_TestSetup.to_check_test_setup_is_navigating_to_oep_url_is(java.lang.String)
  When To Check Test Setup Enter username and password are "thirumaran@sankarasoftware.com" and "Thirumaran@001" # stepDefinition.OEP_1_TestSetup.to_check_test_setup_enter_username_and_password_are_and(java.lang.String,java.lang.String)
  And click the Signin button To Check Test Setup                                                                # stepDefinition.OEP_1_TestSetup.click_the_signin_button_to_check_test_setup()
  Then Click take picture button in test setup                                                                   # stepDefinition.OEP_1_TestSetup.click_take_picture_button_in_test_setup()
  Then Click Test Setup button                                                                                   # stepDefinition.OEP_1_TestSetup.click_test_setup_button()
  Given Search any valid main test name                                                                          # stepDefinition.OEP_1_TestSetup.search_any_valid_main_test_name()
  Then Click the test name                                                                                       # stepDefinition.OEP_1_TestSetup.click_the_test_name()
  And Click Grading setup tab                                                                                    # stepDefinition.OEP_1_TestSetup.click_grading_setup_tab()
  Then Check all features are working or not in the all passed text box                                          # stepDefinition.OEP_1_TestSetup.check_all_features_are_working_or_not_in_the_all_passed_text_box()
  And Clear the text present in the all passed text box                                                          # stepDefinition.OEP_1_TestSetup.clear_the_text_present_in_the_all_passed_text_box()
  Then Enter valid message in the all passed text box                                                            # stepDefinition.OEP_1_TestSetup.enter_valid_message_in_the_all_passed_text_box()
Page is closed  Then Close Test Setup button                                                                                   # stepDefinition.OEP_1_TestSetup.close_test_setup_button()
]]></system-out>
  </testcase>
  <testcase name="Grading Setup:Valid Check #3" classname="TEST SETUP" time="49.224">
    <system-out><![CDATA[
@TC_29
Scenario: Grading Setup:Valid Check                                                                              # src/test/resources/FeatureFiles/1_OEP_TestSetup.feature:373
  Given To Check Test Setup is navigating to OEP URL is "http://192.168.1.30/OEPADMIN/"                          # stepDefinition.OEP_1_TestSetup.to_check_test_setup_is_navigating_to_oep_url_is(java.lang.String)
  When To Check Test Setup Enter username and password are "thirumaran@sankarasoftware.com" and "Thirumaran@001" # stepDefinition.OEP_1_TestSetup.to_check_test_setup_enter_username_and_password_are_and(java.lang.String,java.lang.String)
  And click the Signin button To Check Test Setup                                                                # stepDefinition.OEP_1_TestSetup.click_the_signin_button_to_check_test_setup()
  Then Click take picture button in test setup                                                                   # stepDefinition.OEP_1_TestSetup.click_take_picture_button_in_test_setup()
  Then Click Test Setup button                                                                                   # stepDefinition.OEP_1_TestSetup.click_test_setup_button()
  Given Search any valid main test name                                                                          # stepDefinition.OEP_1_TestSetup.search_any_valid_main_test_name()
  Then Click the test name                                                                                       # stepDefinition.OEP_1_TestSetup.click_the_test_name()
  And Click Grading setup tab                                                                                    # stepDefinition.OEP_1_TestSetup.click_grading_setup_tab()
  And Clear the text present in the all failed text box                                                          # stepDefinition.OEP_1_TestSetup.clear_the_text_present_in_the_all_failed_text_box()
  Then Enter valid message in the all failed text box                                                            # stepDefinition.OEP_1_TestSetup.enter_valid_message_in_the_all_failed_text_box()
Page is closed  Then Close Test Setup button                                                                                   # stepDefinition.OEP_1_TestSetup.close_test_setup_button()
]]></system-out>
  </testcase>
  <testcase name="Grading Setup:Pass Mark Invalid Check" classname="TEST SETUP" time="54.691">
    <system-out><![CDATA[
@TC_30
Scenario: Grading Setup:Pass Mark Invalid Check                                                                  # src/test/resources/FeatureFiles/1_OEP_TestSetup.feature:383
  Given To Check Test Setup is navigating to OEP URL is "http://192.168.1.30/OEPADMIN/"                          # stepDefinition.OEP_1_TestSetup.to_check_test_setup_is_navigating_to_oep_url_is(java.lang.String)
  When To Check Test Setup Enter username and password are "thirumaran@sankarasoftware.com" and "Thirumaran@001" # stepDefinition.OEP_1_TestSetup.to_check_test_setup_enter_username_and_password_are_and(java.lang.String,java.lang.String)
  And click the Signin button To Check Test Setup                                                                # stepDefinition.OEP_1_TestSetup.click_the_signin_button_to_check_test_setup()
  Then Click take picture button in test setup                                                                   # stepDefinition.OEP_1_TestSetup.click_take_picture_button_in_test_setup()
  Then Click Test Setup button                                                                                   # stepDefinition.OEP_1_TestSetup.click_test_setup_button()
  Given Search any valid main test name                                                                          # stepDefinition.OEP_1_TestSetup.search_any_valid_main_test_name()
  Then Click the test name                                                                                       # stepDefinition.OEP_1_TestSetup.click_the_test_name()
  And Click Grading setup tab                                                                                    # stepDefinition.OEP_1_TestSetup.click_grading_setup_tab()
  Then Enter alpha characters "Test" in Pass Mark tab                                                            # stepDefinition.OEP_1_TestSetup.enter_alpha_characters_in_pass_mark_tab(java.lang.String)
Tab contains only numbers.
  And Check tab is empty or not in Pass Mark tab                                                                 # stepDefinition.OEP_1_TestSetup.check_tab_is_empty_or_not_in_pass_mark_tab()
  Then Enter special characters "!@#$%" in Pass Mark tab                                                         # stepDefinition.OEP_1_TestSetup.enter_special_characters_in_pass_mark_tab(java.lang.String)
Tab contains only numbers.
  And Check tab is empty or not in Pass Mark tab                                                                 # stepDefinition.OEP_1_TestSetup.check_tab_is_empty_or_not_in_pass_mark_tab()
Page is closed  Then Close Test Setup button                                                                                   # stepDefinition.OEP_1_TestSetup.close_test_setup_button()
]]></system-out>
  </testcase>
  <testcase name="Grading Setup:Add Range Check" classname="TEST SETUP" time="46.385">
    <system-out><![CDATA[
@TC_31
Scenario: Grading Setup:Add Range Check                                                                          # src/test/resources/FeatureFiles/1_OEP_TestSetup.feature:394
  Given To Check Test Setup is navigating to OEP URL is "http://192.168.1.30/OEPADMIN/"                          # stepDefinition.OEP_1_TestSetup.to_check_test_setup_is_navigating_to_oep_url_is(java.lang.String)
  When To Check Test Setup Enter username and password are "thirumaran@sankarasoftware.com" and "Thirumaran@001" # stepDefinition.OEP_1_TestSetup.to_check_test_setup_enter_username_and_password_are_and(java.lang.String,java.lang.String)
  And click the Signin button To Check Test Setup                                                                # stepDefinition.OEP_1_TestSetup.click_the_signin_button_to_check_test_setup()
  Then Click take picture button in test setup                                                                   # stepDefinition.OEP_1_TestSetup.click_take_picture_button_in_test_setup()
  Then Click Test Setup button                                                                                   # stepDefinition.OEP_1_TestSetup.click_test_setup_button()
  Given Search any valid main test name                                                                          # stepDefinition.OEP_1_TestSetup.search_any_valid_main_test_name()
  Then Click the test name                                                                                       # stepDefinition.OEP_1_TestSetup.click_the_test_name()
  And Click Grading setup tab                                                                                    # stepDefinition.OEP_1_TestSetup.click_grading_setup_tab()
  Then Click add range button                                                                                    # stepDefinition.OEP_1_TestSetup.click_add_range_button()
  And Check new row is added or not                                                                              # stepDefinition.OEP_1_TestSetup.check_new_row_is_added_or_not()
Page is closed  Then Close Test Setup button                                                                                   # stepDefinition.OEP_1_TestSetup.close_test_setup_button()
]]></system-out>
  </testcase>
  <testcase name="Grading Setup:Clear Check" classname="TEST SETUP" time="66.863">
    <system-out><![CDATA[
@TC_32
Scenario: Grading Setup:Clear Check                                                                              # src/test/resources/FeatureFiles/1_OEP_TestSetup.feature:403
  Given To Check Test Setup is navigating to OEP URL is "http://192.168.1.30/OEPADMIN/"                          # stepDefinition.OEP_1_TestSetup.to_check_test_setup_is_navigating_to_oep_url_is(java.lang.String)
  When To Check Test Setup Enter username and password are "thirumaran@sankarasoftware.com" and "Thirumaran@001" # stepDefinition.OEP_1_TestSetup.to_check_test_setup_enter_username_and_password_are_and(java.lang.String,java.lang.String)
  And click the Signin button To Check Test Setup                                                                # stepDefinition.OEP_1_TestSetup.click_the_signin_button_to_check_test_setup()
  Then Click take picture button in test setup                                                                   # stepDefinition.OEP_1_TestSetup.click_take_picture_button_in_test_setup()
  Then Click Test Setup button                                                                                   # stepDefinition.OEP_1_TestSetup.click_test_setup_button()
  Given Search any valid main test name                                                                          # stepDefinition.OEP_1_TestSetup.search_any_valid_main_test_name()
  Then Click the test name                                                                                       # stepDefinition.OEP_1_TestSetup.click_the_test_name()
  And Click Grading setup tab                                                                                    # stepDefinition.OEP_1_TestSetup.click_grading_setup_tab()
  Then Click clear button                                                                                        # stepDefinition.OEP_1_TestSetup.click_clear_button()
  And Check all tab is cleared or not in grading setup                                                           # stepDefinition.OEP_1_TestSetup.check_all_tab_is_cleared_or_not_in_grading_setup()
Page is closed  Then Close Test Setup button                                                                                   # stepDefinition.OEP_1_TestSetup.close_test_setup_button()
]]></system-out>
  </testcase>
  <testcase name="Grading Setup:Mandatory Alert Check" classname="TEST SETUP" time="63.735">
    <system-out><![CDATA[
@TC_33
Scenario: Grading Setup:Mandatory Alert Check                                                                    # src/test/resources/FeatureFiles/1_OEP_TestSetup.feature:412
  Given To Check Test Setup is navigating to OEP URL is "http://192.168.1.30/OEPADMIN/"                          # stepDefinition.OEP_1_TestSetup.to_check_test_setup_is_navigating_to_oep_url_is(java.lang.String)
  When To Check Test Setup Enter username and password are "thirumaran@sankarasoftware.com" and "Thirumaran@001" # stepDefinition.OEP_1_TestSetup.to_check_test_setup_enter_username_and_password_are_and(java.lang.String,java.lang.String)
  And click the Signin button To Check Test Setup                                                                # stepDefinition.OEP_1_TestSetup.click_the_signin_button_to_check_test_setup()
  Then Click take picture button in test setup                                                                   # stepDefinition.OEP_1_TestSetup.click_take_picture_button_in_test_setup()
  Then Click Test Setup button                                                                                   # stepDefinition.OEP_1_TestSetup.click_test_setup_button()
  Given Search any valid main test name                                                                          # stepDefinition.OEP_1_TestSetup.search_any_valid_main_test_name()
  Then Click the test name                                                                                       # stepDefinition.OEP_1_TestSetup.click_the_test_name()
  And Click Grading setup tab                                                                                    # stepDefinition.OEP_1_TestSetup.click_grading_setup_tab()
  Then Click clear button                                                                                        # stepDefinition.OEP_1_TestSetup.click_clear_button()
  And Click save button in grading setup                                                                         # stepDefinition.OEP_1_TestSetup.click_save_button_in_grading_setup()
Success message displayed like: Test end message is required!
  And Check error message is displayed or not in grading setup page                                              # stepDefinition.OEP_1_TestSetup.check_error_message_is_displayed_or_not_in_grading_setup_page()
Page is closed  Then Close Test Setup button                                                                                   # stepDefinition.OEP_1_TestSetup.close_test_setup_button()
]]></system-out>
  </testcase>
  <testcase name="Grading Setup:Valid Check #4" classname="TEST SETUP" time="179.542">
    <system-out><![CDATA[
@TC_34
Scenario: Grading Setup:Valid Check                                                                              # src/test/resources/FeatureFiles/1_OEP_TestSetup.feature:422
  Given To Check Test Setup is navigating to OEP URL is "http://192.168.1.30/OEPADMIN/"                          # stepDefinition.OEP_1_TestSetup.to_check_test_setup_is_navigating_to_oep_url_is(java.lang.String)
  When To Check Test Setup Enter username and password are "thirumaran@sankarasoftware.com" and "Thirumaran@001" # stepDefinition.OEP_1_TestSetup.to_check_test_setup_enter_username_and_password_are_and(java.lang.String,java.lang.String)
  And click the Signin button To Check Test Setup                                                                # stepDefinition.OEP_1_TestSetup.click_the_signin_button_to_check_test_setup()
  Then Click take picture button in test setup                                                                   # stepDefinition.OEP_1_TestSetup.click_take_picture_button_in_test_setup()
  Then Click Test Setup button                                                                                   # stepDefinition.OEP_1_TestSetup.click_test_setup_button()
  Given Click new test button                                                                                    # stepDefinition.OEP_1_TestSetup.click_new_test_button()
  Then Click Main Test radio button                                                                              # stepDefinition.OEP_1_TestSetup.click_main_test_radio_button()
  And Enter valid test name                                                                                      # stepDefinition.OEP_1_TestSetup.enter_valid_test_name()
  Then Enter valid Proctoring Capacity count                                                                     # stepDefinition.OEP_1_TestSetup.enter_valid_proctoring_capacity_count()
  And Select valid subject name                                                                                  # stepDefinition.OEP_1_TestSetup.select_valid_subject_name()
  And Select valid level                                                                                         # stepDefinition.OEP_1_TestSetup.select_valid_level()
  Then Enter valid description details                                                                           # stepDefinition.OEP_1_TestSetup.enter_valid_description_details()
  And Click save button                                                                                          # stepDefinition.OEP_1_TestSetup.click_save_button()
Success message displayed like: Basic Settings saved successfully!
  Then Check success message is displayed or not in Basic Settings tab                                           # stepDefinition.OEP_1_TestSetup.check_success_message_is_displayed_or_not_in_basic_settings_tab()
  And Click question manager tab                                                                                 # stepDefinition.OEP_1_TestSetup.click_question_manager_tab()
  And Enter valid overall question values                                                                        # stepDefinition.OEP_1_TestSetup.enter_valid_overall_question_values()
  Then Enter valid overall points values                                                                         # stepDefinition.OEP_1_TestSetup.enter_valid_overall_points_values()
  And Select valid topic                                                                                         # stepDefinition.OEP_1_TestSetup.select_valid_topic()
  Then Click add button                                                                                          # stepDefinition.OEP_1_TestSetup.click_add_button()
  And Enter valid value in questions tab in Question Manager                                                     # stepDefinition.OEP_1_TestSetup.enter_valid_value_in_questions_tab_in_question_Manager()
  Then Enter valid value in points tab in Question Manager                                                       # stepDefinition.OEP_1_TestSetup.enter_valid_value_in_points_tab_in_question_Manager()
  And Enter valid in Time tab based on proper format in Question Manager                                         # stepDefinition.OEP_1_TestSetup.enter_valid_in_time_tab_based_on_proper_format_in_question_manager()
  Then Click save button in question manager                                                                     # stepDefinition.OEP_1_TestSetup.click_save_button_in_question_manager()
Success message displayed like: Question Manager saved successfully!
  And Check success message is displayed or not in Question Manager                                              # stepDefinition.OEP_1_TestSetup.check_success_message_is_displayed_or_not_in_question_manager()
  And Click time setup tab                                                                                       # stepDefinition.OEP_1_TestSetup.click_time_setup_tab()
  Then Enter valid "December 17, 2025 3:30 PM" Test activation Date and Time in time setup tab                   # stepDefinition.OEP_1_TestSetup.enter_valid_test_activation_date_and_time_in_time_setup_tab(java.lang.String)
  And Enter valid "December 15, 2025 3:30 PM" Last Registration Date and Time in time setup tab                  # stepDefinition.OEP_1_TestSetup.enter_valid_last_registration_date_and_time_in_time_setup_tab(java.lang.String)
  Then Click save button in time setup                                                                           # stepDefinition.OEP_1_TestSetup.click_save_button_in_time_setup()
Success message displayed like: Time Setup saved successfully!
  And Check success message is displayed or not in time setup tab                                                # stepDefinition.OEP_1_TestSetup.check_success_message_is_displayed_or_not_in_time_setup_tab()
  And Click Grading setup tab                                                                                    # stepDefinition.OEP_1_TestSetup.click_grading_setup_tab()
  Then Click clear button                                                                                        # stepDefinition.OEP_1_TestSetup.click_clear_button()
  And Enter valid test end message details                                                                       # stepDefinition.OEP_1_TestSetup.enter_valid_test_end_message_details()
  Then Enter valid passed message details                                                                        # stepDefinition.OEP_1_TestSetup.enter_valid_passed_message_details()
  And Enter valid failed message details                                                                         # stepDefinition.OEP_1_TestSetup.enter_valid_failed_message_details()
  Then Enter valid pass mark value details                                                                       # stepDefinition.OEP_1_TestSetup.enter_valid_pass_mark_value_details()
  And Select "%" 2nd option in unit dropdown                                                                     # stepDefinition.OEP_1_TestSetup.select_2nd_option_in_unit_dropdown(java.lang.String)
  Then Select "%" 2nd option in ranges unit                                                                      # stepDefinition.OEP_1_TestSetup.select_2nd_option_in_ranges_unit(java.lang.String)
  And Enter valid from range value in range 1st tab                                                              # stepDefinition.OEP_1_TestSetup.enter_valid_from_range_value_in_range_1st_tab()
  Then Enter valid to range value in range 1st tab                                                               # stepDefinition.OEP_1_TestSetup.enter_valid_to_range_value_in_range_1st_tab()
  And Enter valid grade "A" in range 1st tab                                                                     # stepDefinition.OEP_1_TestSetup.enter_valid_grade_in_range_1st_tab(java.lang.String)
  And Enter valid from range value in range 2nd tab                                                              # stepDefinition.OEP_1_TestSetup.enter_valid_from_range_value_in_range_2nd_tab()
  Then Enter valid to range value in range 2nd tab                                                               # stepDefinition.OEP_1_TestSetup.enter_valid_to_range_value_in_range_2nd_tab()
  And Enter valid grade "s" in range 2nd tab                                                                     # stepDefinition.OEP_1_TestSetup.enter_valid_grade_in_range_2nd_tab(java.lang.String)
  Then Click save button in grading setup                                                                        # stepDefinition.OEP_1_TestSetup.click_save_button_in_grading_setup()
Success message displayed like: Grade Setup saved successfully!
  And Check success message is displayed or not in grading setup                                                 # stepDefinition.OEP_1_TestSetup.check_success_message_is_displayed_or_not_in_grading_setup()
Page is closed  Then Close Test Setup button                                                                                   # stepDefinition.OEP_1_TestSetup.close_test_setup_button()
]]></system-out>
  </testcase>
  <testcase name="Grading Setup:Valid Check #5" classname="TEST SETUP" time="179.724">
    <system-out><![CDATA[
@TC_35
Scenario: Grading Setup:Valid Check                                                                              # src/test/resources/FeatureFiles/1_OEP_TestSetup.feature:466
  Given To Check Test Setup is navigating to OEP URL is "http://192.168.1.30/OEPADMIN/"                          # stepDefinition.OEP_1_TestSetup.to_check_test_setup_is_navigating_to_oep_url_is(java.lang.String)
  When To Check Test Setup Enter username and password are "thirumaran@sankarasoftware.com" and "Thirumaran@001" # stepDefinition.OEP_1_TestSetup.to_check_test_setup_enter_username_and_password_are_and(java.lang.String,java.lang.String)
  And click the Signin button To Check Test Setup                                                                # stepDefinition.OEP_1_TestSetup.click_the_signin_button_to_check_test_setup()
  Then Click take picture button in test setup                                                                   # stepDefinition.OEP_1_TestSetup.click_take_picture_button_in_test_setup()
  Then Click Test Setup button                                                                                   # stepDefinition.OEP_1_TestSetup.click_test_setup_button()
  Given Click new test button                                                                                    # stepDefinition.OEP_1_TestSetup.click_new_test_button()
  Then Click Main Test radio button                                                                              # stepDefinition.OEP_1_TestSetup.click_main_test_radio_button()
  And Enter valid test name                                                                                      # stepDefinition.OEP_1_TestSetup.enter_valid_test_name()
  Then Enter valid Proctoring Capacity count                                                                     # stepDefinition.OEP_1_TestSetup.enter_valid_proctoring_capacity_count()
  And Select valid subject name                                                                                  # stepDefinition.OEP_1_TestSetup.select_valid_subject_name()
  And Select valid level                                                                                         # stepDefinition.OEP_1_TestSetup.select_valid_level()
  Then Enter valid description details                                                                           # stepDefinition.OEP_1_TestSetup.enter_valid_description_details()
  And Click save button                                                                                          # stepDefinition.OEP_1_TestSetup.click_save_button()
Success message displayed like: Basic Settings saved successfully!
  Then Check success message is displayed or not in Basic Settings tab                                           # stepDefinition.OEP_1_TestSetup.check_success_message_is_displayed_or_not_in_basic_settings_tab()
  And Click question manager tab                                                                                 # stepDefinition.OEP_1_TestSetup.click_question_manager_tab()
  And Enter valid overall question values                                                                        # stepDefinition.OEP_1_TestSetup.enter_valid_overall_question_values()
  Then Enter valid overall points values                                                                         # stepDefinition.OEP_1_TestSetup.enter_valid_overall_points_values()
  And Select valid topic                                                                                         # stepDefinition.OEP_1_TestSetup.select_valid_topic()
  Then Click add button                                                                                          # stepDefinition.OEP_1_TestSetup.click_add_button()
  And Enter valid value in questions tab in Question Manager                                                     # stepDefinition.OEP_1_TestSetup.enter_valid_value_in_questions_tab_in_question_Manager()
  Then Enter valid value in points tab in Question Manager                                                       # stepDefinition.OEP_1_TestSetup.enter_valid_value_in_points_tab_in_question_Manager()
  And Enter valid in Time tab based on proper format in Question Manager                                         # stepDefinition.OEP_1_TestSetup.enter_valid_in_time_tab_based_on_proper_format_in_question_manager()
  Then Click save button in question manager                                                                     # stepDefinition.OEP_1_TestSetup.click_save_button_in_question_manager()
Success message displayed like: Question Manager saved successfully!
  And Check success message is displayed or not in Question Manager                                              # stepDefinition.OEP_1_TestSetup.check_success_message_is_displayed_or_not_in_question_manager()
  And Click time setup tab                                                                                       # stepDefinition.OEP_1_TestSetup.click_time_setup_tab()
  Then Enter valid "December 17, 2025 3:30 PM" Test activation Date and Time in time setup tab                   # stepDefinition.OEP_1_TestSetup.enter_valid_test_activation_date_and_time_in_time_setup_tab(java.lang.String)
  And Enter valid "December 15, 2025 3:30 PM" Last Registration Date and Time in time setup tab                  # stepDefinition.OEP_1_TestSetup.enter_valid_last_registration_date_and_time_in_time_setup_tab(java.lang.String)
  Then Click save button in time setup                                                                           # stepDefinition.OEP_1_TestSetup.click_save_button_in_time_setup()
Success message displayed like: Time Setup saved successfully!
  And Check success message is displayed or not in time setup tab                                                # stepDefinition.OEP_1_TestSetup.check_success_message_is_displayed_or_not_in_time_setup_tab()
  And Click Grading setup tab                                                                                    # stepDefinition.OEP_1_TestSetup.click_grading_setup_tab()
  Then Click clear button                                                                                        # stepDefinition.OEP_1_TestSetup.click_clear_button()
  And Enter valid test end message details                                                                       # stepDefinition.OEP_1_TestSetup.enter_valid_test_end_message_details()
  Then Enter valid passed message details                                                                        # stepDefinition.OEP_1_TestSetup.enter_valid_passed_message_details()
  And Enter valid failed message details                                                                         # stepDefinition.OEP_1_TestSetup.enter_valid_failed_message_details()
  Then Enter valid pass mark value details                                                                       # stepDefinition.OEP_1_TestSetup.enter_valid_pass_mark_value_details()
  And Select "P" 1st option in unit dropdown                                                                     # stepDefinition.OEP_1_TestSetup.select_1st_option_in_unit_dropdown(java.lang.String)
  Then Select "P" 1st option in ranges unit                                                                      # stepDefinition.OEP_1_TestSetup.select_1st_option_in_ranges_unit(java.lang.String)
  And Enter valid from range value in range 1st tab                                                              # stepDefinition.OEP_1_TestSetup.enter_valid_from_range_value_in_range_1st_tab()
  Then Enter valid to range value in range 1st tab                                                               # stepDefinition.OEP_1_TestSetup.enter_valid_to_range_value_in_range_1st_tab()
  And Enter valid grade "A" in range 1st tab                                                                     # stepDefinition.OEP_1_TestSetup.enter_valid_grade_in_range_1st_tab(java.lang.String)
  And Enter valid from range value in range 2nd tab                                                              # stepDefinition.OEP_1_TestSetup.enter_valid_from_range_value_in_range_2nd_tab()
  Then Enter valid to range value in range 2nd tab                                                               # stepDefinition.OEP_1_TestSetup.enter_valid_to_range_value_in_range_2nd_tab()
  And Enter valid grade "s" in range 2nd tab                                                                     # stepDefinition.OEP_1_TestSetup.enter_valid_grade_in_range_2nd_tab(java.lang.String)
  Then Click save button in grading setup                                                                        # stepDefinition.OEP_1_TestSetup.click_save_button_in_grading_setup()
Success message displayed like: Grade Setup saved successfully!
  And Check success message is displayed or not in grading setup                                                 # stepDefinition.OEP_1_TestSetup.check_success_message_is_displayed_or_not_in_grading_setup()
Page is closed  Then Close Test Setup button                                                                                   # stepDefinition.OEP_1_TestSetup.close_test_setup_button()
]]></system-out>
  </testcase>
  <testcase name="Certificate Template:Valid Check #1" classname="TEST SETUP" time="55.126">
    <system-out><![CDATA[
@TC_36
Scenario: Certificate Template:Valid Check                                                                       # src/test/resources/FeatureFiles/1_OEP_TestSetup.feature:510
  Given To Check Test Setup is navigating to OEP URL is "http://192.168.1.30/OEPADMIN/"                          # stepDefinition.OEP_1_TestSetup.to_check_test_setup_is_navigating_to_oep_url_is(java.lang.String)
  When To Check Test Setup Enter username and password are "thirumaran@sankarasoftware.com" and "Thirumaran@001" # stepDefinition.OEP_1_TestSetup.to_check_test_setup_enter_username_and_password_are_and(java.lang.String,java.lang.String)
  And click the Signin button To Check Test Setup                                                                # stepDefinition.OEP_1_TestSetup.click_the_signin_button_to_check_test_setup()
  Then Click take picture button in test setup                                                                   # stepDefinition.OEP_1_TestSetup.click_take_picture_button_in_test_setup()
  Then Click Test Setup button                                                                                   # stepDefinition.OEP_1_TestSetup.click_test_setup_button()
  Given Search any valid main test name                                                                          # stepDefinition.OEP_1_TestSetup.search_any_valid_main_test_name()
  Then Click the test name                                                                                       # stepDefinition.OEP_1_TestSetup.click_the_test_name()
  And Click Certificate Template tab                                                                             # stepDefinition.OEP_1_TestSetup.click_certificate_template_tab()
  Then Unselect the selected checkbox in all tabs                                                                # stepDefinition.OEP_1_TestSetup.unselect_the_selected_checkbox_in_all_tabs()
Check box is already unselected
  And Check checkbox is unselected or not                                                                        # stepDefinition.OEP_1_TestSetup.check_checkbox_is_unselected_or_not()
Page is closed  Then Close Test Setup button                                                                                   # stepDefinition.OEP_1_TestSetup.close_test_setup_button()
]]></system-out>
  </testcase>
  <testcase name="Certificate Template:Valid Check #2" classname="TEST SETUP" time="44.706">
    <system-out><![CDATA[
@TC_37
Scenario: Certificate Template:Valid Check                                                                       # src/test/resources/FeatureFiles/1_OEP_TestSetup.feature:519
  Given To Check Test Setup is navigating to OEP URL is "http://192.168.1.30/OEPADMIN/"                          # stepDefinition.OEP_1_TestSetup.to_check_test_setup_is_navigating_to_oep_url_is(java.lang.String)
  When To Check Test Setup Enter username and password are "thirumaran@sankarasoftware.com" and "Thirumaran@001" # stepDefinition.OEP_1_TestSetup.to_check_test_setup_enter_username_and_password_are_and(java.lang.String,java.lang.String)
  And click the Signin button To Check Test Setup                                                                # stepDefinition.OEP_1_TestSetup.click_the_signin_button_to_check_test_setup()
  Then Click take picture button in test setup                                                                   # stepDefinition.OEP_1_TestSetup.click_take_picture_button_in_test_setup()
  Then Click Test Setup button                                                                                   # stepDefinition.OEP_1_TestSetup.click_test_setup_button()
  Given Search any valid main test name                                                                          # stepDefinition.OEP_1_TestSetup.search_any_valid_main_test_name()
  Then Click the test name                                                                                       # stepDefinition.OEP_1_TestSetup.click_the_test_name()
  And Click Certificate Template tab                                                                             # stepDefinition.OEP_1_TestSetup.click_certificate_template_tab()
Check box is already unselected
  Then Select the unselected checkbox in all tabs                                                                # stepDefinition.OEP_1_TestSetup.select_the_unselected_checkbox_in_all_tabs()
Check box is selected
  And Check checkbox is selected or not                                                                          # stepDefinition.OEP_1_TestSetup.check_checkbox_is_selected_or_not()
Page is closed  Then Close Test Setup button                                                                                   # stepDefinition.OEP_1_TestSetup.close_test_setup_button()
]]></system-out>
  </testcase>
  <testcase name="Practice Test:Valid Check" classname="TEST SETUP" time="77.906">
    <system-out><![CDATA[
@TC_42
Scenario: Practice Test:Valid Check                                                                              # src/test/resources/FeatureFiles/1_OEP_TestSetup.feature:577
  Given To Check Test Setup is navigating to OEP URL is "http://192.168.1.30/OEPADMIN/"                          # stepDefinition.OEP_1_TestSetup.to_check_test_setup_is_navigating_to_oep_url_is(java.lang.String)
  When To Check Test Setup Enter username and password are "thirumaran@sankarasoftware.com" and "Thirumaran@001" # stepDefinition.OEP_1_TestSetup.to_check_test_setup_enter_username_and_password_are_and(java.lang.String,java.lang.String)
  And click the Signin button To Check Test Setup                                                                # stepDefinition.OEP_1_TestSetup.click_the_signin_button_to_check_test_setup()
  Then Click take picture button in test setup                                                                   # stepDefinition.OEP_1_TestSetup.click_take_picture_button_in_test_setup()
  Then Click Test Setup button                                                                                   # stepDefinition.OEP_1_TestSetup.click_test_setup_button()
  Given Click new test button                                                                                    # stepDefinition.OEP_1_TestSetup.click_new_test_button()
  Then Click Practice Test radio button                                                                          # stepDefinition.OEP_1_TestSetup.click_practice_test_radio_button()
  And Enter valid test name                                                                                      # stepDefinition.OEP_1_TestSetup.enter_valid_test_name()
  Then Select valid subject name                                                                                 # stepDefinition.OEP_1_TestSetup.select_valid_subject_name()
  And Select valid test level                                                                                    # stepDefinition.OEP_1_TestSetup.select_valid_test_level()
  Then Enter valid test description                                                                              # stepDefinition.OEP_1_TestSetup.enter_valid_test_description()
  And Click save button in practice test                                                                         # stepDefinition.OEP_1_TestSetup.click_save_button_in_practice_test()
Success message displayed like: Basic Settings saved successfully!
  Then Check success message is displayed or not in Basic Settings tab                                           # stepDefinition.OEP_1_TestSetup.check_success_message_is_displayed_or_not_in_basic_settings_tab()
  And Enter valid overall questions value                                                                        # stepDefinition.OEP_1_TestSetup.enter_valid_overall_questions_value()
  Then Enter valid overall points value                                                                          # stepDefinition.OEP_1_TestSetup.enter_valid_overall_points_value()
  And Select valid topic in add topics                                                                           # stepDefinition.OEP_1_TestSetup.select_valid_topic_in_add_topics()
  Then Click add button in add topics                                                                            # stepDefinition.OEP_1_TestSetup.click_add_button_in_add_topics()
  And Enter valid questions value in questions tab                                                               # stepDefinition.OEP_1_TestSetup.enter_valid_questions_value_in_questions_tab()
  Then Enter valid points value in points tab                                                                    # stepDefinition.OEP_1_TestSetup.enter_valid_points_value_in_points_tab()
  And Enter valid time value in time tab                                                                         # stepDefinition.OEP_1_TestSetup.enter_valid_time_value_in_time_tab()
  Then Click save button in question manager                                                                     # stepDefinition.OEP_1_TestSetup.click_save_button_in_question_manager()
Success message displayed like: Question Manager saved successfully!
  And Check success message is displayed or not in Question Manager                                              # stepDefinition.OEP_1_TestSetup.check_success_message_is_displayed_or_not_in_question_manager()
  Then Click save button in time setup page                                                                      # stepDefinition.OEP_1_TestSetup.click_save_button_in_time_setup_page()
Success message displayed like: Time Setup saved successfully!
  And Check success message is displayed or not in time setup tab                                                # stepDefinition.OEP_1_TestSetup.check_success_message_is_displayed_or_not_in_time_setup_tab()
  Then Enter valid pass mark in grading setup                                                                    # stepDefinition.OEP_1_TestSetup.enter_valid_pass_mark_in_grading_setup()
  And Enter valid from range mark tab in 1st range tab in grading setup                                          # stepDefinition.OEP_1_TestSetup.enter_valid_from_range_mark_tab_in_1st_range_tab_in_grading_setup()
  Then Enter valid to range mark tab in 1st range tab in grading setups                                          # stepDefinition.OEP_1_TestSetup.enter_valid_to_range_mark_tab_in_1st_range_tab_in_grading_setups()
  And Enter valid grade mark tab in 1st range tab in grading setup                                               # stepDefinition.OEP_1_TestSetup.enter_valid_grade_mark_tab_in_1st_range_tab_in_grading_setup()
  Then Enter valid from range mark tab in 2st range tab in grading setup                                         # stepDefinition.OEP_1_TestSetup.enter_valid_from_range_mark_tab_in_2st_range_tab_in_grading_setup()
  And Enter valid to range mark tab in 2st range tab in grading setups                                           # stepDefinition.OEP_1_TestSetup.enter_valid_to_range_mark_tab_in_2st_range_tab_in_grading_setups()
  Then Enter valid grade mark tab in 2st range tab in grading setup                                              # stepDefinition.OEP_1_TestSetup.enter_valid_grade_mark_tab_in_2st_range_tab_in_grading_setup()
  And Click save button in grading setup                                                                         # stepDefinition.OEP_1_TestSetup.click_save_button_in_grading_setup()
Success message displayed like: Grade Setup saved successfully!
  Then Check success message is displayed or not in grading setup                                                # stepDefinition.OEP_1_TestSetup.check_success_message_is_displayed_or_not_in_grading_setup()
  And Click finalize button in Finalize test page                                                                # stepDefinition.OEP_1_TestSetup.click_finalize_button_in_Finalize_test_page()
Success message displayed like: Test finalized successfully!
  Then Check success message is displayed or not in Finalize Test tab                                            # stepDefinition.OEP_1_TestSetup.check_success_message_is_displayed_or_not_in_Finalize_test_tab()
Page is closed  Then Close Test Setup button                                                                                   # stepDefinition.OEP_1_TestSetup.close_test_setup_button()
]]></system-out>
  </testcase>
  <testcase name="Main Test:Valid Check" classname="TEST SETUP" time="91.289">
    <system-out><![CDATA[
@TC_43
Scenario: Main Test:Valid Check                                                                                  # src/test/resources/FeatureFiles/1_OEP_TestSetup.feature:611
  Given To Check Test Setup is navigating to OEP URL is "http://192.168.1.30/OEPADMIN/"                          # stepDefinition.OEP_1_TestSetup.to_check_test_setup_is_navigating_to_oep_url_is(java.lang.String)
  When To Check Test Setup Enter username and password are "thirumaran@sankarasoftware.com" and "Thirumaran@001" # stepDefinition.OEP_1_TestSetup.to_check_test_setup_enter_username_and_password_are_and(java.lang.String,java.lang.String)
  And click the Signin button To Check Test Setup                                                                # stepDefinition.OEP_1_TestSetup.click_the_signin_button_to_check_test_setup()
  Then Click take picture button in test setup                                                                   # stepDefinition.OEP_1_TestSetup.click_take_picture_button_in_test_setup()
  Then Click Test Setup button                                                                                   # stepDefinition.OEP_1_TestSetup.click_test_setup_button()
  Given Click new test button                                                                                    # stepDefinition.OEP_1_TestSetup.click_new_test_button()
  Then Click Main Test radio button                                                                              # stepDefinition.OEP_1_TestSetup.click_main_test_radio_button()
  And Enter valid test name in main test                                                                         # stepDefinition.OEP_1_TestSetup.enter_valid_test_name_in_main_test()
  And Enter valid proctoring capacity in main test                                                               # stepDefinition.OEP_1_TestSetup.enter_valid_proctoring_capacity_in_main_test()
  Then Select valid subject name in main test                                                                    # stepDefinition.OEP_1_TestSetup.select_valid_subject_name_in_main_test()
  And Select valid test level in main test                                                                       # stepDefinition.OEP_1_TestSetup.select_valid_test_level_in_main_test()
  Then Enter valid test description in main test                                                                 # stepDefinition.OEP_1_TestSetup.enter_valid_test_description_in_main_test()
  And Click save button in main test                                                                             # stepDefinition.OEP_1_TestSetup.click_save_button_in_main_test()
Success message displayed like: Basic Settings saved successfully!
  Then Check success message is displayed or not in test portal page                                             # stepDefinition.OEP_1_TestSetup.check_success_message_is_displayed_or_not_in_test_portal_page()
  And Enter valid overall questions value                                                                        # stepDefinition.OEP_1_TestSetup.enter_valid_overall_questions_value()
  Then Enter valid overall points value                                                                          # stepDefinition.OEP_1_TestSetup.enter_valid_overall_points_value()
  And Select valid topic in add topics                                                                           # stepDefinition.OEP_1_TestSetup.select_valid_topic_in_add_topics()
  Then Click add button in add topics                                                                            # stepDefinition.OEP_1_TestSetup.click_add_button_in_add_topics()
  And Enter valid questions value in questions tab                                                               # stepDefinition.OEP_1_TestSetup.enter_valid_questions_value_in_questions_tab()
  Then Enter valid points value in points tab                                                                    # stepDefinition.OEP_1_TestSetup.enter_valid_points_value_in_points_tab()
  And Enter valid time value in time tab                                                                         # stepDefinition.OEP_1_TestSetup.enter_valid_time_value_in_time_tab()
  Then Click save button in question manager                                                                     # stepDefinition.OEP_1_TestSetup.click_save_button_in_question_manager()
Success message displayed like: Question Manager saved successfully!
  And Check success message is displayed or not in test portal page                                              # stepDefinition.OEP_1_TestSetup.check_success_message_is_displayed_or_not_in_test_portal_page()
  Then Enter valid test activation date and time as "January 4, 2026 2:20 AM"                                    # stepDefinition.OEP_1_TestSetup.enter_valid_test_activation_date_and_time_as(java.lang.String)
  And Enter valid last registration date and time as "January 2, 2026 2:20 AM"                                   # stepDefinition.OEP_1_TestSetup.enter_valid_last_registration_date_and_time_as(java.lang.String)
  Then Click save button in time setup page                                                                      # stepDefinition.OEP_1_TestSetup.click_save_button_in_time_setup_page()
Success message displayed like: Time Setup saved successfully!
  And Check success message is displayed or not in test portal page                                              # stepDefinition.OEP_1_TestSetup.check_success_message_is_displayed_or_not_in_test_portal_page()
  Then Enter valid pass mark in grading setup                                                                    # stepDefinition.OEP_1_TestSetup.enter_valid_pass_mark_in_grading_setup()
  And Enter valid from range mark tab in 1st range tab in grading setup                                          # stepDefinition.OEP_1_TestSetup.enter_valid_from_range_mark_tab_in_1st_range_tab_in_grading_setup()
  Then Enter valid to range mark tab in 1st range tab in grading setups                                          # stepDefinition.OEP_1_TestSetup.enter_valid_to_range_mark_tab_in_1st_range_tab_in_grading_setups()
  And Enter valid grade mark tab in 1st range tab in grading setup                                               # stepDefinition.OEP_1_TestSetup.enter_valid_grade_mark_tab_in_1st_range_tab_in_grading_setup()
  Then Enter valid from range mark tab in 2st range tab in grading setup                                         # stepDefinition.OEP_1_TestSetup.enter_valid_from_range_mark_tab_in_2st_range_tab_in_grading_setup()
  And Enter valid to range mark tab in 2st range tab in grading setups                                           # stepDefinition.OEP_1_TestSetup.enter_valid_to_range_mark_tab_in_2st_range_tab_in_grading_setups()
  Then Enter valid grade mark tab in 2st range tab in grading setup                                              # stepDefinition.OEP_1_TestSetup.enter_valid_grade_mark_tab_in_2st_range_tab_in_grading_setup()
  And Click save button in grading setup                                                                         # stepDefinition.OEP_1_TestSetup.click_save_button_in_grading_setup()
Success message displayed like: Grade Setup saved successfully!
  Then Check success message is displayed or not in test portal page                                             # stepDefinition.OEP_1_TestSetup.check_success_message_is_displayed_or_not_in_test_portal_page()
  And Click save button in certificate template page                                                             # stepDefinition.OEP_1_TestSetup.click_save_button_in_certificate_template_page()
Success message displayed like: Template saved successfully!
  Then Check success message is displayed or not in certificate template page                                    # stepDefinition.OEP_1_TestSetup.check_success_message_is_displayed_or_not_in_certificate_template_page()
Page is closed  Then Close Test Setup button                                                                                   # stepDefinition.OEP_1_TestSetup.close_test_setup_button()
]]></system-out>
  </testcase>
  <testcase name="Edit Test:Basic Settings #1" classname="TEST SETUP" time="55.143">
    <system-out><![CDATA[
@TC_44
Scenario: Edit Test:Basic Settings                                                                               # src/test/resources/FeatureFiles/1_OEP_TestSetup.feature:648
  Given To Check Test Setup is navigating to OEP URL is "http://192.168.1.30/OEPADMIN/"                          # stepDefinition.OEP_1_TestSetup.to_check_test_setup_is_navigating_to_oep_url_is(java.lang.String)
  When To Check Test Setup Enter username and password are "thirumaran@sankarasoftware.com" and "Thirumaran@001" # stepDefinition.OEP_1_TestSetup.to_check_test_setup_enter_username_and_password_are_and(java.lang.String,java.lang.String)
  And click the Signin button To Check Test Setup                                                                # stepDefinition.OEP_1_TestSetup.click_the_signin_button_to_check_test_setup()
  Then Click take picture button in test setup                                                                   # stepDefinition.OEP_1_TestSetup.click_take_picture_button_in_test_setup()
  Then Click Test Setup button                                                                                   # stepDefinition.OEP_1_TestSetup.click_test_setup_button()
  Given Search any valid main test name                                                                          # stepDefinition.OEP_1_TestSetup.search_any_valid_main_test_name()
  And Select "In Progress" 2nd Option in the dropdown                                                            # stepDefinition.OEP_1_TestSetup.select_2nd_option_in_the_dropdown(java.lang.String)
  Then Click the test name                                                                                       # stepDefinition.OEP_1_TestSetup.click_the_test_name()
  And Click clear button                                                                                         # stepDefinition.OEP_1_TestSetup.click_clear_button()
  Then Check all tabs are cleared or not                                                                         # stepDefinition.OEP_1_TestSetup.check_all_tabs_are_cleared_or_not()
Page is closed  Then Close Test Setup button                                                                                   # stepDefinition.OEP_1_TestSetup.close_test_setup_button()
]]></system-out>
  </testcase>
  <testcase name="Edit Test:Basic Settings #2" classname="TEST SETUP" time="58.787">
    <system-out><![CDATA[
@TC_45
Scenario: Edit Test:Basic Settings                                                                               # src/test/resources/FeatureFiles/1_OEP_TestSetup.feature:657
  Given To Check Test Setup is navigating to OEP URL is "http://192.168.1.30/OEPADMIN/"                          # stepDefinition.OEP_1_TestSetup.to_check_test_setup_is_navigating_to_oep_url_is(java.lang.String)
  When To Check Test Setup Enter username and password are "thirumaran@sankarasoftware.com" and "Thirumaran@001" # stepDefinition.OEP_1_TestSetup.to_check_test_setup_enter_username_and_password_are_and(java.lang.String,java.lang.String)
  And click the Signin button To Check Test Setup                                                                # stepDefinition.OEP_1_TestSetup.click_the_signin_button_to_check_test_setup()
  Then Click take picture button in test setup                                                                   # stepDefinition.OEP_1_TestSetup.click_take_picture_button_in_test_setup()
  Then Click Test Setup button                                                                                   # stepDefinition.OEP_1_TestSetup.click_test_setup_button()
  Given Search any valid main test name                                                                          # stepDefinition.OEP_1_TestSetup.search_any_valid_main_test_name()
  And Select "In Progress" 2nd Option in the dropdown                                                            # stepDefinition.OEP_1_TestSetup.select_2nd_option_in_the_dropdown(java.lang.String)
  Then Click the test name                                                                                       # stepDefinition.OEP_1_TestSetup.click_the_test_name()
  And Modify the details in basic settings                                                                       # stepDefinition.OEP_1_TestSetup.modify_the_details_in_basic_settings()
  Then Click update button                                                                                       # stepDefinition.OEP_1_TestSetup.click_update_button()
Success message displayed like: Basic Settings updated successfully!
  And Check success message is displayed or not in basic settings                                                # stepDefinition.OEP_1_TestSetup.check_success_message_is_displayed_or_not_in_basic_settings()
Page is closed  Then Close Test Setup button                                                                                   # stepDefinition.OEP_1_TestSetup.close_test_setup_button()
]]></system-out>
  </testcase>
  <testcase name="Edit Test:Question Manager #1" classname="TEST SETUP" time="96.353">
    <error message="Expected condition failed: waiting for element to be clickable: By.xpath: //button[@title=&apos;click here to clear&apos;] (tried for 30 second(s) with 500 milliseconds interval)&#10;Build info: version: &apos;4.29.0&apos;, revision: &apos;5fc1ec94cb&apos;&#10;System info: os.name: &apos;Windows 11&apos;, os.arch: &apos;amd64&apos;, os.version: &apos;10.0&apos;, java.version: &apos;21.0.2&apos;&#10;Driver info: org.openqa.selenium.chrome.ChromeDriver&#10;Capabilities {acceptInsecureCerts: false, browserName: chrome, browserVersion: 133.0.6943.127, chrome: {chromedriverVersion: 133.0.6943.126 (cffa127ce7b..., userDataDir: C:\WINDOWS\SystemTemp\scope...}, fedcm:accounts: true, goog:chromeOptions: {debuggerAddress: localhost:54546}, networkConnectionEnabled: false, pageLoadStrategy: normal, platformName: windows, proxy: Proxy(), se:cdp: ws://localhost:54546/devtoo..., se:cdpVersion: 133.0.6943.127, setWindowRect: true, strictFileInteractability: false, timeouts: {implicit: 0, pageLoad: 300000, script: 30000}, unhandledPromptBehavior: dismiss and notify, webauthn:extension:credBlob: true, webauthn:extension:largeBlob: true, webauthn:extension:minPinLength: true, webauthn:extension:prf: true, webauthn:virtualAuthenticators: true}&#10;Session ID: dbaa4f67c9db4ff8554af4737ed94829" type="org.openqa.selenium.TimeoutException"><![CDATA[org.openqa.selenium.TimeoutException: 
Expected condition failed: waiting for element to be clickable: By.xpath: //button[@title='click here to clear'] (tried for 30 second(s) with 500 milliseconds interval)
Build info: version: '4.29.0', revision: '5fc1ec94cb'
System info: os.name: 'Windows 11', os.arch: 'amd64', os.version: '10.0', java.version: '21.0.2'
Driver info: org.openqa.selenium.chrome.ChromeDriver
Capabilities {acceptInsecureCerts: false, browserName: chrome, browserVersion: 133.0.6943.127, chrome: {chromedriverVersion: 133.0.6943.126 (cffa127ce7b..., userDataDir: C:\WINDOWS\SystemTemp\scope...}, fedcm:accounts: true, goog:chromeOptions: {debuggerAddress: localhost:54546}, networkConnectionEnabled: false, pageLoadStrategy: normal, platformName: windows, proxy: Proxy(), se:cdp: ws://localhost:54546/devtoo..., se:cdpVersion: 133.0.6943.127, setWindowRect: true, strictFileInteractability: false, timeouts: {implicit: 0, pageLoad: 300000, script: 30000}, unhandledPromptBehavior: dismiss and notify, webauthn:extension:credBlob: true, webauthn:extension:largeBlob: true, webauthn:extension:minPinLength: true, webauthn:extension:prf: true, webauthn:virtualAuthenticators: true}
Session ID: dbaa4f67c9db4ff8554af4737ed94829
	at org.openqa.selenium.support.ui.WebDriverWait.timeoutException(WebDriverWait.java:84)
	at org.openqa.selenium.support.ui.FluentWait.until(FluentWait.java:228)
	at stepDefinition.OEP_1_TestSetup.click_clear_button(OEP_1_TestSetup.java:515)
	at .Click clear button(file:///C:/Users/thirumaran/eclipse-workspace/NexTestify_Cucumber/src/test/resources/FeatureFiles/1_OEP_TestSetup.feature:672)
]]></error>
    <system-out><![CDATA[
@TC_46
Scenario: Edit Test:Question Manager                                                                             # src/test/resources/FeatureFiles/1_OEP_TestSetup.feature:667
  Given To Check Test Setup is navigating to OEP URL is "http://192.168.1.30/OEPADMIN/"                          # stepDefinition.OEP_1_TestSetup.to_check_test_setup_is_navigating_to_oep_url_is(java.lang.String)
  When To Check Test Setup Enter username and password are "thirumaran@sankarasoftware.com" and "Thirumaran@001" # stepDefinition.OEP_1_TestSetup.to_check_test_setup_enter_username_and_password_are_and(java.lang.String,java.lang.String)
  And click the Signin button To Check Test Setup                                                                # stepDefinition.OEP_1_TestSetup.click_the_signin_button_to_check_test_setup()
  Then Click take picture button in test setup                                                                   # stepDefinition.OEP_1_TestSetup.click_take_picture_button_in_test_setup()
  Then Click Test Setup button                                                                                   # stepDefinition.OEP_1_TestSetup.click_test_setup_button()
  Given Search any valid main test name                                                                          # stepDefinition.OEP_1_TestSetup.search_any_valid_main_test_name()
  And Select "In Progress" 2nd Option in the dropdown                                                            # stepDefinition.OEP_1_TestSetup.select_2nd_option_in_the_dropdown(java.lang.String)
  Then Click the test name                                                                                       # stepDefinition.OEP_1_TestSetup.click_the_test_name()
  And Click question manager tab                                                                                 # stepDefinition.OEP_1_TestSetup.click_question_manager_tab()
  And Click clear button                                                                                         # stepDefinition.OEP_1_TestSetup.click_clear_button()
      org.openqa.selenium.TimeoutException: Expected condition failed: waiting for element to be clickable: By.xpath: //button[@title='click here to clear'] (tried for 30 second(s) with 500 milliseconds interval)
Build info: version: '4.29.0', revision: '5fc1ec94cb'
System info: os.name: 'Windows 11', os.arch: 'amd64', os.version: '10.0', java.version: '21.0.2'
Driver info: org.openqa.selenium.chrome.ChromeDriver
Capabilities {acceptInsecureCerts: false, browserName: chrome, browserVersion: 133.0.6943.127, chrome: {chromedriverVersion: 133.0.6943.126 (cffa127ce7b..., userDataDir: C:\WINDOWS\SystemTemp\scope...}, fedcm:accounts: true, goog:chromeOptions: {debuggerAddress: localhost:54546}, networkConnectionEnabled: false, pageLoadStrategy: normal, platformName: windows, proxy: Proxy(), se:cdp: ws://localhost:54546/devtoo..., se:cdpVersion: 133.0.6943.127, setWindowRect: true, strictFileInteractability: false, timeouts: {implicit: 0, pageLoad: 300000, script: 30000}, unhandledPromptBehavior: dismiss and notify, webauthn:extension:credBlob: true, webauthn:extension:largeBlob: true, webauthn:extension:minPinLength: true, webauthn:extension:prf: true, webauthn:virtualAuthenticators: true}
Session ID: dbaa4f67c9db4ff8554af4737ed94829
	at org.openqa.selenium.support.ui.WebDriverWait.timeoutException(WebDriverWait.java:84)
	at org.openqa.selenium.support.ui.FluentWait.until(FluentWait.java:228)
	at stepDefinition.OEP_1_TestSetup.click_clear_button(OEP_1_TestSetup.java:515)
	at .Click clear button(file:///C:/Users/thirumaran/eclipse-workspace/NexTestify_Cucumber/src/test/resources/FeatureFiles/1_OEP_TestSetup.feature:672)

  Then Check all tabs are cleared or not in question manager                                                     # stepDefinition.OEP_1_TestSetup.check_all_tabs_are_cleared_or_not_in_question_manager()
  Then Close Test Setup button                                                                                   # stepDefinition.OEP_1_TestSetup.close_test_setup_button()
]]></system-out>
  </testcase>
  <testcase name="Edit Test:Question Manager #2" classname="TEST SETUP" time="85.449">
    <error message="Expected condition failed: waiting for element to be clickable: By.xpath: //button[@title=&apos;click here to save&apos;] (tried for 30 second(s) with 500 milliseconds interval)&#10;Build info: version: &apos;4.29.0&apos;, revision: &apos;5fc1ec94cb&apos;&#10;System info: os.name: &apos;Windows 11&apos;, os.arch: &apos;amd64&apos;, os.version: &apos;10.0&apos;, java.version: &apos;21.0.2&apos;&#10;Driver info: org.openqa.selenium.chrome.ChromeDriver&#10;Capabilities {acceptInsecureCerts: false, browserName: chrome, browserVersion: 133.0.6943.127, chrome: {chromedriverVersion: 133.0.6943.126 (cffa127ce7b..., userDataDir: C:\WINDOWS\SystemTemp\scope...}, fedcm:accounts: true, goog:chromeOptions: {debuggerAddress: localhost:54611}, networkConnectionEnabled: false, pageLoadStrategy: normal, platformName: windows, proxy: Proxy(), se:cdp: ws://localhost:54611/devtoo..., se:cdpVersion: 133.0.6943.127, setWindowRect: true, strictFileInteractability: false, timeouts: {implicit: 0, pageLoad: 300000, script: 30000}, unhandledPromptBehavior: dismiss and notify, webauthn:extension:credBlob: true, webauthn:extension:largeBlob: true, webauthn:extension:minPinLength: true, webauthn:extension:prf: true, webauthn:virtualAuthenticators: true}&#10;Session ID: 6b27d6d57b642220e386bd536823bc2b" type="org.openqa.selenium.TimeoutException"><![CDATA[org.openqa.selenium.TimeoutException: 
Expected condition failed: waiting for element to be clickable: By.xpath: //button[@title='click here to save'] (tried for 30 second(s) with 500 milliseconds interval)
Build info: version: '4.29.0', revision: '5fc1ec94cb'
System info: os.name: 'Windows 11', os.arch: 'amd64', os.version: '10.0', java.version: '21.0.2'
Driver info: org.openqa.selenium.chrome.ChromeDriver
Capabilities {acceptInsecureCerts: false, browserName: chrome, browserVersion: 133.0.6943.127, chrome: {chromedriverVersion: 133.0.6943.126 (cffa127ce7b..., userDataDir: C:\WINDOWS\SystemTemp\scope...}, fedcm:accounts: true, goog:chromeOptions: {debuggerAddress: localhost:54611}, networkConnectionEnabled: false, pageLoadStrategy: normal, platformName: windows, proxy: Proxy(), se:cdp: ws://localhost:54611/devtoo..., se:cdpVersion: 133.0.6943.127, setWindowRect: true, strictFileInteractability: false, timeouts: {implicit: 0, pageLoad: 300000, script: 30000}, unhandledPromptBehavior: dismiss and notify, webauthn:extension:credBlob: true, webauthn:extension:largeBlob: true, webauthn:extension:minPinLength: true, webauthn:extension:prf: true, webauthn:virtualAuthenticators: true}
Session ID: 6b27d6d57b642220e386bd536823bc2b
	at org.openqa.selenium.support.ui.WebDriverWait.timeoutException(WebDriverWait.java:84)
	at org.openqa.selenium.support.ui.FluentWait.until(FluentWait.java:228)
	at stepDefinition.OEP_1_TestSetup.click_update_button(OEP_1_TestSetup.java:2380)
	at .Click update button(file:///C:/Users/thirumaran/eclipse-workspace/NexTestify_Cucumber/src/test/resources/FeatureFiles/1_OEP_TestSetup.feature:683)
]]></error>
    <system-out><![CDATA[
@TC_47
Scenario: Edit Test:Question Manager                                                                             # src/test/resources/FeatureFiles/1_OEP_TestSetup.feature:677
  Given To Check Test Setup is navigating to OEP URL is "http://192.168.1.30/OEPADMIN/"                          # stepDefinition.OEP_1_TestSetup.to_check_test_setup_is_navigating_to_oep_url_is(java.lang.String)
  When To Check Test Setup Enter username and password are "thirumaran@sankarasoftware.com" and "Thirumaran@001" # stepDefinition.OEP_1_TestSetup.to_check_test_setup_enter_username_and_password_are_and(java.lang.String,java.lang.String)
  And click the Signin button To Check Test Setup                                                                # stepDefinition.OEP_1_TestSetup.click_the_signin_button_to_check_test_setup()
  Then Click take picture button in test setup                                                                   # stepDefinition.OEP_1_TestSetup.click_take_picture_button_in_test_setup()
  Then Click Test Setup button                                                                                   # stepDefinition.OEP_1_TestSetup.click_test_setup_button()
  Given Search any valid main test name                                                                          # stepDefinition.OEP_1_TestSetup.search_any_valid_main_test_name()
  And Select "In Progress" 2nd Option in the dropdown                                                            # stepDefinition.OEP_1_TestSetup.select_2nd_option_in_the_dropdown(java.lang.String)
  Then Click the test name                                                                                       # stepDefinition.OEP_1_TestSetup.click_the_test_name()
  And Click question manager tab                                                                                 # stepDefinition.OEP_1_TestSetup.click_question_manager_tab()
  And Modify the details in Question Manager                                                                     # stepDefinition.OEP_1_TestSetup.modify_the_details_in_question_manager()
  Then Click update button                                                                                       # stepDefinition.OEP_1_TestSetup.click_update_button()
      org.openqa.selenium.TimeoutException: Expected condition failed: waiting for element to be clickable: By.xpath: //button[@title='click here to save'] (tried for 30 second(s) with 500 milliseconds interval)
Build info: version: '4.29.0', revision: '5fc1ec94cb'
System info: os.name: 'Windows 11', os.arch: 'amd64', os.version: '10.0', java.version: '21.0.2'
Driver info: org.openqa.selenium.chrome.ChromeDriver
Capabilities {acceptInsecureCerts: false, browserName: chrome, browserVersion: 133.0.6943.127, chrome: {chromedriverVersion: 133.0.6943.126 (cffa127ce7b..., userDataDir: C:\WINDOWS\SystemTemp\scope...}, fedcm:accounts: true, goog:chromeOptions: {debuggerAddress: localhost:54611}, networkConnectionEnabled: false, pageLoadStrategy: normal, platformName: windows, proxy: Proxy(), se:cdp: ws://localhost:54611/devtoo..., se:cdpVersion: 133.0.6943.127, setWindowRect: true, strictFileInteractability: false, timeouts: {implicit: 0, pageLoad: 300000, script: 30000}, unhandledPromptBehavior: dismiss and notify, webauthn:extension:credBlob: true, webauthn:extension:largeBlob: true, webauthn:extension:minPinLength: true, webauthn:extension:prf: true, webauthn:virtualAuthenticators: true}
Session ID: 6b27d6d57b642220e386bd536823bc2b
	at org.openqa.selenium.support.ui.WebDriverWait.timeoutException(WebDriverWait.java:84)
	at org.openqa.selenium.support.ui.FluentWait.until(FluentWait.java:228)
	at stepDefinition.OEP_1_TestSetup.click_update_button(OEP_1_TestSetup.java:2380)
	at .Click update button(file:///C:/Users/thirumaran/eclipse-workspace/NexTestify_Cucumber/src/test/resources/FeatureFiles/1_OEP_TestSetup.feature:683)

  And Check success message is displayed or not in Question Manager                                              # stepDefinition.OEP_1_TestSetup.check_success_message_is_displayed_or_not_in_question_manager()
  Then Close Test Setup button                                                                                   # stepDefinition.OEP_1_TestSetup.close_test_setup_button()
]]></system-out>
  </testcase>
  <testcase name="Edit Test:Grading Setup #1" classname="TEST SETUP" time="75.273">
    <system-out><![CDATA[
@TC_49
Scenario: Edit Test:Grading Setup                                                                                # src/test/resources/FeatureFiles/1_OEP_TestSetup.feature:699
  Given To Check Test Setup is navigating to OEP URL is "http://192.168.1.30/OEPADMIN/"                          # stepDefinition.OEP_1_TestSetup.to_check_test_setup_is_navigating_to_oep_url_is(java.lang.String)
  When To Check Test Setup Enter username and password are "thirumaran@sankarasoftware.com" and "Thirumaran@001" # stepDefinition.OEP_1_TestSetup.to_check_test_setup_enter_username_and_password_are_and(java.lang.String,java.lang.String)
  And click the Signin button To Check Test Setup                                                                # stepDefinition.OEP_1_TestSetup.click_the_signin_button_to_check_test_setup()
  Then Click take picture button in test setup                                                                   # stepDefinition.OEP_1_TestSetup.click_take_picture_button_in_test_setup()
  Then Click Test Setup button                                                                                   # stepDefinition.OEP_1_TestSetup.click_test_setup_button()
  Given Search any valid main test name                                                                          # stepDefinition.OEP_1_TestSetup.search_any_valid_main_test_name()
  And Select "In Progress" 2nd Option in the dropdown                                                            # stepDefinition.OEP_1_TestSetup.select_2nd_option_in_the_dropdown(java.lang.String)
  Then Click the test name                                                                                       # stepDefinition.OEP_1_TestSetup.click_the_test_name()
  And Click Grading setup tab                                                                                    # stepDefinition.OEP_1_TestSetup.click_grading_setup_tab()
  Then Click clear button                                                                                        # stepDefinition.OEP_1_TestSetup.click_clear_button()
  And Check all tab is cleared or not in grading setup                                                           # stepDefinition.OEP_1_TestSetup.check_all_tab_is_cleared_or_not_in_grading_setup()
Page is closed  Then Close Test Setup button                                                                                   # stepDefinition.OEP_1_TestSetup.close_test_setup_button()
]]></system-out>
  </testcase>
  <testcase name="Edit Test:Grading Setup #2" classname="TEST SETUP" time="59.404">
    <system-out><![CDATA[
@TC_50
Scenario: Edit Test:Grading Setup                                                                                # src/test/resources/FeatureFiles/1_OEP_TestSetup.feature:709
  Given To Check Test Setup is navigating to OEP URL is "http://192.168.1.30/OEPADMIN/"                          # stepDefinition.OEP_1_TestSetup.to_check_test_setup_is_navigating_to_oep_url_is(java.lang.String)
  When To Check Test Setup Enter username and password are "thirumaran@sankarasoftware.com" and "Thirumaran@001" # stepDefinition.OEP_1_TestSetup.to_check_test_setup_enter_username_and_password_are_and(java.lang.String,java.lang.String)
  And click the Signin button To Check Test Setup                                                                # stepDefinition.OEP_1_TestSetup.click_the_signin_button_to_check_test_setup()
  Then Click take picture button in test setup                                                                   # stepDefinition.OEP_1_TestSetup.click_take_picture_button_in_test_setup()
  Then Click Test Setup button                                                                                   # stepDefinition.OEP_1_TestSetup.click_test_setup_button()
  Given Search any valid main test name                                                                          # stepDefinition.OEP_1_TestSetup.search_any_valid_main_test_name()
  And Select "In Progress" 2nd Option in the dropdown                                                            # stepDefinition.OEP_1_TestSetup.select_2nd_option_in_the_dropdown(java.lang.String)
  Then Click the test name                                                                                       # stepDefinition.OEP_1_TestSetup.click_the_test_name()
  And Click Grading setup tab                                                                                    # stepDefinition.OEP_1_TestSetup.click_grading_setup_tab()
  Then Modify the details in Grading Setup                                                                       # stepDefinition.OEP_1_TestSetup.modify_the_details_in_grading_setup()
  And Click update button in Grading Setup                                                                       # stepDefinition.OEP_1_TestSetup.click_update_button_in_grading_setup()
Success message displayed like: Grade Setup updated successfully!
  Then Check success message is displayed or not in grading setup tab                                            # stepDefinition.OEP_1_TestSetup.check_success_message_is_displayed_or_not_in_grading_setup_tab()
Page is closed  Then Close Test Setup button                                                                                   # stepDefinition.OEP_1_TestSetup.close_test_setup_button()
]]></system-out>
  </testcase>
  <testcase name="Edit Test:Certificate Template" classname="TEST SETUP" time="73.107">
    <system-out><![CDATA[
@TC_51
Scenario: Edit Test:Certificate Template                                                                         # src/test/resources/FeatureFiles/1_OEP_TestSetup.feature:720
  Given To Check Test Setup is navigating to OEP URL is "http://192.168.1.30/OEPADMIN/"                          # stepDefinition.OEP_1_TestSetup.to_check_test_setup_is_navigating_to_oep_url_is(java.lang.String)
  When To Check Test Setup Enter username and password are "thirumaran@sankarasoftware.com" and "Thirumaran@001" # stepDefinition.OEP_1_TestSetup.to_check_test_setup_enter_username_and_password_are_and(java.lang.String,java.lang.String)
  And click the Signin button To Check Test Setup                                                                # stepDefinition.OEP_1_TestSetup.click_the_signin_button_to_check_test_setup()
  Then Click take picture button in test setup                                                                   # stepDefinition.OEP_1_TestSetup.click_take_picture_button_in_test_setup()
  Then Click Test Setup button                                                                                   # stepDefinition.OEP_1_TestSetup.click_test_setup_button()
  Given Search any valid main test name                                                                          # stepDefinition.OEP_1_TestSetup.search_any_valid_main_test_name()
  And Select "In Progress" 2nd Option in the dropdown                                                            # stepDefinition.OEP_1_TestSetup.select_2nd_option_in_the_dropdown(java.lang.String)
  Then Click the test name                                                                                       # stepDefinition.OEP_1_TestSetup.click_the_test_name()
  And Click Certificate Template tab                                                                             # stepDefinition.OEP_1_TestSetup.click_certificate_template_tab()
  Then Unselect the selected checkbox in all tabs                                                                # stepDefinition.OEP_1_TestSetup.unselect_the_selected_checkbox_in_all_tabs()
  And Select the unselected checkbox in all tabs                                                                 # stepDefinition.OEP_1_TestSetup.select_the_unselected_checkbox_in_all_tabs()
Check box is selected
  And Check checkbox is selected or not                                                                          # stepDefinition.OEP_1_TestSetup.check_checkbox_is_selected_or_not()
Page is closed  Then Close Test Setup button                                                                                   # stepDefinition.OEP_1_TestSetup.close_test_setup_button()
]]></system-out>
  </testcase>
</testsuite>